OpenROAD b16bda7e82721d10566ff7e2b68f1ff0be9f9e38 
Features included (+) or not (-): +Charts +GPU +GUI +Python
This program is licensed under the BSD-3 license. See the LICENSE file for details.
Components of this program may be licensed under more restrictive licenses which must be honored.
Top-level design name: counter
Block boundaries: 0 0 31665 42385
Horizontal Tracks Origin: 340, Count: 62, Step: 680
Vertical Tracks Origin: 230, Count: 69, Step: 460
Placement details for the #E side
Virtual pin count:  0
Actual pin count:  4
Total pin count:  4
Tracks count:  31
Tracks per pin:  7
Used tracks count:  22
Unused track count:  9
Starting track index:  4
Placement Map:
[340, 1700, 3060, 4420, [91m5780[0m, 7140, 8500, 9860, 11220, 12580, 13940, [91m15300[0m, 16660, 18020, 19380, 20740, 22100, 23460, [91m24820[0m, 26180, 27540, 28900, 30260, 31620, 32980, [91m34340[0m, 35700, 37060, 38420, 39780, 41140, ]
Indices of used tracks: [4, 11, 18, 25]
---
Placement details for the #W side
Virtual pin count:  0
Actual pin count:  2
Total pin count:  2
Tracks count:  31
Tracks per pin:  15
Used tracks count:  16
Unused track count:  15
Starting track index:  7
Placement Map:
[340, 1700, 3060, 4420, 5780, 7140, 8500, [91m9860[0m, 11220, 12580, 13940, 15300, 16660, 18020, 19380, 20740, 22100, 23460, 24820, 26180, 27540, 28900, [91m30260[0m, 31620, 32980, 34340, 35700, 37060, 38420, 39780, 41140, ]
Indices of used tracks: [7, 22]
---
