OpenSTA 2.5.0 GITDIR-NOT Copyright (c) 2024, Parallax Software, Inc.
License GPLv3: GNU GPL version 3 <http://gnu.org/licenses/gpl.html>

This is free software, and you are free to change and redistribute it
under certain conditions; type `show_copying' for details. 
This program comes with ABSOLUTELY NO WARRANTY; for details type `show_warranty'.
define_corners Typical
read_liberty -corner Typical /root/.volare/sky130A/libs.ref/sky130_fd_sc_hd/lib/sky130_fd_sc_hd__tt_025C_1v80.lib
Using 1e-12 for capacitance...
Using 1e+03 for resistance...
Using 1e-09 for time...
Using 1e+00 for voltage...
Using 1e-03 for current...
Using 1e-09 for power...
Using 1e-06 for distance...
Reading netlist '/openlane/designs/counter/runs/RUN_2025.05.24_18.10.11/results/synthesis/counter.v'…
Reading design constraints file at '/openlane/designs/counter/src/counter.sdc'…
min_report

===========================================================================
report_checks -path_delay min (Hold)
============================================================================
======================= Typical Corner ===================================

Startpoint: _29_ (rising edge-triggered flip-flop clocked by core_clock)
Endpoint: _29_ (rising edge-triggered flip-flop clocked by core_clock)
Path Group: core_clock
Path Type: min

Fanout     Cap    Slew   Delay    Time   Description
-----------------------------------------------------------------------------
                  0.00    0.00    0.00   clock core_clock (rise edge)
                          0.00    0.00   clock network delay (ideal)
                  0.00    0.00    0.00 ^ _29_/CLK (sky130_fd_sc_hd__dfxtp_2)
     4    0.01    0.03    0.30    0.30 v _29_/Q (sky130_fd_sc_hd__dfxtp_2)
                                         count[3] (net)
                  0.03    0.00    0.30 v _23_/A (sky130_fd_sc_hd__inv_2)
     1    0.00    0.03    0.04    0.34 ^ _23_/Y (sky130_fd_sc_hd__inv_2)
                                         _11_ (net)
                  0.03    0.00    0.34 ^ _25_/A1 (sky130_fd_sc_hd__a211oi_2)
     1    0.00    0.01    0.04    0.38 v _25_/Y (sky130_fd_sc_hd__a211oi_2)
                                         _03_ (net)
                  0.01    0.00    0.38 v _29_/D (sky130_fd_sc_hd__dfxtp_2)
                                  0.38   data arrival time

                  0.00    0.00    0.00   clock core_clock (rise edge)
                          0.00    0.00   clock network delay (ideal)
                          0.00    0.00   clock reconvergence pessimism
                                  0.00 ^ _29_/CLK (sky130_fd_sc_hd__dfxtp_2)
                         -0.04   -0.04   library hold time
                                 -0.04   data required time
-----------------------------------------------------------------------------
                                 -0.04   data required time
                                 -0.38   data arrival time
-----------------------------------------------------------------------------
                                  0.42   slack (MET)


Startpoint: _26_ (rising edge-triggered flip-flop clocked by core_clock)
Endpoint: _26_ (rising edge-triggered flip-flop clocked by core_clock)
Path Group: core_clock
Path Type: min

Fanout     Cap    Slew   Delay    Time   Description
-----------------------------------------------------------------------------
                  0.00    0.00    0.00   clock core_clock (rise edge)
                          0.00    0.00   clock network delay (ideal)
                  0.00    0.00    0.00 ^ _26_/CLK (sky130_fd_sc_hd__dfxtp_2)
     8    0.02    0.11    0.35    0.35 ^ _26_/Q (sky130_fd_sc_hd__dfxtp_2)
                                         count[0] (net)
                  0.11    0.00    0.35 ^ _13_/A (sky130_fd_sc_hd__nor2_2)
     1    0.00    0.01    0.05    0.40 v _13_/Y (sky130_fd_sc_hd__nor2_2)
                                         _00_ (net)
                  0.01    0.00    0.40 v _26_/D (sky130_fd_sc_hd__dfxtp_2)
                                  0.40   data arrival time

                  0.00    0.00    0.00   clock core_clock (rise edge)
                          0.00    0.00   clock network delay (ideal)
                          0.00    0.00   clock reconvergence pessimism
                                  0.00 ^ _26_/CLK (sky130_fd_sc_hd__dfxtp_2)
                         -0.04   -0.04   library hold time
                                 -0.04   data required time
-----------------------------------------------------------------------------
                                 -0.04   data required time
                                 -0.40   data arrival time
-----------------------------------------------------------------------------
                                  0.44   slack (MET)


Startpoint: _27_ (rising edge-triggered flip-flop clocked by core_clock)
Endpoint: _27_ (rising edge-triggered flip-flop clocked by core_clock)
Path Group: core_clock
Path Type: min

Fanout     Cap    Slew   Delay    Time   Description
-----------------------------------------------------------------------------
                  0.00    0.00    0.00   clock core_clock (rise edge)
                          0.00    0.00   clock network delay (ideal)
                  0.00    0.00    0.00 ^ _27_/CLK (sky130_fd_sc_hd__dfxtp_2)
     7    0.01    0.05    0.32    0.32 v _27_/Q (sky130_fd_sc_hd__dfxtp_2)
                                         count[1] (net)
                  0.05    0.00    0.32 v _15_/B (sky130_fd_sc_hd__nand2_2)
     1    0.00    0.03    0.05    0.37 ^ _15_/Y (sky130_fd_sc_hd__nand2_2)
                                         _05_ (net)
                  0.03    0.00    0.37 ^ _17_/C (sky130_fd_sc_hd__and4b_2)
     1    0.00    0.05    0.20    0.57 ^ _17_/X (sky130_fd_sc_hd__and4b_2)
                                         _07_ (net)
                  0.05    0.00    0.57 ^ _18_/A (sky130_fd_sc_hd__buf_1)
     1    0.00    0.03    0.07    0.64 ^ _18_/X (sky130_fd_sc_hd__buf_1)
                                         _01_ (net)
                  0.03    0.00    0.64 ^ _27_/D (sky130_fd_sc_hd__dfxtp_2)
                                  0.64   data arrival time

                  0.00    0.00    0.00   clock core_clock (rise edge)
                          0.00    0.00   clock network delay (ideal)
                          0.00    0.00   clock reconvergence pessimism
                                  0.00 ^ _27_/CLK (sky130_fd_sc_hd__dfxtp_2)
                         -0.03   -0.03   library hold time
                                 -0.03   data required time
-----------------------------------------------------------------------------
                                 -0.03   data required time
                                 -0.64   data arrival time
-----------------------------------------------------------------------------
                                  0.67   slack (MET)


Startpoint: _28_ (rising edge-triggered flip-flop clocked by core_clock)
Endpoint: _28_ (rising edge-triggered flip-flop clocked by core_clock)
Path Group: core_clock
Path Type: min

Fanout     Cap    Slew   Delay    Time   Description
-----------------------------------------------------------------------------
                  0.00    0.00    0.00   clock core_clock (rise edge)
                          0.00    0.00   clock network delay (ideal)
                  0.00    0.00    0.00 ^ _28_/CLK (sky130_fd_sc_hd__dfxtp_2)
     5    0.01    0.04    0.30    0.30 v _28_/Q (sky130_fd_sc_hd__dfxtp_2)
                                         count[2] (net)
                  0.04    0.00    0.30 v _19_/C (sky130_fd_sc_hd__nand3_2)
     2    0.01    0.05    0.07    0.38 ^ _19_/Y (sky130_fd_sc_hd__nand3_2)
                                         _08_ (net)
                  0.05    0.00    0.38 ^ _21_/C (sky130_fd_sc_hd__and4b_2)
     1    0.00    0.05    0.20    0.58 ^ _21_/X (sky130_fd_sc_hd__and4b_2)
                                         _10_ (net)
                  0.05    0.00    0.58 ^ _22_/A (sky130_fd_sc_hd__buf_1)
     1    0.00    0.03    0.07    0.65 ^ _22_/X (sky130_fd_sc_hd__buf_1)
                                         _02_ (net)
                  0.03    0.00    0.65 ^ _28_/D (sky130_fd_sc_hd__dfxtp_2)
                                  0.65   data arrival time

                  0.00    0.00    0.00   clock core_clock (rise edge)
                          0.00    0.00   clock network delay (ideal)
                          0.00    0.00   clock reconvergence pessimism
                                  0.00 ^ _28_/CLK (sky130_fd_sc_hd__dfxtp_2)
                         -0.03   -0.03   library hold time
                                 -0.03   data required time
-----------------------------------------------------------------------------
                                 -0.03   data required time
                                 -0.65   data arrival time
-----------------------------------------------------------------------------
                                  0.69   slack (MET)



worst slack corner Typical: 0.4238
min_report_end
max_report

===========================================================================
report_checks -path_delay max (Setup)
============================================================================
======================= Typical Corner ===================================

Startpoint: _27_ (rising edge-triggered flip-flop clocked by core_clock)
Endpoint: _27_ (rising edge-triggered flip-flop clocked by core_clock)
Path Group: core_clock
Path Type: max

Fanout     Cap    Slew   Delay    Time   Description
-----------------------------------------------------------------------------
                  0.00    0.00    0.00   clock core_clock (rise edge)
                          0.00    0.00   clock network delay (ideal)
                  0.00    0.00    0.00 ^ _27_/CLK (sky130_fd_sc_hd__dfxtp_2)
     7    0.01    0.05    0.32    0.32 v _27_/Q (sky130_fd_sc_hd__dfxtp_2)
                                         count[1] (net)
                  0.05    0.00    0.32 v _14_/A (sky130_fd_sc_hd__or4bb_2)
     2    0.00    0.09    0.62    0.94 v _14_/X (sky130_fd_sc_hd__or4bb_2)
                                         _04_ (net)
                  0.09    0.00    0.94 v _17_/B (sky130_fd_sc_hd__and4b_2)
     1    0.00    0.04    0.22    1.16 v _17_/X (sky130_fd_sc_hd__and4b_2)
                                         _07_ (net)
                  0.04    0.00    1.16 v _18_/A (sky130_fd_sc_hd__buf_1)
     1    0.00    0.02    0.08    1.23 v _18_/X (sky130_fd_sc_hd__buf_1)
                                         _01_ (net)
                  0.02    0.00    1.23 v _27_/D (sky130_fd_sc_hd__dfxtp_2)
                                  1.23   data arrival time

                  0.00   10.00   10.00   clock core_clock (rise edge)
                          0.00   10.00   clock network delay (ideal)
                          0.00   10.00   clock reconvergence pessimism
                                 10.00 ^ _27_/CLK (sky130_fd_sc_hd__dfxtp_2)
                         -0.11    9.89   library setup time
                                  9.89   data required time
-----------------------------------------------------------------------------
                                  9.89   data required time
                                 -1.23   data arrival time
-----------------------------------------------------------------------------
                                  8.65   slack (MET)


Startpoint: _27_ (rising edge-triggered flip-flop clocked by core_clock)
Endpoint: _28_ (rising edge-triggered flip-flop clocked by core_clock)
Path Group: core_clock
Path Type: max

Fanout     Cap    Slew   Delay    Time   Description
-----------------------------------------------------------------------------
                  0.00    0.00    0.00   clock core_clock (rise edge)
                          0.00    0.00   clock network delay (ideal)
                  0.00    0.00    0.00 ^ _27_/CLK (sky130_fd_sc_hd__dfxtp_2)
     7    0.01    0.05    0.32    0.32 v _27_/Q (sky130_fd_sc_hd__dfxtp_2)
                                         count[1] (net)
                  0.05    0.00    0.32 v _14_/A (sky130_fd_sc_hd__or4bb_2)
     2    0.00    0.09    0.62    0.94 v _14_/X (sky130_fd_sc_hd__or4bb_2)
                                         _04_ (net)
                  0.09    0.00    0.94 v _21_/B (sky130_fd_sc_hd__and4b_2)
     1    0.00    0.04    0.22    1.16 v _21_/X (sky130_fd_sc_hd__and4b_2)
                                         _10_ (net)
                  0.04    0.00    1.16 v _22_/A (sky130_fd_sc_hd__buf_1)
     1    0.00    0.02    0.08    1.23 v _22_/X (sky130_fd_sc_hd__buf_1)
                                         _02_ (net)
                  0.02    0.00    1.23 v _28_/D (sky130_fd_sc_hd__dfxtp_2)
                                  1.23   data arrival time

                  0.00   10.00   10.00   clock core_clock (rise edge)
                          0.00   10.00   clock network delay (ideal)
                          0.00   10.00   clock reconvergence pessimism
                                 10.00 ^ _28_/CLK (sky130_fd_sc_hd__dfxtp_2)
                         -0.11    9.89   library setup time
                                  9.89   data required time
-----------------------------------------------------------------------------
                                  9.89   data required time
                                 -1.23   data arrival time
-----------------------------------------------------------------------------
                                  8.65   slack (MET)


Startpoint: _28_ (rising edge-triggered flip-flop clocked by core_clock)
Endpoint: _29_ (rising edge-triggered flip-flop clocked by core_clock)
Path Group: core_clock
Path Type: max

Fanout     Cap    Slew   Delay    Time   Description
-----------------------------------------------------------------------------
                  0.00    0.00    0.00   clock core_clock (rise edge)
                          0.00    0.00   clock network delay (ideal)
                  0.00    0.00    0.00 ^ _28_/CLK (sky130_fd_sc_hd__dfxtp_2)
     5    0.01    0.04    0.30    0.30 v _28_/Q (sky130_fd_sc_hd__dfxtp_2)
                                         count[2] (net)
                  0.04    0.00    0.30 v _24_/D (sky130_fd_sc_hd__and4_2)
     1    0.00    0.04    0.23    0.53 v _24_/X (sky130_fd_sc_hd__and4_2)
                                         _12_ (net)
                  0.04    0.00    0.53 v _25_/B1 (sky130_fd_sc_hd__a211oi_2)
     1    0.00    0.13    0.17    0.70 ^ _25_/Y (sky130_fd_sc_hd__a211oi_2)
                                         _03_ (net)
                  0.13    0.00    0.70 ^ _29_/D (sky130_fd_sc_hd__dfxtp_2)
                                  0.70   data arrival time

                  0.00   10.00   10.00   clock core_clock (rise edge)
                          0.00   10.00   clock network delay (ideal)
                          0.00   10.00   clock reconvergence pessimism
                                 10.00 ^ _29_/CLK (sky130_fd_sc_hd__dfxtp_2)
                         -0.08    9.92   library setup time
                                  9.92   data required time
-----------------------------------------------------------------------------
                                  9.92   data required time
                                 -0.70   data arrival time
-----------------------------------------------------------------------------
                                  9.22   slack (MET)


Startpoint: _26_ (rising edge-triggered flip-flop clocked by core_clock)
Endpoint: _26_ (rising edge-triggered flip-flop clocked by core_clock)
Path Group: core_clock
Path Type: max

Fanout     Cap    Slew   Delay    Time   Description
-----------------------------------------------------------------------------
                  0.00    0.00    0.00   clock core_clock (rise edge)
                          0.00    0.00   clock network delay (ideal)
                  0.00    0.00    0.00 ^ _26_/CLK (sky130_fd_sc_hd__dfxtp_2)
     8    0.02    0.11    0.35    0.35 ^ _26_/Q (sky130_fd_sc_hd__dfxtp_2)
                                         count[0] (net)
                  0.11    0.00    0.35 ^ _13_/A (sky130_fd_sc_hd__nor2_2)
     1    0.00    0.03    0.05    0.40 v _13_/Y (sky130_fd_sc_hd__nor2_2)
                                         _00_ (net)
                  0.03    0.00    0.40 v _26_/D (sky130_fd_sc_hd__dfxtp_2)
                                  0.40   data arrival time

                  0.00   10.00   10.00   clock core_clock (rise edge)
                          0.00   10.00   clock network delay (ideal)
                          0.00   10.00   clock reconvergence pessimism
                                 10.00 ^ _26_/CLK (sky130_fd_sc_hd__dfxtp_2)
                         -0.12    9.88   library setup time
                                  9.88   data required time
-----------------------------------------------------------------------------
                                  9.88   data required time
                                 -0.40   data arrival time
-----------------------------------------------------------------------------
                                  9.48   slack (MET)



worst slack corner Typical: 8.6526
max_report_end
checks_report

===========================================================================
report_checks -unconstrained
===========================================================================
======================= Typical Corner ===================================

Startpoint: _27_ (rising edge-triggered flip-flop clocked by core_clock)
Endpoint: _27_ (rising edge-triggered flip-flop clocked by core_clock)
Path Group: core_clock
Path Type: max

Fanout     Cap    Slew   Delay    Time   Description
-----------------------------------------------------------------------------
                  0.00    0.00    0.00   clock core_clock (rise edge)
                          0.00    0.00   clock network delay (ideal)
                  0.00    0.00    0.00 ^ _27_/CLK (sky130_fd_sc_hd__dfxtp_2)
     7    0.01    0.05    0.32    0.32 v _27_/Q (sky130_fd_sc_hd__dfxtp_2)
                                         count[1] (net)
                  0.05    0.00    0.32 v _14_/A (sky130_fd_sc_hd__or4bb_2)
     2    0.00    0.09    0.62    0.94 v _14_/X (sky130_fd_sc_hd__or4bb_2)
                                         _04_ (net)
                  0.09    0.00    0.94 v _17_/B (sky130_fd_sc_hd__and4b_2)
     1    0.00    0.04    0.22    1.16 v _17_/X (sky130_fd_sc_hd__and4b_2)
                                         _07_ (net)
                  0.04    0.00    1.16 v _18_/A (sky130_fd_sc_hd__buf_1)
     1    0.00    0.02    0.08    1.23 v _18_/X (sky130_fd_sc_hd__buf_1)
                                         _01_ (net)
                  0.02    0.00    1.23 v _27_/D (sky130_fd_sc_hd__dfxtp_2)
                                  1.23   data arrival time

                  0.00   10.00   10.00   clock core_clock (rise edge)
                          0.00   10.00   clock network delay (ideal)
                          0.00   10.00   clock reconvergence pessimism
                                 10.00 ^ _27_/CLK (sky130_fd_sc_hd__dfxtp_2)
                         -0.11    9.89   library setup time
                                  9.89   data required time
-----------------------------------------------------------------------------
                                  9.89   data required time
                                 -1.23   data arrival time
-----------------------------------------------------------------------------
                                  8.65   slack (MET)




===========================================================================
report_checks --slack_max -0.01
============================================================================
======================= Typical Corner ===================================

No paths found.


===========================================================================
 report_check_types -max_slew -max_cap -max_fanout -violators
============================================================================
======================= Typical Corner ===================================


max slew violations count Typical: 0
max fanout violations count Typical: 0
max cap violations count Typical: 0

===========================================================================
report_parasitic_annotation -report_unannotated
============================================================================
Found 19 unannotated drivers.
 clk
 reset
 _13_/Y
 _14_/X
 _15_/Y
 _16_/X
 _17_/X
 _18_/X
 _19_/Y
 _20_/X
 _21_/X
 _22_/X
 _23_/Y
 _24_/X
 _25_/Y
 _26_/Q
 _27_/Q
 _28_/Q
 _29_/Q
Found 0 partially unannotated drivers.

===========================================================================
max slew violation count 0
max fanout violation count 0
max cap violation count 0
============================================================================

===========================================================================
check_setup -verbose -unconstrained_endpoints -multiple_clock -no_clock -no_input_delay -loops -generated_clocks
===========================================================================
Warning: There is 1 input port missing set_input_delay.
  reset
Warning: There are 4 unconstrained endpoints.
  count[0]
  count[1]
  count[2]
  count[3]
checks_report_end
power_report

===========================================================================
 report_power
============================================================================
======================= Typical Corner ===================================

Group                  Internal  Switching    Leakage      Total
                          Power      Power      Power      Power (Watts)
----------------------------------------------------------------
Sequential             1.74e-05   1.08e-06   3.43e-11   1.85e-05  89.8%
Combinational          1.71e-06   3.80e-07   3.70e-11   2.09e-06  10.2%
Clock                  0.00e+00   0.00e+00   0.00e+00   0.00e+00   0.0%
Macro                  0.00e+00   0.00e+00   0.00e+00   0.00e+00   0.0%
Pad                    0.00e+00   0.00e+00   0.00e+00   0.00e+00   0.0%
----------------------------------------------------------------
Total                  1.91e-05   1.47e-06   7.13e-11   2.06e-05 100.0%
                          92.9%       7.1%       0.0%

power_report_end
skew_report

===========================================================================
report_clock_skew
============================================================================
Clock core_clock
Latency      CRPR       Skew
_26_/CLK ^
   0.00
_26_/CLK ^
   0.00      0.00       0.00

skew_report_end
summary_report

===========================================================================
report_tns
============================================================================
tns 0.00

===========================================================================
report_wns
============================================================================
wns 0.00

===========================================================================
report_worst_slack -max (Setup)
============================================================================
worst slack 8.65

===========================================================================
report_worst_slack -min (Hold)
============================================================================
worst slack 0.42
summary_report_end
check_nonpropagated_clocks
core_clock
check_nonpropagated_clocks_end
[WARNING] Did not save OpenROAD database!
Writing SDF to '/openlane/designs/counter/runs/RUN_2025.05.24_18.10.11/results/synthesis/counter.sdf'…
