
===========================================================================
report_checks -path_delay min (Hold)
============================================================================
======================= Fastest Corner ===================================

Startpoint: _29_ (rising edge-triggered flip-flop clocked by core_clock)
Endpoint: _29_ (rising edge-triggered flip-flop clocked by core_clock)
Path Group: core_clock
Path Type: min
Corner: Fastest

Fanout     Cap    Slew   Delay    Time   Description
-----------------------------------------------------------------------------
                          0.00    0.00   clock core_clock (rise edge)
                          0.00    0.00   clock source latency
     1    0.01    0.00    0.00    0.00 ^ clk (in)
                                         clk (net)
                  0.00    0.00    0.00 ^ clkbuf_0_clk/A (sky130_fd_sc_hd__clkbuf_16)
     2    0.02    0.03    0.08    0.08 ^ clkbuf_0_clk/X (sky130_fd_sc_hd__clkbuf_16)
                                         clknet_0_clk (net)
                  0.03    0.00    0.08 ^ clkbuf_1_1__f_clk/A (sky130_fd_sc_hd__clkbuf_16)
     2    0.01    0.02    0.07    0.15 ^ clkbuf_1_1__f_clk/X (sky130_fd_sc_hd__clkbuf_16)
                                         clknet_1_1__leaf_clk (net)
                  0.02    0.00    0.15 ^ _29_/CLK (sky130_fd_sc_hd__dfxtp_1)
     4    0.01    0.05    0.21    0.36 v _29_/Q (sky130_fd_sc_hd__dfxtp_1)
                                         net5 (net)
                  0.05    0.00    0.36 v _23_/A (sky130_fd_sc_hd__inv_2)
     1    0.00    0.03    0.04    0.40 ^ _23_/Y (sky130_fd_sc_hd__inv_2)
                                         _11_ (net)
                  0.03    0.00    0.40 ^ _25_/A1 (sky130_fd_sc_hd__a211oi_1)
     1    0.00    0.02    0.03    0.43 v _25_/Y (sky130_fd_sc_hd__a211oi_1)
                                         _03_ (net)
                  0.02    0.00    0.43 v _29_/D (sky130_fd_sc_hd__dfxtp_1)
                                  0.43   data arrival time

                          0.00    0.00   clock core_clock (rise edge)
                          0.00    0.00   clock source latency
     1    0.01    0.00    0.00    0.00 ^ clk (in)
                                         clk (net)
                  0.00    0.00    0.00 ^ clkbuf_0_clk/A (sky130_fd_sc_hd__clkbuf_16)
     2    0.02    0.03    0.08    0.08 ^ clkbuf_0_clk/X (sky130_fd_sc_hd__clkbuf_16)
                                         clknet_0_clk (net)
                  0.03    0.00    0.08 ^ clkbuf_1_1__f_clk/A (sky130_fd_sc_hd__clkbuf_16)
     2    0.01    0.02    0.07    0.15 ^ clkbuf_1_1__f_clk/X (sky130_fd_sc_hd__clkbuf_16)
                                         clknet_1_1__leaf_clk (net)
                  0.02    0.00    0.15 ^ _29_/CLK (sky130_fd_sc_hd__dfxtp_1)
                          0.00    0.15   clock reconvergence pessimism
                         -0.04    0.11   library hold time
                                  0.11   data required time
-----------------------------------------------------------------------------
                                  0.11   data required time
                                 -0.43   data arrival time
-----------------------------------------------------------------------------
                                  0.32   slack (MET)


Startpoint: _26_ (rising edge-triggered flip-flop clocked by core_clock)
Endpoint: _26_ (rising edge-triggered flip-flop clocked by core_clock)
Path Group: core_clock
Path Type: min
Corner: Fastest

Fanout     Cap    Slew   Delay    Time   Description
-----------------------------------------------------------------------------
                          0.00    0.00   clock core_clock (rise edge)
                          0.00    0.00   clock source latency
     1    0.01    0.00    0.00    0.00 ^ clk (in)
                                         clk (net)
                  0.00    0.00    0.00 ^ clkbuf_0_clk/A (sky130_fd_sc_hd__clkbuf_16)
     2    0.02    0.03    0.08    0.08 ^ clkbuf_0_clk/X (sky130_fd_sc_hd__clkbuf_16)
                                         clknet_0_clk (net)
                  0.03    0.00    0.08 ^ clkbuf_1_1__f_clk/A (sky130_fd_sc_hd__clkbuf_16)
     2    0.01    0.02    0.07    0.15 ^ clkbuf_1_1__f_clk/X (sky130_fd_sc_hd__clkbuf_16)
                                         clknet_1_1__leaf_clk (net)
                  0.02    0.00    0.15 ^ _26_/CLK (sky130_fd_sc_hd__dfxtp_1)
     8    0.02    0.08    0.23    0.38 v _26_/Q (sky130_fd_sc_hd__dfxtp_1)
                                         net2 (net)
                  0.08    0.00    0.38 v _13_/A (sky130_fd_sc_hd__nor2_1)
     1    0.00    0.07    0.09    0.47 ^ _13_/Y (sky130_fd_sc_hd__nor2_1)
                                         _00_ (net)
                  0.07    0.00    0.47 ^ _26_/D (sky130_fd_sc_hd__dfxtp_1)
                                  0.47   data arrival time

                          0.00    0.00   clock core_clock (rise edge)
                          0.00    0.00   clock source latency
     1    0.01    0.00    0.00    0.00 ^ clk (in)
                                         clk (net)
                  0.00    0.00    0.00 ^ clkbuf_0_clk/A (sky130_fd_sc_hd__clkbuf_16)
     2    0.02    0.03    0.08    0.08 ^ clkbuf_0_clk/X (sky130_fd_sc_hd__clkbuf_16)
                                         clknet_0_clk (net)
                  0.03    0.00    0.08 ^ clkbuf_1_1__f_clk/A (sky130_fd_sc_hd__clkbuf_16)
     2    0.01    0.02    0.07    0.15 ^ clkbuf_1_1__f_clk/X (sky130_fd_sc_hd__clkbuf_16)
                                         clknet_1_1__leaf_clk (net)
                  0.02    0.00    0.15 ^ _26_/CLK (sky130_fd_sc_hd__dfxtp_1)
                          0.00    0.15   clock reconvergence pessimism
                         -0.02    0.13   library hold time
                                  0.13   data required time
-----------------------------------------------------------------------------
                                  0.13   data required time
                                 -0.47   data arrival time
-----------------------------------------------------------------------------
                                  0.35   slack (MET)


Startpoint: _27_ (rising edge-triggered flip-flop clocked by core_clock)
Endpoint: _27_ (rising edge-triggered flip-flop clocked by core_clock)
Path Group: core_clock
Path Type: min
Corner: Fastest

Fanout     Cap    Slew   Delay    Time   Description
-----------------------------------------------------------------------------
                          0.00    0.00   clock core_clock (rise edge)
                          0.00    0.00   clock source latency
     1    0.01    0.00    0.00    0.00 ^ clk (in)
                                         clk (net)
                  0.00    0.00    0.00 ^ clkbuf_0_clk/A (sky130_fd_sc_hd__clkbuf_16)
     2    0.02    0.03    0.08    0.08 ^ clkbuf_0_clk/X (sky130_fd_sc_hd__clkbuf_16)
                                         clknet_0_clk (net)
                  0.03    0.00    0.08 ^ clkbuf_1_0__f_clk/A (sky130_fd_sc_hd__clkbuf_16)
     2    0.01    0.02    0.07    0.15 ^ clkbuf_1_0__f_clk/X (sky130_fd_sc_hd__clkbuf_16)
                                         clknet_1_0__leaf_clk (net)
                  0.02    0.00    0.15 ^ _27_/CLK (sky130_fd_sc_hd__dfxtp_1)
     7    0.02    0.07    0.23    0.38 v _27_/Q (sky130_fd_sc_hd__dfxtp_1)
                                         net3 (net)
                  0.07    0.00    0.38 v _15_/B (sky130_fd_sc_hd__nand2_1)
     1    0.00    0.04    0.06    0.44 ^ _15_/Y (sky130_fd_sc_hd__nand2_1)
                                         _05_ (net)
                  0.04    0.00    0.44 ^ _17_/C (sky130_fd_sc_hd__and4b_1)
     1    0.00    0.05    0.11    0.55 ^ _17_/X (sky130_fd_sc_hd__and4b_1)
                                         _07_ (net)
                  0.05    0.00    0.55 ^ _18_/A (sky130_fd_sc_hd__clkbuf_1)
     1    0.00    0.03    0.05    0.60 ^ _18_/X (sky130_fd_sc_hd__clkbuf_1)
                                         _01_ (net)
                  0.03    0.00    0.60 ^ _27_/D (sky130_fd_sc_hd__dfxtp_1)
                                  0.60   data arrival time

                          0.00    0.00   clock core_clock (rise edge)
                          0.00    0.00   clock source latency
     1    0.01    0.00    0.00    0.00 ^ clk (in)
                                         clk (net)
                  0.00    0.00    0.00 ^ clkbuf_0_clk/A (sky130_fd_sc_hd__clkbuf_16)
     2    0.02    0.03    0.08    0.08 ^ clkbuf_0_clk/X (sky130_fd_sc_hd__clkbuf_16)
                                         clknet_0_clk (net)
                  0.03    0.00    0.08 ^ clkbuf_1_0__f_clk/A (sky130_fd_sc_hd__clkbuf_16)
     2    0.01    0.02    0.07    0.15 ^ clkbuf_1_0__f_clk/X (sky130_fd_sc_hd__clkbuf_16)
                                         clknet_1_0__leaf_clk (net)
                  0.02    0.00    0.15 ^ _27_/CLK (sky130_fd_sc_hd__dfxtp_1)
                          0.00    0.15   clock reconvergence pessimism
                         -0.02    0.13   library hold time
                                  0.13   data required time
-----------------------------------------------------------------------------
                                  0.13   data required time
                                 -0.60   data arrival time
-----------------------------------------------------------------------------
                                  0.47   slack (MET)


Startpoint: _28_ (rising edge-triggered flip-flop clocked by core_clock)
Endpoint: _28_ (rising edge-triggered flip-flop clocked by core_clock)
Path Group: core_clock
Path Type: min
Corner: Fastest

Fanout     Cap    Slew   Delay    Time   Description
-----------------------------------------------------------------------------
                          0.00    0.00   clock core_clock (rise edge)
                          0.00    0.00   clock source latency
     1    0.01    0.00    0.00    0.00 ^ clk (in)
                                         clk (net)
                  0.00    0.00    0.00 ^ clkbuf_0_clk/A (sky130_fd_sc_hd__clkbuf_16)
     2    0.02    0.03    0.08    0.08 ^ clkbuf_0_clk/X (sky130_fd_sc_hd__clkbuf_16)
                                         clknet_0_clk (net)
                  0.03    0.00    0.08 ^ clkbuf_1_0__f_clk/A (sky130_fd_sc_hd__clkbuf_16)
     2    0.01    0.02    0.07    0.15 ^ clkbuf_1_0__f_clk/X (sky130_fd_sc_hd__clkbuf_16)
                                         clknet_1_0__leaf_clk (net)
                  0.02    0.00    0.15 ^ _28_/CLK (sky130_fd_sc_hd__dfxtp_1)
     5    0.01    0.05    0.21    0.36 v _28_/Q (sky130_fd_sc_hd__dfxtp_1)
                                         net4 (net)
                  0.05    0.00    0.36 v _19_/C (sky130_fd_sc_hd__nand3_1)
     2    0.01    0.07    0.08    0.45 ^ _19_/Y (sky130_fd_sc_hd__nand3_1)
                                         _08_ (net)
                  0.07    0.00    0.45 ^ _21_/C (sky130_fd_sc_hd__and4b_1)
     1    0.00    0.04    0.11    0.56 ^ _21_/X (sky130_fd_sc_hd__and4b_1)
                                         _10_ (net)
                  0.04    0.00    0.56 ^ _22_/A (sky130_fd_sc_hd__clkbuf_1)
     1    0.00    0.03    0.05    0.61 ^ _22_/X (sky130_fd_sc_hd__clkbuf_1)
                                         _02_ (net)
                  0.03    0.00    0.61 ^ _28_/D (sky130_fd_sc_hd__dfxtp_1)
                                  0.61   data arrival time

                          0.00    0.00   clock core_clock (rise edge)
                          0.00    0.00   clock source latency
     1    0.01    0.00    0.00    0.00 ^ clk (in)
                                         clk (net)
                  0.00    0.00    0.00 ^ clkbuf_0_clk/A (sky130_fd_sc_hd__clkbuf_16)
     2    0.02    0.03    0.08    0.08 ^ clkbuf_0_clk/X (sky130_fd_sc_hd__clkbuf_16)
                                         clknet_0_clk (net)
                  0.03    0.00    0.08 ^ clkbuf_1_0__f_clk/A (sky130_fd_sc_hd__clkbuf_16)
     2    0.01    0.02    0.07    0.15 ^ clkbuf_1_0__f_clk/X (sky130_fd_sc_hd__clkbuf_16)
                                         clknet_1_0__leaf_clk (net)
                  0.02    0.00    0.15 ^ _28_/CLK (sky130_fd_sc_hd__dfxtp_1)
                          0.00    0.15   clock reconvergence pessimism
                         -0.02    0.13   library hold time
                                  0.13   data required time
-----------------------------------------------------------------------------
                                  0.13   data required time
                                 -0.61   data arrival time
-----------------------------------------------------------------------------
                                  0.48   slack (MET)



worst slack corner Fastest: 0.3222
======================= Slowest Corner ===================================

Startpoint: _29_ (rising edge-triggered flip-flop clocked by core_clock)
Endpoint: _29_ (rising edge-triggered flip-flop clocked by core_clock)
Path Group: core_clock
Path Type: min
Corner: Slowest

Fanout     Cap    Slew   Delay    Time   Description
-----------------------------------------------------------------------------
                          0.00    0.00   clock core_clock (rise edge)
                          0.00    0.00   clock source latency
     1    0.01    0.00    0.00    0.00 ^ clk (in)
                                         clk (net)
                  0.00    0.00    0.00 ^ clkbuf_0_clk/A (sky130_fd_sc_hd__clkbuf_16)
     2    0.02    0.07    0.19    0.19 ^ clkbuf_0_clk/X (sky130_fd_sc_hd__clkbuf_16)
                                         clknet_0_clk (net)
                  0.07    0.00    0.19 ^ clkbuf_1_1__f_clk/A (sky130_fd_sc_hd__clkbuf_16)
     2    0.00    0.05    0.20    0.39 ^ clkbuf_1_1__f_clk/X (sky130_fd_sc_hd__clkbuf_16)
                                         clknet_1_1__leaf_clk (net)
                  0.05    0.00    0.39 ^ _29_/CLK (sky130_fd_sc_hd__dfxtp_1)
     4    0.01    0.13    0.64    1.03 v _29_/Q (sky130_fd_sc_hd__dfxtp_1)
                                         net5 (net)
                  0.13    0.00    1.03 v _23_/A (sky130_fd_sc_hd__inv_2)
     1    0.00    0.06    0.10    1.13 ^ _23_/Y (sky130_fd_sc_hd__inv_2)
                                         _11_ (net)
                  0.06    0.00    1.13 ^ _25_/A1 (sky130_fd_sc_hd__a211oi_1)
     1    0.00    0.06    0.12    1.25 v _25_/Y (sky130_fd_sc_hd__a211oi_1)
                                         _03_ (net)
                  0.06    0.00    1.25 v _29_/D (sky130_fd_sc_hd__dfxtp_1)
                                  1.25   data arrival time

                          0.00    0.00   clock core_clock (rise edge)
                          0.00    0.00   clock source latency
     1    0.01    0.00    0.00    0.00 ^ clk (in)
                                         clk (net)
                  0.00    0.00    0.00 ^ clkbuf_0_clk/A (sky130_fd_sc_hd__clkbuf_16)
     2    0.02    0.07    0.19    0.19 ^ clkbuf_0_clk/X (sky130_fd_sc_hd__clkbuf_16)
                                         clknet_0_clk (net)
                  0.07    0.00    0.19 ^ clkbuf_1_1__f_clk/A (sky130_fd_sc_hd__clkbuf_16)
     2    0.00    0.05    0.20    0.39 ^ clkbuf_1_1__f_clk/X (sky130_fd_sc_hd__clkbuf_16)
                                         clknet_1_1__leaf_clk (net)
                  0.05    0.00    0.39 ^ _29_/CLK (sky130_fd_sc_hd__dfxtp_1)
                          0.00    0.39   clock reconvergence pessimism
                         -0.11    0.28   library hold time
                                  0.28   data required time
-----------------------------------------------------------------------------
                                  0.28   data required time
                                 -1.25   data arrival time
-----------------------------------------------------------------------------
                                  0.97   slack (MET)


Startpoint: _26_ (rising edge-triggered flip-flop clocked by core_clock)
Endpoint: _26_ (rising edge-triggered flip-flop clocked by core_clock)
Path Group: core_clock
Path Type: min
Corner: Slowest

Fanout     Cap    Slew   Delay    Time   Description
-----------------------------------------------------------------------------
                          0.00    0.00   clock core_clock (rise edge)
                          0.00    0.00   clock source latency
     1    0.01    0.00    0.00    0.00 ^ clk (in)
                                         clk (net)
                  0.00    0.00    0.00 ^ clkbuf_0_clk/A (sky130_fd_sc_hd__clkbuf_16)
     2    0.02    0.07    0.19    0.19 ^ clkbuf_0_clk/X (sky130_fd_sc_hd__clkbuf_16)
                                         clknet_0_clk (net)
                  0.07    0.00    0.19 ^ clkbuf_1_1__f_clk/A (sky130_fd_sc_hd__clkbuf_16)
     2    0.00    0.05    0.20    0.39 ^ clkbuf_1_1__f_clk/X (sky130_fd_sc_hd__clkbuf_16)
                                         clknet_1_1__leaf_clk (net)
                  0.05    0.00    0.39 ^ _26_/CLK (sky130_fd_sc_hd__dfxtp_1)
     8    0.02    0.21    0.70    1.08 v _26_/Q (sky130_fd_sc_hd__dfxtp_1)
                                         net2 (net)
                  0.21    0.00    1.08 v _13_/A (sky130_fd_sc_hd__nor2_1)
     1    0.00    0.15    0.24    1.32 ^ _13_/Y (sky130_fd_sc_hd__nor2_1)
                                         _00_ (net)
                  0.15    0.00    1.32 ^ _26_/D (sky130_fd_sc_hd__dfxtp_1)
                                  1.32   data arrival time

                          0.00    0.00   clock core_clock (rise edge)
                          0.00    0.00   clock source latency
     1    0.01    0.00    0.00    0.00 ^ clk (in)
                                         clk (net)
                  0.00    0.00    0.00 ^ clkbuf_0_clk/A (sky130_fd_sc_hd__clkbuf_16)
     2    0.02    0.07    0.19    0.19 ^ clkbuf_0_clk/X (sky130_fd_sc_hd__clkbuf_16)
                                         clknet_0_clk (net)
                  0.07    0.00    0.19 ^ clkbuf_1_1__f_clk/A (sky130_fd_sc_hd__clkbuf_16)
     2    0.00    0.05    0.20    0.39 ^ clkbuf_1_1__f_clk/X (sky130_fd_sc_hd__clkbuf_16)
                                         clknet_1_1__leaf_clk (net)
                  0.05    0.00    0.39 ^ _26_/CLK (sky130_fd_sc_hd__dfxtp_1)
                          0.00    0.39   clock reconvergence pessimism
                         -0.10    0.29   library hold time
                                  0.29   data required time
-----------------------------------------------------------------------------
                                  0.29   data required time
                                 -1.32   data arrival time
-----------------------------------------------------------------------------
                                  1.03   slack (MET)


Startpoint: _27_ (rising edge-triggered flip-flop clocked by core_clock)
Endpoint: _27_ (rising edge-triggered flip-flop clocked by core_clock)
Path Group: core_clock
Path Type: min
Corner: Slowest

Fanout     Cap    Slew   Delay    Time   Description
-----------------------------------------------------------------------------
                          0.00    0.00   clock core_clock (rise edge)
                          0.00    0.00   clock source latency
     1    0.01    0.00    0.00    0.00 ^ clk (in)
                                         clk (net)
                  0.00    0.00    0.00 ^ clkbuf_0_clk/A (sky130_fd_sc_hd__clkbuf_16)
     2    0.02    0.07    0.19    0.19 ^ clkbuf_0_clk/X (sky130_fd_sc_hd__clkbuf_16)
                                         clknet_0_clk (net)
                  0.07    0.00    0.19 ^ clkbuf_1_0__f_clk/A (sky130_fd_sc_hd__clkbuf_16)
     2    0.00    0.05    0.20    0.39 ^ clkbuf_1_0__f_clk/X (sky130_fd_sc_hd__clkbuf_16)
                                         clknet_1_0__leaf_clk (net)
                  0.05    0.00    0.39 ^ _27_/CLK (sky130_fd_sc_hd__dfxtp_1)
     7    0.02    0.19    0.68    1.07 v _27_/Q (sky130_fd_sc_hd__dfxtp_1)
                                         net3 (net)
                  0.19    0.00    1.07 v _15_/B (sky130_fd_sc_hd__nand2_1)
     1    0.00    0.09    0.16    1.22 ^ _15_/Y (sky130_fd_sc_hd__nand2_1)
                                         _05_ (net)
                  0.09    0.00    1.22 ^ _17_/C (sky130_fd_sc_hd__and4b_1)
     1    0.00    0.12    0.41    1.63 ^ _17_/X (sky130_fd_sc_hd__and4b_1)
                                         _07_ (net)
                  0.12    0.00    1.63 ^ _18_/A (sky130_fd_sc_hd__clkbuf_1)
     1    0.00    0.06    0.16    1.79 ^ _18_/X (sky130_fd_sc_hd__clkbuf_1)
                                         _01_ (net)
                  0.06    0.00    1.79 ^ _27_/D (sky130_fd_sc_hd__dfxtp_1)
                                  1.79   data arrival time

                          0.00    0.00   clock core_clock (rise edge)
                          0.00    0.00   clock source latency
     1    0.01    0.00    0.00    0.00 ^ clk (in)
                                         clk (net)
                  0.00    0.00    0.00 ^ clkbuf_0_clk/A (sky130_fd_sc_hd__clkbuf_16)
     2    0.02    0.07    0.19    0.19 ^ clkbuf_0_clk/X (sky130_fd_sc_hd__clkbuf_16)
                                         clknet_0_clk (net)
                  0.07    0.00    0.19 ^ clkbuf_1_0__f_clk/A (sky130_fd_sc_hd__clkbuf_16)
     2    0.00    0.05    0.20    0.39 ^ clkbuf_1_0__f_clk/X (sky130_fd_sc_hd__clkbuf_16)
                                         clknet_1_0__leaf_clk (net)
                  0.05    0.00    0.39 ^ _27_/CLK (sky130_fd_sc_hd__dfxtp_1)
                          0.00    0.39   clock reconvergence pessimism
                         -0.07    0.31   library hold time
                                  0.31   data required time
-----------------------------------------------------------------------------
                                  0.31   data required time
                                 -1.79   data arrival time
-----------------------------------------------------------------------------
                                  1.48   slack (MET)


Startpoint: _28_ (rising edge-triggered flip-flop clocked by core_clock)
Endpoint: _28_ (rising edge-triggered flip-flop clocked by core_clock)
Path Group: core_clock
Path Type: min
Corner: Slowest

Fanout     Cap    Slew   Delay    Time   Description
-----------------------------------------------------------------------------
                          0.00    0.00   clock core_clock (rise edge)
                          0.00    0.00   clock source latency
     1    0.01    0.00    0.00    0.00 ^ clk (in)
                                         clk (net)
                  0.00    0.00    0.00 ^ clkbuf_0_clk/A (sky130_fd_sc_hd__clkbuf_16)
     2    0.02    0.07    0.19    0.19 ^ clkbuf_0_clk/X (sky130_fd_sc_hd__clkbuf_16)
                                         clknet_0_clk (net)
                  0.07    0.00    0.19 ^ clkbuf_1_0__f_clk/A (sky130_fd_sc_hd__clkbuf_16)
     2    0.00    0.05    0.20    0.39 ^ clkbuf_1_0__f_clk/X (sky130_fd_sc_hd__clkbuf_16)
                                         clknet_1_0__leaf_clk (net)
                  0.05    0.00    0.39 ^ _28_/CLK (sky130_fd_sc_hd__dfxtp_1)
     5    0.01    0.14    0.64    1.03 v _28_/Q (sky130_fd_sc_hd__dfxtp_1)
                                         net4 (net)
                  0.14    0.00    1.03 v _19_/C (sky130_fd_sc_hd__nand3_1)
     2    0.01    0.15    0.20    1.23 ^ _19_/Y (sky130_fd_sc_hd__nand3_1)
                                         _08_ (net)
                  0.15    0.00    1.23 ^ _21_/C (sky130_fd_sc_hd__and4b_1)
     1    0.00    0.11    0.41    1.65 ^ _21_/X (sky130_fd_sc_hd__and4b_1)
                                         _10_ (net)
                  0.11    0.00    1.65 ^ _22_/A (sky130_fd_sc_hd__clkbuf_1)
     1    0.00    0.06    0.15    1.80 ^ _22_/X (sky130_fd_sc_hd__clkbuf_1)
                                         _02_ (net)
                  0.06    0.00    1.80 ^ _28_/D (sky130_fd_sc_hd__dfxtp_1)
                                  1.80   data arrival time

                          0.00    0.00   clock core_clock (rise edge)
                          0.00    0.00   clock source latency
     1    0.01    0.00    0.00    0.00 ^ clk (in)
                                         clk (net)
                  0.00    0.00    0.00 ^ clkbuf_0_clk/A (sky130_fd_sc_hd__clkbuf_16)
     2    0.02    0.07    0.19    0.19 ^ clkbuf_0_clk/X (sky130_fd_sc_hd__clkbuf_16)
                                         clknet_0_clk (net)
                  0.07    0.00    0.19 ^ clkbuf_1_0__f_clk/A (sky130_fd_sc_hd__clkbuf_16)
     2    0.00    0.05    0.20    0.39 ^ clkbuf_1_0__f_clk/X (sky130_fd_sc_hd__clkbuf_16)
                                         clknet_1_0__leaf_clk (net)
                  0.05    0.00    0.39 ^ _28_/CLK (sky130_fd_sc_hd__dfxtp_1)
                          0.00    0.39   clock reconvergence pessimism
                         -0.07    0.31   library hold time
                                  0.31   data required time
-----------------------------------------------------------------------------
                                  0.31   data required time
                                 -1.80   data arrival time
-----------------------------------------------------------------------------
                                  1.49   slack (MET)



worst slack corner Slowest: 0.9726
======================= Typical Corner ===================================

Startpoint: _29_ (rising edge-triggered flip-flop clocked by core_clock)
Endpoint: _29_ (rising edge-triggered flip-flop clocked by core_clock)
Path Group: core_clock
Path Type: min
Corner: Typical

Fanout     Cap    Slew   Delay    Time   Description
-----------------------------------------------------------------------------
                          0.00    0.00   clock core_clock (rise edge)
                          0.00    0.00   clock source latency
     1    0.01    0.00    0.00    0.00 ^ clk (in)
                                         clk (net)
                  0.00    0.00    0.00 ^ clkbuf_0_clk/A (sky130_fd_sc_hd__clkbuf_16)
     2    0.02    0.04    0.11    0.11 ^ clkbuf_0_clk/X (sky130_fd_sc_hd__clkbuf_16)
                                         clknet_0_clk (net)
                  0.04    0.00    0.11 ^ clkbuf_1_1__f_clk/A (sky130_fd_sc_hd__clkbuf_16)
     2    0.01    0.03    0.11    0.22 ^ clkbuf_1_1__f_clk/X (sky130_fd_sc_hd__clkbuf_16)
                                         clknet_1_1__leaf_clk (net)
                  0.03    0.00    0.22 ^ _29_/CLK (sky130_fd_sc_hd__dfxtp_1)
     4    0.01    0.07    0.33    0.55 v _29_/Q (sky130_fd_sc_hd__dfxtp_1)
                                         net5 (net)
                  0.07    0.00    0.55 v _23_/A (sky130_fd_sc_hd__inv_2)
     1    0.00    0.03    0.06    0.60 ^ _23_/Y (sky130_fd_sc_hd__inv_2)
                                         _11_ (net)
                  0.03    0.00    0.60 ^ _25_/A1 (sky130_fd_sc_hd__a211oi_1)
     1    0.00    0.03    0.05    0.66 v _25_/Y (sky130_fd_sc_hd__a211oi_1)
                                         _03_ (net)
                  0.03    0.00    0.66 v _29_/D (sky130_fd_sc_hd__dfxtp_1)
                                  0.66   data arrival time

                          0.00    0.00   clock core_clock (rise edge)
                          0.00    0.00   clock source latency
     1    0.01    0.00    0.00    0.00 ^ clk (in)
                                         clk (net)
                  0.00    0.00    0.00 ^ clkbuf_0_clk/A (sky130_fd_sc_hd__clkbuf_16)
     2    0.02    0.04    0.11    0.11 ^ clkbuf_0_clk/X (sky130_fd_sc_hd__clkbuf_16)
                                         clknet_0_clk (net)
                  0.04    0.00    0.11 ^ clkbuf_1_1__f_clk/A (sky130_fd_sc_hd__clkbuf_16)
     2    0.01    0.03    0.11    0.22 ^ clkbuf_1_1__f_clk/X (sky130_fd_sc_hd__clkbuf_16)
                                         clknet_1_1__leaf_clk (net)
                  0.03    0.00    0.22 ^ _29_/CLK (sky130_fd_sc_hd__dfxtp_1)
                          0.00    0.22   clock reconvergence pessimism
                         -0.05    0.17   library hold time
                                  0.17   data required time
-----------------------------------------------------------------------------
                                  0.17   data required time
                                 -0.66   data arrival time
-----------------------------------------------------------------------------
                                  0.49   slack (MET)


Startpoint: _26_ (rising edge-triggered flip-flop clocked by core_clock)
Endpoint: _26_ (rising edge-triggered flip-flop clocked by core_clock)
Path Group: core_clock
Path Type: min
Corner: Typical

Fanout     Cap    Slew   Delay    Time   Description
-----------------------------------------------------------------------------
                          0.00    0.00   clock core_clock (rise edge)
                          0.00    0.00   clock source latency
     1    0.01    0.00    0.00    0.00 ^ clk (in)
                                         clk (net)
                  0.00    0.00    0.00 ^ clkbuf_0_clk/A (sky130_fd_sc_hd__clkbuf_16)
     2    0.02    0.04    0.11    0.11 ^ clkbuf_0_clk/X (sky130_fd_sc_hd__clkbuf_16)
                                         clknet_0_clk (net)
                  0.04    0.00    0.11 ^ clkbuf_1_1__f_clk/A (sky130_fd_sc_hd__clkbuf_16)
     2    0.01    0.03    0.11    0.22 ^ clkbuf_1_1__f_clk/X (sky130_fd_sc_hd__clkbuf_16)
                                         clknet_1_1__leaf_clk (net)
                  0.03    0.00    0.22 ^ _26_/CLK (sky130_fd_sc_hd__dfxtp_1)
     8    0.02    0.11    0.36    0.58 v _26_/Q (sky130_fd_sc_hd__dfxtp_1)
                                         net2 (net)
                  0.11    0.00    0.58 v _13_/A (sky130_fd_sc_hd__nor2_1)
     1    0.00    0.09    0.13    0.71 ^ _13_/Y (sky130_fd_sc_hd__nor2_1)
                                         _00_ (net)
                  0.09    0.00    0.71 ^ _26_/D (sky130_fd_sc_hd__dfxtp_1)
                                  0.71   data arrival time

                          0.00    0.00   clock core_clock (rise edge)
                          0.00    0.00   clock source latency
     1    0.01    0.00    0.00    0.00 ^ clk (in)
                                         clk (net)
                  0.00    0.00    0.00 ^ clkbuf_0_clk/A (sky130_fd_sc_hd__clkbuf_16)
     2    0.02    0.04    0.11    0.11 ^ clkbuf_0_clk/X (sky130_fd_sc_hd__clkbuf_16)
                                         clknet_0_clk (net)
                  0.04    0.00    0.11 ^ clkbuf_1_1__f_clk/A (sky130_fd_sc_hd__clkbuf_16)
     2    0.01    0.03    0.11    0.22 ^ clkbuf_1_1__f_clk/X (sky130_fd_sc_hd__clkbuf_16)
                                         clknet_1_1__leaf_clk (net)
                  0.03    0.00    0.22 ^ _26_/CLK (sky130_fd_sc_hd__dfxtp_1)
                          0.00    0.22   clock reconvergence pessimism
                         -0.04    0.17   library hold time
                                  0.17   data required time
-----------------------------------------------------------------------------
                                  0.17   data required time
                                 -0.71   data arrival time
-----------------------------------------------------------------------------
                                  0.54   slack (MET)


Startpoint: _27_ (rising edge-triggered flip-flop clocked by core_clock)
Endpoint: _27_ (rising edge-triggered flip-flop clocked by core_clock)
Path Group: core_clock
Path Type: min
Corner: Typical

Fanout     Cap    Slew   Delay    Time   Description
-----------------------------------------------------------------------------
                          0.00    0.00   clock core_clock (rise edge)
                          0.00    0.00   clock source latency
     1    0.01    0.00    0.00    0.00 ^ clk (in)
                                         clk (net)
                  0.00    0.00    0.00 ^ clkbuf_0_clk/A (sky130_fd_sc_hd__clkbuf_16)
     2    0.02    0.04    0.11    0.11 ^ clkbuf_0_clk/X (sky130_fd_sc_hd__clkbuf_16)
                                         clknet_0_clk (net)
                  0.04    0.00    0.11 ^ clkbuf_1_0__f_clk/A (sky130_fd_sc_hd__clkbuf_16)
     2    0.01    0.03    0.11    0.22 ^ clkbuf_1_0__f_clk/X (sky130_fd_sc_hd__clkbuf_16)
                                         clknet_1_0__leaf_clk (net)
                  0.03    0.00    0.22 ^ _27_/CLK (sky130_fd_sc_hd__dfxtp_1)
     7    0.02    0.10    0.35    0.57 v _27_/Q (sky130_fd_sc_hd__dfxtp_1)
                                         net3 (net)
                  0.10    0.00    0.57 v _15_/B (sky130_fd_sc_hd__nand2_1)
     1    0.00    0.05    0.09    0.66 ^ _15_/Y (sky130_fd_sc_hd__nand2_1)
                                         _05_ (net)
                  0.05    0.00    0.66 ^ _17_/C (sky130_fd_sc_hd__and4b_1)
     1    0.00    0.07    0.19    0.85 ^ _17_/X (sky130_fd_sc_hd__and4b_1)
                                         _07_ (net)
                  0.07    0.00    0.85 ^ _18_/A (sky130_fd_sc_hd__clkbuf_1)
     1    0.00    0.04    0.08    0.93 ^ _18_/X (sky130_fd_sc_hd__clkbuf_1)
                                         _01_ (net)
                  0.04    0.00    0.93 ^ _27_/D (sky130_fd_sc_hd__dfxtp_1)
                                  0.93   data arrival time

                          0.00    0.00   clock core_clock (rise edge)
                          0.00    0.00   clock source latency
     1    0.01    0.00    0.00    0.00 ^ clk (in)
                                         clk (net)
                  0.00    0.00    0.00 ^ clkbuf_0_clk/A (sky130_fd_sc_hd__clkbuf_16)
     2    0.02    0.04    0.11    0.11 ^ clkbuf_0_clk/X (sky130_fd_sc_hd__clkbuf_16)
                                         clknet_0_clk (net)
                  0.04    0.00    0.11 ^ clkbuf_1_0__f_clk/A (sky130_fd_sc_hd__clkbuf_16)
     2    0.01    0.03    0.11    0.22 ^ clkbuf_1_0__f_clk/X (sky130_fd_sc_hd__clkbuf_16)
                                         clknet_1_0__leaf_clk (net)
                  0.03    0.00    0.22 ^ _27_/CLK (sky130_fd_sc_hd__dfxtp_1)
                          0.00    0.22   clock reconvergence pessimism
                         -0.03    0.19   library hold time
                                  0.19   data required time
-----------------------------------------------------------------------------
                                  0.19   data required time
                                 -0.93   data arrival time
-----------------------------------------------------------------------------
                                  0.74   slack (MET)


Startpoint: _28_ (rising edge-triggered flip-flop clocked by core_clock)
Endpoint: _28_ (rising edge-triggered flip-flop clocked by core_clock)
Path Group: core_clock
Path Type: min
Corner: Typical

Fanout     Cap    Slew   Delay    Time   Description
-----------------------------------------------------------------------------
                          0.00    0.00   clock core_clock (rise edge)
                          0.00    0.00   clock source latency
     1    0.01    0.00    0.00    0.00 ^ clk (in)
                                         clk (net)
                  0.00    0.00    0.00 ^ clkbuf_0_clk/A (sky130_fd_sc_hd__clkbuf_16)
     2    0.02    0.04    0.11    0.11 ^ clkbuf_0_clk/X (sky130_fd_sc_hd__clkbuf_16)
                                         clknet_0_clk (net)
                  0.04    0.00    0.11 ^ clkbuf_1_0__f_clk/A (sky130_fd_sc_hd__clkbuf_16)
     2    0.01    0.03    0.11    0.22 ^ clkbuf_1_0__f_clk/X (sky130_fd_sc_hd__clkbuf_16)
                                         clknet_1_0__leaf_clk (net)
                  0.03    0.00    0.22 ^ _28_/CLK (sky130_fd_sc_hd__dfxtp_1)
     5    0.01    0.07    0.33    0.55 v _28_/Q (sky130_fd_sc_hd__dfxtp_1)
                                         net4 (net)
                  0.07    0.00    0.55 v _19_/C (sky130_fd_sc_hd__nand3_1)
     2    0.01    0.09    0.12    0.67 ^ _19_/Y (sky130_fd_sc_hd__nand3_1)
                                         _08_ (net)
                  0.09    0.00    0.67 ^ _21_/C (sky130_fd_sc_hd__and4b_1)
     1    0.00    0.06    0.19    0.86 ^ _21_/X (sky130_fd_sc_hd__and4b_1)
                                         _10_ (net)
                  0.06    0.00    0.86 ^ _22_/A (sky130_fd_sc_hd__clkbuf_1)
     1    0.00    0.04    0.08    0.94 ^ _22_/X (sky130_fd_sc_hd__clkbuf_1)
                                         _02_ (net)
                  0.04    0.00    0.94 ^ _28_/D (sky130_fd_sc_hd__dfxtp_1)
                                  0.94   data arrival time

                          0.00    0.00   clock core_clock (rise edge)
                          0.00    0.00   clock source latency
     1    0.01    0.00    0.00    0.00 ^ clk (in)
                                         clk (net)
                  0.00    0.00    0.00 ^ clkbuf_0_clk/A (sky130_fd_sc_hd__clkbuf_16)
     2    0.02    0.04    0.11    0.11 ^ clkbuf_0_clk/X (sky130_fd_sc_hd__clkbuf_16)
                                         clknet_0_clk (net)
                  0.04    0.00    0.11 ^ clkbuf_1_0__f_clk/A (sky130_fd_sc_hd__clkbuf_16)
     2    0.01    0.03    0.11    0.22 ^ clkbuf_1_0__f_clk/X (sky130_fd_sc_hd__clkbuf_16)
                                         clknet_1_0__leaf_clk (net)
                  0.03    0.00    0.22 ^ _28_/CLK (sky130_fd_sc_hd__dfxtp_1)
                          0.00    0.22   clock reconvergence pessimism
                         -0.03    0.19   library hold time
                                  0.19   data required time
-----------------------------------------------------------------------------
                                  0.19   data required time
                                 -0.94   data arrival time
-----------------------------------------------------------------------------
                                  0.75   slack (MET)



worst slack corner Typical: 0.4913
