
===========================================================================
 report_power
============================================================================
======================= Fastest Corner ===================================

Group                  Internal  Switching    Leakage      Total
                          Power      Power      Power      Power (Watts)
----------------------------------------------------------------
Sequential             1.97e-05   1.65e-06   5.79e-11   2.14e-05  22.8%
Combinational          1.86e-06   8.92e-07   3.52e-11   2.75e-06   2.9%
Clock                  5.86e-05   1.11e-05   2.54e-10   6.97e-05  74.3%
Macro                  0.00e+00   0.00e+00   0.00e+00   0.00e+00   0.0%
Pad                    0.00e+00   0.00e+00   0.00e+00   0.00e+00   0.0%
----------------------------------------------------------------
Total                  8.02e-05   1.36e-05   3.47e-10   9.38e-05 100.0%
                          85.5%      14.5%       0.0%

======================= Slowest Corner ===================================

Group                  Internal  Switching    Leakage      Total
                          Power      Power      Power      Power (Watts)
----------------------------------------------------------------
Sequential             1.34e-05   1.08e-06   5.62e-08   1.45e-05  22.3%
Combinational          1.32e-06   5.75e-07   7.24e-08   1.97e-06   3.0%
Clock                  4.13e-05   7.19e-06   5.71e-08   4.86e-05  74.7%
Macro                  0.00e+00   0.00e+00   0.00e+00   0.00e+00   0.0%
Pad                    0.00e+00   0.00e+00   0.00e+00   0.00e+00   0.0%
----------------------------------------------------------------
Total                  5.60e-05   8.84e-06   1.86e-07   6.51e-05 100.0%
                          86.1%      13.6%       0.3%

======================= Typical Corner ===================================

Group                  Internal  Switching    Leakage      Total
                          Power      Power      Power      Power (Watts)
----------------------------------------------------------------
Sequential             1.70e-05   1.38e-06   3.29e-11   1.84e-05  22.7%
Combinational          1.63e-06   7.41e-07   4.31e-11   2.37e-06   2.9%
Clock                  5.09e-05   9.31e-06   9.92e-11   6.02e-05  74.4%
Macro                  0.00e+00   0.00e+00   0.00e+00   0.00e+00   0.0%
Pad                    0.00e+00   0.00e+00   0.00e+00   0.00e+00   0.0%
----------------------------------------------------------------
Total                  6.95e-05   1.14e-05   1.75e-10   8.10e-05 100.0%
                          85.9%      14.1%       0.0%

