
===========================================================================
 report_power
============================================================================
======================= Fastest Corner ===================================

Group                  Internal  Switching    Leakage      Total
                          Power      Power      Power      Power (Watts)
----------------------------------------------------------------
Sequential             1.92e-03   1.14e-02   3.30e-08   1.33e-02  19.6%
Combinational          4.80e-03   4.64e-02   3.19e-07   5.12e-02  75.5%
Clock                  1.22e-03   2.08e-03   4.18e-07   3.30e-03   4.9%
Macro                  0.00e+00   0.00e+00   0.00e+00   0.00e+00   0.0%
Pad                    0.00e+00   0.00e+00   0.00e+00   0.00e+00   0.0%
----------------------------------------------------------------
Total                  7.94e-03   5.99e-02   7.70e-07   6.79e-02 100.0%
                          11.7%      88.3%       0.0%

======================= Slowest Corner ===================================

Group                  Internal  Switching    Leakage      Total
                          Power      Power      Power      Power (Watts)
----------------------------------------------------------------
Sequential             1.29e-03   7.74e-03   1.84e-05   9.04e-03  19.6%
Combinational          3.10e-03   3.15e-02   7.95e-05   3.47e-02  75.4%
Clock                  8.70e-04   1.38e-03   5.75e-06   2.26e-03   4.9%
Macro                  0.00e+00   0.00e+00   0.00e+00   0.00e+00   0.0%
Pad                    0.00e+00   0.00e+00   0.00e+00   0.00e+00   0.0%
----------------------------------------------------------------
Total                  5.26e-03   4.07e-02   1.04e-04   4.60e-02 100.0%
                          11.4%      88.3%       0.2%

======================= Typical Corner ===================================

Group                  Internal  Switching    Leakage      Total
                          Power      Power      Power      Power (Watts)
----------------------------------------------------------------
Sequential             1.63e-03   9.75e-03   9.90e-09   1.14e-02  19.7%
Combinational          3.92e-03   3.97e-02   5.34e-08   4.37e-02  75.4%
Clock                  1.06e-03   1.76e-03   4.06e-07   2.82e-03   4.9%
Macro                  0.00e+00   0.00e+00   0.00e+00   0.00e+00   0.0%
Pad                    0.00e+00   0.00e+00   0.00e+00   0.00e+00   0.0%
----------------------------------------------------------------
Total                  6.61e-03   5.13e-02   4.69e-07   5.79e-02 100.0%
                          11.4%      88.6%       0.0%

