
===========================================================================
 report_power
============================================================================
======================= Fastest Corner ===================================

Group                  Internal  Switching    Leakage      Total
                          Power      Power      Power      Power (Watts)
----------------------------------------------------------------
Sequential             1.90e-03   9.31e-03   3.30e-08   1.12e-02  19.6%
Combinational          4.63e-03   3.84e-02   3.19e-07   4.30e-02  75.2%
Clock                  1.22e-03   1.77e-03   4.18e-07   2.99e-03   5.2%
Macro                  0.00e+00   0.00e+00   0.00e+00   0.00e+00   0.0%
Pad                    0.00e+00   0.00e+00   0.00e+00   0.00e+00   0.0%
----------------------------------------------------------------
Total                  7.75e-03   4.94e-02   7.70e-07   5.72e-02 100.0%
                          13.6%      86.4%       0.0%

======================= Slowest Corner ===================================

Group                  Internal  Switching    Leakage      Total
                          Power      Power      Power      Power (Watts)
----------------------------------------------------------------
Sequential             1.30e-03   6.32e-03   1.84e-05   7.64e-03  19.6%
Combinational          3.13e-03   2.61e-02   7.95e-05   2.93e-02  75.2%
Clock                  8.71e-04   1.17e-03   5.75e-06   2.05e-03   5.3%
Macro                  0.00e+00   0.00e+00   0.00e+00   0.00e+00   0.0%
Pad                    0.00e+00   0.00e+00   0.00e+00   0.00e+00   0.0%
----------------------------------------------------------------
Total                  5.30e-03   3.36e-02   1.04e-04   3.90e-02 100.0%
                          13.6%      86.2%       0.3%

======================= Typical Corner ===================================

Group                  Internal  Switching    Leakage      Total
                          Power      Power      Power      Power (Watts)
----------------------------------------------------------------
Sequential             1.63e-03   7.96e-03   9.90e-09   9.60e-03  19.6%
Combinational          3.92e-03   3.29e-02   5.34e-08   3.68e-02  75.2%
Clock                  1.06e-03   1.50e-03   4.06e-07   2.56e-03   5.2%
Macro                  0.00e+00   0.00e+00   0.00e+00   0.00e+00   0.0%
Pad                    0.00e+00   0.00e+00   0.00e+00   0.00e+00   0.0%
----------------------------------------------------------------
Total                  6.61e-03   4.23e-02   4.69e-07   4.89e-02 100.0%
                          13.5%      86.5%       0.0%

