Instance,Terminal,Layer,X location,Y location,Voltage
FILLER_0_6_37,VPWR,li1,22.7700,29.9200,1.799999
FILLER_0_6_29,VPWR,li1,20.7000,29.9200,1.799999
FILLER_0_6_23,VPWR,li1,16.3300,29.9200,1.799999
FILLER_0_6_15,VPWR,li1,14.2600,29.9200,1.799999
FILLER_0_6_3,VPWR,li1,7.8200,29.9200,1.799999
FILLER_0_5_3,VPWR,li1,7.3600,24.4800,1.799959
FILLER_0_4_3,VPWR,li1,7.1300,24.4800,1.799959
FILLER_0_3_36,VPWR,li1,22.5400,19.0400,1.799931
FILLER_0_3_14,VPWR,li1,12.4200,19.0400,1.799950
FILLER_0_2_29,VPWR,li1,19.3200,19.0400,1.799931
FILLER_0_1_40,VPWR,li1,24.1500,13.6000,1.799941
FILLER_0_1_36,VPWR,li1,23.0000,13.6000,1.799941
FILLER_0_1_12,VPWR,li1,11.2700,13.6000,1.799958
FILLER_0_0_37,VPWR,li1,22.7700,13.6000,1.799941
FILLER_0_0_29,VPWR,li1,20.7000,13.6000,1.799941
FILLER_0_0_27,VPWR,li1,18.1700,13.6000,1.799941
FILLER_0_0_21,VPWR,li1,16.5600,13.6000,1.799946
FILLER_0_0_3,VPWR,li1,7.3600,13.6000,1.799966
clkbuf_1_1__f_clk,VPWR,li1,19.7800,24.4800,1.799932
clkbuf_1_0__f_clk,VPWR,li1,17.4800,13.6000,1.799941
clkbuf_0_clk,VPWR,li1,17.4800,19.0400,1.799931
output5,VPWR,li1,23.6900,13.6000,1.799941
output4,VPWR,li1,20.4700,19.0400,1.799931
output3,VPWR,li1,23.6900,19.0400,1.799931
output2,VPWR,li1,23.6900,29.9200,1.799999
input1,VPWR,li1,7.5900,13.6000,1.799966
TAP_TAPCELL_ROW_6_17,VPWR,li1,18.6300,29.6130,1.799999
TAP_TAPCELL_ROW_4_16,VPWR,li1,18.6300,24.1730,1.799937
TAP_TAPCELL_ROW_2_15,VPWR,li1,18.6300,18.7330,1.799931
TAP_TAPCELL_ROW_0_14,VPWR,li1,18.6300,13.2930,1.799941
PHY_EDGE_ROW_6_Left_13,VPWR,li1,6.2100,29.9200,1.799999
PHY_EDGE_ROW_5_Left_12,VPWR,li1,6.2100,24.4800,1.799959
PHY_EDGE_ROW_4_Left_11,VPWR,li1,6.2100,24.4800,1.799959
PHY_EDGE_ROW_3_Left_10,VPWR,li1,6.2100,19.0400,1.799958
PHY_EDGE_ROW_2_Left_9,VPWR,li1,6.2100,19.0400,1.799958
PHY_EDGE_ROW_1_Left_8,VPWR,li1,6.2100,13.6000,1.799966
PHY_EDGE_ROW_0_Left_7,VPWR,li1,6.2100,13.6000,1.799966
PHY_EDGE_ROW_6_Right_6,VPWR,li1,25.0700,29.9200,1.799999
PHY_EDGE_ROW_5_Right_5,VPWR,li1,25.0700,24.4800,1.799932
PHY_EDGE_ROW_4_Right_4,VPWR,li1,25.0700,24.4800,1.799932
PHY_EDGE_ROW_3_Right_3,VPWR,li1,25.0700,19.0400,1.799931
PHY_EDGE_ROW_2_Right_2,VPWR,li1,25.0700,19.0400,1.799931
PHY_EDGE_ROW_1_Right_1,VPWR,li1,25.0700,13.6000,1.799941
PHY_EDGE_ROW_0_Right_0,VPWR,li1,25.0700,13.6000,1.799941
_29_,VPWR,li1,13.3400,24.4800,1.799949
_28_,VPWR,li1,11.5000,13.6000,1.799958
_27_,VPWR,li1,14.7200,19.0400,1.799940
_26_,VPWR,li1,11.5000,24.4800,1.799959
_25_,VPWR,li1,20.2400,24.4800,1.799932
_24_,VPWR,li1,22.7700,19.0400,1.799931
_23_,VPWR,li1,11.2700,19.0400,1.799958
_22_,VPWR,li1,8.9700,13.6000,1.799966
_21_,VPWR,li1,8.7400,19.0400,1.799958
_20_,VPWR,li1,23.0000,24.4800,1.799932
_19_,VPWR,li1,17.4800,29.9200,1.799999
_18_,VPWR,li1,12.1900,13.6000,1.799958
_17_,VPWR,li1,10.5800,29.9200,1.799999
_16_,VPWR,li1,8.5100,24.4800,1.799959
_15_,VPWR,li1,17.7100,24.4800,1.799937
_14_,VPWR,li1,8.9700,19.0400,1.799958
_13_,VPWR,li1,10.3500,13.6000,1.799966
