Instance,Terminal,Layer,X location,Y location,Voltage
FILLER_0_6_37,VGND,li1,22.7700,27.2000,0.000051
FILLER_0_6_29,VGND,li1,20.7000,27.2000,0.000051
FILLER_0_6_23,VGND,li1,16.3300,27.2000,0.000040
FILLER_0_6_15,VGND,li1,14.2600,27.2000,0.000035
FILLER_0_6_3,VGND,li1,7.8200,27.2000,0.000037
FILLER_0_5_3,VGND,li1,7.3600,27.2000,0.000037
FILLER_0_4_3,VGND,li1,7.1300,21.7600,0.000042
FILLER_0_3_36,VGND,li1,22.5400,21.7600,0.000056
FILLER_0_3_14,VGND,li1,12.4200,21.7600,0.000042
FILLER_0_2_29,VGND,li1,19.3200,16.3200,0.000045
FILLER_0_1_40,VGND,li1,24.1500,16.3200,0.000045
FILLER_0_1_36,VGND,li1,23.0000,16.3200,0.000045
FILLER_0_1_12,VGND,li1,11.2700,16.3200,0.000035
FILLER_0_0_37,VGND,li1,22.7700,10.8800,0.000007
FILLER_0_0_29,VGND,li1,20.7000,10.8800,0.000007
FILLER_0_0_27,VGND,li1,18.1700,10.8800,0.000007
FILLER_0_0_21,VGND,li1,16.5600,10.8800,0.000007
FILLER_0_0_3,VGND,li1,7.3600,10.8800,0.000008
clkbuf_1_1__f_clk,VGND,li1,19.7800,27.2000,0.000051
clkbuf_1_0__f_clk,VGND,li1,17.4800,16.3200,0.000045
clkbuf_0_clk,VGND,li1,17.4800,21.7600,0.000056
output5,VGND,li1,23.6900,10.8800,0.000007
output4,VGND,li1,20.4700,16.3200,0.000045
output3,VGND,li1,23.6900,21.7600,0.000056
output2,VGND,li1,23.6900,27.2000,0.000051
input1,VGND,li1,7.5900,16.3200,0.000035
TAP_TAPCELL_ROW_6_17,VGND,li1,18.6300,27.4910,0.000045
TAP_TAPCELL_ROW_4_16,VGND,li1,18.6300,22.0510,0.000056
TAP_TAPCELL_ROW_2_15,VGND,li1,18.6300,16.6110,0.000045
TAP_TAPCELL_ROW_0_14,VGND,li1,18.6300,11.1710,0.000007
PHY_EDGE_ROW_6_Left_13,VGND,li1,6.2100,27.2000,0.000037
PHY_EDGE_ROW_5_Left_12,VGND,li1,6.2100,27.2000,0.000037
PHY_EDGE_ROW_4_Left_11,VGND,li1,6.2100,21.7600,0.000042
PHY_EDGE_ROW_3_Left_10,VGND,li1,6.2100,21.7600,0.000042
PHY_EDGE_ROW_2_Left_9,VGND,li1,6.2100,16.3200,0.000035
PHY_EDGE_ROW_1_Left_8,VGND,li1,6.2100,16.3200,0.000035
PHY_EDGE_ROW_0_Left_7,VGND,li1,6.2100,10.8800,0.000008
PHY_EDGE_ROW_6_Right_6,VGND,li1,25.0700,27.2000,0.000051
PHY_EDGE_ROW_5_Right_5,VGND,li1,25.0700,27.2000,0.000051
PHY_EDGE_ROW_4_Right_4,VGND,li1,25.0700,21.7600,0.000056
PHY_EDGE_ROW_3_Right_3,VGND,li1,25.0700,21.7600,0.000056
PHY_EDGE_ROW_2_Right_2,VGND,li1,25.0700,16.3200,0.000045
PHY_EDGE_ROW_1_Right_1,VGND,li1,25.0700,16.3200,0.000045
PHY_EDGE_ROW_0_Right_0,VGND,li1,25.0700,10.8800,0.000007
_29_,VGND,li1,13.3400,21.7600,0.000041
_28_,VGND,li1,11.5000,10.8800,0.000008
_27_,VGND,li1,14.7200,16.3200,0.000035
_26_,VGND,li1,11.5000,27.2000,0.000037
_25_,VGND,li1,20.2400,21.7600,0.000056
_24_,VGND,li1,22.7700,16.3200,0.000045
_23_,VGND,li1,11.2700,21.7600,0.000042
_22_,VGND,li1,8.9700,16.3200,0.000035
_21_,VGND,li1,8.7400,21.7600,0.000042
_20_,VGND,li1,23.0000,21.7600,0.000056
_19_,VGND,li1,17.4800,27.2000,0.000045
_18_,VGND,li1,12.1900,16.3200,0.000035
_17_,VGND,li1,10.5800,27.2000,0.000037
_16_,VGND,li1,8.5100,21.7600,0.000042
_15_,VGND,li1,17.7100,21.7600,0.000056
_14_,VGND,li1,8.9700,16.3200,0.000035
_13_,VGND,li1,10.3500,16.3200,0.000035
