
===========================================================================
report_checks -path_delay max (Setup)
============================================================================
======================= Typical Corner ===================================

Startpoint: _28_ (rising edge-triggered flip-flop clocked by core_clock)
Endpoint: _28_ (rising edge-triggered flip-flop clocked by core_clock)
Path Group: core_clock
Path Type: max

Fanout     Cap    Slew   Delay    Time   Description
-----------------------------------------------------------------------------
                          0.00    0.00   clock core_clock (rise edge)
                          0.00    0.00   clock source latency
     1    0.01    0.00    0.00    0.00 ^ clk (in)
                                         clk (net)
                  0.00    0.00    0.00 ^ clkbuf_0_clk/A (sky130_fd_sc_hd__clkbuf_16)
     2    0.02    0.04    0.11    0.11 ^ clkbuf_0_clk/X (sky130_fd_sc_hd__clkbuf_16)
                                         clknet_0_clk (net)
                  0.04    0.00    0.11 ^ clkbuf_1_0__f_clk/A (sky130_fd_sc_hd__clkbuf_16)
     2    0.01    0.03    0.11    0.22 ^ clkbuf_1_0__f_clk/X (sky130_fd_sc_hd__clkbuf_16)
                                         clknet_1_0__leaf_clk (net)
                  0.03    0.00    0.22 ^ _28_/CLK (sky130_fd_sc_hd__dfxtp_1)
     5    0.02    0.15    0.37    0.59 ^ _28_/Q (sky130_fd_sc_hd__dfxtp_1)
                                         net4 (net)
                  0.15    0.00    0.59 ^ _14_/C_N (sky130_fd_sc_hd__or4bb_1)
     2    0.01    0.10    0.51    1.10 v _14_/X (sky130_fd_sc_hd__or4bb_1)
                                         _04_ (net)
                  0.10    0.00    1.10 v _21_/B (sky130_fd_sc_hd__and4b_1)
     1    0.00    0.04    0.19    1.29 v _21_/X (sky130_fd_sc_hd__and4b_1)
                                         _10_ (net)
                  0.04    0.00    1.29 v _22_/A (sky130_fd_sc_hd__clkbuf_1)
     1    0.00    0.03    0.08    1.38 v _22_/X (sky130_fd_sc_hd__clkbuf_1)
                                         _02_ (net)
                  0.03    0.00    1.38 v _28_/D (sky130_fd_sc_hd__dfxtp_1)
                                  1.38   data arrival time

                         10.00   10.00   clock core_clock (rise edge)
                          0.00   10.00   clock source latency
     1    0.01    0.00    0.00   10.00 ^ clk (in)
                                         clk (net)
                  0.00    0.00   10.00 ^ clkbuf_0_clk/A (sky130_fd_sc_hd__clkbuf_16)
     2    0.02    0.04    0.11   10.11 ^ clkbuf_0_clk/X (sky130_fd_sc_hd__clkbuf_16)
                                         clknet_0_clk (net)
                  0.04    0.00   10.11 ^ clkbuf_1_0__f_clk/A (sky130_fd_sc_hd__clkbuf_16)
     2    0.01    0.03    0.11   10.22 ^ clkbuf_1_0__f_clk/X (sky130_fd_sc_hd__clkbuf_16)
                                         clknet_1_0__leaf_clk (net)
                  0.03    0.00   10.22 ^ _28_/CLK (sky130_fd_sc_hd__dfxtp_1)
                          0.00   10.22   clock reconvergence pessimism
                         -0.11   10.11   library setup time
                                 10.11   data required time
-----------------------------------------------------------------------------
                                 10.11   data required time
                                 -1.38   data arrival time
-----------------------------------------------------------------------------
                                  8.73   slack (MET)


Startpoint: _28_ (rising edge-triggered flip-flop clocked by core_clock)
Endpoint: _27_ (rising edge-triggered flip-flop clocked by core_clock)
Path Group: core_clock
Path Type: max

Fanout     Cap    Slew   Delay    Time   Description
-----------------------------------------------------------------------------
                          0.00    0.00   clock core_clock (rise edge)
                          0.00    0.00   clock source latency
     1    0.01    0.00    0.00    0.00 ^ clk (in)
                                         clk (net)
                  0.00    0.00    0.00 ^ clkbuf_0_clk/A (sky130_fd_sc_hd__clkbuf_16)
     2    0.02    0.04    0.11    0.11 ^ clkbuf_0_clk/X (sky130_fd_sc_hd__clkbuf_16)
                                         clknet_0_clk (net)
                  0.04    0.00    0.11 ^ clkbuf_1_0__f_clk/A (sky130_fd_sc_hd__clkbuf_16)
     2    0.01    0.03    0.11    0.22 ^ clkbuf_1_0__f_clk/X (sky130_fd_sc_hd__clkbuf_16)
                                         clknet_1_0__leaf_clk (net)
                  0.03    0.00    0.22 ^ _28_/CLK (sky130_fd_sc_hd__dfxtp_1)
     5    0.02    0.15    0.37    0.59 ^ _28_/Q (sky130_fd_sc_hd__dfxtp_1)
                                         net4 (net)
                  0.15    0.00    0.59 ^ _14_/C_N (sky130_fd_sc_hd__or4bb_1)
     2    0.01    0.10    0.51    1.10 v _14_/X (sky130_fd_sc_hd__or4bb_1)
                                         _04_ (net)
                  0.10    0.00    1.10 v _17_/B (sky130_fd_sc_hd__and4b_1)
     1    0.00    0.04    0.18    1.29 v _17_/X (sky130_fd_sc_hd__and4b_1)
                                         _07_ (net)
                  0.04    0.00    1.29 v _18_/A (sky130_fd_sc_hd__clkbuf_1)
     1    0.00    0.02    0.08    1.37 v _18_/X (sky130_fd_sc_hd__clkbuf_1)
                                         _01_ (net)
                  0.02    0.00    1.37 v _27_/D (sky130_fd_sc_hd__dfxtp_1)
                                  1.37   data arrival time

                         10.00   10.00   clock core_clock (rise edge)
                          0.00   10.00   clock source latency
     1    0.01    0.00    0.00   10.00 ^ clk (in)
                                         clk (net)
                  0.00    0.00   10.00 ^ clkbuf_0_clk/A (sky130_fd_sc_hd__clkbuf_16)
     2    0.02    0.04    0.11   10.11 ^ clkbuf_0_clk/X (sky130_fd_sc_hd__clkbuf_16)
                                         clknet_0_clk (net)
                  0.04    0.00   10.11 ^ clkbuf_1_0__f_clk/A (sky130_fd_sc_hd__clkbuf_16)
     2    0.01    0.03    0.11   10.22 ^ clkbuf_1_0__f_clk/X (sky130_fd_sc_hd__clkbuf_16)
                                         clknet_1_0__leaf_clk (net)
                  0.03    0.00   10.22 ^ _27_/CLK (sky130_fd_sc_hd__dfxtp_1)
                          0.00   10.22   clock reconvergence pessimism
                         -0.10   10.11   library setup time
                                 10.11   data required time
-----------------------------------------------------------------------------
                                 10.11   data required time
                                 -1.37   data arrival time
-----------------------------------------------------------------------------
                                  8.74   slack (MET)


Startpoint: _26_ (rising edge-triggered flip-flop clocked by core_clock)
Endpoint: _29_ (rising edge-triggered flip-flop clocked by core_clock)
Path Group: core_clock
Path Type: max

Fanout     Cap    Slew   Delay    Time   Description
-----------------------------------------------------------------------------
                          0.00    0.00   clock core_clock (rise edge)
                          0.00    0.00   clock source latency
     1    0.01    0.00    0.00    0.00 ^ clk (in)
                                         clk (net)
                  0.00    0.00    0.00 ^ clkbuf_0_clk/A (sky130_fd_sc_hd__clkbuf_16)
     2    0.02    0.04    0.11    0.11 ^ clkbuf_0_clk/X (sky130_fd_sc_hd__clkbuf_16)
                                         clknet_0_clk (net)
                  0.04    0.00    0.11 ^ clkbuf_1_1__f_clk/A (sky130_fd_sc_hd__clkbuf_16)
     2    0.01    0.03    0.11    0.21 ^ clkbuf_1_1__f_clk/X (sky130_fd_sc_hd__clkbuf_16)
                                         clknet_1_1__leaf_clk (net)
                  0.03    0.00    0.21 ^ _26_/CLK (sky130_fd_sc_hd__dfxtp_1)
     8    0.02    0.21    0.42    0.64 ^ _26_/Q (sky130_fd_sc_hd__dfxtp_1)
                                         net2 (net)
                  0.21    0.00    0.64 ^ _19_/A (sky130_fd_sc_hd__nand3_1)
     2    0.01    0.10    0.13    0.76 v _19_/Y (sky130_fd_sc_hd__nand3_1)
                                         _08_ (net)
                  0.10    0.00    0.76 v _25_/A2 (sky130_fd_sc_hd__a211oi_1)
     1    0.00    0.19    0.25    1.01 ^ _25_/Y (sky130_fd_sc_hd__a211oi_1)
                                         _03_ (net)
                  0.19    0.00    1.01 ^ _29_/D (sky130_fd_sc_hd__dfxtp_1)
                                  1.01   data arrival time

                         10.00   10.00   clock core_clock (rise edge)
                          0.00   10.00   clock source latency
     1    0.01    0.00    0.00   10.00 ^ clk (in)
                                         clk (net)
                  0.00    0.00   10.00 ^ clkbuf_0_clk/A (sky130_fd_sc_hd__clkbuf_16)
     2    0.02    0.04    0.11   10.11 ^ clkbuf_0_clk/X (sky130_fd_sc_hd__clkbuf_16)
                                         clknet_0_clk (net)
                  0.04    0.00   10.11 ^ clkbuf_1_1__f_clk/A (sky130_fd_sc_hd__clkbuf_16)
     2    0.01    0.03    0.11   10.21 ^ clkbuf_1_1__f_clk/X (sky130_fd_sc_hd__clkbuf_16)
                                         clknet_1_1__leaf_clk (net)
                  0.03    0.00   10.21 ^ _29_/CLK (sky130_fd_sc_hd__dfxtp_1)
                          0.00   10.21   clock reconvergence pessimism
                         -0.09   10.13   library setup time
                                 10.13   data required time
-----------------------------------------------------------------------------
                                 10.13   data required time
                                 -1.01   data arrival time
-----------------------------------------------------------------------------
                                  9.11   slack (MET)


Startpoint: _26_ (rising edge-triggered flip-flop clocked by core_clock)
Endpoint: _26_ (rising edge-triggered flip-flop clocked by core_clock)
Path Group: core_clock
Path Type: max

Fanout     Cap    Slew   Delay    Time   Description
-----------------------------------------------------------------------------
                          0.00    0.00   clock core_clock (rise edge)
                          0.00    0.00   clock source latency
     1    0.01    0.00    0.00    0.00 ^ clk (in)
                                         clk (net)
                  0.00    0.00    0.00 ^ clkbuf_0_clk/A (sky130_fd_sc_hd__clkbuf_16)
     2    0.02    0.04    0.11    0.11 ^ clkbuf_0_clk/X (sky130_fd_sc_hd__clkbuf_16)
                                         clknet_0_clk (net)
                  0.04    0.00    0.11 ^ clkbuf_1_1__f_clk/A (sky130_fd_sc_hd__clkbuf_16)
     2    0.01    0.03    0.11    0.21 ^ clkbuf_1_1__f_clk/X (sky130_fd_sc_hd__clkbuf_16)
                                         clknet_1_1__leaf_clk (net)
                  0.03    0.00    0.21 ^ _26_/CLK (sky130_fd_sc_hd__dfxtp_1)
     8    0.02    0.21    0.42    0.64 ^ _26_/Q (sky130_fd_sc_hd__dfxtp_1)
                                         net2 (net)
                  0.21    0.00    0.64 ^ _13_/A (sky130_fd_sc_hd__nor2_1)
     1    0.00    0.05    0.08    0.71 v _13_/Y (sky130_fd_sc_hd__nor2_1)
                                         _00_ (net)
                  0.05    0.00    0.71 v _26_/D (sky130_fd_sc_hd__dfxtp_1)
                                  0.71   data arrival time

                         10.00   10.00   clock core_clock (rise edge)
                          0.00   10.00   clock source latency
     1    0.01    0.00    0.00   10.00 ^ clk (in)
                                         clk (net)
                  0.00    0.00   10.00 ^ clkbuf_0_clk/A (sky130_fd_sc_hd__clkbuf_16)
     2    0.02    0.04    0.11   10.11 ^ clkbuf_0_clk/X (sky130_fd_sc_hd__clkbuf_16)
                                         clknet_0_clk (net)
                  0.04    0.00   10.11 ^ clkbuf_1_1__f_clk/A (sky130_fd_sc_hd__clkbuf_16)
     2    0.01    0.03    0.11   10.21 ^ clkbuf_1_1__f_clk/X (sky130_fd_sc_hd__clkbuf_16)
                                         clknet_1_1__leaf_clk (net)
                  0.03    0.00   10.21 ^ _26_/CLK (sky130_fd_sc_hd__dfxtp_1)
                          0.00   10.21   clock reconvergence pessimism
                         -0.12   10.10   library setup time
                                 10.10   data required time
-----------------------------------------------------------------------------
                                 10.10   data required time
                                 -0.71   data arrival time
-----------------------------------------------------------------------------
                                  9.38   slack (MET)



worst slack corner Typical: 8.7330
