
===========================================================================
report_checks -unconstrained
===========================================================================
======================= Typical Corner ===================================

Startpoint: _08979_ (rising edge-triggered flip-flop clocked by core_clock)
Endpoint: _09781_ (rising edge-triggered flip-flop clocked by core_clock)
Path Group: core_clock
Path Type: max

Fanout     Cap    Slew   Delay    Time   Description
-----------------------------------------------------------------------------
                  0.00    0.00    0.00   clock core_clock (rise edge)
                          0.00    0.00   clock network delay (ideal)
                  0.00    0.00    0.00 ^ _08979_/CLK (sky130_fd_sc_hd__dfxtp_2)
     4    0.01    0.06    0.31    0.31 ^ _08979_/Q (sky130_fd_sc_hd__dfxtp_2)
                                         _00008_ (net)
                  0.06    0.00    0.31 ^ _04480_/A (sky130_fd_sc_hd__buf_1)
    10    0.05    0.63    0.49    0.80 ^ _04480_/X (sky130_fd_sc_hd__buf_1)
                                         _01139_ (net)
                  0.63    0.00    0.80 ^ _04481_/A (sky130_fd_sc_hd__buf_1)
    10    0.05    0.59    0.53    1.33 ^ _04481_/X (sky130_fd_sc_hd__buf_1)
                                         _01140_ (net)
                  0.59    0.00    1.33 ^ _04482_/A (sky130_fd_sc_hd__buf_1)
    10    0.05    0.55    0.49    1.82 ^ _04482_/X (sky130_fd_sc_hd__buf_1)
                                         _01141_ (net)
                  0.55    0.00    1.82 ^ _04526_/A (sky130_fd_sc_hd__buf_1)
    10    0.05    0.63    0.55    2.37 ^ _04526_/X (sky130_fd_sc_hd__buf_1)
                                         _01185_ (net)
                  0.63    0.00    2.37 ^ _04527_/A (sky130_fd_sc_hd__buf_1)
    10    0.06    0.67    0.58    2.95 ^ _04527_/X (sky130_fd_sc_hd__buf_1)
                                         _01186_ (net)
                  0.67    0.00    2.95 ^ _04576_/S0 (sky130_fd_sc_hd__mux4_2)
     1    0.00    0.08    0.57    3.53 v _04576_/X (sky130_fd_sc_hd__mux4_2)
                                         _01235_ (net)
                  0.08    0.00    3.53 v _04579_/A2 (sky130_fd_sc_hd__o211a_2)
     1    0.00    0.04    0.24    3.77 v _04579_/X (sky130_fd_sc_hd__o211a_2)
                                         _01238_ (net)
                  0.04    0.00    3.77 v _04596_/A1 (sky130_fd_sc_hd__o211a_2)
     5    0.02    0.08    0.30    4.07 v _04596_/X (sky130_fd_sc_hd__o211a_2)
                                         _01255_ (net)
                  0.08    0.00    4.07 v _05432_/A (sky130_fd_sc_hd__xor2_2)
     4    0.01    0.07    0.20    4.27 v _05432_/X (sky130_fd_sc_hd__xor2_2)
                                         _02091_ (net)
                  0.07    0.00    4.27 v _05434_/A2 (sky130_fd_sc_hd__a21o_2)
     3    0.01    0.06    0.25    4.51 v _05434_/X (sky130_fd_sc_hd__a21o_2)
                                         _02093_ (net)
                  0.06    0.00    4.51 v _07654_/A2 (sky130_fd_sc_hd__a211o_2)
     2    0.01    0.06    0.35    4.87 v _07654_/X (sky130_fd_sc_hd__a211o_2)
                                         _03485_ (net)
                  0.06    0.00    4.87 v _07779_/A3 (sky130_fd_sc_hd__a31oi_2)
     2    0.00    0.12    0.18    5.04 ^ _07779_/Y (sky130_fd_sc_hd__a31oi_2)
                                         _03606_ (net)
                  0.12    0.00    5.04 ^ _07780_/A_N (sky130_fd_sc_hd__and2b_2)
     5    0.01    0.06    0.26    5.30 v _07780_/X (sky130_fd_sc_hd__and2b_2)
                                         _03607_ (net)
                  0.06    0.00    5.30 v _07897_/A2 (sky130_fd_sc_hd__a21bo_2)
     5    0.01    0.06    0.25    5.55 v _07897_/X (sky130_fd_sc_hd__a21bo_2)
                                         _03720_ (net)
                  0.06    0.00    5.55 v _08203_/A2 (sky130_fd_sc_hd__a21o_2)
     1    0.00    0.03    0.21    5.76 v _08203_/X (sky130_fd_sc_hd__a21o_2)
                                         _04014_ (net)
                  0.03    0.00    5.76 v _08207_/A2 (sky130_fd_sc_hd__a211o_2)
     2    0.01    0.06    0.33    6.09 v _08207_/X (sky130_fd_sc_hd__a211o_2)
                                         _04018_ (net)
                  0.06    0.00    6.09 v _08208_/B (sky130_fd_sc_hd__and2_2)
     4    0.01    0.06    0.22    6.31 v _08208_/X (sky130_fd_sc_hd__and2_2)
                                         _04019_ (net)
                  0.06    0.00    6.31 v _08299_/A2 (sky130_fd_sc_hd__a2111o_2)
     2    0.01    0.07    0.47    6.78 v _08299_/X (sky130_fd_sc_hd__a2111o_2)
                                         _04106_ (net)
                  0.07    0.00    6.78 v _08300_/B (sky130_fd_sc_hd__nand2_2)
     2    0.00    0.05    0.08    6.86 ^ _08300_/Y (sky130_fd_sc_hd__nand2_2)
                                         _04107_ (net)
                  0.05    0.00    6.86 ^ _08320_/B1 (sky130_fd_sc_hd__o21a_2)
     3    0.02    0.09    0.17    7.02 ^ _08320_/X (sky130_fd_sc_hd__o21a_2)
                                         _04126_ (net)
                  0.09    0.00    7.02 ^ _08358_/A2 (sky130_fd_sc_hd__a211oi_2)
     2    0.01    0.06    0.08    7.11 v _08358_/Y (sky130_fd_sc_hd__a211oi_2)
                                         _04162_ (net)
                  0.06    0.00    7.11 v _08360_/A3 (sky130_fd_sc_hd__o311a_2)
     1    0.00    0.05    0.32    7.43 v _08360_/X (sky130_fd_sc_hd__o311a_2)
                                         _04164_ (net)
                  0.05    0.00    7.43 v _08369_/A2 (sky130_fd_sc_hd__o32a_2)
     1    0.00    0.05    0.35    7.78 v _08369_/X (sky130_fd_sc_hd__o32a_2)
                                         _00867_ (net)
                  0.05    0.00    7.78 v _09781_/D (sky130_fd_sc_hd__dfxtp_2)
                                  7.78   data arrival time

                  0.00   10.00   10.00   clock core_clock (rise edge)
                          0.00   10.00   clock network delay (ideal)
                          0.00   10.00   clock reconvergence pessimism
                                 10.00 ^ _09781_/CLK (sky130_fd_sc_hd__dfxtp_2)
                         -0.13    9.87   library setup time
                                  9.87   data required time
-----------------------------------------------------------------------------
                                  9.87   data required time
                                 -7.78   data arrival time
-----------------------------------------------------------------------------
                                  2.10   slack (MET)




===========================================================================
report_checks --slack_max -0.01
============================================================================
======================= Typical Corner ===================================

No paths found.


===========================================================================
 report_check_types -max_slew -max_cap -max_fanout -violators
============================================================================
======================= Typical Corner ===================================


max slew violations count Typical: 0
max fanout violations count Typical: 0
max cap violations count Typical: 0

===========================================================================
report_parasitic_annotation -report_unannotated
============================================================================
Found 5582 unannotated drivers.
 clk
 control
 reset
 _04465_/Y
 _04466_/X
 _04467_/X
 _04468_/X
 _04469_/X
 _04470_/X
 _04471_/X
 _04472_/X
 _04473_/Y
 _04474_/X
 _04475_/X
 _04476_/X
 _04477_/X
 _04478_/X
 _04479_/X
 _04480_/X
 _04481_/X
 _04482_/X
 _04483_/X
 _04484_/X
 _04485_/X
 _04486_/X
 _04487_/X
 _04488_/X
 _04489_/X
 _04490_/X
 _04491_/X
 _04492_/X
 _04493_/X
 _04494_/Y
 _04495_/Y
 _04496_/X
 _04497_/X
 _04498_/X
 _04499_/X
 _04500_/X
 _04501_/X
 _04502_/Y
 _04503_/X
 _04504_/X
 _04505_/X
 _04506_/X
 _04507_/Y
 _04508_/X
 _04509_/X
 _04510_/Y
 _04511_/X
 _04512_/Y
 _04513_/X
 _04514_/X
 _04515_/X
 _04516_/X
 _04517_/X
 _04518_/X
 _04519_/X
 _04520_/X
 _04521_/X
 _04522_/X
 _04523_/Y
 _04524_/X
 _04525_/X
 _04526_/X
 _04527_/X
 _04528_/X
 _04529_/X
 _04530_/X
 _04531_/X
 _04532_/X
 _04533_/X
 _04534_/X
 _04535_/X
 _04536_/X
 _04537_/X
 _04538_/X
 _04539_/Y
 _04540_/X
 _04541_/X
 _04542_/X
 _04543_/X
 _04544_/X
 _04545_/X
 _04546_/X
 _04547_/Y
 _04548_/X
 _04549_/X
 _04550_/X
 _04551_/X
 _04552_/X
 _04553_/X
 _04554_/X
 _04555_/X
 _04556_/Y
 _04557_/X
 _04558_/X
 _04559_/X
 _04560_/Y
 _04561_/X
 _04562_/X
 _04563_/X
 _04564_/Y
 _04565_/X
 _04566_/X
 _04567_/X
 _04568_/Y
 _04569_/X
 _04570_/Y
 _04571_/X
 _04572_/X
 _04573_/Y
 _04574_/Y
 _04575_/Y
 _04576_/X
 _04577_/X
 _04578_/X
 _04579_/X
 _04580_/X
 _04581_/X
 _04582_/X
 _04583_/X
 _04584_/X
 _04585_/X
 _04586_/X
 _04587_/X
 _04588_/X
 _04589_/X
 _04590_/X
 _04591_/X
 _04592_/X
 _04593_/X
 _04594_/X
 _04595_/X
 _04596_/X
 _04597_/X
 _04598_/X
 _04599_/X
 _04600_/X
 _04601_/X
 _04602_/X
 _04603_/X
 _04604_/X
 _04605_/X
 _04606_/X
 _04607_/X
 _04608_/X
 _04609_/X
 _04610_/X
 _04611_/X
 _04612_/X
 _04613_/X
 _04614_/X
 _04615_/X
 _04616_/X
 _04617_/X
 _04618_/X
 _04619_/X
 _04620_/X
 _04621_/X
 _04622_/X
 _04623_/X
 _04624_/X
 _04625_/X
 _04626_/X
 _04627_/X
 _04628_/X
 _04629_/X
 _04630_/X
 _04631_/X
 _04632_/X
 _04633_/X
 _04634_/X
 _04635_/X
 _04636_/X
 _04637_/X
 _04638_/X
 _04639_/X
 _04640_/X
 _04641_/X
 _04642_/X
 _04643_/X
 _04644_/X
 _04645_/X
 _04646_/X
 _04647_/X
 _04648_/X
 _04649_/X
 _04650_/X
 _04651_/X
 _04652_/X
 _04653_/X
 _04654_/X
 _04655_/X
 _04656_/X
 _04657_/X
 _04658_/X
 _04659_/X
 _04660_/X
 _04661_/X
 _04662_/X
 _04663_/X
 _04664_/X
 _04665_/X
 _04666_/X
 _04667_/X
 _04668_/X
 _04669_/X
 _04670_/X
 _04671_/X
 _04672_/X
 _04673_/X
 _04674_/X
 _04675_/X
 _04676_/X
 _04677_/X
 _04678_/X
 _04679_/X
 _04680_/X
 _04681_/X
 _04682_/X
 _04683_/X
 _04684_/X
 _04685_/X
 _04686_/X
 _04687_/Y
 _04688_/X
 _04689_/X
 _04690_/X
 _04691_/X
 _04692_/X
 _04693_/X
 _04694_/Y
 _04695_/X
 _04696_/X
 _04697_/X
 _04698_/X
 _04699_/X
 _04700_/X
 _04701_/X
 _04702_/Y
 _04703_/X
 _04704_/X
 _04705_/X
 _04706_/X
 _04707_/Y
 _04708_/X
 _04709_/X
 _04710_/X
 _04711_/Y
 _04712_/X
 _04713_/X
 _04714_/X
 _04715_/X
 _04716_/X
 _04717_/X
 _04718_/X
 _04719_/Y
 _04720_/X
 _04721_/X
 _04722_/X
 _04723_/X
 _04724_/X
 _04725_/X
 _04726_/X
 _04727_/X
 _04728_/X
 _04729_/X
 _04730_/X
 _04731_/X
 _04732_/X
 _04733_/X
 _04734_/X
 _04735_/X
 _04736_/X
 _04737_/X
 _04738_/X
 _04739_/X
 _04740_/X
 _04741_/X
 _04742_/X
 _04743_/X
 _04744_/X
 _04745_/X
 _04746_/X
 _04747_/X
 _04748_/X
 _04749_/X
 _04750_/X
 _04751_/X
 _04752_/X
 _04753_/X
 _04754_/X
 _04755_/X
 _04756_/X
 _04757_/X
 _04758_/X
 _04759_/X
 _04760_/X
 _04761_/X
 _04762_/X
 _04763_/X
 _04764_/X
 _04765_/X
 _04766_/X
 _04767_/X
 _04768_/X
 _04769_/X
 _04770_/X
 _04771_/X
 _04772_/X
 _04773_/X
 _04774_/X
 _04775_/X
 _04776_/X
 _04777_/X
 _04778_/X
 _04779_/X
 _04780_/X
 _04781_/X
 _04782_/X
 _04783_/X
 _04784_/X
 _04785_/X
 _04786_/X
 _04787_/X
 _04788_/X
 _04789_/X
 _04790_/X
 _04791_/X
 _04792_/X
 _04793_/X
 _04794_/X
 _04795_/X
 _04796_/X
 _04797_/X
 _04798_/X
 _04799_/X
 _04800_/X
 _04801_/X
 _04802_/X
 _04803_/X
 _04804_/X
 _04805_/X
 _04806_/X
 _04807_/X
 _04808_/X
 _04809_/X
 _04810_/X
 _04811_/X
 _04812_/X
 _04813_/X
 _04814_/X
 _04815_/X
 _04816_/X
 _04817_/X
 _04818_/X
 _04819_/X
 _04820_/X
 _04821_/X
 _04822_/X
 _04823_/X
 _04824_/X
 _04825_/X
 _04826_/X
 _04827_/X
 _04828_/X
 _04829_/X
 _04830_/X
 _04831_/X
 _04832_/X
 _04833_/X
 _04834_/X
 _04835_/X
 _04836_/X
 _04837_/X
 _04838_/X
 _04839_/X
 _04840_/X
 _04841_/X
 _04842_/X
 _04843_/X
 _04844_/X
 _04845_/X
 _04846_/X
 _04847_/X
 _04848_/X
 _04849_/X
 _04850_/X
 _04851_/X
 _04852_/X
 _04853_/X
 _04854_/X
 _04855_/X
 _04856_/X
 _04857_/X
 _04858_/X
 _04859_/X
 _04860_/X
 _04861_/X
 _04862_/X
 _04863_/X
 _04864_/X
 _04865_/X
 _04866_/X
 _04867_/X
 _04868_/X
 _04869_/X
 _04870_/X
 _04871_/X
 _04872_/X
 _04873_/X
 _04874_/X
 _04875_/X
 _04876_/X
 _04877_/X
 _04878_/X
 _04879_/X
 _04880_/X
 _04881_/X
 _04882_/X
 _04883_/X
 _04884_/X
 _04885_/X
 _04886_/X
 _04887_/X
 _04888_/X
 _04889_/X
 _04890_/X
 _04891_/X
 _04892_/X
 _04893_/X
 _04894_/X
 _04895_/X
 _04896_/X
 _04897_/X
 _04898_/X
 _04899_/X
 _04900_/X
 _04901_/X
 _04902_/X
 _04903_/X
 _04904_/X
 _04905_/X
 _04906_/X
 _04907_/X
 _04908_/X
 _04909_/X
 _04910_/X
 _04911_/X
 _04912_/X
 _04913_/X
 _04914_/X
 _04915_/X
 _04916_/X
 _04917_/X
 _04918_/X
 _04919_/X
 _04920_/X
 _04921_/X
 _04922_/X
 _04923_/X
 _04924_/X
 _04925_/X
 _04926_/X
 _04927_/X
 _04928_/X
 _04929_/X
 _04930_/X
 _04931_/X
 _04932_/X
 _04933_/X
 _04934_/X
 _04935_/X
 _04936_/X
 _04937_/X
 _04938_/X
 _04939_/X
 _04940_/X
 _04941_/X
 _04942_/X
 _04943_/X
 _04944_/X
 _04945_/X
 _04946_/X
 _04947_/X
 _04948_/X
 _04949_/X
 _04950_/X
 _04951_/X
 _04952_/X
 _04953_/X
 _04954_/X
 _04955_/X
 _04956_/X
 _04957_/X
 _04958_/X
 _04959_/X
 _04960_/X
 _04961_/X
 _04962_/X
 _04963_/X
 _04964_/X
 _04965_/X
 _04966_/X
 _04967_/X
 _04968_/X
 _04969_/X
 _04970_/X
 _04971_/X
 _04972_/X
 _04973_/X
 _04974_/X
 _04975_/X
 _04976_/X
 _04977_/X
 _04978_/X
 _04979_/X
 _04980_/Y
 _04981_/X
 _04982_/X
 _04983_/X
 _04984_/Y
 _04985_/Y
 _04986_/X
 _04987_/X
 _04988_/X
 _04989_/X
 _04990_/X
 _04991_/X
 _04992_/X
 _04993_/X
 _04994_/X
 _04995_/X
 _04996_/X
 _04997_/X
 _04998_/X
 _04999_/X
 _05000_/X
 _05001_/X
 _05002_/X
 _05003_/X
 _05004_/X
 _05005_/X
 _05006_/X
 _05007_/X
 _05008_/X
 _05009_/X
 _05010_/X
 _05011_/X
 _05012_/X
 _05013_/X
 _05014_/X
 _05015_/X
 _05016_/X
 _05017_/X
 _05018_/X
 _05019_/X
 _05020_/X
 _05021_/X
 _05022_/X
 _05023_/X
 _05024_/X
 _05025_/X
 _05026_/X
 _05027_/X
 _05028_/X
 _05029_/X
 _05030_/X
 _05031_/X
 _05032_/X
 _05033_/X
 _05034_/X
 _05035_/X
 _05036_/X
 _05037_/X
 _05038_/X
 _05039_/X
 _05040_/X
 _05041_/X
 _05042_/Y
 _05043_/X
 _05044_/X
 _05045_/X
 _05046_/Y
 _05047_/X
 _05048_/X
 _05049_/X
 _05050_/Y
 _05051_/X
 _05052_/X
 _05053_/X
 _05054_/Y
 _05055_/X
 _05056_/Y
 _05057_/X
 _05058_/X
 _05059_/X
 _05060_/X
 _05061_/X
 _05062_/X
 _05063_/X
 _05064_/X
 _05065_/X
 _05066_/X
 _05067_/X
 _05068_/X
 _05069_/X
 _05070_/X
 _05071_/X
 _05072_/X
 _05073_/X
 _05074_/X
 _05075_/X
 _05076_/X
 _05077_/X
 _05078_/X
 _05079_/X
 _05080_/X
 _05081_/X
 _05082_/X
 _05083_/X
 _05084_/X
 _05085_/X
 _05086_/X
 _05087_/X
 _05088_/X
 _05089_/X
 _05090_/X
 _05091_/X
 _05092_/X
 _05093_/X
 _05094_/X
 _05095_/X
 _05096_/X
 _05097_/X
 _05098_/X
 _05099_/X
 _05100_/X
 _05101_/X
 _05102_/X
 _05103_/X
 _05104_/X
 _05105_/X
 _05106_/X
 _05107_/X
 _05108_/X
 _05109_/X
 _05110_/X
 _05111_/X
 _05112_/X
 _05113_/X
 _05114_/X
 _05115_/X
 _05116_/X
 _05117_/X
 _05118_/X
 _05119_/X
 _05120_/X
 _05121_/X
 _05122_/X
 _05123_/X
 _05124_/X
 _05125_/X
 _05126_/X
 _05127_/X
 _05128_/X
 _05129_/Y
 _05130_/X
 _05131_/X
 _05132_/X
 _05133_/X
 _05134_/X
 _05135_/X
 _05136_/X
 _05137_/X
 _05138_/X
 _05139_/X
 _05140_/X
 _05141_/X
 _05142_/X
 _05143_/X
 _05144_/X
 _05145_/X
 _05146_/X
 _05147_/X
 _05148_/X
 _05149_/X
 _05150_/X
 _05151_/X
 _05152_/X
 _05153_/X
 _05154_/Y
 _05155_/X
 _05156_/X
 _05157_/X
 _05158_/Y
 _05159_/Y
 _05160_/Y
 _05161_/Y
 _05162_/X
 _05163_/X
 _05164_/Y
 _05165_/X
 _05166_/Y
 _05167_/X
 _05168_/Y
 _05169_/X
 _05170_/Y
 _05171_/X
 _05172_/X
 _05173_/X
 _05174_/X
 _05175_/X
 _05176_/X
 _05177_/X
 _05178_/X
 _05179_/X
 _05180_/X
 _05181_/Y
 _05182_/Y
 _05183_/X
 _05184_/X
 _05185_/X
 _05186_/Y
 _05187_/Y
 _05188_/X
 _05189_/X
 _05190_/Y
 _05191_/Y
 _05192_/X
 _05193_/X
 _05194_/X
 _05195_/X
 _05196_/Y
 _05197_/Y
 _05198_/X
 _05199_/X
 _05200_/X
 _05201_/Y
 _05202_/Y
 _05203_/X
 _05204_/Y
 _05205_/X
 _05206_/X
 _05207_/X
 _05208_/Y
 _05209_/X
 _05210_/Y
 _05211_/X
 _05212_/X
 _05213_/X
 _05214_/X
 _05215_/Y
 _05216_/Y
 _05217_/X
 _05218_/Y
 _05219_/Y
 _05220_/X
 _05221_/X
 _05222_/X
 _05223_/Y
 _05224_/X
 _05225_/X
 _05226_/X
 _05227_/Y
 _05228_/X
 _05229_/X
 _05230_/X
 _05231_/X
 _05232_/X
 _05233_/X
 _05234_/X
 _05235_/Y
 _05236_/Y
 _05237_/X
 _05238_/Y
 _05239_/X
 _05240_/X
 _05241_/Y
 _05242_/X
 _05243_/X
 _05244_/X
 _05245_/X
 _05246_/Y
 _05247_/X
 _05248_/X
 _05249_/Y
 _05250_/X
 _05251_/X
 _05252_/X
 _05253_/X
 _05254_/X
 _05255_/X
 _05256_/X
 _05257_/Y
 _05258_/X
 _05259_/X
 _05260_/X
 _05261_/Y
 _05262_/Y
 _05263_/Y
 _05264_/X
 _05265_/X
 _05266_/X
 _05267_/X
 _05268_/Y
 _05269_/Y
 _05270_/Y
 _05271_/X
 _05272_/X
 _05273_/X
 _05274_/Y
 _05275_/Y
 _05276_/Y
 _05277_/X
 _05278_/Y
 _05279_/X
 _05280_/Y
 _05281_/Y
 _05282_/X
 _05283_/X
 _05284_/X
 _05285_/X
 _05286_/X
 _05287_/Y
 _05288_/X
 _05289_/Y
 _05290_/X
 _05291_/X
 _05292_/X
 _05293_/Y
 _05294_/Y
 _05295_/X
 _05296_/X
 _05297_/X
 _05298_/X
 _05299_/Y
 _05300_/X
 _05301_/Y
 _05302_/X
 _05303_/X
 _05304_/X
 _05305_/Y
 _05306_/Y
 _05307_/X
 _05308_/Y
 _05309_/Y
 _05310_/X
 _05311_/X
 _05312_/X
 _05313_/X
 _05314_/X
 _05315_/X
 _05316_/Y
 _05317_/X
 _05318_/Y
 _05319_/X
 _05320_/X
 _05321_/X
 _05322_/Y
 _05323_/Y
 _05324_/X
 _05325_/X
 _05326_/X
 _05327_/X
 _05328_/Y
 _05329_/X
 _05330_/Y
 _05331_/X
 _05332_/X
 _05333_/X
 _05334_/Y
 _05335_/Y
 _05336_/X
 _05337_/Y
 _05338_/Y
 _05339_/X
 _05340_/X
 _05341_/X
 _05342_/X
 _05343_/X
 _05344_/X
 _05345_/X
 _05346_/Y
 _05347_/Y
 _05348_/X
 _05349_/X
 _05350_/X
 _05351_/Y
 _05352_/Y
 _05353_/X
 _05354_/X
 _05355_/X
 _05356_/X
 _05357_/X
 _05358_/Y
 _05359_/X
 _05360_/Y
 _05361_/X
 _05362_/X
 _05363_/X
 _05364_/Y
 _05365_/Y
 _05366_/X
 _05367_/Y
 _05368_/Y
 _05369_/X
 _05370_/X
 _05371_/X
 _05372_/X
 _05373_/Y
 _05374_/Y
 _05375_/X
 _05376_/X
 _05377_/X
 _05378_/X
 _05379_/Y
 _05380_/Y
 _05381_/X
 _05382_/Y
 _05383_/Y
 _05384_/X
 _05385_/X
 _05386_/X
 _05387_/X
 _05388_/X
 _05389_/Y
 _05390_/Y
 _05391_/X
 _05392_/X
 _05393_/X
 _05394_/X
 _05395_/Y
 _05396_/Y
 _05397_/X
 _05398_/X
 _05399_/X
 _05400_/Y
 _05401_/Y
 _05402_/X
 _05403_/X
 _05404_/X
 _05405_/X
 _05406_/X
 _05407_/X
 _05408_/Y
 _05409_/X
 _05410_/Y
 _05411_/Y
 _05412_/X
 _05413_/X
 _05414_/X
 _05415_/X
 _05416_/Y
 _05417_/X
 _05418_/X
 _05419_/X
 _05420_/X
 _05421_/Y
 _05422_/X
 _05423_/X
 _05424_/X
 _05425_/Y
 _05426_/Y
 _05427_/X
 _05428_/X
 _05429_/Y
 _05430_/X
 _05431_/Y
 _05432_/X
 _05433_/Y
 _05434_/X
 _05435_/X
 _05436_/Y
 _05437_/Y
 _05438_/X
 _05439_/Y
 _05440_/Y
 _05441_/Y
 _05442_/X
 _05443_/X
 _05444_/Y
 _05445_/Y
 _05446_/Y
 _05447_/Y
 _05448_/X
 _05449_/X
 _05450_/X
 _05451_/Y
 _05452_/Y
 _05453_/Y
 _05454_/X
 _05455_/Y
 _05456_/X
 _05457_/X
 _05458_/X
 _05459_/Y
 _05460_/Y
 _05461_/X
 _05462_/X
 _05463_/Y
 _05464_/X
 _05465_/X
 _05466_/X
 _05467_/Y
 _05468_/X
 _05469_/X
 _05470_/X
 _05471_/X
 _05472_/X
 _05473_/Y
 _05474_/X
 _05475_/X
 _05476_/X
 _05477_/X
 _05478_/Y
 _05479_/Y
 _05480_/Y
 _05481_/X
 _05482_/X
 _05483_/X
 _05484_/X
 _05485_/Y
 _05486_/Y
 _05487_/X
 _05488_/X
 _05489_/X
 _05490_/Y
 _05491_/X
 _05492_/Y
 _05493_/X
 _05494_/X
 _05495_/Y
 _05496_/X
 _05497_/Y
 _05498_/X
 _05499_/X
 _05500_/X
 _05501_/Y
 _05502_/X
 _05503_/X
 _05504_/Y
 _05505_/X
 _05506_/X
 _05507_/X
 _05508_/X
 _05509_/Y
 _05510_/X
 _05511_/Y
 _05512_/X
 _05513_/X
 _05514_/Y
 _05515_/X
 _05516_/Y
 _05517_/X
 _05518_/X
 _05519_/Y
 _05520_/X
 _05521_/X
 _05522_/X
 _05523_/X
 _05524_/Y
 _05525_/X
 _05526_/X
 _05527_/X
 _05528_/X
 _05529_/X
 _05530_/Y
 _05531_/Y
 _05532_/X
 _05533_/Y
 _05534_/Y
 _05535_/Y
 _05536_/X
 _05537_/X
 _05538_/X
 _05539_/X
 _05540_/X
 _05541_/Y
 _05542_/Y
 _05543_/Y
 _05544_/Y
 _05545_/Y
 _05546_/X
 _05547_/X
 _05548_/X
 _05549_/X
 _05550_/Y
 _05551_/Y
 _05552_/Y
 _05553_/Y
 _05554_/Y
 _05555_/X
 _05556_/Y
 _05557_/Y
 _05558_/X
 _05559_/Y
 _05560_/Y
 _05561_/Y
 _05562_/Y
 _05563_/X
 _05564_/X
 _05565_/Y
 _05566_/X
 _05567_/Y
 _05568_/X
 _05569_/Y
 _05570_/X
 _05571_/Y
 _05572_/X
 _05573_/Y
 _05574_/Y
 _05575_/X
 _05576_/Y
 _05577_/Y
 _05578_/X
 _05579_/Y
 _05580_/X
 _05581_/X
 _05582_/Y
 _05583_/X
 _05584_/Y
 _05585_/Y
 _05586_/X
 _05587_/X
 _05588_/Y
 _05589_/Y
 _05590_/Y
 _05591_/X
 _05592_/X
 _05593_/Y
 _05594_/Y
 _05595_/Y
 _05596_/X
 _05597_/X
 _05598_/X
 _05599_/X
 _05600_/X
 _05601_/X
 _05602_/X
 _05603_/Y
 _05604_/Y
 _05605_/X
 _05606_/X
 _05607_/X
 _05608_/X
 _05609_/Y
 _05610_/Y
 _05611_/Y
 _05612_/X
 _05613_/X
 _05614_/X
 _05615_/X
 _05616_/Y
 _05617_/X
 _05618_/Y
 _05619_/X
 _05620_/X
 _05621_/X
 _05622_/Y
 _05623_/Y
 _05624_/Y
 _05625_/Y
 _05626_/X
 _05627_/Y
 _05628_/Y
 _05629_/Y
 _05630_/Y
 _05631_/X
 _05632_/Y
 _05633_/Y
 _05634_/X
 _05635_/Y
 _05636_/Y
 _05637_/Y
 _05638_/X
 _05639_/X
 _05640_/X
 _05641_/X
 _05642_/X
 _05643_/X
 _05644_/X
 _05645_/X
 _05646_/X
 _05647_/X
 _05648_/X
 _05649_/X
 _05650_/X
 _05651_/X
 _05652_/X
 _05653_/X
 _05654_/X
 _05655_/X
 _05656_/X
 _05657_/X
 _05658_/X
 _05659_/X
 _05660_/Y
 _05661_/X
 _05662_/X
 _05663_/X
 _05664_/Y
 _05665_/Y
 _05666_/Y
 _05667_/X
 _05668_/Y
 _05669_/X
 _05670_/Y
 _05671_/Y
 _05672_/Y
 _05673_/X
 _05674_/Y
 _05675_/Y
 _05676_/Y
 _05677_/X
 _05678_/Y
 _05679_/X
 _05680_/Y
 _05681_/X
 _05682_/X
 _05683_/Y
 _05684_/X
 _05685_/Y
 _05686_/Y
 _05687_/Y
 _05688_/X
 _05689_/Y
 _05690_/Y
 _05691_/X
 _05692_/X
 _05693_/Y
 _05694_/X
 _05695_/Y
 _05696_/X
 _05697_/X
 _05698_/X
 _05699_/Y
 _05700_/X
 _05701_/X
 _05702_/Y
 _05703_/X
 _05704_/X
 _05705_/Y
 _05706_/X
 _05707_/X
 _05708_/X
 _05709_/X
 _05710_/X
 _05711_/X
 _05712_/X
 _05713_/X
 _05714_/X
 _05715_/X
 _05716_/X
 _05717_/X
 _05718_/Y
 _05719_/Y
 _05720_/X
 _05721_/X
 _05722_/X
 _05723_/X
 _05724_/Y
 _05725_/Y
 _05726_/X
 _05727_/X
 _05728_/Y
 _05729_/X
 _05730_/X
 _05731_/X
 _05732_/Y
 _05733_/Y
 _05734_/X
 _05735_/X
 _05736_/Y
 _05737_/X
 _05738_/X
 _05739_/X
 _05740_/X
 _05741_/X
 _05742_/Y
 _05743_/X
 _05744_/Y
 _05745_/Y
 _05746_/X
 _05747_/X
 _05748_/X
 _05749_/X
 _05750_/X
 _05751_/X
 _05752_/Y
 _05753_/X
 _05754_/Y
 _05755_/X
 _05756_/X
 _05757_/X
 _05758_/X
 _05759_/X
 _05760_/X
 _05761_/X
 _05762_/X
 _05763_/X
 _05764_/X
 _05765_/X
 _05766_/X
 _05767_/X
 _05768_/X
 _05769_/X
 _05770_/X
 _05771_/X
 _05772_/X
 _05773_/X
 _05774_/X
 _05775_/X
 _05776_/X
 _05777_/X
 _05778_/X
 _05779_/X
 _05780_/X
 _05781_/X
 _05782_/X
 _05783_/X
 _05784_/X
 _05785_/X
 _05786_/X
 _05787_/X
 _05788_/X
 _05789_/X
 _05790_/X
 _05791_/X
 _05792_/X
 _05793_/X
 _05794_/X
 _05795_/X
 _05796_/X
 _05797_/X
 _05798_/X
 _05799_/X
 _05800_/X
 _05801_/X
 _05802_/X
 _05803_/X
 _05804_/X
 _05805_/X
 _05806_/X
 _05807_/X
 _05808_/X
 _05809_/X
 _05810_/X
 _05811_/X
 _05812_/X
 _05813_/X
 _05814_/X
 _05815_/X
 _05816_/X
 _05817_/X
 _05818_/X
 _05819_/X
 _05820_/X
 _05821_/X
 _05822_/X
 _05823_/X
 _05824_/X
 _05825_/X
 _05826_/X
 _05827_/X
 _05828_/X
 _05829_/X
 _05830_/X
 _05831_/X
 _05832_/X
 _05833_/X
 _05834_/X
 _05835_/X
 _05836_/X
 _05837_/X
 _05838_/X
 _05839_/X
 _05840_/X
 _05841_/X
 _05842_/X
 _05843_/X
 _05844_/X
 _05845_/X
 _05846_/X
 _05847_/X
 _05848_/X
 _05849_/X
 _05850_/X
 _05851_/X
 _05852_/X
 _05853_/Y
 _05854_/X
 _05855_/Y
 _05856_/Y
 _05857_/X
 _05858_/X
 _05859_/X
 _05860_/Y
 _05861_/X
 _05862_/Y
 _05863_/Y
 _05864_/Y
 _05865_/Y
 _05866_/Y
 _05867_/Y
 _05868_/X
 _05869_/X
 _05870_/Y
 _05871_/X
 _05872_/Y
 _05873_/Y
 _05874_/X
 _05875_/X
 _05876_/X
 _05877_/X
 _05878_/Y
 _05879_/X
 _05880_/X
 _05881_/Y
 _05882_/X
 _05883_/Y
 _05884_/Y
 _05885_/Y
 _05886_/Y
 _05887_/Y
 _05888_/Y
 _05889_/Y
 _05890_/Y
 _05891_/X
 _05892_/X
 _05893_/Y
 _05894_/Y
 _05895_/X
 _05896_/X
 _05897_/X
 _05898_/Y
 _05899_/X
 _05900_/X
 _05901_/X
 _05902_/X
 _05903_/Y
 _05904_/Y
 _05905_/X
 _05906_/Y
 _05907_/X
 _05908_/X
 _05909_/X
 _05910_/X
 _05911_/Y
 _05912_/Y
 _05913_/X
 _05914_/X
 _05915_/X
 _05916_/Y
 _05917_/X
 _05918_/Y
 _05919_/X
 _05920_/Y
 _05921_/X
 _05922_/X
 _05923_/X
 _05924_/Y
 _05925_/X
 _05926_/Y
 _05927_/X
 _05928_/Y
 _05929_/Y
 _05930_/Y
 _05931_/X
 _05932_/X
 _05933_/X
 _05934_/X
 _05935_/Y
 _05936_/X
 _05937_/X
 _05938_/Y
 _05939_/Y
 _05940_/Y
 _05941_/Y
 _05942_/X
 _05943_/Y
 _05944_/X
 _05945_/X
 _05946_/X
 _05947_/X
 _05948_/X
 _05949_/X
 _05950_/X
 _05951_/X
 _05952_/X
 _05953_/X
 _05954_/X
 _05955_/X
 _05956_/X
 _05957_/X
 _05958_/Y
 _05959_/X
 _05960_/X
 _05961_/X
 _05962_/X
 _05963_/X
 _05964_/X
 _05965_/X
 _05966_/X
 _05967_/X
 _05968_/X
 _05969_/X
 _05970_/X
 _05971_/X
 _05972_/X
 _05973_/X
 _05974_/X
 _05975_/X
 _05976_/X
 _05977_/X
 _05978_/X
 _05979_/X
 _05980_/X
 _05981_/X
 _05982_/X
 _05983_/X
 _05984_/X
 _05985_/X
 _05986_/X
 _05987_/X
 _05988_/X
 _05989_/X
 _05990_/X
 _05991_/X
 _05992_/X
 _05993_/X
 _05994_/X
 _05995_/X
 _05996_/X
 _05997_/X
 _05998_/X
 _05999_/X
 _06000_/X
 _06001_/X
 _06002_/X
 _06003_/X
 _06004_/X
 _06005_/X
 _06006_/X
 _06007_/X
 _06008_/X
 _06009_/X
 _06010_/X
 _06011_/X
 _06012_/X
 _06013_/X
 _06014_/X
 _06015_/X
 _06016_/X
 _06017_/X
 _06018_/X
 _06019_/X
 _06020_/X
 _06021_/X
 _06022_/X
 _06023_/X
 _06024_/X
 _06025_/X
 _06026_/X
 _06027_/X
 _06028_/Y
 _06029_/Y
 _06030_/Y
 _06031_/X
 _06032_/X
 _06033_/X
 _06034_/X
 _06035_/X
 _06036_/X
 _06037_/X
 _06038_/X
 _06039_/X
 _06040_/X
 _06041_/X
 _06042_/X
 _06043_/X
 _06044_/X
 _06045_/X
 _06046_/X
 _06047_/X
 _06048_/X
 _06049_/X
 _06050_/X
 _06051_/X
 _06052_/X
 _06053_/X
 _06054_/X
 _06055_/X
 _06056_/X
 _06057_/X
 _06058_/X
 _06059_/X
 _06060_/X
 _06061_/X
 _06062_/X
 _06063_/X
 _06064_/X
 _06065_/X
 _06066_/X
 _06067_/X
 _06068_/X
 _06069_/X
 _06070_/X
 _06071_/X
 _06072_/X
 _06073_/X
 _06074_/X
 _06075_/X
 _06076_/X
 _06077_/X
 _06078_/X
 _06079_/X
 _06080_/X
 _06081_/X
 _06082_/X
 _06083_/X
 _06084_/X
 _06085_/X
 _06086_/X
 _06087_/X
 _06088_/X
 _06089_/X
 _06090_/X
 _06091_/X
 _06092_/X
 _06093_/X
 _06094_/X
 _06095_/X
 _06096_/X
 _06097_/X
 _06098_/X
 _06099_/X
 _06100_/X
 _06101_/X
 _06102_/X
 _06103_/X
 _06104_/X
 _06105_/X
 _06106_/X
 _06107_/X
 _06108_/X
 _06109_/X
 _06110_/X
 _06111_/X
 _06112_/X
 _06113_/X
 _06114_/X
 _06115_/X
 _06116_/X
 _06117_/X
 _06118_/X
 _06119_/X
 _06120_/X
 _06121_/X
 _06122_/X
 _06123_/X
 _06124_/X
 _06125_/X
 _06126_/X
 _06127_/X
 _06128_/X
 _06129_/X
 _06130_/Y
 _06131_/X
 _06132_/X
 _06133_/X
 _06134_/X
 _06135_/X
 _06136_/X
 _06137_/X
 _06138_/X
 _06139_/X
 _06140_/X
 _06141_/X
 _06142_/X
 _06143_/X
 _06144_/X
 _06145_/X
 _06146_/X
 _06147_/X
 _06148_/X
 _06149_/X
 _06150_/X
 _06151_/X
 _06152_/X
 _06153_/X
 _06154_/X
 _06155_/X
 _06156_/X
 _06157_/X
 _06158_/X
 _06159_/X
 _06160_/X
 _06161_/X
 _06162_/X
 _06163_/X
 _06164_/X
 _06165_/X
 _06166_/X
 _06167_/X
 _06168_/X
 _06169_/X
 _06170_/X
 _06171_/X
 _06172_/X
 _06173_/X
 _06174_/X
 _06175_/X
 _06176_/X
 _06177_/X
 _06178_/X
 _06179_/X
 _06180_/X
 _06181_/X
 _06182_/X
 _06183_/X
 _06184_/X
 _06185_/X
 _06186_/X
 _06187_/X
 _06188_/X
 _06189_/X
 _06190_/X
 _06191_/X
 _06192_/X
 _06193_/X
 _06194_/X
 _06195_/X
 _06196_/X
 _06197_/X
 _06198_/Y
 _06199_/X
 _06200_/X
 _06201_/X
 _06202_/X
 _06203_/X
 _06204_/X
 _06205_/X
 _06206_/X
 _06207_/X
 _06208_/X
 _06209_/X
 _06210_/X
 _06211_/X
 _06212_/X
 _06213_/X
 _06214_/X
 _06215_/X
 _06216_/X
 _06217_/X
 _06218_/X
 _06219_/X
 _06220_/X
 _06221_/X
 _06222_/X
 _06223_/X
 _06224_/X
 _06225_/X
 _06226_/X
 _06227_/X
 _06228_/X
 _06229_/X
 _06230_/X
 _06231_/X
 _06232_/X
 _06233_/X
 _06234_/X
 _06235_/X
 _06236_/X
 _06237_/X
 _06238_/X
 _06239_/X
 _06240_/X
 _06241_/X
 _06242_/X
 _06243_/X
 _06244_/X
 _06245_/X
 _06246_/X
 _06247_/X
 _06248_/X
 _06249_/X
 _06250_/X
 _06251_/X
 _06252_/X
 _06253_/X
 _06254_/X
 _06255_/X
 _06256_/X
 _06257_/X
 _06258_/X
 _06259_/X
 _06260_/X
 _06261_/X
 _06262_/X
 _06263_/X
 _06264_/X
 _06265_/X
 _06266_/X
 _06267_/X
 _06268_/Y
 _06269_/X
 _06270_/X
 _06271_/X
 _06272_/X
 _06273_/X
 _06274_/X
 _06275_/X
 _06276_/X
 _06277_/X
 _06278_/X
 _06279_/X
 _06280_/X
 _06281_/X
 _06282_/X
 _06283_/X
 _06284_/X
 _06285_/X
 _06286_/X
 _06287_/X
 _06288_/X
 _06289_/X
 _06290_/X
 _06291_/X
 _06292_/X
 _06293_/X
 _06294_/X
 _06295_/X
 _06296_/X
 _06297_/X
 _06298_/X
 _06299_/X
 _06300_/X
 _06301_/X
 _06302_/X
 _06303_/X
 _06304_/X
 _06305_/X
 _06306_/X
 _06307_/X
 _06308_/X
 _06309_/X
 _06310_/X
 _06311_/X
 _06312_/X
 _06313_/X
 _06314_/X
 _06315_/X
 _06316_/X
 _06317_/X
 _06318_/X
 _06319_/X
 _06320_/X
 _06321_/X
 _06322_/X
 _06323_/X
 _06324_/X
 _06325_/X
 _06326_/X
 _06327_/X
 _06328_/X
 _06329_/X
 _06330_/X
 _06331_/X
 _06332_/X
 _06333_/X
 _06334_/X
 _06335_/X
 _06336_/Y
 _06337_/X
 _06338_/X
 _06339_/X
 _06340_/X
 _06341_/X
 _06342_/X
 _06343_/X
 _06344_/X
 _06345_/X
 _06346_/X
 _06347_/X
 _06348_/X
 _06349_/X
 _06350_/X
 _06351_/X
 _06352_/X
 _06353_/X
 _06354_/X
 _06355_/X
 _06356_/X
 _06357_/X
 _06358_/X
 _06359_/X
 _06360_/X
 _06361_/X
 _06362_/X
 _06363_/X
 _06364_/X
 _06365_/X
 _06366_/X
 _06367_/X
 _06368_/X
 _06369_/X
 _06370_/X
 _06371_/X
 _06372_/X
 _06373_/X
 _06374_/X
 _06375_/X
 _06376_/X
 _06377_/X
 _06378_/X
 _06379_/X
 _06380_/X
 _06381_/X
 _06382_/X
 _06383_/X
 _06384_/X
 _06385_/X
 _06386_/X
 _06387_/X
 _06388_/X
 _06389_/X
 _06390_/X
 _06391_/X
 _06392_/X
 _06393_/X
 _06394_/X
 _06395_/X
 _06396_/X
 _06397_/X
 _06398_/X
 _06399_/X
 _06400_/X
 _06401_/X
 _06402_/X
 _06403_/X
 _06404_/X
 _06405_/Y
 _06406_/X
 _06407_/X
 _06408_/X
 _06409_/X
 _06410_/X
 _06411_/X
 _06412_/X
 _06413_/X
 _06414_/X
 _06415_/X
 _06416_/X
 _06417_/X
 _06418_/X
 _06419_/X
 _06420_/X
 _06421_/X
 _06422_/X
 _06423_/X
 _06424_/X
 _06425_/X
 _06426_/X
 _06427_/X
 _06428_/X
 _06429_/X
 _06430_/X
 _06431_/X
 _06432_/X
 _06433_/X
 _06434_/X
 _06435_/X
 _06436_/X
 _06437_/X
 _06438_/X
 _06439_/X
 _06440_/X
 _06441_/X
 _06442_/X
 _06443_/X
 _06444_/X
 _06445_/X
 _06446_/X
 _06447_/X
 _06448_/X
 _06449_/X
 _06450_/X
 _06451_/X
 _06452_/X
 _06453_/X
 _06454_/X
 _06455_/X
 _06456_/X
 _06457_/X
 _06458_/X
 _06459_/X
 _06460_/X
 _06461_/X
 _06462_/X
 _06463_/X
 _06464_/X
 _06465_/X
 _06466_/X
 _06467_/X
 _06468_/X
 _06469_/X
 _06470_/X
 _06471_/X
 _06472_/X
 _06473_/Y
 _06474_/X
 _06475_/X
 _06476_/X
 _06477_/X
 _06478_/X
 _06479_/X
 _06480_/X
 _06481_/X
 _06482_/X
 _06483_/X
 _06484_/X
 _06485_/X
 _06486_/X
 _06487_/X
 _06488_/X
 _06489_/X
 _06490_/X
 _06491_/X
 _06492_/X
 _06493_/X
 _06494_/X
 _06495_/X
 _06496_/X
 _06497_/X
 _06498_/X
 _06499_/X
 _06500_/X
 _06501_/X
 _06502_/X
 _06503_/X
 _06504_/X
 _06505_/X
 _06506_/X
 _06507_/X
 _06508_/X
 _06509_/X
 _06510_/X
 _06511_/X
 _06512_/X
 _06513_/X
 _06514_/X
 _06515_/X
 _06516_/X
 _06517_/X
 _06518_/X
 _06519_/X
 _06520_/X
 _06521_/X
 _06522_/X
 _06523_/X
 _06524_/X
 _06525_/X
 _06526_/X
 _06527_/X
 _06528_/X
 _06529_/X
 _06530_/X
 _06531_/X
 _06532_/X
 _06533_/X
 _06534_/X
 _06535_/X
 _06536_/X
 _06537_/X
 _06538_/X
 _06539_/X
 _06540_/X
 _06541_/X
 _06542_/X
 _06543_/X
 _06544_/X
 _06545_/X
 _06546_/X
 _06547_/X
 _06548_/X
 _06549_/X
 _06550_/X
 _06551_/X
 _06552_/X
 _06553_/X
 _06554_/X
 _06555_/X
 _06556_/X
 _06557_/X
 _06558_/X
 _06559_/X
 _06560_/X
 _06561_/X
 _06562_/X
 _06563_/X
 _06564_/X
 _06565_/X
 _06566_/X
 _06567_/X
 _06568_/X
 _06569_/X
 _06570_/X
 _06571_/X
 _06572_/X
 _06573_/X
 _06574_/X
 _06575_/X
 _06576_/X
 _06577_/X
 _06578_/X
 _06579_/X
 _06580_/X
 _06581_/X
 _06582_/X
 _06583_/X
 _06584_/X
 _06585_/X
 _06586_/X
 _06587_/X
 _06588_/X
 _06589_/X
 _06590_/X
 _06591_/X
 _06592_/X
 _06593_/X
 _06594_/X
 _06595_/X
 _06596_/X
 _06597_/X
 _06598_/X
 _06599_/X
 _06600_/X
 _06601_/X
 _06602_/X
 _06603_/X
 _06604_/X
 _06605_/Y
 _06606_/X
 _06607_/X
 _06608_/X
 _06609_/X
 _06610_/X
 _06611_/X
 _06612_/X
 _06613_/X
 _06614_/X
 _06615_/X
 _06616_/X
 _06617_/X
 _06618_/X
 _06619_/X
 _06620_/X
 _06621_/X
 _06622_/X
 _06623_/X
 _06624_/X
 _06625_/X
 _06626_/X
 _06627_/X
 _06628_/X
 _06629_/X
 _06630_/X
 _06631_/X
 _06632_/X
 _06633_/X
 _06634_/X
 _06635_/X
 _06636_/X
 _06637_/X
 _06638_/X
 _06639_/X
 _06640_/X
 _06641_/X
 _06642_/X
 _06643_/X
 _06644_/X
 _06645_/X
 _06646_/X
 _06647_/X
 _06648_/X
 _06649_/X
 _06650_/X
 _06651_/X
 _06652_/X
 _06653_/X
 _06654_/X
 _06655_/X
 _06656_/X
 _06657_/X
 _06658_/X
 _06659_/X
 _06660_/X
 _06661_/X
 _06662_/X
 _06663_/X
 _06664_/X
 _06665_/X
 _06666_/X
 _06667_/X
 _06668_/X
 _06669_/X
 _06670_/X
 _06671_/X
 _06672_/X
 _06673_/X
 _06674_/Y
 _06675_/X
 _06676_/X
 _06677_/X
 _06678_/X
 _06679_/X
 _06680_/X
 _06681_/X
 _06682_/X
 _06683_/X
 _06684_/X
 _06685_/X
 _06686_/X
 _06687_/X
 _06688_/X
 _06689_/X
 _06690_/X
 _06691_/X
 _06692_/X
 _06693_/X
 _06694_/X
 _06695_/X
 _06696_/X
 _06697_/X
 _06698_/X
 _06699_/X
 _06700_/X
 _06701_/X
 _06702_/X
 _06703_/X
 _06704_/X
 _06705_/X
 _06706_/X
 _06707_/X
 _06708_/X
 _06709_/X
 _06710_/X
 _06711_/X
 _06712_/X
 _06713_/X
 _06714_/X
 _06715_/X
 _06716_/X
 _06717_/X
 _06718_/X
 _06719_/X
 _06720_/X
 _06721_/X
 _06722_/X
 _06723_/X
 _06724_/X
 _06725_/X
 _06726_/X
 _06727_/X
 _06728_/X
 _06729_/X
 _06730_/X
 _06731_/X
 _06732_/X
 _06733_/X
 _06734_/X
 _06735_/X
 _06736_/X
 _06737_/X
 _06738_/X
 _06739_/X
 _06740_/X
 _06741_/X
 _06742_/Y
 _06743_/X
 _06744_/X
 _06745_/X
 _06746_/X
 _06747_/X
 _06748_/X
 _06749_/X
 _06750_/X
 _06751_/X
 _06752_/X
 _06753_/X
 _06754_/X
 _06755_/X
 _06756_/X
 _06757_/X
 _06758_/X
 _06759_/X
 _06760_/X
 _06761_/X
 _06762_/X
 _06763_/X
 _06764_/X
 _06765_/X
 _06766_/X
 _06767_/X
 _06768_/X
 _06769_/X
 _06770_/X
 _06771_/X
 _06772_/X
 _06773_/X
 _06774_/X
 _06775_/X
 _06776_/X
 _06777_/X
 _06778_/X
 _06779_/X
 _06780_/X
 _06781_/X
 _06782_/X
 _06783_/X
 _06784_/X
 _06785_/X
 _06786_/X
 _06787_/X
 _06788_/X
 _06789_/X
 _06790_/X
 _06791_/X
 _06792_/X
 _06793_/X
 _06794_/X
 _06795_/X
 _06796_/X
 _06797_/X
 _06798_/X
 _06799_/X
 _06800_/X
 _06801_/X
 _06802_/X
 _06803_/X
 _06804_/X
 _06805_/X
 _06806_/X
 _06807_/X
 _06808_/X
 _06809_/X
 _06810_/Y
 _06811_/X
 _06812_/X
 _06813_/X
 _06814_/X
 _06815_/X
 _06816_/X
 _06817_/X
 _06818_/X
 _06819_/X
 _06820_/X
 _06821_/X
 _06822_/X
 _06823_/X
 _06824_/X
 _06825_/X
 _06826_/X
 _06827_/X
 _06828_/X
 _06829_/X
 _06830_/X
 _06831_/X
 _06832_/X
 _06833_/X
 _06834_/X
 _06835_/X
 _06836_/X
 _06837_/X
 _06838_/X
 _06839_/X
 _06840_/X
 _06841_/X
 _06842_/X
 _06843_/X
 _06844_/X
 _06845_/X
 _06846_/X
 _06847_/X
 _06848_/X
 _06849_/X
 _06850_/X
 _06851_/X
 _06852_/X
 _06853_/X
 _06854_/X
 _06855_/X
 _06856_/X
 _06857_/X
 _06858_/X
 _06859_/X
 _06860_/X
 _06861_/X
 _06862_/X
 _06863_/X
 _06864_/X
 _06865_/X
 _06866_/X
 _06867_/X
 _06868_/X
 _06869_/X
 _06870_/X
 _06871_/X
 _06872_/X
 _06873_/X
 _06874_/X
 _06875_/X
 _06876_/X
 _06877_/X
 _06878_/Y
 _06879_/X
 _06880_/X
 _06881_/X
 _06882_/X
 _06883_/X
 _06884_/X
 _06885_/X
 _06886_/X
 _06887_/X
 _06888_/X
 _06889_/X
 _06890_/X
 _06891_/X
 _06892_/X
 _06893_/X
 _06894_/X
 _06895_/X
 _06896_/X
 _06897_/X
 _06898_/X
 _06899_/X
 _06900_/X
 _06901_/X
 _06902_/X
 _06903_/X
 _06904_/X
 _06905_/X
 _06906_/X
 _06907_/X
 _06908_/X
 _06909_/X
 _06910_/X
 _06911_/X
 _06912_/X
 _06913_/X
 _06914_/X
 _06915_/X
 _06916_/X
 _06917_/X
 _06918_/X
 _06919_/X
 _06920_/X
 _06921_/X
 _06922_/X
 _06923_/X
 _06924_/X
 _06925_/X
 _06926_/X
 _06927_/X
 _06928_/X
 _06929_/X
 _06930_/X
 _06931_/X
 _06932_/X
 _06933_/X
 _06934_/X
 _06935_/X
 _06936_/X
 _06937_/X
 _06938_/X
 _06939_/X
 _06940_/X
 _06941_/X
 _06942_/X
 _06943_/X
 _06944_/X
 _06945_/X
 _06946_/X
 _06947_/Y
 _06948_/X
 _06949_/X
 _06950_/X
 _06951_/X
 _06952_/X
 _06953_/X
 _06954_/X
 _06955_/X
 _06956_/X
 _06957_/X
 _06958_/X
 _06959_/X
 _06960_/X
 _06961_/X
 _06962_/X
 _06963_/X
 _06964_/X
 _06965_/X
 _06966_/X
 _06967_/X
 _06968_/X
 _06969_/X
 _06970_/X
 _06971_/X
 _06972_/X
 _06973_/X
 _06974_/X
 _06975_/X
 _06976_/X
 _06977_/X
 _06978_/X
 _06979_/X
 _06980_/X
 _06981_/X
 _06982_/X
 _06983_/X
 _06984_/X
 _06985_/X
 _06986_/X
 _06987_/X
 _06988_/X
 _06989_/X
 _06990_/X
 _06991_/X
 _06992_/X
 _06993_/X
 _06994_/X
 _06995_/X
 _06996_/X
 _06997_/X
 _06998_/X
 _06999_/X
 _07000_/X
 _07001_/X
 _07002_/X
 _07003_/X
 _07004_/X
 _07005_/X
 _07006_/X
 _07007_/X
 _07008_/X
 _07009_/X
 _07010_/X
 _07011_/X
 _07012_/X
 _07013_/X
 _07014_/X
 _07015_/Y
 _07016_/Y
 _07017_/X
 _07018_/X
 _07019_/X
 _07020_/X
 _07021_/X
 _07022_/X
 _07023_/X
 _07024_/X
 _07025_/X
 _07026_/X
 _07027_/X
 _07028_/X
 _07029_/X
 _07030_/X
 _07031_/X
 _07032_/X
 _07033_/X
 _07034_/X
 _07035_/X
 _07036_/X
 _07037_/X
 _07038_/X
 _07039_/X
 _07040_/X
 _07041_/X
 _07042_/X
 _07043_/X
 _07044_/X
 _07045_/X
 _07046_/X
 _07047_/X
 _07048_/X
 _07049_/X
 _07050_/X
 _07051_/X
 _07052_/X
 _07053_/X
 _07054_/X
 _07055_/X
 _07056_/X
 _07057_/X
 _07058_/X
 _07059_/X
 _07060_/X
 _07061_/X
 _07062_/X
 _07063_/X
 _07064_/X
 _07065_/X
 _07066_/X
 _07067_/X
 _07068_/X
 _07069_/X
 _07070_/X
 _07071_/X
 _07072_/X
 _07073_/X
 _07074_/X
 _07075_/X
 _07076_/X
 _07077_/X
 _07078_/X
 _07079_/X
 _07080_/X
 _07081_/X
 _07082_/X
 _07083_/X
 _07084_/X
 _07085_/X
 _07086_/X
 _07087_/X
 _07088_/X
 _07089_/X
 _07090_/X
 _07091_/X
 _07092_/X
 _07093_/X
 _07094_/X
 _07095_/X
 _07096_/X
 _07097_/X
 _07098_/X
 _07099_/X
 _07100_/X
 _07101_/X
 _07102_/X
 _07103_/X
 _07104_/X
 _07105_/X
 _07106_/X
 _07107_/X
 _07108_/X
 _07109_/X
 _07110_/X
 _07111_/X
 _07112_/Y
 _07113_/X
 _07114_/X
 _07115_/X
 _07116_/X
 _07117_/X
 _07118_/X
 _07119_/X
 _07120_/X
 _07121_/X
 _07122_/X
 _07123_/X
 _07124_/X
 _07125_/X
 _07126_/X
 _07127_/X
 _07128_/X
 _07129_/X
 _07130_/X
 _07131_/X
 _07132_/X
 _07133_/X
 _07134_/X
 _07135_/X
 _07136_/X
 _07137_/X
 _07138_/X
 _07139_/X
 _07140_/X
 _07141_/X
 _07142_/X
 _07143_/X
 _07144_/X
 _07145_/X
 _07146_/X
 _07147_/X
 _07148_/X
 _07149_/X
 _07150_/X
 _07151_/X
 _07152_/X
 _07153_/X
 _07154_/X
 _07155_/X
 _07156_/X
 _07157_/X
 _07158_/X
 _07159_/X
 _07160_/X
 _07161_/X
 _07162_/X
 _07163_/X
 _07164_/X
 _07165_/X
 _07166_/X
 _07167_/X
 _07168_/X
 _07169_/X
 _07170_/X
 _07171_/X
 _07172_/X
 _07173_/X
 _07174_/X
 _07175_/X
 _07176_/X
 _07177_/X
 _07178_/X
 _07179_/X
 _07180_/X
 _07181_/X
 _07182_/X
 _07183_/X
 _07184_/Y
 _07185_/X
 _07186_/X
 _07187_/X
 _07188_/X
 _07189_/X
 _07190_/X
 _07191_/X
 _07192_/X
 _07193_/X
 _07194_/X
 _07195_/X
 _07196_/X
 _07197_/X
 _07198_/X
 _07199_/X
 _07200_/X
 _07201_/X
 _07202_/X
 _07203_/X
 _07204_/X
 _07205_/X
 _07206_/X
 _07207_/X
 _07208_/X
 _07209_/X
 _07210_/X
 _07211_/X
 _07212_/X
 _07213_/X
 _07214_/X
 _07215_/X
 _07216_/X
 _07217_/X
 _07218_/X
 _07219_/X
 _07220_/X
 _07221_/X
 _07222_/X
 _07223_/X
 _07224_/X
 _07225_/X
 _07226_/X
 _07227_/X
 _07228_/X
 _07229_/X
 _07230_/X
 _07231_/X
 _07232_/X
 _07233_/X
 _07234_/X
 _07235_/X
 _07236_/X
 _07237_/X
 _07238_/X
 _07239_/X
 _07240_/X
 _07241_/X
 _07242_/X
 _07243_/X
 _07244_/X
 _07245_/X
 _07246_/X
 _07247_/X
 _07248_/X
 _07249_/X
 _07250_/X
 _07251_/X
 _07252_/X
 _07253_/Y
 _07254_/X
 _07255_/X
 _07256_/X
 _07257_/X
 _07258_/X
 _07259_/X
 _07260_/X
 _07261_/X
 _07262_/X
 _07263_/X
 _07264_/X
 _07265_/X
 _07266_/X
 _07267_/X
 _07268_/X
 _07269_/X
 _07270_/X
 _07271_/X
 _07272_/X
 _07273_/X
 _07274_/X
 _07275_/X
 _07276_/X
 _07277_/X
 _07278_/X
 _07279_/X
 _07280_/X
 _07281_/X
 _07282_/X
 _07283_/X
 _07284_/X
 _07285_/X
 _07286_/X
 _07287_/X
 _07288_/X
 _07289_/X
 _07290_/X
 _07291_/X
 _07292_/X
 _07293_/X
 _07294_/X
 _07295_/X
 _07296_/X
 _07297_/X
 _07298_/X
 _07299_/X
 _07300_/X
 _07301_/X
 _07302_/X
 _07303_/X
 _07304_/X
 _07305_/X
 _07306_/X
 _07307_/X
 _07308_/X
 _07309_/X
 _07310_/X
 _07311_/X
 _07312_/X
 _07313_/X
 _07314_/X
 _07315_/X
 _07316_/X
 _07317_/X
 _07318_/X
 _07319_/X
 _07320_/X
 _07321_/Y
 _07322_/X
 _07323_/X
 _07324_/X
 _07325_/X
 _07326_/X
 _07327_/X
 _07328_/X
 _07329_/X
 _07330_/X
 _07331_/X
 _07332_/X
 _07333_/X
 _07334_/X
 _07335_/X
 _07336_/X
 _07337_/X
 _07338_/X
 _07339_/X
 _07340_/X
 _07341_/X
 _07342_/X
 _07343_/X
 _07344_/X
 _07345_/X
 _07346_/X
 _07347_/X
 _07348_/X
 _07349_/X
 _07350_/X
 _07351_/X
 _07352_/X
 _07353_/X
 _07354_/X
 _07355_/X
 _07356_/X
 _07357_/X
 _07358_/X
 _07359_/X
 _07360_/X
 _07361_/X
 _07362_/X
 _07363_/X
 _07364_/X
 _07365_/X
 _07366_/X
 _07367_/X
 _07368_/X
 _07369_/X
 _07370_/X
 _07371_/X
 _07372_/X
 _07373_/X
 _07374_/X
 _07375_/X
 _07376_/X
 _07377_/X
 _07378_/X
 _07379_/X
 _07380_/X
 _07381_/X
 _07382_/X
 _07383_/X
 _07384_/X
 _07385_/X
 _07386_/X
 _07387_/X
 _07388_/X
 _07389_/Y
 _07390_/X
 _07391_/X
 _07392_/X
 _07393_/X
 _07394_/X
 _07395_/X
 _07396_/X
 _07397_/X
 _07398_/X
 _07399_/X
 _07400_/X
 _07401_/X
 _07402_/X
 _07403_/X
 _07404_/X
 _07405_/X
 _07406_/X
 _07407_/X
 _07408_/X
 _07409_/X
 _07410_/X
 _07411_/X
 _07412_/X
 _07413_/X
 _07414_/X
 _07415_/X
 _07416_/X
 _07417_/X
 _07418_/X
 _07419_/X
 _07420_/X
 _07421_/X
 _07422_/X
 _07423_/X
 _07424_/X
 _07425_/X
 _07426_/X
 _07427_/X
 _07428_/X
 _07429_/X
 _07430_/X
 _07431_/X
 _07432_/X
 _07433_/X
 _07434_/X
 _07435_/X
 _07436_/X
 _07437_/X
 _07438_/X
 _07439_/X
 _07440_/X
 _07441_/X
 _07442_/X
 _07443_/X
 _07444_/X
 _07445_/X
 _07446_/X
 _07447_/X
 _07448_/X
 _07449_/X
 _07450_/X
 _07451_/X
 _07452_/X
 _07453_/X
 _07454_/X
 _07455_/X
 _07456_/X
 _07457_/Y
 _07458_/X
 _07459_/X
 _07460_/X
 _07461_/X
 _07462_/X
 _07463_/X
 _07464_/X
 _07465_/X
 _07466_/X
 _07467_/X
 _07468_/X
 _07469_/X
 _07470_/X
 _07471_/X
 _07472_/X
 _07473_/X
 _07474_/X
 _07475_/X
 _07476_/X
 _07477_/X
 _07478_/X
 _07479_/X
 _07480_/X
 _07481_/X
 _07482_/X
 _07483_/X
 _07484_/X
 _07485_/X
 _07486_/X
 _07487_/X
 _07488_/X
 _07489_/X
 _07490_/X
 _07491_/X
 _07492_/X
 _07493_/X
 _07494_/X
 _07495_/X
 _07496_/X
 _07497_/X
 _07498_/X
 _07499_/X
 _07500_/X
 _07501_/X
 _07502_/X
 _07503_/X
 _07504_/X
 _07505_/X
 _07506_/X
 _07507_/X
 _07508_/X
 _07509_/X
 _07510_/X
 _07511_/X
 _07512_/X
 _07513_/X
 _07514_/X
 _07515_/X
 _07516_/X
 _07517_/X
 _07518_/X
 _07519_/X
 _07520_/X
 _07521_/X
 _07522_/X
 _07523_/X
 _07524_/X
 _07525_/Y
 _07526_/X
 _07527_/X
 _07528_/X
 _07529_/X
 _07530_/X
 _07531_/X
 _07532_/X
 _07533_/X
 _07534_/X
 _07535_/X
 _07536_/X
 _07537_/X
 _07538_/X
 _07539_/X
 _07540_/X
 _07541_/X
 _07542_/X
 _07543_/X
 _07544_/X
 _07545_/X
 _07546_/X
 _07547_/X
 _07548_/X
 _07549_/X
 _07550_/X
 _07551_/X
 _07552_/X
 _07553_/X
 _07554_/X
 _07555_/X
 _07556_/X
 _07557_/X
 _07558_/X
 _07559_/X
 _07560_/X
 _07561_/X
 _07562_/X
 _07563_/X
 _07564_/X
 _07565_/X
 _07566_/X
 _07567_/X
 _07568_/X
 _07569_/X
 _07570_/X
 _07571_/X
 _07572_/X
 _07573_/X
 _07574_/X
 _07575_/X
 _07576_/X
 _07577_/X
 _07578_/X
 _07579_/X
 _07580_/X
 _07581_/X
 _07582_/X
 _07583_/X
 _07584_/X
 _07585_/X
 _07586_/X
 _07587_/X
 _07588_/X
 _07589_/X
 _07590_/X
 _07591_/X
 _07592_/X
 _07593_/X
 _07594_/X
 _07595_/X
 _07596_/X
 _07597_/X
 _07598_/X
 _07599_/X
 _07600_/X
 _07601_/X
 _07602_/X
 _07603_/X
 _07604_/X
 _07605_/X
 _07606_/X
 _07607_/X
 _07608_/X
 _07609_/X
 _07610_/X
 _07611_/X
 _07612_/X
 _07613_/X
 _07614_/X
 _07615_/X
 _07616_/X
 _07617_/X
 _07618_/X
 _07619_/X
 _07620_/X
 _07621_/X
 _07622_/X
 _07623_/X
 _07624_/X
 _07625_/X
 _07626_/X
 _07627_/X
 _07628_/X
 _07629_/X
 _07630_/X
 _07631_/Y
 _07632_/Y
 _07633_/X
 _07634_/X
 _07635_/X
 _07636_/X
 _07637_/X
 _07638_/Y
 _07639_/Y
 _07640_/X
 _07641_/X
 _07642_/X
 _07643_/X
 _07644_/X
 _07645_/X
 _07646_/X
 _07647_/X
 _07648_/X
 _07649_/Y
 _07650_/X
 _07651_/X
 _07652_/X
 _07653_/Y
 _07654_/X
 _07655_/Y
 _07656_/Y
 _07657_/X
 _07658_/X
 _07659_/X
 _07660_/X
 _07661_/X
 _07662_/Y
 _07663_/X
 _07664_/X
 _07665_/Y
 _07666_/Y
 _07667_/Y
 _07668_/X
 _07669_/Y
 _07670_/X
 _07671_/Y
 _07672_/X
 _07673_/X
 _07674_/X
 _07675_/X
 _07676_/X
 _07677_/X
 _07678_/Y
 _07679_/X
 _07680_/X
 _07681_/Y
 _07682_/X
 _07683_/Y
 _07684_/Y
 _07685_/X
 _07686_/X
 _07687_/X
 _07688_/Y
 _07689_/X
 _07690_/Y
 _07691_/X
 _07692_/X
 _07693_/X
 _07694_/X
 _07695_/X
 _07696_/X
 _07697_/X
 _07698_/X
 _07699_/Y
 _07700_/X
 _07701_/X
 _07702_/Y
 _07703_/X
 _07704_/Y
 _07705_/X
 _07706_/Y
 _07707_/X
 _07708_/X
 _07709_/X
 _07710_/X
 _07711_/X
 _07712_/X
 _07713_/X
 _07714_/X
 _07715_/X
 _07716_/X
 _07717_/X
 _07718_/X
 _07719_/X
 _07720_/Y
 _07721_/Y
 _07722_/X
 _07723_/X
 _07724_/X
 _07725_/X
 _07726_/Y
 _07727_/X
 _07728_/Y
 _07729_/X
 _07730_/Y
 _07731_/Y
 _07732_/X
 _07733_/Y
 _07734_/Y
 _07735_/X
 _07736_/X
 _07737_/X
 _07738_/X
 _07739_/Y
 _07740_/X
 _07741_/X
 _07742_/Y
 _07743_/X
 _07744_/X
 _07745_/Y
 _07746_/X
 _07747_/Y
 _07748_/X
 _07749_/Y
 _07750_/Y
 _07751_/Y
 _07752_/X
 _07753_/X
 _07754_/X
 _07755_/X
 _07756_/X
 _07757_/Y
 _07758_/X
 _07759_/X
 _07760_/Y
 _07761_/Y
 _07762_/X
 _07763_/Y
 _07764_/Y
 _07765_/X
 _07766_/X
 _07767_/X
 _07768_/Y
 _07769_/X
 _07770_/X
 _07771_/X
 _07772_/X
 _07773_/X
 _07774_/X
 _07775_/X
 _07776_/Y
 _07777_/Y
 _07778_/X
 _07779_/Y
 _07780_/X
 _07781_/X
 _07782_/Y
 _07783_/X
 _07784_/X
 _07785_/Y
 _07786_/Y
 _07787_/X
 _07788_/Y
 _07789_/X
 _07790_/Y
 _07791_/Y
 _07792_/X
 _07793_/X
 _07794_/Y
 _07795_/X
 _07796_/Y
 _07797_/Y
 _07798_/X
 _07799_/X
 _07800_/X
 _07801_/X
 _07802_/X
 _07803_/Y
 _07804_/X
 _07805_/X
 _07806_/X
 _07807_/X
 _07808_/Y
 _07809_/X
 _07810_/X
 _07811_/X
 _07812_/Y
 _07813_/X
 _07814_/Y
 _07815_/Y
 _07816_/X
 _07817_/Y
 _07818_/X
 _07819_/X
 _07820_/X
 _07821_/X
 _07822_/Y
 _07823_/X
 _07824_/X
 _07825_/X
 _07826_/Y
 _07827_/X
 _07828_/Y
 _07829_/X
 _07830_/X
 _07831_/Y
 _07832_/Y
 _07833_/X
 _07834_/X
 _07835_/X
 _07836_/X
 _07837_/X
 _07838_/X
 _07839_/Y
 _07840_/X
 _07841_/X
 _07842_/Y
 _07843_/Y
 _07844_/X
 _07845_/X
 _07846_/X
 _07847_/X
 _07848_/X
 _07849_/Y
 _07850_/X
 _07851_/X
 _07852_/X
 _07853_/Y
 _07854_/X
 _07855_/X
 _07856_/X
 _07857_/X
 _07858_/X
 _07859_/Y
 _07860_/X
 _07861_/X
 _07862_/Y
 _07863_/Y
 _07864_/X
 _07865_/X
 _07866_/Y
 _07867_/Y
 _07868_/X
 _07869_/X
 _07870_/Y
 _07871_/X
 _07872_/X
 _07873_/Y
 _07874_/X
 _07875_/X
 _07876_/Y
 _07877_/X
 _07878_/Y
 _07879_/X
 _07880_/Y
 _07881_/Y
 _07882_/Y
 _07883_/Y
 _07884_/X
 _07885_/Y
 _07886_/X
 _07887_/X
 _07888_/X
 _07889_/Y
 _07890_/Y
 _07891_/X
 _07892_/X
 _07893_/Y
 _07894_/Y
 _07895_/Y
 _07896_/X
 _07897_/X
 _07898_/Y
 _07899_/X
 _07900_/X
 _07901_/X
 _07902_/X
 _07903_/Y
 _07904_/X
 _07905_/X
 _07906_/X
 _07907_/Y
 _07908_/X
 _07909_/X
 _07910_/Y
 _07911_/X
 _07912_/X
 _07913_/Y
 _07914_/Y
 _07915_/Y
 _07916_/Y
 _07917_/X
 _07918_/X
 _07919_/Y
 _07920_/X
 _07921_/X
 _07922_/X
 _07923_/Y
 _07924_/X
 _07925_/X
 _07926_/X
 _07927_/Y
 _07928_/X
 _07929_/X
 _07930_/Y
 _07931_/X
 _07932_/Y
 _07933_/Y
 _07934_/Y
 _07935_/X
 _07936_/X
 _07937_/Y
 _07938_/X
 _07939_/Y
 _07940_/X
 _07941_/X
 _07942_/X
 _07943_/X
 _07944_/X
 _07945_/X
 _07946_/X
 _07947_/X
 _07948_/Y
 _07949_/X
 _07950_/X
 _07951_/Y
 _07952_/Y
 _07953_/X
 _07954_/X
 _07955_/X
 _07956_/X
 _07957_/Y
 _07958_/Y
 _07959_/X
 _07960_/X
 _07961_/Y
 _07962_/X
 _07963_/X
 _07964_/Y
 _07965_/Y
 _07966_/X
 _07967_/Y
 _07968_/X
 _07969_/X
 _07970_/Y
 _07971_/X
 _07972_/Y
 _07973_/X
 _07974_/X
 _07975_/X
 _07976_/X
 _07977_/Y
 _07978_/Y
 _07979_/Y
 _07980_/X
 _07981_/X
 _07982_/X
 _07983_/Y
 _07984_/Y
 _07985_/X
 _07986_/Y
 _07987_/X
 _07988_/Y
 _07989_/X
 _07990_/Y
 _07991_/X
 _07992_/X
 _07993_/X
 _07994_/X
 _07995_/X
 _07996_/X
 _07997_/Y
 _07998_/Y
 _07999_/X
 _08000_/X
 _08001_/X
 _08002_/X
 _08003_/Y
 _08004_/X
 _08005_/X
 _08006_/X
 _08007_/Y
 _08008_/Y
 _08009_/X
 _08010_/X
 _08011_/X
 _08012_/X
 _08013_/X
 _08014_/Y
 _08015_/X
 _08016_/X
 _08017_/X
 _08018_/X
 _08019_/X
 _08020_/Y
 _08021_/Y
 _08022_/Y
 _08023_/Y
 _08024_/X
 _08025_/X
 _08026_/X
 _08027_/Y
 _08028_/X
 _08029_/X
 _08030_/Y
 _08031_/Y
 _08032_/X
 _08033_/Y
 _08034_/Y
 _08035_/X
 _08036_/X
 _08037_/X
 _08038_/X
 _08039_/X
 _08040_/X
 _08041_/X
 _08042_/Y
 _08043_/Y
 _08044_/X
 _08045_/X
 _08046_/X
 _08047_/Y
 _08048_/X
 _08049_/X
 _08050_/X
 _08051_/Y
 _08052_/X
 _08053_/Y
 _08054_/X
 _08055_/Y
 _08056_/Y
 _08057_/Y
 _08058_/Y
 _08059_/Y
 _08060_/Y
 _08061_/Y
 _08062_/Y
 _08063_/Y
 _08064_/Y
 _08065_/X
 _08066_/X
 _08067_/X
 _08068_/X
 _08069_/Y
 _08070_/Y
 _08071_/X
 _08072_/X
 _08073_/X
 _08074_/X
 _08075_/Y
 _08076_/Y
 _08077_/X
 _08078_/Y
 _08079_/Y
 _08080_/Y
 _08081_/Y
 _08082_/Y
 _08083_/Y
 _08084_/X
 _08085_/X
 _08086_/Y
 _08087_/X
 _08088_/X
 _08089_/X
 _08090_/X
 _08091_/X
 _08092_/Y
 _08093_/X
 _08094_/Y
 _08095_/X
 _08096_/Y
 _08097_/X
 _08098_/Y
 _08099_/X
 _08100_/Y
 _08101_/Y
 _08102_/X
 _08103_/X
 _08104_/Y
 _08105_/X
 _08106_/X
 _08107_/X
 _08108_/X
 _08109_/X
 _08110_/X
 _08111_/Y
 _08112_/X
 _08113_/X
 _08114_/X
 _08115_/X
 _08116_/Y
 _08117_/X
 _08118_/X
 _08119_/Y
 _08120_/X
 _08121_/X
 _08122_/X
 _08123_/Y
 _08124_/Y
 _08125_/Y
 _08126_/X
 _08127_/X
 _08128_/Y
 _08129_/X
 _08130_/X
 _08131_/X
 _08132_/Y
 _08133_/Y
 _08134_/X
 _08135_/Y
 _08136_/X
 _08137_/Y
 _08138_/X
 _08139_/X
 _08140_/Y
 _08141_/X
 _08142_/X
 _08143_/X
 _08144_/X
 _08145_/Y
 _08146_/X
 _08147_/X
 _08148_/Y
 _08149_/Y
 _08150_/X
 _08151_/Y
 _08152_/X
 _08153_/Y
 _08154_/X
 _08155_/X
 _08156_/X
 _08157_/Y
 _08158_/Y
 _08159_/Y
 _08160_/X
 _08161_/X
 _08162_/Y
 _08163_/Y
 _08164_/X
 _08165_/X
 _08166_/X
 _08167_/X
 _08168_/X
 _08169_/X
 _08170_/X
 _08171_/X
 _08172_/Y
 _08173_/X
 _08174_/Y
 _08175_/Y
 _08176_/X
 _08177_/Y
 _08178_/X
 _08179_/Y
 _08180_/X
 _08181_/X
 _08182_/X
 _08183_/X
 _08184_/X
 _08185_/X
 _08186_/X
 _08187_/X
 _08188_/Y
 _08189_/X
 _08190_/X
 _08191_/Y
 _08192_/X
 _08193_/X
 _08194_/X
 _08195_/X
 _08196_/X
 _08197_/X
 _08198_/X
 _08199_/X
 _08200_/Y
 _08201_/X
 _08202_/Y
 _08203_/X
 _08204_/Y
 _08205_/X
 _08206_/X
 _08207_/X
 _08208_/X
 _08209_/Y
 _08210_/Y
 _08211_/X
 _08212_/X
 _08213_/X
 _08214_/X
 _08215_/X
 _08216_/Y
 _08217_/Y
 _08218_/X
 _08219_/X
 _08220_/X
 _08221_/X
 _08222_/Y
 _08223_/Y
 _08224_/X
 _08225_/Y
 _08226_/X
 _08227_/Y
 _08228_/X
 _08229_/Y
 _08230_/X
 _08231_/X
 _08232_/Y
 _08233_/Y
 _08234_/Y
 _08235_/X
 _08236_/Y
 _08237_/X
 _08238_/X
 _08239_/X
 _08240_/X
 _08241_/Y
 _08242_/X
 _08243_/Y
 _08244_/X
 _08245_/X
 _08246_/X
 _08247_/X
 _08248_/X
 _08249_/X
 _08250_/Y
 _08251_/Y
 _08252_/Y
 _08253_/X
 _08254_/Y
 _08255_/Y
 _08256_/X
 _08257_/X
 _08258_/Y
 _08259_/X
 _08260_/X
 _08261_/Y
 _08262_/X
 _08263_/X
 _08264_/Y
 _08265_/X
 _08266_/X
 _08267_/Y
 _08268_/Y
 _08269_/Y
 _08270_/X
 _08271_/Y
 _08272_/X
 _08273_/X
 _08274_/X
 _08275_/Y
 _08276_/X
 _08277_/X
 _08278_/X
 _08279_/Y
 _08280_/X
 _08281_/X
 _08282_/X
 _08283_/X
 _08284_/Y
 _08285_/X
 _08286_/X
 _08287_/X
 _08288_/X
 _08289_/X
 _08290_/X
 _08291_/Y
 _08292_/X
 _08293_/Y
 _08294_/X
 _08295_/Y
 _08296_/Y
 _08297_/X
 _08298_/X
 _08299_/X
 _08300_/Y
 _08301_/X
 _08302_/X
 _08303_/X
 _08304_/X
 _08305_/Y
 _08306_/Y
 _08307_/X
 _08308_/X
 _08309_/X
 _08310_/X
 _08311_/Y
 _08312_/Y
 _08313_/X
 _08314_/Y
 _08315_/X
 _08316_/Y
 _08317_/X
 _08318_/Y
 _08319_/X
 _08320_/X
 _08321_/Y
 _08322_/Y
 _08323_/X
 _08324_/X
 _08325_/X
 _08326_/X
 _08327_/X
 _08328_/X
 _08329_/X
 _08330_/Y
 _08331_/X
 _08332_/Y
 _08333_/X
 _08334_/X
 _08335_/X
 _08336_/Y
 _08337_/X
 _08338_/Y
 _08339_/X
 _08340_/Y
 _08341_/Y
 _08342_/Y
 _08343_/X
 _08344_/X
 _08345_/X
 _08346_/X
 _08347_/X
 _08348_/X
 _08349_/Y
 _08350_/X
 _08351_/Y
 _08352_/Y
 _08353_/Y
 _08354_/Y
 _08355_/X
 _08356_/Y
 _08357_/Y
 _08358_/Y
 _08359_/Y
 _08360_/X
 _08361_/Y
 _08362_/Y
 _08363_/X
 _08364_/X
 _08365_/Y
 _08366_/X
 _08367_/X
 _08368_/X
 _08369_/X
 _08370_/X
 _08371_/X
 _08372_/Y
 _08373_/X
 _08374_/X
 _08375_/X
 _08376_/X
 _08377_/X
 _08378_/X
 _08379_/X
 _08380_/X
 _08381_/X
 _08382_/X
 _08383_/X
 _08384_/X
 _08385_/X
 _08386_/X
 _08387_/X
 _08388_/X
 _08389_/X
 _08390_/X
 _08391_/X
 _08392_/X
 _08393_/X
 _08394_/X
 _08395_/X
 _08396_/X
 _08397_/X
 _08398_/X
 _08399_/X
 _08400_/X
 _08401_/X
 _08402_/X
 _08403_/X
 _08404_/X
 _08405_/X
 _08406_/X
 _08407_/X
 _08408_/X
 _08409_/X
 _08410_/X
 _08411_/X
 _08412_/X
 _08413_/X
 _08414_/X
 _08415_/X
 _08416_/X
 _08417_/X
 _08418_/X
 _08419_/X
 _08420_/X
 _08421_/X
 _08422_/X
 _08423_/X
 _08424_/X
 _08425_/X
 _08426_/X
 _08427_/X
 _08428_/X
 _08429_/X
 _08430_/X
 _08431_/X
 _08432_/X
 _08433_/X
 _08434_/X
 _08435_/X
 _08436_/X
 _08437_/X
 _08438_/X
 _08439_/X
 _08440_/Y
 _08441_/X
 _08442_/X
 _08443_/X
 _08444_/X
 _08445_/X
 _08446_/X
 _08447_/X
 _08448_/X
 _08449_/X
 _08450_/X
 _08451_/X
 _08452_/X
 _08453_/X
 _08454_/X
 _08455_/X
 _08456_/X
 _08457_/X
 _08458_/X
 _08459_/X
 _08460_/X
 _08461_/X
 _08462_/X
 _08463_/X
 _08464_/X
 _08465_/X
 _08466_/X
 _08467_/X
 _08468_/X
 _08469_/X
 _08470_/X
 _08471_/X
 _08472_/X
 _08473_/X
 _08474_/X
 _08475_/X
 _08476_/X
 _08477_/X
 _08478_/X
 _08479_/X
 _08480_/X
 _08481_/X
 _08482_/X
 _08483_/X
 _08484_/X
 _08485_/X
 _08486_/X
 _08487_/X
 _08488_/X
 _08489_/X
 _08490_/X
 _08491_/X
 _08492_/X
 _08493_/X
 _08494_/X
 _08495_/X
 _08496_/X
 _08497_/X
 _08498_/X
 _08499_/X
 _08500_/X
 _08501_/X
 _08502_/X
 _08503_/X
 _08504_/X
 _08505_/X
 _08506_/X
 _08507_/X
 _08508_/Y
 _08509_/X
 _08510_/X
 _08511_/X
 _08512_/X
 _08513_/X
 _08514_/X
 _08515_/X
 _08516_/X
 _08517_/X
 _08518_/X
 _08519_/X
 _08520_/X
 _08521_/X
 _08522_/X
 _08523_/X
 _08524_/X
 _08525_/X
 _08526_/X
 _08527_/X
 _08528_/X
 _08529_/X
 _08530_/X
 _08531_/X
 _08532_/X
 _08533_/X
 _08534_/X
 _08535_/X
 _08536_/X
 _08537_/X
 _08538_/X
 _08539_/X
 _08540_/X
 _08541_/X
 _08542_/X
 _08543_/X
 _08544_/X
 _08545_/X
 _08546_/X
 _08547_/X
 _08548_/X
 _08549_/X
 _08550_/X
 _08551_/X
 _08552_/X
 _08553_/X
 _08554_/X
 _08555_/X
 _08556_/X
 _08557_/X
 _08558_/X
 _08559_/X
 _08560_/X
 _08561_/X
 _08562_/X
 _08563_/X
 _08564_/X
 _08565_/X
 _08566_/X
 _08567_/X
 _08568_/X
 _08569_/X
 _08570_/X
 _08571_/X
 _08572_/X
 _08573_/X
 _08574_/X
 _08575_/X
 _08576_/Y
 _08577_/X
 _08578_/X
 _08579_/X
 _08580_/X
 _08581_/X
 _08582_/X
 _08583_/X
 _08584_/X
 _08585_/X
 _08586_/X
 _08587_/X
 _08588_/X
 _08589_/X
 _08590_/X
 _08591_/X
 _08592_/X
 _08593_/X
 _08594_/X
 _08595_/X
 _08596_/X
 _08597_/X
 _08598_/X
 _08599_/X
 _08600_/X
 _08601_/X
 _08602_/X
 _08603_/X
 _08604_/X
 _08605_/X
 _08606_/X
 _08607_/X
 _08608_/X
 _08609_/X
 _08610_/X
 _08611_/X
 _08612_/X
 _08613_/X
 _08614_/X
 _08615_/X
 _08616_/X
 _08617_/X
 _08618_/X
 _08619_/X
 _08620_/X
 _08621_/X
 _08622_/X
 _08623_/X
 _08624_/X
 _08625_/X
 _08626_/X
 _08627_/X
 _08628_/X
 _08629_/X
 _08630_/X
 _08631_/X
 _08632_/X
 _08633_/X
 _08634_/X
 _08635_/X
 _08636_/X
 _08637_/X
 _08638_/X
 _08639_/X
 _08640_/X
 _08641_/X
 _08642_/X
 _08643_/X
 _08644_/Y
 _08645_/X
 _08646_/X
 _08647_/X
 _08648_/X
 _08649_/X
 _08650_/X
 _08651_/X
 _08652_/X
 _08653_/X
 _08654_/X
 _08655_/X
 _08656_/X
 _08657_/X
 _08658_/X
 _08659_/X
 _08660_/X
 _08661_/X
 _08662_/X
 _08663_/X
 _08664_/X
 _08665_/X
 _08666_/X
 _08667_/X
 _08668_/X
 _08669_/X
 _08670_/X
 _08671_/X
 _08672_/X
 _08673_/X
 _08674_/X
 _08675_/X
 _08676_/X
 _08677_/X
 _08678_/X
 _08679_/X
 _08680_/X
 _08681_/X
 _08682_/X
 _08683_/X
 _08684_/X
 _08685_/X
 _08686_/X
 _08687_/X
 _08688_/X
 _08689_/X
 _08690_/X
 _08691_/X
 _08692_/X
 _08693_/X
 _08694_/X
 _08695_/X
 _08696_/X
 _08697_/X
 _08698_/X
 _08699_/X
 _08700_/X
 _08701_/X
 _08702_/X
 _08703_/X
 _08704_/X
 _08705_/X
 _08706_/X
 _08707_/X
 _08708_/X
 _08709_/X
 _08710_/X
 _08711_/X
 _08712_/Y
 _08713_/X
 _08714_/X
 _08715_/X
 _08716_/X
 _08717_/X
 _08718_/X
 _08719_/X
 _08720_/X
 _08721_/X
 _08722_/X
 _08723_/X
 _08724_/X
 _08725_/X
 _08726_/X
 _08727_/X
 _08728_/X
 _08729_/X
 _08730_/X
 _08731_/X
 _08732_/X
 _08733_/X
 _08734_/X
 _08735_/X
 _08736_/X
 _08737_/X
 _08738_/X
 _08739_/X
 _08740_/X
 _08741_/X
 _08742_/X
 _08743_/X
 _08744_/X
 _08745_/X
 _08746_/X
 _08747_/X
 _08748_/X
 _08749_/X
 _08750_/X
 _08751_/X
 _08752_/X
 _08753_/X
 _08754_/X
 _08755_/X
 _08756_/X
 _08757_/X
 _08758_/X
 _08759_/X
 _08760_/X
 _08761_/X
 _08762_/X
 _08763_/X
 _08764_/X
 _08765_/X
 _08766_/X
 _08767_/X
 _08768_/X
 _08769_/X
 _08770_/X
 _08771_/X
 _08772_/X
 _08773_/X
 _08774_/X
 _08775_/X
 _08776_/X
 _08777_/X
 _08778_/X
 _08779_/X
 _08780_/Y
 _08781_/X
 _08782_/X
 _08783_/X
 _08784_/X
 _08785_/X
 _08786_/X
 _08787_/X
 _08788_/X
 _08789_/X
 _08790_/X
 _08791_/X
 _08792_/X
 _08793_/X
 _08794_/X
 _08795_/X
 _08796_/X
 _08797_/X
 _08798_/X
 _08799_/X
 _08800_/X
 _08801_/X
 _08802_/X
 _08803_/X
 _08804_/X
 _08805_/X
 _08806_/X
 _08807_/X
 _08808_/X
 _08809_/X
 _08810_/X
 _08811_/X
 _08812_/X
 _08813_/X
 _08814_/X
 _08815_/X
 _08816_/X
 _08817_/X
 _08818_/X
 _08819_/X
 _08820_/X
 _08821_/X
 _08822_/X
 _08823_/X
 _08824_/X
 _08825_/X
 _08826_/X
 _08827_/X
 _08828_/X
 _08829_/X
 _08830_/X
 _08831_/X
 _08832_/X
 _08833_/X
 _08834_/X
 _08835_/X
 _08836_/X
 _08837_/X
 _08838_/X
 _08839_/X
 _08840_/X
 _08841_/X
 _08842_/X
 _08843_/X
 _08844_/X
 _08845_/X
 _08846_/X
 _08847_/X
 _08848_/X
 _08849_/X
 _08850_/X
 _08851_/X
 _08852_/X
 _08853_/X
 _08854_/Y
 _08855_/X
 _08856_/X
 _08857_/X
 _08858_/X
 _08859_/X
 _08860_/X
 _08861_/X
 _08862_/X
 _08863_/X
 _08864_/X
 _08865_/X
 _08866_/X
 _08867_/X
 _08868_/X
 _08869_/X
 _08870_/X
 _08871_/X
 _08872_/X
 _08873_/X
 _08874_/X
 _08875_/X
 _08876_/X
 _08877_/X
 _08878_/X
 _08879_/X
 _08880_/X
 _08881_/X
 _08882_/X
 _08883_/X
 _08884_/X
 _08885_/X
 _08886_/X
 _08887_/X
 _08888_/X
 _08889_/X
 _08890_/X
 _08891_/X
 _08892_/X
 _08893_/X
 _08894_/X
 _08895_/X
 _08896_/X
 _08897_/X
 _08898_/X
 _08899_/X
 _08900_/X
 _08901_/X
 _08902_/X
 _08903_/X
 _08904_/X
 _08905_/X
 _08906_/X
 _08907_/X
 _08908_/X
 _08909_/X
 _08910_/X
 _08911_/X
 _08912_/X
 _08913_/X
 _08914_/X
 _08915_/X
 _08916_/X
 _08917_/X
 _08918_/X
 _08919_/X
 _08920_/X
 _08921_/X
 _08922_/Q
 _08923_/Q
 _08924_/Q
 _08925_/Q
 _08926_/Q
 _08927_/Q
 _08928_/Q
 _08929_/Q
 _08930_/Q
 _08931_/Q
 _08932_/Q
 _08933_/Q
 _08934_/Q
 _08935_/Q
 _08936_/Q
 _08937_/Q
 _08938_/Q
 _08939_/Q
 _08940_/Q
 _08941_/Q
 _08942_/Q
 _08943_/Q
 _08944_/Q
 _08945_/Q
 _08946_/Q
 _08947_/Q
 _08948_/Q
 _08949_/Q
 _08950_/Q
 _08951_/Q
 _08952_/Q
 _08953_/Q
 _08954_/Q
 _08955_/Q
 _08956_/Q
 _08957_/Q
 _08958_/Q
 _08959_/Q
 _08960_/Q
 _08961_/Q
 _08962_/Q
 _08963_/Q
 _08964_/Q
 _08965_/Q
 _08966_/Q
 _08967_/Q
 _08968_/Q
 _08969_/Q
 _08970_/Q
 _08971_/Q
 _08972_/Q
 _08973_/Q
 _08974_/Q
 _08975_/Q
 _08976_/Q
 _08977_/Q
 _08978_/Q
 _08979_/Q
 _08980_/Q
 _08981_/Q
 _08982_/Q
 _08983_/Q
 _08984_/Q
 _08985_/Q
 _08986_/Q
 _08987_/Q
 _08988_/Q
 _08989_/Q
 _08990_/Q
 _08991_/Q
 _08992_/Q
 _08993_/Q
 _08994_/Q
 _08995_/Q
 _08996_/Q
 _08997_/Q
 _08998_/Q
 _08999_/Q
 _09000_/Q
 _09001_/Q
 _09002_/Q
 _09003_/Q
 _09004_/Q
 _09005_/Q
 _09006_/Q
 _09007_/Q
 _09008_/Q
 _09009_/Q
 _09010_/Q
 _09011_/Q
 _09012_/Q
 _09013_/Q
 _09014_/Q
 _09015_/Q
 _09016_/Q
 _09017_/Q
 _09018_/Q
 _09019_/Q
 _09020_/Q
 _09021_/Q
 _09022_/Q
 _09023_/Q
 _09024_/Q
 _09025_/Q
 _09026_/Q
 _09027_/Q
 _09028_/Q
 _09029_/Q
 _09030_/Q
 _09031_/Q
 _09032_/Q
 _09033_/Q
 _09034_/Q
 _09035_/Q
 _09036_/Q
 _09037_/Q
 _09038_/Q
 _09039_/Q
 _09040_/Q
 _09041_/Q
 _09042_/Q
 _09043_/Q
 _09044_/Q
 _09045_/Q
 _09046_/Q
 _09047_/Q
 _09048_/Q
 _09049_/Q
 _09050_/Q
 _09051_/Q
 _09052_/Q
 _09053_/Q
 _09054_/Q
 _09055_/Q
 _09056_/Q
 _09057_/Q
 _09058_/Q
 _09059_/Q
 _09060_/Q
 _09061_/Q
 _09062_/Q
 _09063_/Q
 _09064_/Q
 _09065_/Q
 _09066_/Q
 _09067_/Q
 _09068_/Q
 _09069_/Q
 _09070_/Q
 _09071_/Q
 _09072_/Q
 _09073_/Q
 _09074_/Q
 _09075_/Q
 _09076_/Q
 _09077_/Q
 _09078_/Q
 _09079_/Q
 _09080_/Q
 _09081_/Q
 _09082_/Q
 _09083_/Q
 _09084_/Q
 _09085_/Q
 _09086_/Q
 _09087_/Q
 _09088_/Q
 _09089_/Q
 _09090_/Q
 _09091_/Q
 _09092_/Q
 _09093_/Q
 _09094_/Q
 _09095_/Q
 _09096_/Q
 _09097_/Q
 _09098_/Q
 _09099_/Q
 _09100_/Q
 _09101_/Q
 _09102_/Q
 _09103_/Q
 _09104_/Q
 _09105_/Q
 _09106_/Q
 _09107_/Q
 _09108_/Q
 _09109_/Q
 _09110_/Q
 _09111_/Q
 _09112_/Q
 _09113_/Q
 _09114_/Q
 _09115_/Q
 _09116_/Q
 _09117_/Q
 _09118_/Q
 _09119_/Q
 _09120_/Q
 _09121_/Q
 _09122_/Q
 _09123_/Q
 _09124_/Q
 _09125_/Q
 _09126_/Q
 _09127_/Q
 _09128_/Q
 _09129_/Q
 _09130_/Q
 _09131_/Q
 _09132_/Q
 _09133_/Q
 _09134_/Q
 _09135_/Q
 _09136_/Q
 _09137_/Q
 _09138_/Q
 _09139_/Q
 _09140_/Q
 _09141_/Q
 _09142_/Q
 _09143_/Q
 _09144_/Q
 _09145_/Q
 _09146_/Q
 _09147_/Q
 _09148_/Q
 _09149_/Q
 _09150_/Q
 _09151_/Q
 _09152_/Q
 _09153_/Q
 _09154_/Q
 _09155_/Q
 _09156_/Q
 _09157_/Q
 _09158_/Q
 _09159_/Q
 _09160_/Q
 _09161_/Q
 _09162_/Q
 _09163_/Q
 _09164_/Q
 _09165_/Q
 _09166_/Q
 _09167_/Q
 _09168_/Q
 _09169_/Q
 _09170_/Q
 _09171_/Q
 _09172_/Q
 _09173_/Q
 _09174_/Q
 _09175_/Q
 _09176_/Q
 _09177_/Q
 _09178_/Q
 _09179_/Q
 _09180_/Q
 _09181_/Q
 _09182_/Q
 _09183_/Q
 _09184_/Q
 _09185_/Q
 _09186_/Q
 _09187_/Q
 _09188_/Q
 _09189_/Q
 _09190_/Q
 _09191_/Q
 _09192_/Q
 _09193_/Q
 _09194_/Q
 _09195_/Q
 _09196_/Q
 _09197_/Q
 _09198_/Q
 _09199_/Q
 _09200_/Q
 _09201_/Q
 _09202_/Q
 _09203_/Q
 _09204_/Q
 _09205_/Q
 _09206_/Q
 _09207_/Q
 _09208_/Q
 _09209_/Q
 _09210_/Q
 _09211_/Q
 _09212_/Q
 _09213_/Q
 _09214_/Q
 _09215_/Q
 _09216_/Q
 _09217_/Q
 _09218_/Q
 _09219_/Q
 _09220_/Q
 _09221_/Q
 _09222_/Q
 _09223_/Q
 _09224_/Q
 _09225_/Q
 _09226_/Q
 _09227_/Q
 _09228_/Q
 _09229_/Q
 _09230_/Q
 _09231_/Q
 _09232_/Q
 _09233_/Q
 _09234_/Q
 _09235_/Q
 _09236_/Q
 _09237_/Q
 _09238_/Q
 _09239_/Q
 _09240_/Q
 _09241_/Q
 _09242_/Q
 _09243_/Q
 _09244_/Q
 _09245_/Q
 _09246_/Q
 _09247_/Q
 _09248_/Q
 _09249_/Q
 _09250_/Q
 _09251_/Q
 _09252_/Q
 _09253_/Q
 _09254_/Q
 _09255_/Q
 _09256_/Q
 _09257_/Q
 _09258_/Q
 _09259_/Q
 _09260_/Q
 _09261_/Q
 _09262_/Q
 _09263_/Q
 _09264_/Q
 _09265_/Q
 _09266_/Q
 _09267_/Q
 _09268_/Q
 _09269_/Q
 _09270_/Q
 _09271_/Q
 _09272_/Q
 _09273_/Q
 _09274_/Q
 _09275_/Q
 _09276_/Q
 _09277_/Q
 _09278_/Q
 _09279_/Q
 _09280_/Q
 _09281_/Q
 _09282_/Q
 _09283_/Q
 _09284_/Q
 _09285_/Q
 _09286_/Q
 _09287_/Q
 _09288_/Q
 _09289_/Q
 _09290_/Q
 _09291_/Q
 _09292_/Q
 _09293_/Q
 _09294_/Q
 _09295_/Q
 _09296_/Q
 _09297_/Q
 _09298_/Q
 _09299_/Q
 _09300_/Q
 _09301_/Q
 _09302_/Q
 _09303_/Q
 _09304_/Q
 _09305_/Q
 _09306_/Q
 _09307_/Q
 _09308_/Q
 _09309_/Q
 _09310_/Q
 _09311_/Q
 _09312_/Q
 _09313_/Q
 _09314_/Q
 _09315_/Q
 _09316_/Q
 _09317_/Q
 _09318_/Q
 _09319_/Q
 _09320_/Q
 _09321_/Q
 _09322_/Q
 _09323_/Q
 _09324_/Q
 _09325_/Q
 _09326_/Q
 _09327_/Q
 _09328_/Q
 _09329_/Q
 _09330_/Q
 _09331_/Q
 _09332_/Q
 _09333_/Q
 _09334_/Q
 _09335_/Q
 _09336_/Q
 _09337_/Q
 _09338_/Q
 _09339_/Q
 _09340_/Q
 _09341_/Q
 _09342_/Q
 _09343_/Q
 _09344_/Q
 _09345_/Q
 _09346_/Q
 _09347_/Q
 _09348_/Q
 _09349_/Q
 _09350_/Q
 _09351_/Q
 _09352_/Q
 _09353_/Q
 _09354_/Q
 _09355_/Q
 _09356_/Q
 _09357_/Q
 _09358_/Q
 _09359_/Q
 _09360_/Q
 _09361_/Q
 _09362_/Q
 _09363_/Q
 _09364_/Q
 _09365_/Q
 _09366_/Q
 _09367_/Q
 _09368_/Q
 _09369_/Q
 _09370_/Q
 _09371_/Q
 _09372_/Q
 _09373_/Q
 _09374_/Q
 _09375_/Q
 _09376_/Q
 _09377_/Q
 _09378_/Q
 _09379_/Q
 _09380_/Q
 _09381_/Q
 _09382_/Q
 _09383_/Q
 _09384_/Q
 _09385_/Q
 _09386_/Q
 _09387_/Q
 _09388_/Q
 _09389_/Q
 _09390_/Q
 _09391_/Q
 _09392_/Q
 _09393_/Q
 _09394_/Q
 _09395_/Q
 _09396_/Q
 _09397_/Q
 _09398_/Q
 _09399_/Q
 _09400_/Q
 _09401_/Q
 _09402_/Q
 _09403_/Q
 _09404_/Q
 _09405_/Q
 _09406_/Q
 _09407_/Q
 _09408_/Q
 _09409_/Q
 _09410_/Q
 _09411_/Q
 _09412_/Q
 _09413_/Q
 _09414_/Q
 _09415_/Q
 _09416_/Q
 _09417_/Q
 _09418_/Q
 _09419_/Q
 _09420_/Q
 _09421_/Q
 _09422_/Q
 _09423_/Q
 _09424_/Q
 _09425_/Q
 _09426_/Q
 _09427_/Q
 _09428_/Q
 _09429_/Q
 _09430_/Q
 _09431_/Q
 _09432_/Q
 _09433_/Q
 _09434_/Q
 _09435_/Q
 _09436_/Q
 _09437_/Q
 _09438_/Q
 _09439_/Q
 _09440_/Q
 _09441_/Q
 _09442_/Q
 _09443_/Q
 _09444_/Q
 _09445_/Q
 _09446_/Q
 _09447_/Q
 _09448_/Q
 _09449_/Q
 _09450_/Q
 _09451_/Q
 _09452_/Q
 _09453_/Q
 _09454_/Q
 _09455_/Q
 _09456_/Q
 _09457_/Q
 _09458_/Q
 _09459_/Q
 _09460_/Q
 _09461_/Q
 _09462_/Q
 _09463_/Q
 _09464_/Q
 _09465_/Q
 _09466_/Q
 _09467_/Q
 _09468_/Q
 _09469_/Q
 _09470_/Q
 _09471_/Q
 _09472_/Q
 _09473_/Q
 _09474_/Q
 _09475_/Q
 _09476_/Q
 _09477_/Q
 _09478_/Q
 _09479_/Q
 _09480_/Q
 _09481_/Q
 _09482_/Q
 _09483_/Q
 _09484_/Q
 _09485_/Q
 _09486_/Q
 _09487_/Q
 _09488_/Q
 _09489_/Q
 _09490_/Q
 _09491_/Q
 _09492_/Q
 _09493_/Q
 _09494_/Q
 _09495_/Q
 _09496_/Q
 _09497_/Q
 _09498_/Q
 _09499_/Q
 _09500_/Q
 _09501_/Q
 _09502_/Q
 _09503_/Q
 _09504_/Q
 _09505_/Q
 _09506_/Q
 _09507_/Q
 _09508_/Q
 _09509_/Q
 _09510_/Q
 _09511_/Q
 _09512_/Q
 _09513_/Q
 _09514_/Q
 _09515_/Q
 _09516_/Q
 _09517_/Q
 _09518_/Q
 _09519_/Q
 _09520_/Q
 _09521_/Q
 _09522_/Q
 _09523_/Q
 _09524_/Q
 _09525_/Q
 _09526_/Q
 _09527_/Q
 _09528_/Q
 _09529_/Q
 _09530_/Q
 _09531_/Q
 _09532_/Q
 _09533_/Q
 _09534_/Q
 _09535_/Q
 _09536_/Q
 _09537_/Q
 _09538_/Q
 _09539_/Q
 _09540_/Q
 _09541_/Q
 _09542_/Q
 _09543_/Q
 _09544_/Q
 _09545_/Q
 _09546_/Q
 _09547_/Q
 _09548_/Q
 _09549_/Q
 _09550_/Q
 _09551_/Q
 _09552_/Q
 _09553_/Q
 _09554_/Q
 _09555_/Q
 _09556_/Q
 _09557_/Q
 _09558_/Q
 _09559_/Q
 _09560_/Q
 _09561_/Q
 _09562_/Q
 _09563_/Q
 _09564_/Q
 _09565_/Q
 _09566_/Q
 _09567_/Q
 _09568_/Q
 _09569_/Q
 _09570_/Q
 _09571_/Q
 _09572_/Q
 _09573_/Q
 _09574_/Q
 _09575_/Q
 _09576_/Q
 _09577_/Q
 _09578_/Q
 _09579_/Q
 _09580_/Q
 _09581_/Q
 _09582_/Q
 _09583_/Q
 _09584_/Q
 _09585_/Q
 _09586_/Q
 _09587_/Q
 _09588_/Q
 _09589_/Q
 _09590_/Q
 _09591_/Q
 _09592_/Q
 _09593_/Q
 _09594_/Q
 _09595_/Q
 _09596_/Q
 _09597_/Q
 _09598_/Q
 _09599_/Q
 _09600_/Q
 _09601_/Q
 _09602_/Q
 _09603_/Q
 _09604_/Q
 _09605_/Q
 _09606_/Q
 _09607_/Q
 _09608_/Q
 _09609_/Q
 _09610_/Q
 _09611_/Q
 _09612_/Q
 _09613_/Q
 _09614_/Q
 _09615_/Q
 _09616_/Q
 _09617_/Q
 _09618_/Q
 _09619_/Q
 _09620_/Q
 _09621_/Q
 _09622_/Q
 _09623_/Q
 _09624_/Q
 _09625_/Q
 _09626_/Q
 _09627_/Q
 _09628_/Q
 _09629_/Q
 _09630_/Q
 _09631_/Q
 _09632_/Q
 _09633_/Q
 _09634_/Q
 _09635_/Q
 _09636_/Q
 _09637_/Q
 _09638_/Q
 _09639_/Q
 _09640_/Q
 _09641_/Q
 _09642_/Q
 _09643_/Q
 _09644_/Q
 _09645_/Q
 _09646_/Q
 _09647_/Q
 _09648_/Q
 _09649_/Q
 _09650_/Q
 _09651_/Q
 _09652_/Q
 _09653_/Q
 _09654_/Q
 _09655_/Q
 _09656_/Q
 _09657_/Q
 _09658_/Q
 _09659_/Q
 _09660_/Q
 _09661_/Q
 _09662_/Q
 _09663_/Q
 _09664_/Q
 _09665_/Q
 _09666_/Q
 _09667_/Q
 _09668_/Q
 _09669_/Q
 _09670_/Q
 _09671_/Q
 _09672_/Q
 _09673_/Q
 _09674_/Q
 _09675_/Q
 _09676_/Q
 _09677_/Q
 _09678_/Q
 _09679_/Q
 _09680_/Q
 _09681_/Q
 _09682_/Q
 _09683_/Q
 _09684_/Q
 _09685_/Q
 _09686_/Q
 _09687_/Q
 _09688_/Q
 _09689_/Q
 _09690_/Q
 _09691_/Q
 _09692_/Q
 _09693_/Q
 _09694_/Q
 _09695_/Q
 _09696_/Q
 _09697_/Q
 _09698_/Q
 _09699_/Q
 _09700_/Q
 _09701_/Q
 _09702_/Q
 _09703_/Q
 _09704_/Q
 _09705_/Q
 _09706_/Q
 _09707_/Q
 _09708_/Q
 _09709_/Q
 _09710_/Q
 _09711_/Q
 _09712_/Q
 _09713_/Q
 _09714_/Q
 _09715_/Q
 _09716_/Q
 _09717_/Q
 _09718_/Q
 _09719_/Q
 _09720_/Q
 _09721_/Q
 _09722_/Q
 _09723_/Q
 _09724_/Q
 _09725_/Q
 _09726_/Q
 _09727_/Q
 _09728_/Q
 _09729_/Q
 _09730_/Q
 _09731_/Q
 _09732_/Q
 _09733_/Q
 _09734_/Q
 _09735_/Q
 _09736_/Q
 _09737_/Q
 _09738_/Q
 _09739_/Q
 _09740_/Q
 _09741_/Q
 _09742_/Q
 _09743_/Q
 _09744_/Q
 _09745_/Q
 _09746_/Q
 _09747_/Q
 _09748_/Q
 _09749_/Q
 _09750_/Q
 _09751_/Q
 _09752_/Q
 _09753_/Q
 _09754_/Q
 _09755_/Q
 _09756_/Q
 _09757_/Q
 _09758_/Q
 _09759_/Q
 _09760_/Q
 _09761_/Q
 _09762_/Q
 _09763_/Q
 _09764_/Q
 _09765_/Q
 _09766_/Q
 _09767_/Q
 _09768_/Q
 _09769_/Q
 _09770_/Q
 _09771_/Q
 _09772_/Q
 _09773_/Q
 _09774_/Q
 _09775_/Q
 _09776_/Q
 _09777_/Q
 _09778_/Q
 _09779_/Q
 _09780_/Q
 _09781_/Q
 _09782_/Q
 _09783_/Q
 _09784_/Q
 _09785_/Q
 _09786_/Q
 _09787_/Q
 _09788_/Q
 _09789_/Q
 _09790_/Q
 _09791_/Q
 _09792_/Q
 _09793_/Q
 _09794_/Q
 _09795_/Q
 _09796_/Q
 _09797_/Q
 _09798_/Q
 _09799_/Q
 _09800_/Q
 _09801_/Q
 _09802_/Q
 _09803_/Q
 _09804_/Q
 _09805_/Q
 _09806_/Q
 _09807_/Q
 _09808_/Q
 _09809_/Q
 _09810_/Q
 _09811_/Q
 _09812_/Q
 _09813_/Q
 _09814_/Q
 _09815_/Q
 _09816_/Q
 _09817_/Q
 _09818_/Q
 _09819_/Q
 _09820_/Q
 _09821_/Q
 _09822_/Q
 _09823_/Q
 _09824_/Q
 _09825_/Q
 _09826_/Q
 _09827_/Q
 _09828_/Q
 _09829_/Q
 _09830_/Q
 _09831_/Q
 _09832_/Q
 _09833_/Q
 _09834_/Q
 _09835_/Q
 _09836_/Q
 _09837_/Q
 _09838_/Q
 _09839_/Q
 _09840_/Q
 _09841_/Q
 _09842_/Q
 _09843_/Q
 _09844_/Q
 _09845_/Q
 _09846_/Q
 _09847_/Q
 _09848_/Q
 _09849_/Q
 _09850_/Q
 _09851_/Q
 _09852_/Q
 _09853_/Q
 _09854_/Q
 _09855_/Q
 _09856_/Q
 _09857_/Q
 _09858_/Q
 _09859_/Q
 _09860_/Q
 _09861_/Q
 _09862_/Q
 _09863_/Q
 _09864_/Q
 _09865_/Q
 _09866_/Q
 _09867_/Q
 _09868_/Q
 _09869_/Q
 _09870_/Q
 _09871_/Q
 _09872_/Q
 _09873_/Q
 _09874_/Q
 _09875_/Q
 _09876_/Q
 _09877_/Q
 _09878_/Q
 _09879_/Q
 _09880_/Q
 _09881_/Q
 _09882_/Q
 _09883_/Q
 _09884_/Q
 _09885_/Q
 _09886_/Q
 _09887_/Q
 _09888_/Q
 _09889_/Q
 _09890_/Q
 _09891_/Q
 _09892_/Q
 _09893_/Q
 _09894_/Q
 _09895_/Q
 _09896_/Q
 _09897_/Q
 _09898_/Q
 _09899_/Q
 _09900_/Q
 _09901_/Q
 _09902_/Q
 _09903_/Q
 _09904_/Q
 _09905_/Q
 _09906_/Q
 _09907_/Q
 _09908_/Q
 _09909_/Q
 _09910_/Q
 _09911_/Q
 _09912_/Q
 _09913_/Q
 _09914_/Q
 _09915_/Q
 _09916_/Q
 _09917_/Q
 _09918_/Q
 _09919_/Q
 _09920_/Q
 _09921_/Q
 _09922_/Q
 _09923_/Q
 _09924_/Q
 _09925_/Q
 _09926_/Q
 _09927_/Q
 _09928_/Q
 _09929_/Q
 _09930_/Q
 _09931_/Q
 _09932_/Q
 _09933_/Q
 _09934_/Q
 _09935_/Q
 _09936_/Q
 _09937_/Q
 _09938_/Q
 _09939_/Q
 _09940_/Q
 _09941_/Q
 _09942_/Q
 _09943_/Q
 _09944_/Q
 _09945_/Q
 _09946_/Q
 _09947_/Q
 _09948_/Q
 _09949_/Q
 _09950_/Q
 _09951_/Q
 _09952_/Q
 _09953_/Q
 _09954_/Q
 _09955_/Q
 _09956_/Q
 _09957_/Q
 _09958_/Q
 _09959_/Q
 _09960_/Q
 _09961_/Q
 _09962_/Q
 _09963_/Q
 _09964_/Q
 _09965_/Q
 _09966_/Q
 _09967_/Q
 _09968_/Q
 _09969_/Q
 _09970_/Q
 _09971_/Q
 _09972_/Q
 _09973_/Q
 _09974_/Q
 _09975_/Q
 _09976_/Q
 _09977_/Q
 _09978_/Q
 _09979_/Q
 _09980_/Q
 _09981_/Q
 _09982_/Q
 _09983_/Q
 _09984_/Q
 _09985_/Q
 _09986_/Q
 _09987_/Q
 _09988_/Q
 _09989_/Q
 _09990_/Q
 _09991_/Q
 _09992_/Q
 _09993_/Q
 _09994_/Q
 _09995_/Q
 _09996_/Q
 _09997_/Q
 _09998_/Q
 _09999_/Q
 _10000_/Q
 _10001_/Q
 _10002_/Q
 _10003_/Q
 _10004_/Q
 _10005_/Q
 _10006_/Q
 _10007_/Q
 _10008_/Q
 _10009_/Q
 _10010_/Q
 _10011_/Q
 _10012_/Q
 _10013_/Q
 _10014_/Q
 _10015_/Q
 _10016_/Q
 _10017_/Q
 _10018_/Q
 _10019_/Q
 _10020_/Q
 _10021_/Q
 _10022_/Q
 _10023_/Q
 _10024_/Q
 _10025_/Q
 _10026_/Q
 _10027_/Q
 _10028_/Q
 _10029_/Q
 _10030_/Q
 _10031_/Q
 _10032_/Q
 _10033_/Q
 _10034_/Q
 _10035_/Q
 _10036_/Q
 _10037_/Q
 _10038_/Q
 _10039_/Q
 _10040_/Q
 _10041_/Q
 _10042_/HI
 _10042_/LO
Found 0 partially unannotated drivers.

===========================================================================
max slew violation count 0
max fanout violation count 0
max cap violation count 0
============================================================================

===========================================================================
check_setup -verbose -unconstrained_endpoints -multiple_clock -no_clock -no_input_delay -loops -generated_clocks
===========================================================================
Warning: There are 2 input ports missing set_input_delay.
  control
  reset
Warning: There are 8 unconstrained endpoints.
  an0
  display[0]
  display[1]
  display[2]
  display[3]
  display[4]
  display[5]
  display[6]
