OpenROAD b16bda7e82721d10566ff7e2b68f1ff0be9f9e38 
Features included (+) or not (-): +Charts +GPU +GUI +Python
This program is licensed under the BSD-3 license. See the LICENSE file for details.
Components of this program may be licensed under more restrictive licenses which must be honored.
define_corners Typical
read_liberty -corner Typical /root/.volare/sky130A/libs.ref/sky130_fd_sc_hd/lib/sky130_fd_sc_hd__tt_025C_1v80.lib
Using 1e-12 for capacitance...
Using 1e+03 for resistance...
Using 1e-09 for time...
Using 1e+00 for voltage...
Using 1e-03 for current...
Using 1e-09 for power...
Using 1e-06 for distance...
[INFO ODB-0227] LEF file: /openlane/designs/cpu/runs/RUN_2025.06.08_22.25.43/tmp/merged.nom.lef, created 13 layers, 25 vias, 441 library cells
Reading netlist '/openlane/designs/cpu/runs/RUN_2025.06.08_22.25.43/results/synthesis/cpu.v'…
Reading design constraints file at '/openlane/designs/cpu/src/cpu.sdc'…
[INFO IFP-0001] Added 916 rows of 5421 site unithd.
[INFO IFP-0030] Inserted 0 tiecells using sky130_fd_sc_hd__conb_1/LO.
[INFO IFP-0030] Inserted 0 tiecells using sky130_fd_sc_hd__conb_1/HI.
[INFO] Extracting DIE_AREA and CORE_AREA from the floorplan
[INFO] Floorplanned on a die area of 0.0 0.0 2504.975 2515.695 (microns). Saving to /openlane/designs/cpu/runs/RUN_2025.06.08_22.25.43/reports/floorplan/3-initial_fp_die_area.rpt.
[INFO] Floorplanned on a core area of 5.52 10.88 2499.18 2502.4 (microns). Saving to /openlane/designs/cpu/runs/RUN_2025.06.08_22.25.43/reports/floorplan/3-initial_fp_core_area.rpt.
Writing OpenROAD database to '/openlane/designs/cpu/runs/RUN_2025.06.08_22.25.43/tmp/floorplan/3-initial_fp.odb'…
Writing layout to '/openlane/designs/cpu/runs/RUN_2025.06.08_22.25.43/tmp/floorplan/3-initial_fp.def'…
Writing timing constraints to '/openlane/designs/cpu/runs/RUN_2025.06.08_22.25.43/tmp/floorplan/3-initial_fp.sdc'…
