
===========================================================================
 report_power
============================================================================
======================= Fastest Corner ===================================

Group                  Internal  Switching    Leakage      Total
                          Power      Power      Power      Power (Watts)
----------------------------------------------------------------
Sequential             0.00e+00   0.00e+00   0.00e+00   0.00e+00   0.0%
Combinational          2.94e-07   8.65e-07   1.66e-11   1.16e-06 100.0%
Clock                  0.00e+00   0.00e+00   1.29e-10   1.29e-10   0.0%
Macro                  0.00e+00   0.00e+00   0.00e+00   0.00e+00   0.0%
Pad                    0.00e+00   0.00e+00   0.00e+00   0.00e+00   0.0%
----------------------------------------------------------------
Total                  2.94e-07   8.65e-07   1.46e-10   1.16e-06 100.0%
                          25.3%      74.6%       0.0%

======================= Slowest Corner ===================================

Group                  Internal  Switching    Leakage      Total
                          Power      Power      Power      Power (Watts)
----------------------------------------------------------------
Sequential             0.00e+00   0.00e+00   0.00e+00   0.00e+00   0.0%
Combinational          2.20e-07   5.80e-07   1.46e-08   8.15e-07 100.0%
Clock                  0.00e+00   0.00e+00   1.29e-10   1.29e-10   0.0%
Macro                  0.00e+00   0.00e+00   0.00e+00   0.00e+00   0.0%
Pad                    0.00e+00   0.00e+00   0.00e+00   0.00e+00   0.0%
----------------------------------------------------------------
Total                  2.20e-07   5.80e-07   1.47e-08   8.15e-07 100.0%
                          27.0%      71.2%       1.8%

======================= Typical Corner ===================================

Group                  Internal  Switching    Leakage      Total
                          Power      Power      Power      Power (Watts)
----------------------------------------------------------------
Sequential             0.00e+00   0.00e+00   0.00e+00   0.00e+00   0.0%
Combinational          2.65e-07   7.36e-07   9.36e-12   1.00e-06 100.0%
Clock                  0.00e+00   0.00e+00   1.29e-10   1.29e-10   0.0%
Macro                  0.00e+00   0.00e+00   0.00e+00   0.00e+00   0.0%
Pad                    0.00e+00   0.00e+00   0.00e+00   0.00e+00   0.0%
----------------------------------------------------------------
Total                  2.65e-07   7.36e-07   1.38e-10   1.00e-06 100.0%
                          26.5%      73.5%       0.0%

