OpenROAD b16bda7e82721d10566ff7e2b68f1ff0be9f9e38 
Features included (+) or not (-): +Charts +GPU +GUI +Python
This program is licensed under the BSD-3 license. See the LICENSE file for details.
Components of this program may be licensed under more restrictive licenses which must be honored.
[INFO ODB-0227] LEF file: /openlane/designs/register_file/runs/RUN_2025.06.04_17.28.17/tmp/merged.nom.lef, created 13 layers, 25 vias, 441 library cells
[INFO ODB-0127] Reading DEF file: /openlane/designs/register_file/runs/RUN_2025.06.04_17.28.17/results/routing/register_file.def
[INFO ODB-0128] Design: register_file
[INFO ODB-0094] 		Created 100000 Insts
[INFO ODB-0094] 		Created 200000 Insts
[INFO ODB-0094] 		Created 300000 Insts
[INFO ODB-0094] 		Created 400000 Insts
[INFO ODB-0094] 		Created 500000 Insts
[INFO ODB-0094] 		Created 600000 Insts
[INFO ODB-0130]     Created 115 pins.
[INFO ODB-0131]     Created 676558 components and 2640813 component-terminals.
[INFO ODB-0132]     Created 2 special nets and 2544864 connections.
[INFO ODB-0133]     Created 6633 nets and 95844 connections.
[INFO ODB-0134] Finished DEF file: /openlane/designs/register_file/runs/RUN_2025.06.04_17.28.17/results/routing/register_file.def
Top-level design name: register_file
Found default power net 'VPWR'
Found default ground net 'VGND'
Found 1 power ports.
Found 1 ground ports.
Modified power connections of 676558/676558 cells.
