Netgen 1.5.270 compiled on Sun Jun  2 19:00:27 UTC 2024
Warning: netgen command 'format' use fully-qualified name '::netgen::format'
Warning: netgen command 'global' use fully-qualified name '::netgen::global'
Generating JSON file result
Reading netlist file /openlane/designs/register_file/runs/RUN_2025.06.04_17.28.17/results/signoff/register_file.spice
Reading netlist file /openlane/designs/register_file/runs/RUN_2025.06.04_17.28.17/tmp/signoff/34-register_file.pnl.v
Warning:  A case-insensitive file has been read and so the	verilog file must be treated case-insensitive to match.
Creating placeholder cell definition for module sky130_fd_sc_hd__decap_3.
Creating placeholder cell definition for module sky130_ef_sc_hd__decap_12.
Creating placeholder cell definition for module sky130_fd_sc_hd__fill_2.
Creating placeholder cell definition for module sky130_fd_sc_hd__decap_8.
Creating placeholder cell definition for module sky130_fd_sc_hd__fill_1.
Creating placeholder cell definition for module sky130_fd_sc_hd__decap_4.
Creating placeholder cell definition for module sky130_fd_sc_hd__decap_6.
Creating placeholder cell definition for module sky130_fd_sc_hd__diode_2.
Creating placeholder cell definition for module sky130_fd_sc_hd__tapvpwrvgnd_1.
Creating placeholder cell definition for module sky130_fd_sc_hd__mux2_8.
Creating placeholder cell definition for module sky130_fd_sc_hd__buf_12.
Creating placeholder cell definition for module sky130_fd_sc_hd__clkbuf_8.
Creating placeholder cell definition for module sky130_fd_sc_hd__clkbuf_16.
Creating placeholder cell definition for module sky130_fd_sc_hd__buf_6.
Creating placeholder cell definition for module sky130_fd_sc_hd__mux2_2.
Creating placeholder cell definition for module sky130_fd_sc_hd__buf_4.
Creating placeholder cell definition for module sky130_fd_sc_hd__buf_8.
Creating placeholder cell definition for module sky130_fd_sc_hd__mux2_4.
Creating placeholder cell definition for module sky130_fd_sc_hd__nand2_8.
Creating placeholder cell definition for module sky130_fd_sc_hd__buf_1.
Creating placeholder cell definition for module sky130_fd_sc_hd__clkbuf_2.
Creating placeholder cell definition for module sky130_fd_sc_hd__nor2_1.
Creating placeholder cell definition for module sky130_fd_sc_hd__buf_2.
Creating placeholder cell definition for module sky130_fd_sc_hd__clkbuf_4.
Creating placeholder cell definition for module sky130_fd_sc_hd__and3_4.
Creating placeholder cell definition for module sky130_fd_sc_hd__or3b_4.
Creating placeholder cell definition for module sky130_fd_sc_hd__nand3b_4.
Creating placeholder cell definition for module sky130_fd_sc_hd__nor2_8.
Creating placeholder cell definition for module sky130_fd_sc_hd__or3_4.
Creating placeholder cell definition for module sky130_fd_sc_hd__and3b_4.
Creating placeholder cell definition for module sky130_fd_sc_hd__and2_1.
Creating placeholder cell definition for module sky130_fd_sc_hd__mux2_1.
Creating placeholder cell definition for module sky130_fd_sc_hd__and2_4.
Creating placeholder cell definition for module sky130_fd_sc_hd__nand2_2.
Creating placeholder cell definition for module sky130_fd_sc_hd__dlymetal6s2s_1.
Creating placeholder cell definition for module sky130_fd_sc_hd__clkbuf_1.
Creating placeholder cell definition for module sky130_fd_sc_hd__inv_16.
Creating placeholder cell definition for module sky130_fd_sc_hd__mux4_2.
Creating placeholder cell definition for module sky130_fd_sc_hd__or2b_4.
Creating placeholder cell definition for module sky130_fd_sc_hd__or2_4.
Creating placeholder cell definition for module sky130_fd_sc_hd__o22a_4.
Creating placeholder cell definition for module sky130_fd_sc_hd__o211a_4.
Creating placeholder cell definition for module sky130_fd_sc_hd__or2_2.
Creating placeholder cell definition for module sky130_fd_sc_hd__nor2_4.
Creating placeholder cell definition for module sky130_fd_sc_hd__and2b_1.
Creating placeholder cell definition for module sky130_fd_sc_hd__a22o_4.
Creating placeholder cell definition for module sky130_fd_sc_hd__a21o_4.
Creating placeholder cell definition for module sky130_fd_sc_hd__a32o_4.
Creating placeholder cell definition for module sky130_fd_sc_hd__o31a_2.
Creating placeholder cell definition for module sky130_fd_sc_hd__o21a_4.
Creating placeholder cell definition for module sky130_fd_sc_hd__o21ai_4.
Creating placeholder cell definition for module sky130_fd_sc_hd__o311a_4.
Creating placeholder cell definition for module sky130_fd_sc_hd__o22a_2.
Creating placeholder cell definition for module sky130_fd_sc_hd__clkinv_16.
Creating placeholder cell definition for module sky130_fd_sc_hd__o221ai_4.
Creating placeholder cell definition for module sky130_fd_sc_hd__a22oi_2.
Creating placeholder cell definition for module sky130_fd_sc_hd__o221a_4.
Creating placeholder cell definition for module sky130_fd_sc_hd__a32o_2.
Creating placeholder cell definition for module sky130_fd_sc_hd__o31a_4.
Creating placeholder cell definition for module sky130_fd_sc_hd__a31o_4.
Creating placeholder cell definition for module sky130_fd_sc_hd__mux4_1.
Creating placeholder cell definition for module sky130_fd_sc_hd__a31o_2.
Creating placeholder cell definition for module sky130_fd_sc_hd__a21o_1.
Creating placeholder cell definition for module sky130_fd_sc_hd__a22o_1.
Creating placeholder cell definition for module sky130_fd_sc_hd__o21a_2.
Creating placeholder cell definition for module sky130_fd_sc_hd__a211o_4.
Creating placeholder cell definition for module sky130_fd_sc_hd__or2_1.
Creating placeholder cell definition for module sky130_fd_sc_hd__o22a_1.
Creating placeholder cell definition for module sky130_fd_sc_hd__o211a_2.
Creating placeholder cell definition for module sky130_fd_sc_hd__o211a_1.
Creating placeholder cell definition for module sky130_fd_sc_hd__o221a_1.
Creating placeholder cell definition for module sky130_fd_sc_hd__inv_12.
Creating placeholder cell definition for module sky130_fd_sc_hd__o2111a_4.
Creating placeholder cell definition for module sky130_fd_sc_hd__nor2b_4.
Creating placeholder cell definition for module sky130_fd_sc_hd__and2b_4.
Creating placeholder cell definition for module sky130_fd_sc_hd__a32o_1.
Creating placeholder cell definition for module sky130_fd_sc_hd__a21o_2.
Creating placeholder cell definition for module sky130_fd_sc_hd__o21a_1.
Creating placeholder cell definition for module sky130_fd_sc_hd__o21ba_4.
Creating placeholder cell definition for module sky130_fd_sc_hd__o221a_2.
Creating placeholder cell definition for module sky130_fd_sc_hd__a21oi_4.
Creating placeholder cell definition for module sky130_fd_sc_hd__nor2_2.
Creating placeholder cell definition for module sky130_fd_sc_hd__a22o_2.
Creating placeholder cell definition for module sky130_fd_sc_hd__nand3_2.
Creating placeholder cell definition for module sky130_fd_sc_hd__dfxtp_4.
Creating placeholder cell definition for module sky130_fd_sc_hd__dfxtp_2.
Creating placeholder cell definition for module sky130_fd_sc_hd__dfxtp_1.
Creating placeholder cell definition for module sky130_fd_sc_hd__clkinv_2.
Creating placeholder cell definition for module sky130_fd_sc_hd__bufinv_8.
Note:  Implicit pin X in instance clkload10 of sky130_fd_sc_hd__clkbuf_4 in cell register_file
Note:  Implicit pin X in instance clkload100 of sky130_fd_sc_hd__clkbuf_4 in cell register_file
Note:  Implicit pin X in instance clkload101 of sky130_fd_sc_hd__clkbuf_4 in cell register_file
Note:  Implicit pin X in instance clkload102 of sky130_fd_sc_hd__clkbuf_4 in cell register_file
Note:  Implicit pin X in instance clkload103 of sky130_fd_sc_hd__clkbuf_4 in cell register_file
Note:  Implicit pin X in instance clkload104 of sky130_fd_sc_hd__clkbuf_4 in cell register_file
Creating placeholder cell definition for module sky130_fd_sc_hd__clkinv_1.
Note:  Implicit pin X in instance clkload13 of sky130_fd_sc_hd__clkbuf_4 in cell register_file
Note:  Implicit pin X in instance clkload14 of sky130_fd_sc_hd__clkbuf_4 in cell register_file
Creating placeholder cell definition for module sky130_fd_sc_hd__inv_8.
Creating placeholder cell definition for module sky130_fd_sc_hd__clkinvlp_4.
Note:  Implicit pin X in instance clkload18 of sky130_fd_sc_hd__clkbuf_8 in cell register_file
Creating placeholder cell definition for module sky130_fd_sc_hd__inv_2.
Creating placeholder cell definition for module sky130_fd_sc_hd__clkinv_4.
Note:  Implicit pin X in instance clkload20 of sky130_fd_sc_hd__clkbuf_4 in cell register_file
Creating placeholder cell definition for module sky130_fd_sc_hd__bufinv_16.
Creating placeholder cell definition for module sky130_fd_sc_hd__inv_6.
Note:  Implicit pin X in instance clkload23 of sky130_fd_sc_hd__clkbuf_4 in cell register_file
Note:  Implicit pin X in instance clkload24 of sky130_fd_sc_hd__clkbuf_4 in cell register_file
Note:  Implicit pin X in instance clkload26 of sky130_fd_sc_hd__clkbuf_4 in cell register_file
Note:  Implicit pin X in instance clkload3 of sky130_fd_sc_hd__clkbuf_4 in cell register_file
Note:  Implicit pin X in instance clkload31 of sky130_fd_sc_hd__clkbuf_4 in cell register_file
Note:  Implicit pin X in instance clkload32 of sky130_fd_sc_hd__clkbuf_4 in cell register_file
Note:  Implicit pin X in instance clkload33 of sky130_fd_sc_hd__clkbuf_4 in cell register_file
Note:  Implicit pin X in instance clkload34 of sky130_fd_sc_hd__clkbuf_4 in cell register_file
Note:  Implicit pin X in instance clkload35 of sky130_fd_sc_hd__clkbuf_4 in cell register_file
Note:  Implicit pin X in instance clkload36 of sky130_fd_sc_hd__clkbuf_4 in cell register_file
Note:  Implicit pin X in instance clkload37 of sky130_fd_sc_hd__clkbuf_4 in cell register_file
Note:  Implicit pin X in instance clkload38 of sky130_fd_sc_hd__clkbuf_4 in cell register_file
Note:  Implicit pin X in instance clkload39 of sky130_fd_sc_hd__clkbuf_4 in cell register_file
Note:  Implicit pin X in instance clkload4 of sky130_fd_sc_hd__clkbuf_8 in cell register_file
Note:  Implicit pin X in instance clkload40 of sky130_fd_sc_hd__clkbuf_4 in cell register_file
Note:  Implicit pin X in instance clkload41 of sky130_fd_sc_hd__clkbuf_4 in cell register_file
Note:  Implicit pin X in instance clkload42 of sky130_fd_sc_hd__clkbuf_4 in cell register_file
Note:  Implicit pin X in instance clkload43 of sky130_fd_sc_hd__clkbuf_4 in cell register_file
Note:  Implicit pin X in instance clkload48 of sky130_fd_sc_hd__clkbuf_4 in cell register_file
Note:  Implicit pin X in instance clkload49 of sky130_fd_sc_hd__clkbuf_4 in cell register_file
Note:  Implicit pin X in instance clkload5 of sky130_fd_sc_hd__clkbuf_4 in cell register_file
Note:  Implicit pin X in instance clkload50 of sky130_fd_sc_hd__clkbuf_4 in cell register_file
Note:  Implicit pin X in instance clkload51 of sky130_fd_sc_hd__clkbuf_4 in cell register_file
Note:  Implicit pin X in instance clkload52 of sky130_fd_sc_hd__clkbuf_4 in cell register_file
Note:  Implicit pin X in instance clkload53 of sky130_fd_sc_hd__clkbuf_4 in cell register_file
Note:  Implicit pin X in instance clkload54 of sky130_fd_sc_hd__clkbuf_4 in cell register_file
Note:  Implicit pin X in instance clkload55 of sky130_fd_sc_hd__clkbuf_4 in cell register_file
Note:  Implicit pin X in instance clkload56 of sky130_fd_sc_hd__clkbuf_4 in cell register_file
Note:  Implicit pin X in instance clkload57 of sky130_fd_sc_hd__clkbuf_4 in cell register_file
Note:  Implicit pin X in instance clkload58 of sky130_fd_sc_hd__clkbuf_4 in cell register_file
Note:  Implicit pin X in instance clkload59 of sky130_fd_sc_hd__clkbuf_4 in cell register_file
Note:  Implicit pin X in instance clkload60 of sky130_fd_sc_hd__clkbuf_4 in cell register_file
Note:  Implicit pin X in instance clkload61 of sky130_fd_sc_hd__clkbuf_4 in cell register_file
Note:  Implicit pin X in instance clkload62 of sky130_fd_sc_hd__clkbuf_4 in cell register_file
Note:  Implicit pin X in instance clkload63 of sky130_fd_sc_hd__clkbuf_4 in cell register_file
Note:  Implicit pin X in instance clkload64 of sky130_fd_sc_hd__clkbuf_4 in cell register_file
Note:  Implicit pin X in instance clkload65 of sky130_fd_sc_hd__clkbuf_4 in cell register_file
Note:  Implicit pin X in instance clkload66 of sky130_fd_sc_hd__clkbuf_4 in cell register_file
Note:  Implicit pin X in instance clkload67 of sky130_fd_sc_hd__clkbuf_4 in cell register_file
Note:  Implicit pin X in instance clkload68 of sky130_fd_sc_hd__clkbuf_4 in cell register_file
Note:  Implicit pin X in instance clkload69 of sky130_fd_sc_hd__clkbuf_4 in cell register_file
Creating placeholder cell definition for module sky130_fd_sc_hd__inv_4.
Note:  Implicit pin X in instance clkload70 of sky130_fd_sc_hd__clkbuf_4 in cell register_file
Note:  Implicit pin X in instance clkload71 of sky130_fd_sc_hd__clkbuf_4 in cell register_file
Note:  Implicit pin X in instance clkload72 of sky130_fd_sc_hd__clkbuf_4 in cell register_file
Note:  Implicit pin X in instance clkload73 of sky130_fd_sc_hd__clkbuf_4 in cell register_file
Note:  Implicit pin X in instance clkload74 of sky130_fd_sc_hd__clkbuf_4 in cell register_file
Note:  Implicit pin X in instance clkload75 of sky130_fd_sc_hd__clkbuf_4 in cell register_file
Note:  Implicit pin X in instance clkload76 of sky130_fd_sc_hd__clkbuf_4 in cell register_file
Note:  Implicit pin X in instance clkload77 of sky130_fd_sc_hd__clkbuf_4 in cell register_file
Note:  Implicit pin X in instance clkload78 of sky130_fd_sc_hd__clkbuf_4 in cell register_file
Note:  Implicit pin X in instance clkload79 of sky130_fd_sc_hd__clkbuf_4 in cell register_file
Note:  Implicit pin X in instance clkload80 of sky130_fd_sc_hd__clkbuf_4 in cell register_file
Note:  Implicit pin X in instance clkload81 of sky130_fd_sc_hd__clkbuf_4 in cell register_file
Note:  Implicit pin X in instance clkload82 of sky130_fd_sc_hd__clkbuf_4 in cell register_file
Note:  Implicit pin X in instance clkload83 of sky130_fd_sc_hd__clkbuf_4 in cell register_file
Note:  Implicit pin X in instance clkload84 of sky130_fd_sc_hd__clkbuf_4 in cell register_file
Note:  Implicit pin X in instance clkload85 of sky130_fd_sc_hd__clkbuf_4 in cell register_file
Note:  Implicit pin X in instance clkload87 of sky130_fd_sc_hd__clkbuf_4 in cell register_file
Note:  Implicit pin X in instance clkload88 of sky130_fd_sc_hd__clkbuf_4 in cell register_file
Note:  Implicit pin X in instance clkload89 of sky130_fd_sc_hd__clkbuf_4 in cell register_file
Note:  Implicit pin X in instance clkload90 of sky130_fd_sc_hd__clkbuf_4 in cell register_file
Note:  Implicit pin X in instance clkload91 of sky130_fd_sc_hd__clkbuf_4 in cell register_file
Note:  Implicit pin X in instance clkload92 of sky130_fd_sc_hd__clkbuf_4 in cell register_file
Note:  Implicit pin X in instance clkload93 of sky130_fd_sc_hd__clkbuf_4 in cell register_file
Note:  Implicit pin X in instance clkload94 of sky130_fd_sc_hd__clkbuf_4 in cell register_file
Note:  Implicit pin X in instance clkload95 of sky130_fd_sc_hd__clkbuf_4 in cell register_file
Note:  Implicit pin X in instance clkload96 of sky130_fd_sc_hd__clkbuf_4 in cell register_file
Note:  Implicit pin X in instance clkload97 of sky130_fd_sc_hd__clkbuf_4 in cell register_file
Note:  Implicit pin X in instance clkload98 of sky130_fd_sc_hd__clkbuf_4 in cell register_file
Note:  Implicit pin X in instance clkload99 of sky130_fd_sc_hd__clkbuf_4 in cell register_file

Reading setup file /root/.volare/sky130A/libs.tech/netgen/sky130A_setup.tcl

Comparison output logged to file /openlane/designs/register_file/runs/RUN_2025.06.04_17.28.17/logs/signoff/37-register_file.lef.lvs.log
Logging to file "/openlane/designs/register_file/runs/RUN_2025.06.04_17.28.17/logs/signoff/37-register_file.lef.lvs.log" enabled

Contents of circuit 1:  Circuit: 'sky130_fd_sc_hd__tapvpwrvgnd_1'
Circuit sky130_fd_sc_hd__tapvpwrvgnd_1 contains 0 device instances.
Circuit contains 0 nets, and 2 disconnected pins.
Contents of circuit 2:  Circuit: 'sky130_fd_sc_hd__tapvpwrvgnd_1'
Circuit sky130_fd_sc_hd__tapvpwrvgnd_1 contains 0 device instances.
Circuit contains 0 nets.

Circuit sky130_fd_sc_hd__tapvpwrvgnd_1 contains no devices.

Contents of circuit 1:  Circuit: 'sky130_ef_sc_hd__decap_12'
Circuit sky130_ef_sc_hd__decap_12 contains 0 device instances.
Circuit contains 0 nets, and 4 disconnected pins.
Contents of circuit 2:  Circuit: 'sky130_ef_sc_hd__decap_12'
Circuit sky130_ef_sc_hd__decap_12 contains 0 device instances.
Circuit contains 0 nets.

Circuit sky130_ef_sc_hd__decap_12 contains no devices.

Contents of circuit 1:  Circuit: 'sky130_fd_sc_hd__fill_1'
Circuit sky130_fd_sc_hd__fill_1 contains 0 device instances.
Circuit contains 0 nets, and 4 disconnected pins.
Contents of circuit 2:  Circuit: 'sky130_fd_sc_hd__fill_1'
Circuit sky130_fd_sc_hd__fill_1 contains 0 device instances.
Circuit contains 0 nets.

Circuit sky130_fd_sc_hd__fill_1 contains no devices.

Contents of circuit 1:  Circuit: 'sky130_fd_sc_hd__diode_2'
Circuit sky130_fd_sc_hd__diode_2 contains 0 device instances.
Circuit contains 0 nets, and 5 disconnected pins.
Contents of circuit 2:  Circuit: 'sky130_fd_sc_hd__diode_2'
Circuit sky130_fd_sc_hd__diode_2 contains 0 device instances.
Circuit contains 0 nets.

Circuit sky130_fd_sc_hd__diode_2 contains no devices.

Contents of circuit 1:  Circuit: 'sky130_fd_sc_hd__decap_4'
Circuit sky130_fd_sc_hd__decap_4 contains 0 device instances.
Circuit contains 0 nets, and 4 disconnected pins.
Contents of circuit 2:  Circuit: 'sky130_fd_sc_hd__decap_4'
Circuit sky130_fd_sc_hd__decap_4 contains 0 device instances.
Circuit contains 0 nets.

Circuit sky130_fd_sc_hd__decap_4 contains no devices.

Contents of circuit 1:  Circuit: 'sky130_fd_sc_hd__decap_6'
Circuit sky130_fd_sc_hd__decap_6 contains 0 device instances.
Circuit contains 0 nets, and 4 disconnected pins.
Contents of circuit 2:  Circuit: 'sky130_fd_sc_hd__decap_6'
Circuit sky130_fd_sc_hd__decap_6 contains 0 device instances.
Circuit contains 0 nets.

Circuit sky130_fd_sc_hd__decap_6 contains no devices.

Contents of circuit 1:  Circuit: 'sky130_fd_sc_hd__decap_8'
Circuit sky130_fd_sc_hd__decap_8 contains 0 device instances.
Circuit contains 0 nets, and 4 disconnected pins.
Contents of circuit 2:  Circuit: 'sky130_fd_sc_hd__decap_8'
Circuit sky130_fd_sc_hd__decap_8 contains 0 device instances.
Circuit contains 0 nets.

Circuit sky130_fd_sc_hd__decap_8 contains no devices.

Contents of circuit 1:  Circuit: 'sky130_fd_sc_hd__decap_3'
Circuit sky130_fd_sc_hd__decap_3 contains 0 device instances.
Circuit contains 0 nets, and 4 disconnected pins.
Contents of circuit 2:  Circuit: 'sky130_fd_sc_hd__decap_3'
Circuit sky130_fd_sc_hd__decap_3 contains 0 device instances.
Circuit contains 0 nets.

Circuit sky130_fd_sc_hd__decap_3 contains no devices.

Contents of circuit 1:  Circuit: 'sky130_fd_sc_hd__fill_2'
Circuit sky130_fd_sc_hd__fill_2 contains 0 device instances.
Circuit contains 0 nets, and 4 disconnected pins.
Contents of circuit 2:  Circuit: 'sky130_fd_sc_hd__fill_2'
Circuit sky130_fd_sc_hd__fill_2 contains 0 device instances.
Circuit contains 0 nets.

Circuit sky130_fd_sc_hd__fill_2 contains no devices.

Contents of circuit 1:  Circuit: 'sky130_fd_sc_hd__dfxtp_4'
Circuit sky130_fd_sc_hd__dfxtp_4 contains 0 device instances.
Circuit contains 0 nets, and 7 disconnected pins.
Contents of circuit 2:  Circuit: 'sky130_fd_sc_hd__dfxtp_4'
Circuit sky130_fd_sc_hd__dfxtp_4 contains 0 device instances.
Circuit contains 0 nets.

Circuit sky130_fd_sc_hd__dfxtp_4 contains no devices.

Contents of circuit 1:  Circuit: 'sky130_fd_sc_hd__mux2_4'
Circuit sky130_fd_sc_hd__mux2_4 contains 0 device instances.
Circuit contains 0 nets, and 8 disconnected pins.
Contents of circuit 2:  Circuit: 'sky130_fd_sc_hd__mux2_4'
Circuit sky130_fd_sc_hd__mux2_4 contains 0 device instances.
Circuit contains 0 nets.

Circuit sky130_fd_sc_hd__mux2_4 contains no devices.

Contents of circuit 1:  Circuit: 'sky130_fd_sc_hd__dfxtp_1'
Circuit sky130_fd_sc_hd__dfxtp_1 contains 0 device instances.
Circuit contains 0 nets, and 7 disconnected pins.
Contents of circuit 2:  Circuit: 'sky130_fd_sc_hd__dfxtp_1'
Circuit sky130_fd_sc_hd__dfxtp_1 contains 0 device instances.
Circuit contains 0 nets.

Circuit sky130_fd_sc_hd__dfxtp_1 contains no devices.

Contents of circuit 1:  Circuit: 'sky130_fd_sc_hd__o22a_4'
Circuit sky130_fd_sc_hd__o22a_4 contains 0 device instances.
Circuit contains 0 nets, and 9 disconnected pins.
Contents of circuit 2:  Circuit: 'sky130_fd_sc_hd__o22a_4'
Circuit sky130_fd_sc_hd__o22a_4 contains 0 device instances.
Circuit contains 0 nets.

Circuit sky130_fd_sc_hd__o22a_4 contains no devices.

Contents of circuit 1:  Circuit: 'sky130_fd_sc_hd__a21o_4'
Circuit sky130_fd_sc_hd__a21o_4 contains 0 device instances.
Circuit contains 0 nets, and 8 disconnected pins.
Contents of circuit 2:  Circuit: 'sky130_fd_sc_hd__a21o_4'
Circuit sky130_fd_sc_hd__a21o_4 contains 0 device instances.
Circuit contains 0 nets.

Circuit sky130_fd_sc_hd__a21o_4 contains no devices.

Contents of circuit 1:  Circuit: 'sky130_fd_sc_hd__buf_12'
Circuit sky130_fd_sc_hd__buf_12 contains 0 device instances.
Circuit contains 0 nets, and 6 disconnected pins.
Contents of circuit 2:  Circuit: 'sky130_fd_sc_hd__buf_12'
Circuit sky130_fd_sc_hd__buf_12 contains 0 device instances.
Circuit contains 0 nets.

Circuit sky130_fd_sc_hd__buf_12 contains no devices.

Contents of circuit 1:  Circuit: 'sky130_fd_sc_hd__buf_8'
Circuit sky130_fd_sc_hd__buf_8 contains 0 device instances.
Circuit contains 0 nets, and 6 disconnected pins.
Contents of circuit 2:  Circuit: 'sky130_fd_sc_hd__buf_8'
Circuit sky130_fd_sc_hd__buf_8 contains 0 device instances.
Circuit contains 0 nets.

Circuit sky130_fd_sc_hd__buf_8 contains no devices.

Contents of circuit 1:  Circuit: 'sky130_fd_sc_hd__mux2_8'
Circuit sky130_fd_sc_hd__mux2_8 contains 0 device instances.
Circuit contains 0 nets, and 8 disconnected pins.
Contents of circuit 2:  Circuit: 'sky130_fd_sc_hd__mux2_8'
Circuit sky130_fd_sc_hd__mux2_8 contains 0 device instances.
Circuit contains 0 nets.

Circuit sky130_fd_sc_hd__mux2_8 contains no devices.

Contents of circuit 1:  Circuit: 'sky130_fd_sc_hd__buf_2'
Circuit sky130_fd_sc_hd__buf_2 contains 0 device instances.
Circuit contains 0 nets, and 6 disconnected pins.
Contents of circuit 2:  Circuit: 'sky130_fd_sc_hd__buf_2'
Circuit sky130_fd_sc_hd__buf_2 contains 0 device instances.
Circuit contains 0 nets.

Circuit sky130_fd_sc_hd__buf_2 contains no devices.

Contents of circuit 1:  Circuit: 'sky130_fd_sc_hd__a22o_4'
Circuit sky130_fd_sc_hd__a22o_4 contains 0 device instances.
Circuit contains 0 nets, and 9 disconnected pins.
Contents of circuit 2:  Circuit: 'sky130_fd_sc_hd__a22o_4'
Circuit sky130_fd_sc_hd__a22o_4 contains 0 device instances.
Circuit contains 0 nets.

Circuit sky130_fd_sc_hd__a22o_4 contains no devices.

Contents of circuit 1:  Circuit: 'sky130_fd_sc_hd__mux4_2'
Circuit sky130_fd_sc_hd__mux4_2 contains 0 device instances.
Circuit contains 0 nets, and 11 disconnected pins.
Contents of circuit 2:  Circuit: 'sky130_fd_sc_hd__mux4_2'
Circuit sky130_fd_sc_hd__mux4_2 contains 0 device instances.
Circuit contains 0 nets.

Circuit sky130_fd_sc_hd__mux4_2 contains no devices.

Contents of circuit 1:  Circuit: 'sky130_fd_sc_hd__clkbuf_8'
Circuit sky130_fd_sc_hd__clkbuf_8 contains 0 device instances.
Circuit contains 0 nets, and 6 disconnected pins.
Contents of circuit 2:  Circuit: 'sky130_fd_sc_hd__clkbuf_8'
Circuit sky130_fd_sc_hd__clkbuf_8 contains 0 device instances.
Circuit contains 0 nets.

Circuit sky130_fd_sc_hd__clkbuf_8 contains no devices.

Contents of circuit 1:  Circuit: 'sky130_fd_sc_hd__o211a_4'
Circuit sky130_fd_sc_hd__o211a_4 contains 0 device instances.
Circuit contains 0 nets, and 9 disconnected pins.
Contents of circuit 2:  Circuit: 'sky130_fd_sc_hd__o211a_4'
Circuit sky130_fd_sc_hd__o211a_4 contains 0 device instances.
Circuit contains 0 nets.

Circuit sky130_fd_sc_hd__o211a_4 contains no devices.

Contents of circuit 1:  Circuit: 'sky130_fd_sc_hd__clkbuf_16'
Circuit sky130_fd_sc_hd__clkbuf_16 contains 0 device instances.
Circuit contains 0 nets, and 6 disconnected pins.
Contents of circuit 2:  Circuit: 'sky130_fd_sc_hd__clkbuf_16'
Circuit sky130_fd_sc_hd__clkbuf_16 contains 0 device instances.
Circuit contains 0 nets.

Circuit sky130_fd_sc_hd__clkbuf_16 contains no devices.

Contents of circuit 1:  Circuit: 'sky130_fd_sc_hd__o221a_4'
Circuit sky130_fd_sc_hd__o221a_4 contains 0 device instances.
Circuit contains 0 nets, and 10 disconnected pins.
Contents of circuit 2:  Circuit: 'sky130_fd_sc_hd__o221a_4'
Circuit sky130_fd_sc_hd__o221a_4 contains 0 device instances.
Circuit contains 0 nets.

Circuit sky130_fd_sc_hd__o221a_4 contains no devices.

Contents of circuit 1:  Circuit: 'sky130_fd_sc_hd__buf_6'
Circuit sky130_fd_sc_hd__buf_6 contains 0 device instances.
Circuit contains 0 nets, and 6 disconnected pins.
Contents of circuit 2:  Circuit: 'sky130_fd_sc_hd__buf_6'
Circuit sky130_fd_sc_hd__buf_6 contains 0 device instances.
Circuit contains 0 nets.

Circuit sky130_fd_sc_hd__buf_6 contains no devices.

Contents of circuit 1:  Circuit: 'sky130_fd_sc_hd__buf_4'
Circuit sky130_fd_sc_hd__buf_4 contains 0 device instances.
Circuit contains 0 nets, and 6 disconnected pins.
Contents of circuit 2:  Circuit: 'sky130_fd_sc_hd__buf_4'
Circuit sky130_fd_sc_hd__buf_4 contains 0 device instances.
Circuit contains 0 nets.

Circuit sky130_fd_sc_hd__buf_4 contains no devices.

Contents of circuit 1:  Circuit: 'sky130_fd_sc_hd__clkbuf_4'
Circuit sky130_fd_sc_hd__clkbuf_4 contains 0 device instances.
Circuit contains 0 nets, and 6 disconnected pins.
Contents of circuit 2:  Circuit: 'sky130_fd_sc_hd__clkbuf_4'
Circuit sky130_fd_sc_hd__clkbuf_4 contains 0 device instances.
Circuit contains 0 nets.

Circuit sky130_fd_sc_hd__clkbuf_4 contains no devices.

Contents of circuit 1:  Circuit: 'sky130_fd_sc_hd__a211o_4'
Circuit sky130_fd_sc_hd__a211o_4 contains 0 device instances.
Circuit contains 0 nets, and 9 disconnected pins.
Contents of circuit 2:  Circuit: 'sky130_fd_sc_hd__a211o_4'
Circuit sky130_fd_sc_hd__a211o_4 contains 0 device instances.
Circuit contains 0 nets.

Circuit sky130_fd_sc_hd__a211o_4 contains no devices.

Contents of circuit 1:  Circuit: 'sky130_fd_sc_hd__or2_4'
Circuit sky130_fd_sc_hd__or2_4 contains 0 device instances.
Circuit contains 0 nets, and 7 disconnected pins.
Contents of circuit 2:  Circuit: 'sky130_fd_sc_hd__or2_4'
Circuit sky130_fd_sc_hd__or2_4 contains 0 device instances.
Circuit contains 0 nets.

Circuit sky130_fd_sc_hd__or2_4 contains no devices.

Contents of circuit 1:  Circuit: 'sky130_fd_sc_hd__a22oi_2'
Circuit sky130_fd_sc_hd__a22oi_2 contains 0 device instances.
Circuit contains 0 nets, and 9 disconnected pins.
Contents of circuit 2:  Circuit: 'sky130_fd_sc_hd__a22oi_2'
Circuit sky130_fd_sc_hd__a22oi_2 contains 0 device instances.
Circuit contains 0 nets.

Circuit sky130_fd_sc_hd__a22oi_2 contains no devices.

Contents of circuit 1:  Circuit: 'sky130_fd_sc_hd__and3_4'
Circuit sky130_fd_sc_hd__and3_4 contains 0 device instances.
Circuit contains 0 nets, and 8 disconnected pins.
Contents of circuit 2:  Circuit: 'sky130_fd_sc_hd__and3_4'
Circuit sky130_fd_sc_hd__and3_4 contains 0 device instances.
Circuit contains 0 nets.

Circuit sky130_fd_sc_hd__and3_4 contains no devices.

Contents of circuit 1:  Circuit: 'sky130_fd_sc_hd__a31o_4'
Circuit sky130_fd_sc_hd__a31o_4 contains 0 device instances.
Circuit contains 0 nets, and 9 disconnected pins.
Contents of circuit 2:  Circuit: 'sky130_fd_sc_hd__a31o_4'
Circuit sky130_fd_sc_hd__a31o_4 contains 0 device instances.
Circuit contains 0 nets.

Circuit sky130_fd_sc_hd__a31o_4 contains no devices.

Contents of circuit 1:  Circuit: 'sky130_fd_sc_hd__o21a_4'
Circuit sky130_fd_sc_hd__o21a_4 contains 0 device instances.
Circuit contains 0 nets, and 8 disconnected pins.
Contents of circuit 2:  Circuit: 'sky130_fd_sc_hd__o21a_4'
Circuit sky130_fd_sc_hd__o21a_4 contains 0 device instances.
Circuit contains 0 nets.

Circuit sky130_fd_sc_hd__o21a_4 contains no devices.

Contents of circuit 1:  Circuit: 'sky130_fd_sc_hd__buf_1'
Circuit sky130_fd_sc_hd__buf_1 contains 0 device instances.
Circuit contains 0 nets, and 6 disconnected pins.
Contents of circuit 2:  Circuit: 'sky130_fd_sc_hd__buf_1'
Circuit sky130_fd_sc_hd__buf_1 contains 0 device instances.
Circuit contains 0 nets.

Circuit sky130_fd_sc_hd__buf_1 contains no devices.

Contents of circuit 1:  Circuit: 'sky130_fd_sc_hd__clkbuf_2'
Circuit sky130_fd_sc_hd__clkbuf_2 contains 0 device instances.
Circuit contains 0 nets, and 6 disconnected pins.
Contents of circuit 2:  Circuit: 'sky130_fd_sc_hd__clkbuf_2'
Circuit sky130_fd_sc_hd__clkbuf_2 contains 0 device instances.
Circuit contains 0 nets.

Circuit sky130_fd_sc_hd__clkbuf_2 contains no devices.

Contents of circuit 1:  Circuit: 'sky130_fd_sc_hd__mux2_1'
Circuit sky130_fd_sc_hd__mux2_1 contains 0 device instances.
Circuit contains 0 nets, and 8 disconnected pins.
Contents of circuit 2:  Circuit: 'sky130_fd_sc_hd__mux2_1'
Circuit sky130_fd_sc_hd__mux2_1 contains 0 device instances.
Circuit contains 0 nets.

Circuit sky130_fd_sc_hd__mux2_1 contains no devices.

Contents of circuit 1:  Circuit: 'sky130_fd_sc_hd__nand2_2'
Circuit sky130_fd_sc_hd__nand2_2 contains 0 device instances.
Circuit contains 0 nets, and 7 disconnected pins.
Contents of circuit 2:  Circuit: 'sky130_fd_sc_hd__nand2_2'
Circuit sky130_fd_sc_hd__nand2_2 contains 0 device instances.
Circuit contains 0 nets.

Circuit sky130_fd_sc_hd__nand2_2 contains no devices.

Contents of circuit 1:  Circuit: 'sky130_fd_sc_hd__o31a_4'
Circuit sky130_fd_sc_hd__o31a_4 contains 0 device instances.
Circuit contains 0 nets, and 9 disconnected pins.
Contents of circuit 2:  Circuit: 'sky130_fd_sc_hd__o31a_4'
Circuit sky130_fd_sc_hd__o31a_4 contains 0 device instances.
Circuit contains 0 nets.

Circuit sky130_fd_sc_hd__o31a_4 contains no devices.

Contents of circuit 1:  Circuit: 'sky130_fd_sc_hd__mux2_2'
Circuit sky130_fd_sc_hd__mux2_2 contains 0 device instances.
Circuit contains 0 nets, and 8 disconnected pins.
Contents of circuit 2:  Circuit: 'sky130_fd_sc_hd__mux2_2'
Circuit sky130_fd_sc_hd__mux2_2 contains 0 device instances.
Circuit contains 0 nets.

Circuit sky130_fd_sc_hd__mux2_2 contains no devices.

Contents of circuit 1:  Circuit: 'sky130_fd_sc_hd__o211a_2'
Circuit sky130_fd_sc_hd__o211a_2 contains 0 device instances.
Circuit contains 0 nets, and 9 disconnected pins.
Contents of circuit 2:  Circuit: 'sky130_fd_sc_hd__o211a_2'
Circuit sky130_fd_sc_hd__o211a_2 contains 0 device instances.
Circuit contains 0 nets.

Circuit sky130_fd_sc_hd__o211a_2 contains no devices.

Contents of circuit 1:  Circuit: 'sky130_fd_sc_hd__inv_16'
Circuit sky130_fd_sc_hd__inv_16 contains 0 device instances.
Circuit contains 0 nets, and 6 disconnected pins.
Contents of circuit 2:  Circuit: 'sky130_fd_sc_hd__inv_16'
Circuit sky130_fd_sc_hd__inv_16 contains 0 device instances.
Circuit contains 0 nets.

Circuit sky130_fd_sc_hd__inv_16 contains no devices.

Contents of circuit 1:  Circuit: 'sky130_fd_sc_hd__or3b_4'
Circuit sky130_fd_sc_hd__or3b_4 contains 0 device instances.
Circuit contains 0 nets, and 8 disconnected pins.
Contents of circuit 2:  Circuit: 'sky130_fd_sc_hd__or3b_4'
Circuit sky130_fd_sc_hd__or3b_4 contains 0 device instances.
Circuit contains 0 nets.

Circuit sky130_fd_sc_hd__or3b_4 contains no devices.

Contents of circuit 1:  Circuit: 'sky130_fd_sc_hd__nand2_8'
Circuit sky130_fd_sc_hd__nand2_8 contains 0 device instances.
Circuit contains 0 nets, and 7 disconnected pins.
Contents of circuit 2:  Circuit: 'sky130_fd_sc_hd__nand2_8'
Circuit sky130_fd_sc_hd__nand2_8 contains 0 device instances.
Circuit contains 0 nets.

Circuit sky130_fd_sc_hd__nand2_8 contains no devices.

Contents of circuit 1:  Circuit: 'sky130_fd_sc_hd__a32o_4'
Circuit sky130_fd_sc_hd__a32o_4 contains 0 device instances.
Circuit contains 0 nets, and 10 disconnected pins.
Contents of circuit 2:  Circuit: 'sky130_fd_sc_hd__a32o_4'
Circuit sky130_fd_sc_hd__a32o_4 contains 0 device instances.
Circuit contains 0 nets.

Circuit sky130_fd_sc_hd__a32o_4 contains no devices.

Contents of circuit 1:  Circuit: 'sky130_fd_sc_hd__o221ai_4'
Circuit sky130_fd_sc_hd__o221ai_4 contains 0 device instances.
Circuit contains 0 nets, and 10 disconnected pins.
Contents of circuit 2:  Circuit: 'sky130_fd_sc_hd__o221ai_4'
Circuit sky130_fd_sc_hd__o221ai_4 contains 0 device instances.
Circuit contains 0 nets.

Circuit sky130_fd_sc_hd__o221ai_4 contains no devices.

Contents of circuit 1:  Circuit: 'sky130_fd_sc_hd__o311a_4'
Circuit sky130_fd_sc_hd__o311a_4 contains 0 device instances.
Circuit contains 0 nets, and 10 disconnected pins.
Contents of circuit 2:  Circuit: 'sky130_fd_sc_hd__o311a_4'
Circuit sky130_fd_sc_hd__o311a_4 contains 0 device instances.
Circuit contains 0 nets.

Circuit sky130_fd_sc_hd__o311a_4 contains no devices.

Contents of circuit 1:  Circuit: 'sky130_fd_sc_hd__dfxtp_2'
Circuit sky130_fd_sc_hd__dfxtp_2 contains 0 device instances.
Circuit contains 0 nets, and 7 disconnected pins.
Contents of circuit 2:  Circuit: 'sky130_fd_sc_hd__dfxtp_2'
Circuit sky130_fd_sc_hd__dfxtp_2 contains 0 device instances.
Circuit contains 0 nets.

Circuit sky130_fd_sc_hd__dfxtp_2 contains no devices.

Contents of circuit 1:  Circuit: 'sky130_fd_sc_hd__a21o_1'
Circuit sky130_fd_sc_hd__a21o_1 contains 0 device instances.
Circuit contains 0 nets, and 8 disconnected pins.
Contents of circuit 2:  Circuit: 'sky130_fd_sc_hd__a21o_1'
Circuit sky130_fd_sc_hd__a21o_1 contains 0 device instances.
Circuit contains 0 nets.

Circuit sky130_fd_sc_hd__a21o_1 contains no devices.

Contents of circuit 1:  Circuit: 'sky130_fd_sc_hd__nor2_4'
Circuit sky130_fd_sc_hd__nor2_4 contains 0 device instances.
Circuit contains 0 nets, and 7 disconnected pins.
Contents of circuit 2:  Circuit: 'sky130_fd_sc_hd__nor2_4'
Circuit sky130_fd_sc_hd__nor2_4 contains 0 device instances.
Circuit contains 0 nets.

Circuit sky130_fd_sc_hd__nor2_4 contains no devices.

Contents of circuit 1:  Circuit: 'sky130_fd_sc_hd__o21a_2'
Circuit sky130_fd_sc_hd__o21a_2 contains 0 device instances.
Circuit contains 0 nets, and 8 disconnected pins.
Contents of circuit 2:  Circuit: 'sky130_fd_sc_hd__o21a_2'
Circuit sky130_fd_sc_hd__o21a_2 contains 0 device instances.
Circuit contains 0 nets.

Circuit sky130_fd_sc_hd__o21a_2 contains no devices.

Contents of circuit 1:  Circuit: 'sky130_fd_sc_hd__and3b_4'
Circuit sky130_fd_sc_hd__and3b_4 contains 0 device instances.
Circuit contains 0 nets, and 8 disconnected pins.
Contents of circuit 2:  Circuit: 'sky130_fd_sc_hd__and3b_4'
Circuit sky130_fd_sc_hd__and3b_4 contains 0 device instances.
Circuit contains 0 nets.

Circuit sky130_fd_sc_hd__and3b_4 contains no devices.

Contents of circuit 1:  Circuit: 'sky130_fd_sc_hd__nor2_8'
Circuit sky130_fd_sc_hd__nor2_8 contains 0 device instances.
Circuit contains 0 nets, and 7 disconnected pins.
Contents of circuit 2:  Circuit: 'sky130_fd_sc_hd__nor2_8'
Circuit sky130_fd_sc_hd__nor2_8 contains 0 device instances.
Circuit contains 0 nets.

Circuit sky130_fd_sc_hd__nor2_8 contains no devices.

Contents of circuit 1:  Circuit: 'sky130_fd_sc_hd__o21ai_4'
Circuit sky130_fd_sc_hd__o21ai_4 contains 0 device instances.
Circuit contains 0 nets, and 8 disconnected pins.
Contents of circuit 2:  Circuit: 'sky130_fd_sc_hd__o21ai_4'
Circuit sky130_fd_sc_hd__o21ai_4 contains 0 device instances.
Circuit contains 0 nets.

Circuit sky130_fd_sc_hd__o21ai_4 contains no devices.

Contents of circuit 1:  Circuit: 'sky130_fd_sc_hd__mux4_1'
Circuit sky130_fd_sc_hd__mux4_1 contains 0 device instances.
Circuit contains 0 nets, and 11 disconnected pins.
Contents of circuit 2:  Circuit: 'sky130_fd_sc_hd__mux4_1'
Circuit sky130_fd_sc_hd__mux4_1 contains 0 device instances.
Circuit contains 0 nets.

Circuit sky130_fd_sc_hd__mux4_1 contains no devices.

Contents of circuit 1:  Circuit: 'sky130_fd_sc_hd__clkinv_2'
Circuit sky130_fd_sc_hd__clkinv_2 contains 0 device instances.
Circuit contains 0 nets, and 6 disconnected pins.
Contents of circuit 2:  Circuit: 'sky130_fd_sc_hd__clkinv_2'
Circuit sky130_fd_sc_hd__clkinv_2 contains 0 device instances.
Circuit contains 0 nets.

Circuit sky130_fd_sc_hd__clkinv_2 contains no devices.

Contents of circuit 1:  Circuit: 'sky130_fd_sc_hd__o2111a_4'
Circuit sky130_fd_sc_hd__o2111a_4 contains 0 device instances.
Circuit contains 0 nets, and 10 disconnected pins.
Contents of circuit 2:  Circuit: 'sky130_fd_sc_hd__o2111a_4'
Circuit sky130_fd_sc_hd__o2111a_4 contains 0 device instances.
Circuit contains 0 nets.

Circuit sky130_fd_sc_hd__o2111a_4 contains no devices.

Contents of circuit 1:  Circuit: 'sky130_fd_sc_hd__and2_1'
Circuit sky130_fd_sc_hd__and2_1 contains 0 device instances.
Circuit contains 0 nets, and 7 disconnected pins.
Contents of circuit 2:  Circuit: 'sky130_fd_sc_hd__and2_1'
Circuit sky130_fd_sc_hd__and2_1 contains 0 device instances.
Circuit contains 0 nets.

Circuit sky130_fd_sc_hd__and2_1 contains no devices.

Contents of circuit 1:  Circuit: 'sky130_fd_sc_hd__bufinv_8'
Circuit sky130_fd_sc_hd__bufinv_8 contains 0 device instances.
Circuit contains 0 nets, and 6 disconnected pins.
Contents of circuit 2:  Circuit: 'sky130_fd_sc_hd__bufinv_8'
Circuit sky130_fd_sc_hd__bufinv_8 contains 0 device instances.
Circuit contains 0 nets.

Circuit sky130_fd_sc_hd__bufinv_8 contains no devices.

Contents of circuit 1:  Circuit: 'sky130_fd_sc_hd__a22o_1'
Circuit sky130_fd_sc_hd__a22o_1 contains 0 device instances.
Circuit contains 0 nets, and 9 disconnected pins.
Contents of circuit 2:  Circuit: 'sky130_fd_sc_hd__a22o_1'
Circuit sky130_fd_sc_hd__a22o_1 contains 0 device instances.
Circuit contains 0 nets.

Circuit sky130_fd_sc_hd__a22o_1 contains no devices.

Contents of circuit 1:  Circuit: 'sky130_fd_sc_hd__nor2_1'
Circuit sky130_fd_sc_hd__nor2_1 contains 0 device instances.
Circuit contains 0 nets, and 7 disconnected pins.
Contents of circuit 2:  Circuit: 'sky130_fd_sc_hd__nor2_1'
Circuit sky130_fd_sc_hd__nor2_1 contains 0 device instances.
Circuit contains 0 nets.

Circuit sky130_fd_sc_hd__nor2_1 contains no devices.

Contents of circuit 1:  Circuit: 'sky130_fd_sc_hd__o221a_2'
Circuit sky130_fd_sc_hd__o221a_2 contains 0 device instances.
Circuit contains 0 nets, and 10 disconnected pins.
Contents of circuit 2:  Circuit: 'sky130_fd_sc_hd__o221a_2'
Circuit sky130_fd_sc_hd__o221a_2 contains 0 device instances.
Circuit contains 0 nets.

Circuit sky130_fd_sc_hd__o221a_2 contains no devices.

Contents of circuit 1:  Circuit: 'sky130_fd_sc_hd__clkinv_1'
Circuit sky130_fd_sc_hd__clkinv_1 contains 0 device instances.
Circuit contains 0 nets, and 6 disconnected pins.
Contents of circuit 2:  Circuit: 'sky130_fd_sc_hd__clkinv_1'
Circuit sky130_fd_sc_hd__clkinv_1 contains 0 device instances.
Circuit contains 0 nets.

Circuit sky130_fd_sc_hd__clkinv_1 contains no devices.

Contents of circuit 1:  Circuit: 'sky130_fd_sc_hd__clkinv_4'
Circuit sky130_fd_sc_hd__clkinv_4 contains 0 device instances.
Circuit contains 0 nets, and 6 disconnected pins.
Contents of circuit 2:  Circuit: 'sky130_fd_sc_hd__clkinv_4'
Circuit sky130_fd_sc_hd__clkinv_4 contains 0 device instances.
Circuit contains 0 nets.

Circuit sky130_fd_sc_hd__clkinv_4 contains no devices.

Contents of circuit 1:  Circuit: 'sky130_fd_sc_hd__clkinv_16'
Circuit sky130_fd_sc_hd__clkinv_16 contains 0 device instances.
Circuit contains 0 nets, and 6 disconnected pins.
Contents of circuit 2:  Circuit: 'sky130_fd_sc_hd__clkinv_16'
Circuit sky130_fd_sc_hd__clkinv_16 contains 0 device instances.
Circuit contains 0 nets.

Circuit sky130_fd_sc_hd__clkinv_16 contains no devices.

Contents of circuit 1:  Circuit: 'sky130_fd_sc_hd__or2_1'
Circuit sky130_fd_sc_hd__or2_1 contains 0 device instances.
Circuit contains 0 nets, and 7 disconnected pins.
Contents of circuit 2:  Circuit: 'sky130_fd_sc_hd__or2_1'
Circuit sky130_fd_sc_hd__or2_1 contains 0 device instances.
Circuit contains 0 nets.

Circuit sky130_fd_sc_hd__or2_1 contains no devices.

Contents of circuit 1:  Circuit: 'sky130_fd_sc_hd__bufinv_16'
Circuit sky130_fd_sc_hd__bufinv_16 contains 0 device instances.
Circuit contains 0 nets, and 6 disconnected pins.
Contents of circuit 2:  Circuit: 'sky130_fd_sc_hd__bufinv_16'
Circuit sky130_fd_sc_hd__bufinv_16 contains 0 device instances.
Circuit contains 0 nets.

Circuit sky130_fd_sc_hd__bufinv_16 contains no devices.

Contents of circuit 1:  Circuit: 'sky130_fd_sc_hd__o22a_2'
Circuit sky130_fd_sc_hd__o22a_2 contains 0 device instances.
Circuit contains 0 nets, and 9 disconnected pins.
Contents of circuit 2:  Circuit: 'sky130_fd_sc_hd__o22a_2'
Circuit sky130_fd_sc_hd__o22a_2 contains 0 device instances.
Circuit contains 0 nets.

Circuit sky130_fd_sc_hd__o22a_2 contains no devices.

Contents of circuit 1:  Circuit: 'sky130_fd_sc_hd__or2b_4'
Circuit sky130_fd_sc_hd__or2b_4 contains 0 device instances.
Circuit contains 0 nets, and 7 disconnected pins.
Contents of circuit 2:  Circuit: 'sky130_fd_sc_hd__or2b_4'
Circuit sky130_fd_sc_hd__or2b_4 contains 0 device instances.
Circuit contains 0 nets.

Circuit sky130_fd_sc_hd__or2b_4 contains no devices.

Contents of circuit 1:  Circuit: 'sky130_fd_sc_hd__inv_6'
Circuit sky130_fd_sc_hd__inv_6 contains 0 device instances.
Circuit contains 0 nets, and 6 disconnected pins.
Contents of circuit 2:  Circuit: 'sky130_fd_sc_hd__inv_6'
Circuit sky130_fd_sc_hd__inv_6 contains 0 device instances.
Circuit contains 0 nets.

Circuit sky130_fd_sc_hd__inv_6 contains no devices.

Contents of circuit 1:  Circuit: 'sky130_fd_sc_hd__o21ba_4'
Circuit sky130_fd_sc_hd__o21ba_4 contains 0 device instances.
Circuit contains 0 nets, and 8 disconnected pins.
Contents of circuit 2:  Circuit: 'sky130_fd_sc_hd__o21ba_4'
Circuit sky130_fd_sc_hd__o21ba_4 contains 0 device instances.
Circuit contains 0 nets.

Circuit sky130_fd_sc_hd__o21ba_4 contains no devices.

Contents of circuit 1:  Circuit: 'sky130_fd_sc_hd__inv_4'
Circuit sky130_fd_sc_hd__inv_4 contains 0 device instances.
Circuit contains 0 nets, and 6 disconnected pins.
Contents of circuit 2:  Circuit: 'sky130_fd_sc_hd__inv_4'
Circuit sky130_fd_sc_hd__inv_4 contains 0 device instances.
Circuit contains 0 nets.

Circuit sky130_fd_sc_hd__inv_4 contains no devices.

Contents of circuit 1:  Circuit: 'sky130_fd_sc_hd__o21a_1'
Circuit sky130_fd_sc_hd__o21a_1 contains 0 device instances.
Circuit contains 0 nets, and 8 disconnected pins.
Contents of circuit 2:  Circuit: 'sky130_fd_sc_hd__o21a_1'
Circuit sky130_fd_sc_hd__o21a_1 contains 0 device instances.
Circuit contains 0 nets.

Circuit sky130_fd_sc_hd__o21a_1 contains no devices.

Contents of circuit 1:  Circuit: 'sky130_fd_sc_hd__or3_4'
Circuit sky130_fd_sc_hd__or3_4 contains 0 device instances.
Circuit contains 0 nets, and 8 disconnected pins.
Contents of circuit 2:  Circuit: 'sky130_fd_sc_hd__or3_4'
Circuit sky130_fd_sc_hd__or3_4 contains 0 device instances.
Circuit contains 0 nets.

Circuit sky130_fd_sc_hd__or3_4 contains no devices.

Contents of circuit 1:  Circuit: 'sky130_fd_sc_hd__dlymetal6s2s_1'
Circuit sky130_fd_sc_hd__dlymetal6s2s_1 contains 0 device instances.
Circuit contains 0 nets, and 6 disconnected pins.
Contents of circuit 2:  Circuit: 'sky130_fd_sc_hd__dlymetal6s2s_1'
Circuit sky130_fd_sc_hd__dlymetal6s2s_1 contains 0 device instances.
Circuit contains 0 nets.

Circuit sky130_fd_sc_hd__dlymetal6s2s_1 contains no devices.

Contents of circuit 1:  Circuit: 'sky130_fd_sc_hd__inv_8'
Circuit sky130_fd_sc_hd__inv_8 contains 0 device instances.
Circuit contains 0 nets, and 6 disconnected pins.
Contents of circuit 2:  Circuit: 'sky130_fd_sc_hd__inv_8'
Circuit sky130_fd_sc_hd__inv_8 contains 0 device instances.
Circuit contains 0 nets.

Circuit sky130_fd_sc_hd__inv_8 contains no devices.

Contents of circuit 1:  Circuit: 'sky130_fd_sc_hd__clkinvlp_4'
Circuit sky130_fd_sc_hd__clkinvlp_4 contains 0 device instances.
Circuit contains 0 nets, and 6 disconnected pins.
Contents of circuit 2:  Circuit: 'sky130_fd_sc_hd__clkinvlp_4'
Circuit sky130_fd_sc_hd__clkinvlp_4 contains 0 device instances.
Circuit contains 0 nets.

Circuit sky130_fd_sc_hd__clkinvlp_4 contains no devices.

Contents of circuit 1:  Circuit: 'sky130_fd_sc_hd__and2_4'
Circuit sky130_fd_sc_hd__and2_4 contains 0 device instances.
Circuit contains 0 nets, and 7 disconnected pins.
Contents of circuit 2:  Circuit: 'sky130_fd_sc_hd__and2_4'
Circuit sky130_fd_sc_hd__and2_4 contains 0 device instances.
Circuit contains 0 nets.

Circuit sky130_fd_sc_hd__and2_4 contains no devices.

Contents of circuit 1:  Circuit: 'sky130_fd_sc_hd__nor2_2'
Circuit sky130_fd_sc_hd__nor2_2 contains 0 device instances.
Circuit contains 0 nets, and 7 disconnected pins.
Contents of circuit 2:  Circuit: 'sky130_fd_sc_hd__nor2_2'
Circuit sky130_fd_sc_hd__nor2_2 contains 0 device instances.
Circuit contains 0 nets.

Circuit sky130_fd_sc_hd__nor2_2 contains no devices.

Contents of circuit 1:  Circuit: 'sky130_fd_sc_hd__inv_2'
Circuit sky130_fd_sc_hd__inv_2 contains 0 device instances.
Circuit contains 0 nets, and 6 disconnected pins.
Contents of circuit 2:  Circuit: 'sky130_fd_sc_hd__inv_2'
Circuit sky130_fd_sc_hd__inv_2 contains 0 device instances.
Circuit contains 0 nets.

Circuit sky130_fd_sc_hd__inv_2 contains no devices.

Contents of circuit 1:  Circuit: 'sky130_fd_sc_hd__o22a_1'
Circuit sky130_fd_sc_hd__o22a_1 contains 0 device instances.
Circuit contains 0 nets, and 9 disconnected pins.
Contents of circuit 2:  Circuit: 'sky130_fd_sc_hd__o22a_1'
Circuit sky130_fd_sc_hd__o22a_1 contains 0 device instances.
Circuit contains 0 nets.

Circuit sky130_fd_sc_hd__o22a_1 contains no devices.

Contents of circuit 1:  Circuit: 'sky130_fd_sc_hd__a21oi_4'
Circuit sky130_fd_sc_hd__a21oi_4 contains 0 device instances.
Circuit contains 0 nets, and 8 disconnected pins.
Contents of circuit 2:  Circuit: 'sky130_fd_sc_hd__a21oi_4'
Circuit sky130_fd_sc_hd__a21oi_4 contains 0 device instances.
Circuit contains 0 nets.

Circuit sky130_fd_sc_hd__a21oi_4 contains no devices.

Contents of circuit 1:  Circuit: 'sky130_fd_sc_hd__a32o_1'
Circuit sky130_fd_sc_hd__a32o_1 contains 0 device instances.
Circuit contains 0 nets, and 10 disconnected pins.
Contents of circuit 2:  Circuit: 'sky130_fd_sc_hd__a32o_1'
Circuit sky130_fd_sc_hd__a32o_1 contains 0 device instances.
Circuit contains 0 nets.

Circuit sky130_fd_sc_hd__a32o_1 contains no devices.

Contents of circuit 1:  Circuit: 'sky130_fd_sc_hd__a22o_2'
Circuit sky130_fd_sc_hd__a22o_2 contains 0 device instances.
Circuit contains 0 nets, and 9 disconnected pins.
Contents of circuit 2:  Circuit: 'sky130_fd_sc_hd__a22o_2'
Circuit sky130_fd_sc_hd__a22o_2 contains 0 device instances.
Circuit contains 0 nets.

Circuit sky130_fd_sc_hd__a22o_2 contains no devices.

Contents of circuit 1:  Circuit: 'sky130_fd_sc_hd__a31o_2'
Circuit sky130_fd_sc_hd__a31o_2 contains 0 device instances.
Circuit contains 0 nets, and 9 disconnected pins.
Contents of circuit 2:  Circuit: 'sky130_fd_sc_hd__a31o_2'
Circuit sky130_fd_sc_hd__a31o_2 contains 0 device instances.
Circuit contains 0 nets.

Circuit sky130_fd_sc_hd__a31o_2 contains no devices.

Contents of circuit 1:  Circuit: 'sky130_fd_sc_hd__o211a_1'
Circuit sky130_fd_sc_hd__o211a_1 contains 0 device instances.
Circuit contains 0 nets, and 9 disconnected pins.
Contents of circuit 2:  Circuit: 'sky130_fd_sc_hd__o211a_1'
Circuit sky130_fd_sc_hd__o211a_1 contains 0 device instances.
Circuit contains 0 nets.

Circuit sky130_fd_sc_hd__o211a_1 contains no devices.

Contents of circuit 1:  Circuit: 'sky130_fd_sc_hd__and2b_4'
Circuit sky130_fd_sc_hd__and2b_4 contains 0 device instances.
Circuit contains 0 nets, and 7 disconnected pins.
Contents of circuit 2:  Circuit: 'sky130_fd_sc_hd__and2b_4'
Circuit sky130_fd_sc_hd__and2b_4 contains 0 device instances.
Circuit contains 0 nets.

Circuit sky130_fd_sc_hd__and2b_4 contains no devices.

Contents of circuit 1:  Circuit: 'sky130_fd_sc_hd__o221a_1'
Circuit sky130_fd_sc_hd__o221a_1 contains 0 device instances.
Circuit contains 0 nets, and 10 disconnected pins.
Contents of circuit 2:  Circuit: 'sky130_fd_sc_hd__o221a_1'
Circuit sky130_fd_sc_hd__o221a_1 contains 0 device instances.
Circuit contains 0 nets.

Circuit sky130_fd_sc_hd__o221a_1 contains no devices.

Contents of circuit 1:  Circuit: 'sky130_fd_sc_hd__nor2b_4'
Circuit sky130_fd_sc_hd__nor2b_4 contains 0 device instances.
Circuit contains 0 nets, and 7 disconnected pins.
Contents of circuit 2:  Circuit: 'sky130_fd_sc_hd__nor2b_4'
Circuit sky130_fd_sc_hd__nor2b_4 contains 0 device instances.
Circuit contains 0 nets.

Circuit sky130_fd_sc_hd__nor2b_4 contains no devices.

Contents of circuit 1:  Circuit: 'sky130_fd_sc_hd__clkbuf_1'
Circuit sky130_fd_sc_hd__clkbuf_1 contains 0 device instances.
Circuit contains 0 nets, and 6 disconnected pins.
Contents of circuit 2:  Circuit: 'sky130_fd_sc_hd__clkbuf_1'
Circuit sky130_fd_sc_hd__clkbuf_1 contains 0 device instances.
Circuit contains 0 nets.

Circuit sky130_fd_sc_hd__clkbuf_1 contains no devices.

Contents of circuit 1:  Circuit: 'sky130_fd_sc_hd__nand3b_4'
Circuit sky130_fd_sc_hd__nand3b_4 contains 0 device instances.
Circuit contains 0 nets, and 8 disconnected pins.
Contents of circuit 2:  Circuit: 'sky130_fd_sc_hd__nand3b_4'
Circuit sky130_fd_sc_hd__nand3b_4 contains 0 device instances.
Circuit contains 0 nets.

Circuit sky130_fd_sc_hd__nand3b_4 contains no devices.

Contents of circuit 1:  Circuit: 'sky130_fd_sc_hd__or2_2'
Circuit sky130_fd_sc_hd__or2_2 contains 0 device instances.
Circuit contains 0 nets, and 7 disconnected pins.
Contents of circuit 2:  Circuit: 'sky130_fd_sc_hd__or2_2'
Circuit sky130_fd_sc_hd__or2_2 contains 0 device instances.
Circuit contains 0 nets.

Circuit sky130_fd_sc_hd__or2_2 contains no devices.

Contents of circuit 1:  Circuit: 'sky130_fd_sc_hd__o31a_2'
Circuit sky130_fd_sc_hd__o31a_2 contains 0 device instances.
Circuit contains 0 nets, and 9 disconnected pins.
Contents of circuit 2:  Circuit: 'sky130_fd_sc_hd__o31a_2'
Circuit sky130_fd_sc_hd__o31a_2 contains 0 device instances.
Circuit contains 0 nets.

Circuit sky130_fd_sc_hd__o31a_2 contains no devices.

Contents of circuit 1:  Circuit: 'sky130_fd_sc_hd__a21o_2'
Circuit sky130_fd_sc_hd__a21o_2 contains 0 device instances.
Circuit contains 0 nets, and 8 disconnected pins.
Contents of circuit 2:  Circuit: 'sky130_fd_sc_hd__a21o_2'
Circuit sky130_fd_sc_hd__a21o_2 contains 0 device instances.
Circuit contains 0 nets.

Circuit sky130_fd_sc_hd__a21o_2 contains no devices.

Contents of circuit 1:  Circuit: 'sky130_fd_sc_hd__inv_12'
Circuit sky130_fd_sc_hd__inv_12 contains 0 device instances.
Circuit contains 0 nets, and 6 disconnected pins.
Contents of circuit 2:  Circuit: 'sky130_fd_sc_hd__inv_12'
Circuit sky130_fd_sc_hd__inv_12 contains 0 device instances.
Circuit contains 0 nets.

Circuit sky130_fd_sc_hd__inv_12 contains no devices.

Contents of circuit 1:  Circuit: 'sky130_fd_sc_hd__nand3_2'
Circuit sky130_fd_sc_hd__nand3_2 contains 0 device instances.
Circuit contains 0 nets, and 8 disconnected pins.
Contents of circuit 2:  Circuit: 'sky130_fd_sc_hd__nand3_2'
Circuit sky130_fd_sc_hd__nand3_2 contains 0 device instances.
Circuit contains 0 nets.

Circuit sky130_fd_sc_hd__nand3_2 contains no devices.

Contents of circuit 1:  Circuit: 'sky130_fd_sc_hd__and2b_1'
Circuit sky130_fd_sc_hd__and2b_1 contains 0 device instances.
Circuit contains 0 nets, and 7 disconnected pins.
Contents of circuit 2:  Circuit: 'sky130_fd_sc_hd__and2b_1'
Circuit sky130_fd_sc_hd__and2b_1 contains 0 device instances.
Circuit contains 0 nets.

Circuit sky130_fd_sc_hd__and2b_1 contains no devices.

Contents of circuit 1:  Circuit: 'sky130_fd_sc_hd__a32o_2'
Circuit sky130_fd_sc_hd__a32o_2 contains 0 device instances.
Circuit contains 0 nets, and 10 disconnected pins.
Contents of circuit 2:  Circuit: 'sky130_fd_sc_hd__a32o_2'
Circuit sky130_fd_sc_hd__a32o_2 contains 0 device instances.
Circuit contains 0 nets.

Circuit sky130_fd_sc_hd__a32o_2 contains no devices.

Contents of circuit 1:  Circuit: 'register_file'
Circuit register_file contains 676558 device instances.
  Class: sky130_fd_sc_hd__bufinv_16 instances:   2
  Class: sky130_fd_sc_hd__a31o_2 instances:   2
  Class: sky130_fd_sc_hd__a31o_4 instances:  21
  Class: sky130_fd_sc_hd__a21o_1 instances:   4
  Class: sky130_fd_sc_hd__a21o_2 instances:   2
  Class: sky130_fd_sc_hd__a21o_4 instances:  52
  Class: sky130_fd_sc_hd__clkbuf_16 instances: 441
  Class: sky130_fd_sc_hd__dfxtp_1 instances:  65
  Class: sky130_fd_sc_hd__dfxtp_2 instances:  30
  Class: sky130_fd_sc_hd__dfxtp_4 instances: 929
  Class: sky130_fd_sc_hd__buf_1 instances:  69
  Class: sky130_fd_sc_hd__buf_2 instances:  21
  Class: sky130_fd_sc_hd__buf_4 instances:  96
  Class: sky130_fd_sc_hd__buf_6 instances:  89
  Class: sky130_fd_sc_hd__buf_8 instances: 173
  Class: sky130_fd_sc_hd__and3b_4 instances:   4
  Class: sky130_fd_sc_hd__mux4_1 instances:  11
  Class: sky130_fd_sc_hd__o221ai_4 instances:   1
  Class: sky130_fd_sc_hd__mux4_2 instances: 272
  Class: sky130_ef_sc_hd__decap_12 instances: 283287
  Class: sky130_fd_sc_hd__bufinv_8 instances:   2
  Class: sky130_fd_sc_hd__inv_2 instances:   2
  Class: sky130_fd_sc_hd__inv_4 instances:   1
  Class: sky130_fd_sc_hd__inv_6 instances:   1
  Class: sky130_fd_sc_hd__inv_8 instances:   1
  Class: sky130_fd_sc_hd__clkbuf_1 instances:   1
  Class: sky130_fd_sc_hd__clkbuf_2 instances:  21
  Class: sky130_fd_sc_hd__clkbuf_4 instances: 134
  Class: sky130_fd_sc_hd__clkbuf_8 instances: 344
  Class: sky130_fd_sc_hd__or3_4 instances:   7
  Class: sky130_fd_sc_hd__nand3_2 instances:   1
  Class: sky130_fd_sc_hd__o21ba_4 instances:   2
  Class: sky130_fd_sc_hd__and2b_1 instances:   1
  Class: sky130_fd_sc_hd__and2b_4 instances:   1
  Class: sky130_fd_sc_hd__buf_12 instances: 1772
  Class: sky130_fd_sc_hd__clkinv_1 instances:   8
  Class: sky130_fd_sc_hd__clkinv_2 instances:   5
  Class: sky130_fd_sc_hd__clkinv_4 instances:   1
  Class: sky130_fd_sc_hd__and3_4 instances:   9
  Class: sky130_fd_sc_hd__decap_3 instances: 15729
  Class: sky130_fd_sc_hd__decap_4 instances: 17621
  Class: sky130_fd_sc_hd__decap_6 instances: 55461
  Class: sky130_fd_sc_hd__decap_8 instances: 21461
  Class: sky130_fd_sc_hd__or2_1 instances:   3
  Class: sky130_fd_sc_hd__or2_2 instances:   3
  Class: sky130_fd_sc_hd__or2_4 instances:  78
  Class: sky130_fd_sc_hd__nand2_2 instances:   2
  Class: sky130_fd_sc_hd__nand2_8 instances:  14
  Class: sky130_fd_sc_hd__mux2_1 instances:   6
  Class: sky130_fd_sc_hd__nand3b_4 instances:   1
  Class: sky130_fd_sc_hd__mux2_2 instances:  26
  Class: sky130_fd_sc_hd__mux2_4 instances:  90
  Class: sky130_fd_sc_hd__mux2_8 instances: 1340
  Class: sky130_fd_sc_hd__and2_1 instances:   2
  Class: sky130_fd_sc_hd__and2_4 instances:   3
  Class: sky130_fd_sc_hd__clkinvlp_4 instances:   2
  Class: sky130_fd_sc_hd__inv_12 instances:   1
  Class: sky130_fd_sc_hd__inv_16 instances:   5
  Class: sky130_fd_sc_hd__o22a_1 instances:   4
  Class: sky130_fd_sc_hd__o22a_2 instances:   2
  Class: sky130_fd_sc_hd__o22a_4 instances: 126
  Class: sky130_fd_sc_hd__o221a_1 instances:   2
  Class: sky130_fd_sc_hd__o221a_2 instances:   1
  Class: sky130_fd_sc_hd__o221a_4 instances:  16
  Class: sky130_fd_sc_hd__o211a_1 instances:   5
  Class: sky130_fd_sc_hd__o211a_2 instances:   4
  Class: sky130_fd_sc_hd__o211a_4 instances:  97
  Class: sky130_fd_sc_hd__diode_2 instances: 75412
  Class: sky130_fd_sc_hd__a211o_4 instances:  10
  Class: sky130_fd_sc_hd__o2111a_4 instances:   3
  Class: sky130_fd_sc_hd__or3b_4 instances:  10
  Class: sky130_fd_sc_hd__dlymetal6s2s_1 instances:   4
  Class: sky130_fd_sc_hd__a32o_1 instances:   1
  Class: sky130_fd_sc_hd__a32o_2 instances:   1
  Class: sky130_fd_sc_hd__a32o_4 instances:  22
  Class: sky130_fd_sc_hd__a22o_1 instances:   4
  Class: sky130_fd_sc_hd__a22o_2 instances:   1
  Class: sky130_fd_sc_hd__a22o_4 instances:  80
  Class: sky130_fd_sc_hd__o31a_2 instances:   1
  Class: sky130_fd_sc_hd__o31a_4 instances:  34
  Class: sky130_fd_sc_hd__o21a_1 instances:   1
  Class: sky130_fd_sc_hd__o21a_2 instances:   4
  Class: sky130_fd_sc_hd__o21a_4 instances:  43
  Class: sky130_fd_sc_hd__o311a_4 instances:   2
  Class: sky130_fd_sc_hd__nor2b_4 instances:   1
  Class: sky130_fd_sc_hd__a22oi_2 instances:   1
  Class: sky130_fd_sc_hd__tapvpwrvgnd_1 instances: 80684
  Class: sky130_fd_sc_hd__o21ai_4 instances:   2
  Class: sky130_fd_sc_hd__a21oi_4 instances:   1
  Class: sky130_fd_sc_hd__fill_1 instances: 71445
  Class: sky130_fd_sc_hd__fill_2 instances: 48769
  Class: sky130_fd_sc_hd__clkinv_16 instances:   2
  Class: sky130_fd_sc_hd__or2b_4 instances:   2
  Class: sky130_fd_sc_hd__nor2_1 instances:   5
  Class: sky130_fd_sc_hd__nor2_2 instances:   1
  Class: sky130_fd_sc_hd__nor2_4 instances:   4
  Class: sky130_fd_sc_hd__nor2_8 instances:  18
Circuit contains 6740 nets.
Contents of circuit 2:  Circuit: 'register_file'
Circuit register_file contains 676558 device instances.
  Class: sky130_fd_sc_hd__bufinv_16 instances:   2
  Class: sky130_fd_sc_hd__a31o_2 instances:   2
  Class: sky130_fd_sc_hd__a31o_4 instances:  21
  Class: sky130_fd_sc_hd__a21o_1 instances:   4
  Class: sky130_fd_sc_hd__a21o_2 instances:   2
  Class: sky130_fd_sc_hd__a21o_4 instances:  52
  Class: sky130_fd_sc_hd__clkbuf_16 instances: 441
  Class: sky130_fd_sc_hd__dfxtp_1 instances:  65
  Class: sky130_fd_sc_hd__dfxtp_2 instances:  30
  Class: sky130_fd_sc_hd__dfxtp_4 instances: 929
  Class: sky130_fd_sc_hd__buf_1 instances:  69
  Class: sky130_fd_sc_hd__buf_2 instances:  21
  Class: sky130_fd_sc_hd__buf_4 instances:  96
  Class: sky130_fd_sc_hd__buf_6 instances:  89
  Class: sky130_fd_sc_hd__buf_8 instances: 173
  Class: sky130_fd_sc_hd__and3b_4 instances:   4
  Class: sky130_fd_sc_hd__mux4_1 instances:  11
  Class: sky130_fd_sc_hd__o221ai_4 instances:   1
  Class: sky130_fd_sc_hd__mux4_2 instances: 272
  Class: sky130_ef_sc_hd__decap_12 instances: 283287
  Class: sky130_fd_sc_hd__bufinv_8 instances:   2
  Class: sky130_fd_sc_hd__inv_2 instances:   2
  Class: sky130_fd_sc_hd__inv_4 instances:   1
  Class: sky130_fd_sc_hd__inv_6 instances:   1
  Class: sky130_fd_sc_hd__inv_8 instances:   1
  Class: sky130_fd_sc_hd__clkbuf_1 instances:   1
  Class: sky130_fd_sc_hd__clkbuf_2 instances:  21
  Class: sky130_fd_sc_hd__clkbuf_4 instances: 134
  Class: sky130_fd_sc_hd__clkbuf_8 instances: 344
  Class: sky130_fd_sc_hd__or3_4 instances:   7
  Class: sky130_fd_sc_hd__nand3_2 instances:   1
  Class: sky130_fd_sc_hd__o21ba_4 instances:   2
  Class: sky130_fd_sc_hd__and2b_1 instances:   1
  Class: sky130_fd_sc_hd__and2b_4 instances:   1
  Class: sky130_fd_sc_hd__buf_12 instances: 1772
  Class: sky130_fd_sc_hd__clkinv_1 instances:   8
  Class: sky130_fd_sc_hd__clkinv_2 instances:   5
  Class: sky130_fd_sc_hd__clkinv_4 instances:   1
  Class: sky130_fd_sc_hd__and3_4 instances:   9
  Class: sky130_fd_sc_hd__decap_3 instances: 15729
  Class: sky130_fd_sc_hd__decap_4 instances: 17621
  Class: sky130_fd_sc_hd__decap_6 instances: 55461
  Class: sky130_fd_sc_hd__decap_8 instances: 21461
  Class: sky130_fd_sc_hd__or2_1 instances:   3
  Class: sky130_fd_sc_hd__or2_2 instances:   3
  Class: sky130_fd_sc_hd__or2_4 instances:  78
  Class: sky130_fd_sc_hd__nand2_2 instances:   2
  Class: sky130_fd_sc_hd__nand2_8 instances:  14
  Class: sky130_fd_sc_hd__mux2_1 instances:   6
  Class: sky130_fd_sc_hd__nand3b_4 instances:   1
  Class: sky130_fd_sc_hd__mux2_2 instances:  26
  Class: sky130_fd_sc_hd__mux2_4 instances:  90
  Class: sky130_fd_sc_hd__mux2_8 instances: 1340
  Class: sky130_fd_sc_hd__and2_1 instances:   2
  Class: sky130_fd_sc_hd__and2_4 instances:   3
  Class: sky130_fd_sc_hd__clkinvlp_4 instances:   2
  Class: sky130_fd_sc_hd__inv_12 instances:   1
  Class: sky130_fd_sc_hd__inv_16 instances:   5
  Class: sky130_fd_sc_hd__o22a_1 instances:   4
  Class: sky130_fd_sc_hd__o22a_2 instances:   2
  Class: sky130_fd_sc_hd__o22a_4 instances: 126
  Class: sky130_fd_sc_hd__o221a_1 instances:   2
  Class: sky130_fd_sc_hd__o221a_2 instances:   1
  Class: sky130_fd_sc_hd__o221a_4 instances:  16
  Class: sky130_fd_sc_hd__o211a_1 instances:   5
  Class: sky130_fd_sc_hd__o211a_2 instances:   4
  Class: sky130_fd_sc_hd__o211a_4 instances:  97
  Class: sky130_fd_sc_hd__diode_2 instances: 75412
  Class: sky130_fd_sc_hd__a211o_4 instances:  10
  Class: sky130_fd_sc_hd__o2111a_4 instances:   3
  Class: sky130_fd_sc_hd__or3b_4 instances:  10
  Class: sky130_fd_sc_hd__dlymetal6s2s_1 instances:   4
  Class: sky130_fd_sc_hd__a32o_1 instances:   1
  Class: sky130_fd_sc_hd__a32o_2 instances:   1
  Class: sky130_fd_sc_hd__a32o_4 instances:  22
  Class: sky130_fd_sc_hd__a22o_1 instances:   4
  Class: sky130_fd_sc_hd__a22o_2 instances:   1
  Class: sky130_fd_sc_hd__a22o_4 instances:  80
  Class: sky130_fd_sc_hd__o31a_2 instances:   1
  Class: sky130_fd_sc_hd__o31a_4 instances:  34
  Class: sky130_fd_sc_hd__o21a_1 instances:   1
  Class: sky130_fd_sc_hd__o21a_2 instances:   4
  Class: sky130_fd_sc_hd__o21a_4 instances:  43
  Class: sky130_fd_sc_hd__o311a_4 instances:   2
  Class: sky130_fd_sc_hd__nor2b_4 instances:   1
  Class: sky130_fd_sc_hd__a22oi_2 instances:   1
  Class: sky130_fd_sc_hd__tapvpwrvgnd_1 instances: 80684
  Class: sky130_fd_sc_hd__o21ai_4 instances:   2
  Class: sky130_fd_sc_hd__a21oi_4 instances:   1
  Class: sky130_fd_sc_hd__fill_1 instances: 71445
  Class: sky130_fd_sc_hd__fill_2 instances: 48769
  Class: sky130_fd_sc_hd__clkinv_16 instances:   2
  Class: sky130_fd_sc_hd__or2b_4 instances:   2
  Class: sky130_fd_sc_hd__nor2_1 instances:   5
  Class: sky130_fd_sc_hd__nor2_2 instances:   1
  Class: sky130_fd_sc_hd__nor2_4 instances:   4
  Class: sky130_fd_sc_hd__nor2_8 instances:  18
Circuit contains 6740 nets.

Circuit was modified by parallel/series device merging.
New circuit summary:

Contents of circuit 1:  Circuit: 'register_file'
Circuit register_file contains 10764 device instances.
  Class: sky130_fd_sc_hd__bufinv_16 instances:   2
  Class: sky130_fd_sc_hd__a31o_2 instances:   2
  Class: sky130_fd_sc_hd__a31o_4 instances:  21
  Class: sky130_fd_sc_hd__a21o_1 instances:   4
  Class: sky130_fd_sc_hd__a21o_2 instances:   2
  Class: sky130_fd_sc_hd__a21o_4 instances:  52
  Class: sky130_fd_sc_hd__clkbuf_16 instances: 441
  Class: sky130_fd_sc_hd__dfxtp_1 instances:  65
  Class: sky130_fd_sc_hd__dfxtp_2 instances:  30
  Class: sky130_fd_sc_hd__dfxtp_4 instances: 929
  Class: sky130_fd_sc_hd__buf_1 instances:  69
  Class: sky130_fd_sc_hd__buf_2 instances:  21
  Class: sky130_fd_sc_hd__buf_4 instances:  96
  Class: sky130_fd_sc_hd__buf_6 instances:  89
  Class: sky130_fd_sc_hd__buf_8 instances: 173
  Class: sky130_fd_sc_hd__and3b_4 instances:   4
  Class: sky130_fd_sc_hd__mux4_1 instances:  11
  Class: sky130_fd_sc_hd__o221ai_4 instances:   1
  Class: sky130_fd_sc_hd__mux4_2 instances: 272
  Class: sky130_ef_sc_hd__decap_12 instances:   1
  Class: sky130_fd_sc_hd__bufinv_8 instances:   2
  Class: sky130_fd_sc_hd__inv_2 instances:   2
  Class: sky130_fd_sc_hd__inv_4 instances:   1
  Class: sky130_fd_sc_hd__inv_6 instances:   1
  Class: sky130_fd_sc_hd__inv_8 instances:   1
  Class: sky130_fd_sc_hd__clkbuf_1 instances:   1
  Class: sky130_fd_sc_hd__clkbuf_2 instances:  21
  Class: sky130_fd_sc_hd__clkbuf_4 instances: 134
  Class: sky130_fd_sc_hd__clkbuf_8 instances: 344
  Class: sky130_fd_sc_hd__or3_4 instances:   7
  Class: sky130_fd_sc_hd__nand3_2 instances:   1
  Class: sky130_fd_sc_hd__o21ba_4 instances:   2
  Class: sky130_fd_sc_hd__and2b_1 instances:   1
  Class: sky130_fd_sc_hd__and2b_4 instances:   1
  Class: sky130_fd_sc_hd__buf_12 instances: 1772
  Class: sky130_fd_sc_hd__clkinv_1 instances:   8
  Class: sky130_fd_sc_hd__clkinv_2 instances:   5
  Class: sky130_fd_sc_hd__clkinv_4 instances:   1
  Class: sky130_fd_sc_hd__and3_4 instances:   9
  Class: sky130_fd_sc_hd__decap_3 instances:   1
  Class: sky130_fd_sc_hd__decap_4 instances:   1
  Class: sky130_fd_sc_hd__decap_6 instances:   1
  Class: sky130_fd_sc_hd__decap_8 instances:   1
  Class: sky130_fd_sc_hd__or2_1 instances:   3
  Class: sky130_fd_sc_hd__or2_2 instances:   3
  Class: sky130_fd_sc_hd__or2_4 instances:  78
  Class: sky130_fd_sc_hd__nand2_2 instances:   2
  Class: sky130_fd_sc_hd__nand2_8 instances:  14
  Class: sky130_fd_sc_hd__mux2_1 instances:   6
  Class: sky130_fd_sc_hd__nand3b_4 instances:   1
  Class: sky130_fd_sc_hd__mux2_2 instances:  26
  Class: sky130_fd_sc_hd__mux2_4 instances:  90
  Class: sky130_fd_sc_hd__mux2_8 instances: 1340
  Class: sky130_fd_sc_hd__and2_1 instances:   2
  Class: sky130_fd_sc_hd__and2_4 instances:   3
  Class: sky130_fd_sc_hd__clkinvlp_4 instances:   2
  Class: sky130_fd_sc_hd__inv_12 instances:   1
  Class: sky130_fd_sc_hd__inv_16 instances:   5
  Class: sky130_fd_sc_hd__o22a_1 instances:   4
  Class: sky130_fd_sc_hd__o22a_2 instances:   2
  Class: sky130_fd_sc_hd__o22a_4 instances: 126
  Class: sky130_fd_sc_hd__o221a_1 instances:   2
  Class: sky130_fd_sc_hd__o221a_2 instances:   1
  Class: sky130_fd_sc_hd__o221a_4 instances:  16
  Class: sky130_fd_sc_hd__o211a_1 instances:   5
  Class: sky130_fd_sc_hd__o211a_2 instances:   4
  Class: sky130_fd_sc_hd__o211a_4 instances:  97
  Class: sky130_fd_sc_hd__diode_2 instances: 4067
  Class: sky130_fd_sc_hd__a211o_4 instances:  10
  Class: sky130_fd_sc_hd__o2111a_4 instances:   3
  Class: sky130_fd_sc_hd__or3b_4 instances:  10
  Class: sky130_fd_sc_hd__dlymetal6s2s_1 instances:   4
  Class: sky130_fd_sc_hd__a32o_1 instances:   1
  Class: sky130_fd_sc_hd__a32o_2 instances:   1
  Class: sky130_fd_sc_hd__a32o_4 instances:  22
  Class: sky130_fd_sc_hd__a22o_1 instances:   4
  Class: sky130_fd_sc_hd__a22o_2 instances:   1
  Class: sky130_fd_sc_hd__a22o_4 instances:  80
  Class: sky130_fd_sc_hd__o31a_2 instances:   1
  Class: sky130_fd_sc_hd__o31a_4 instances:  34
  Class: sky130_fd_sc_hd__o21a_1 instances:   1
  Class: sky130_fd_sc_hd__o21a_2 instances:   4
  Class: sky130_fd_sc_hd__o21a_4 instances:  43
  Class: sky130_fd_sc_hd__o311a_4 instances:   2
  Class: sky130_fd_sc_hd__nor2b_4 instances:   1
  Class: sky130_fd_sc_hd__a22oi_2 instances:   1
  Class: sky130_fd_sc_hd__tapvpwrvgnd_1 instances:   1
  Class: sky130_fd_sc_hd__o21ai_4 instances:   2
  Class: sky130_fd_sc_hd__a21oi_4 instances:   1
  Class: sky130_fd_sc_hd__fill_1 instances:   1
  Class: sky130_fd_sc_hd__fill_2 instances:   1
  Class: sky130_fd_sc_hd__clkinv_16 instances:   2
  Class: sky130_fd_sc_hd__or2b_4 instances:   2
  Class: sky130_fd_sc_hd__nor2_1 instances:   5
  Class: sky130_fd_sc_hd__nor2_2 instances:   1
  Class: sky130_fd_sc_hd__nor2_4 instances:   4
  Class: sky130_fd_sc_hd__nor2_8 instances:  18
Circuit contains 6740 nets.
Contents of circuit 2:  Circuit: 'register_file'
Circuit register_file contains 10764 device instances.
  Class: sky130_fd_sc_hd__bufinv_16 instances:   2
  Class: sky130_fd_sc_hd__a31o_2 instances:   2
  Class: sky130_fd_sc_hd__a31o_4 instances:  21
  Class: sky130_fd_sc_hd__a21o_1 instances:   4
  Class: sky130_fd_sc_hd__a21o_2 instances:   2
  Class: sky130_fd_sc_hd__a21o_4 instances:  52
  Class: sky130_fd_sc_hd__clkbuf_16 instances: 441
  Class: sky130_fd_sc_hd__dfxtp_1 instances:  65
  Class: sky130_fd_sc_hd__dfxtp_2 instances:  30
  Class: sky130_fd_sc_hd__dfxtp_4 instances: 929
  Class: sky130_fd_sc_hd__buf_1 instances:  69
  Class: sky130_fd_sc_hd__buf_2 instances:  21
  Class: sky130_fd_sc_hd__buf_4 instances:  96
  Class: sky130_fd_sc_hd__buf_6 instances:  89
  Class: sky130_fd_sc_hd__buf_8 instances: 173
  Class: sky130_fd_sc_hd__and3b_4 instances:   4
  Class: sky130_fd_sc_hd__mux4_1 instances:  11
  Class: sky130_fd_sc_hd__o221ai_4 instances:   1
  Class: sky130_fd_sc_hd__mux4_2 instances: 272
  Class: sky130_ef_sc_hd__decap_12 instances:   1
  Class: sky130_fd_sc_hd__bufinv_8 instances:   2
  Class: sky130_fd_sc_hd__inv_2 instances:   2
  Class: sky130_fd_sc_hd__inv_4 instances:   1
  Class: sky130_fd_sc_hd__inv_6 instances:   1
  Class: sky130_fd_sc_hd__inv_8 instances:   1
  Class: sky130_fd_sc_hd__clkbuf_1 instances:   1
  Class: sky130_fd_sc_hd__clkbuf_2 instances:  21
  Class: sky130_fd_sc_hd__clkbuf_4 instances: 134
  Class: sky130_fd_sc_hd__clkbuf_8 instances: 344
  Class: sky130_fd_sc_hd__or3_4 instances:   7
  Class: sky130_fd_sc_hd__nand3_2 instances:   1
  Class: sky130_fd_sc_hd__o21ba_4 instances:   2
  Class: sky130_fd_sc_hd__and2b_1 instances:   1
  Class: sky130_fd_sc_hd__and2b_4 instances:   1
  Class: sky130_fd_sc_hd__buf_12 instances: 1772
  Class: sky130_fd_sc_hd__clkinv_1 instances:   8
  Class: sky130_fd_sc_hd__clkinv_2 instances:   5
  Class: sky130_fd_sc_hd__clkinv_4 instances:   1
  Class: sky130_fd_sc_hd__and3_4 instances:   9
  Class: sky130_fd_sc_hd__decap_3 instances:   1
  Class: sky130_fd_sc_hd__decap_4 instances:   1
  Class: sky130_fd_sc_hd__decap_6 instances:   1
  Class: sky130_fd_sc_hd__decap_8 instances:   1
  Class: sky130_fd_sc_hd__or2_1 instances:   3
  Class: sky130_fd_sc_hd__or2_2 instances:   3
  Class: sky130_fd_sc_hd__or2_4 instances:  78
  Class: sky130_fd_sc_hd__nand2_2 instances:   2
  Class: sky130_fd_sc_hd__nand2_8 instances:  14
  Class: sky130_fd_sc_hd__mux2_1 instances:   6
  Class: sky130_fd_sc_hd__nand3b_4 instances:   1
  Class: sky130_fd_sc_hd__mux2_2 instances:  26
  Class: sky130_fd_sc_hd__mux2_4 instances:  90
  Class: sky130_fd_sc_hd__mux2_8 instances: 1340
  Class: sky130_fd_sc_hd__and2_1 instances:   2
  Class: sky130_fd_sc_hd__and2_4 instances:   3
  Class: sky130_fd_sc_hd__clkinvlp_4 instances:   2
  Class: sky130_fd_sc_hd__inv_12 instances:   1
  Class: sky130_fd_sc_hd__inv_16 instances:   5
  Class: sky130_fd_sc_hd__o22a_1 instances:   4
  Class: sky130_fd_sc_hd__o22a_2 instances:   2
  Class: sky130_fd_sc_hd__o22a_4 instances: 126
  Class: sky130_fd_sc_hd__o221a_1 instances:   2
  Class: sky130_fd_sc_hd__o221a_2 instances:   1
  Class: sky130_fd_sc_hd__o221a_4 instances:  16
  Class: sky130_fd_sc_hd__o211a_1 instances:   5
  Class: sky130_fd_sc_hd__o211a_2 instances:   4
  Class: sky130_fd_sc_hd__o211a_4 instances:  97
  Class: sky130_fd_sc_hd__diode_2 instances: 4067
  Class: sky130_fd_sc_hd__a211o_4 instances:  10
  Class: sky130_fd_sc_hd__o2111a_4 instances:   3
  Class: sky130_fd_sc_hd__or3b_4 instances:  10
  Class: sky130_fd_sc_hd__dlymetal6s2s_1 instances:   4
  Class: sky130_fd_sc_hd__a32o_1 instances:   1
  Class: sky130_fd_sc_hd__a32o_2 instances:   1
  Class: sky130_fd_sc_hd__a32o_4 instances:  22
  Class: sky130_fd_sc_hd__a22o_1 instances:   4
  Class: sky130_fd_sc_hd__a22o_2 instances:   1
  Class: sky130_fd_sc_hd__a22o_4 instances:  80
  Class: sky130_fd_sc_hd__o31a_2 instances:   1
  Class: sky130_fd_sc_hd__o31a_4 instances:  34
  Class: sky130_fd_sc_hd__o21a_1 instances:   1
  Class: sky130_fd_sc_hd__o21a_2 instances:   4
  Class: sky130_fd_sc_hd__o21a_4 instances:  43
  Class: sky130_fd_sc_hd__o311a_4 instances:   2
  Class: sky130_fd_sc_hd__nor2b_4 instances:   1
  Class: sky130_fd_sc_hd__a22oi_2 instances:   1
  Class: sky130_fd_sc_hd__tapvpwrvgnd_1 instances:   1
  Class: sky130_fd_sc_hd__o21ai_4 instances:   2
  Class: sky130_fd_sc_hd__a21oi_4 instances:   1
  Class: sky130_fd_sc_hd__fill_1 instances:   1
  Class: sky130_fd_sc_hd__fill_2 instances:   1
  Class: sky130_fd_sc_hd__clkinv_16 instances:   2
  Class: sky130_fd_sc_hd__or2b_4 instances:   2
  Class: sky130_fd_sc_hd__nor2_1 instances:   5
  Class: sky130_fd_sc_hd__nor2_2 instances:   1
  Class: sky130_fd_sc_hd__nor2_4 instances:   4
  Class: sky130_fd_sc_hd__nor2_8 instances:  18
Circuit contains 6740 nets.

Circuit 1 contains 10764 devices, Circuit 2 contains 10764 devices.
Circuit 1 contains 6740 nets,    Circuit 2 contains 6740 nets.


Final result: 
Circuits match uniquely.
.
Logging to file "/openlane/designs/register_file/runs/RUN_2025.06.04_17.28.17/logs/signoff/37-register_file.lef.lvs.log" disabled
LVS Done.
