
===========================================================================
report_checks -unconstrained
===========================================================================
======================= Typical Corner ===================================

Startpoint: _08978_ (rising edge-triggered flip-flop clocked by core_clock)
Endpoint: _09602_ (rising edge-triggered flip-flop clocked by core_clock)
Path Group: core_clock
Path Type: max

Fanout     Cap    Slew   Delay    Time   Description
-----------------------------------------------------------------------------
                          0.00    0.00   clock core_clock (rise edge)
                          0.00    0.00   clock source latency
     1    0.17    0.00    0.00    0.00 ^ clk (in)
                                         clk (net)
                  0.00    0.00    0.00 ^ clkbuf_0_clk/A (sky130_fd_sc_hd__clkbuf_16)
     2    0.07    0.08    0.14    0.14 ^ clkbuf_0_clk/X (sky130_fd_sc_hd__clkbuf_16)
                                         clknet_0_clk (net)
                  0.08    0.00    0.15 ^ clkbuf_1_0_0_clk/A (sky130_fd_sc_hd__clkbuf_8)
     2    0.01    0.03    0.13    0.28 ^ clkbuf_1_0_0_clk/X (sky130_fd_sc_hd__clkbuf_8)
                                         clknet_1_0_0_clk (net)
                  0.03    0.00    0.28 ^ clkbuf_2_0_0_clk/A (sky130_fd_sc_hd__clkbuf_8)
     1    0.00    0.03    0.10    0.38 ^ clkbuf_2_0_0_clk/X (sky130_fd_sc_hd__clkbuf_8)
                                         clknet_2_0_0_clk (net)
                  0.03    0.00    0.38 ^ clkbuf_2_0_1_clk/A (sky130_fd_sc_hd__clkbuf_8)
     4    0.07    0.12    0.18    0.56 ^ clkbuf_2_0_1_clk/X (sky130_fd_sc_hd__clkbuf_8)
                                         clknet_2_0_1_clk (net)
                  0.12    0.00    0.56 ^ clkbuf_4_3_0_clk/A (sky130_fd_sc_hd__clkbuf_8)
     2    0.05    0.10    0.20    0.76 ^ clkbuf_4_3_0_clk/X (sky130_fd_sc_hd__clkbuf_8)
                                         clknet_4_3_0_clk (net)
                  0.10    0.00    0.76 ^ clkbuf_5_6_0_clk/A (sky130_fd_sc_hd__clkbuf_8)
     2    0.02    0.05    0.15    0.91 ^ clkbuf_5_6_0_clk/X (sky130_fd_sc_hd__clkbuf_8)
                                         clknet_5_6_0_clk (net)
                  0.05    0.00    0.91 ^ clkbuf_6_13__f_clk/A (sky130_fd_sc_hd__clkbuf_16)
    14    0.09    0.11    0.18    1.09 ^ clkbuf_6_13__f_clk/X (sky130_fd_sc_hd__clkbuf_16)
                                         clknet_6_13__leaf_clk (net)
                  0.11    0.00    1.09 ^ clkbuf_leaf_74_clk/A (sky130_fd_sc_hd__clkbuf_8)
     2    0.01    0.03    0.14    1.23 ^ clkbuf_leaf_74_clk/X (sky130_fd_sc_hd__clkbuf_8)
                                         clknet_leaf_74_clk (net)
                  0.03    0.00    1.23 ^ _08978_/CLK (sky130_fd_sc_hd__dfxtp_4)
     3    0.10    0.28    0.49    1.72 ^ _08978_/Q (sky130_fd_sc_hd__dfxtp_4)
                                         _00007_ (net)
                  0.29    0.03    1.75 ^ load_slew2004/A (sky130_fd_sc_hd__buf_12)
     2    0.02    0.04    0.15    1.90 ^ load_slew2004/X (sky130_fd_sc_hd__buf_12)
                                         net2004 (net)
                  0.04    0.00    1.90 ^ _04623_/A (sky130_fd_sc_hd__buf_8)
     3    0.03    0.06    0.11    2.01 ^ _04623_/X (sky130_fd_sc_hd__buf_8)
                                         _01282_ (net)
                  0.06    0.00    2.01 ^ load_slew1530/A (sky130_fd_sc_hd__buf_12)
     4    0.27    0.26    0.19    2.20 ^ load_slew1530/X (sky130_fd_sc_hd__buf_12)
                                         net1530 (net)
                  0.33    0.09    2.29 ^ load_slew1529/A (sky130_fd_sc_hd__buf_12)
     5    0.18    0.20    0.22    2.51 ^ load_slew1529/X (sky130_fd_sc_hd__buf_12)
                                         net1529 (net)
                  0.20    0.00    2.51 ^ _04914_/A (sky130_fd_sc_hd__buf_12)
     3    0.03    0.05    0.15    2.66 ^ _04914_/X (sky130_fd_sc_hd__buf_12)
                                         _01573_ (net)
                  0.05    0.00    2.66 ^ wire1334/A (sky130_fd_sc_hd__buf_12)
     4    0.25    0.19    0.15    2.82 ^ wire1334/X (sky130_fd_sc_hd__buf_12)
                                         net1334 (net)
                  0.59    0.28    3.09 ^ _05104_/S1 (sky130_fd_sc_hd__mux4_2)
     1    0.03    0.15    0.49    3.58 v _05104_/X (sky130_fd_sc_hd__mux4_2)
                                         _01763_ (net)
                  0.15    0.00    3.59 v wire1198/A (sky130_fd_sc_hd__buf_12)
     1    0.15    0.06    0.19    3.78 v wire1198/X (sky130_fd_sc_hd__buf_12)
                                         net1198 (net)
                  0.20    0.09    3.88 v wire1197/A (sky130_fd_sc_hd__buf_12)
     1    0.15    0.06    0.22    4.10 v wire1197/X (sky130_fd_sc_hd__buf_12)
                                         net1197 (net)
                  0.22    0.10    4.20 v _05105_/A1 (sky130_fd_sc_hd__mux2_8)
     1    0.26    0.15    0.46    4.66 v _05105_/X (sky130_fd_sc_hd__mux2_8)
                                         _01764_ (net)
                  0.65    0.31    4.97 v _05106_/B1 (sky130_fd_sc_hd__a221o_4)
     1    0.13    0.23    0.71    5.68 v _05106_/X (sky130_fd_sc_hd__a221o_4)
                                         _01765_ (net)
                  0.29    0.09    5.77 v _05107_/C1 (sky130_fd_sc_hd__o211a_4)
     2    0.09    0.14    0.33    6.10 v _05107_/X (sky130_fd_sc_hd__o211a_4)
                                         _01766_ (net)
                  0.14    0.00    6.10 v wire818/A (sky130_fd_sc_hd__buf_12)
     3    0.19    0.06    0.19    6.29 v wire818/X (sky130_fd_sc_hd__buf_12)
                                         net818 (net)
                  0.17    0.07    6.37 v max_cap817/A (sky130_fd_sc_hd__buf_12)
     2    0.00    0.02    0.17    6.54 v max_cap817/X (sky130_fd_sc_hd__buf_12)
                                         net817 (net)
                  0.02    0.00    6.54 v _05125_/D (sky130_fd_sc_hd__or4_4)
     1    0.00    0.08    0.39    6.93 v _05125_/X (sky130_fd_sc_hd__or4_4)
                                         _01784_ (net)
                  0.08    0.00    6.93 v _05126_/B (sky130_fd_sc_hd__or3_4)
     1    0.00    0.06    0.36    7.29 v _05126_/X (sky130_fd_sc_hd__or3_4)
                                         _01785_ (net)
                  0.06    0.00    7.29 v _05127_/C (sky130_fd_sc_hd__or4_4)
     1    0.09    0.21    0.63    7.93 v _05127_/X (sky130_fd_sc_hd__or4_4)
                                         _01786_ (net)
                  0.22    0.04    7.97 v _05128_/A (sky130_fd_sc_hd__clkbuf_16)
     6    0.03    0.04    0.23    8.21 v _05128_/X (sky130_fd_sc_hd__clkbuf_16)
                                         _01787_ (net)
                  0.04    0.00    8.21 v _05174_/A (sky130_fd_sc_hd__buf_12)
     6    0.13    0.07    0.16    8.36 v _05174_/X (sky130_fd_sc_hd__buf_12)
                                         _01833_ (net)
                  0.07    0.00    8.36 v _05175_/A (sky130_fd_sc_hd__buf_12)
     3    0.20    0.08    0.17    8.54 v _05175_/X (sky130_fd_sc_hd__buf_12)
                                         _01834_ (net)
                  0.15    0.06    8.59 v wire373/A (sky130_fd_sc_hd__buf_12)
     6    0.04    0.04    0.18    8.77 v wire373/X (sky130_fd_sc_hd__buf_12)
                                         net373 (net)
                  0.04    0.00    8.77 v _05182_/B (sky130_fd_sc_hd__nor2_8)
     2    0.11    0.42    0.30    9.08 ^ _05182_/Y (sky130_fd_sc_hd__nor2_8)
                                         _01841_ (net)
                  0.44    0.07    9.14 ^ wire317/A (sky130_fd_sc_hd__buf_12)
     2    0.18    0.19    0.23    9.38 ^ wire317/X (sky130_fd_sc_hd__buf_12)
                                         net317 (net)
                  0.23    0.06    9.43 ^ _05533_/B (sky130_fd_sc_hd__nor2_8)
     2    0.12    0.12    0.11    9.54 v _05533_/Y (sky130_fd_sc_hd__nor2_8)
                                         _02191_ (net)
                  0.18    0.07    9.61 v _05535_/A (sky130_fd_sc_hd__nor2_1)
     1    0.01    0.25    0.25    9.85 ^ _05535_/Y (sky130_fd_sc_hd__nor2_1)
                                         _02193_ (net)
                  0.25    0.00    9.85 ^ wire223/A (sky130_fd_sc_hd__buf_12)
     2    0.23    0.19    0.21   10.06 ^ wire223/X (sky130_fd_sc_hd__buf_12)
                                         net223 (net)
                  0.48    0.22   10.28 ^ load_slew222/A (sky130_fd_sc_hd__buf_12)
     1    0.10    0.12    0.22   10.50 ^ load_slew222/X (sky130_fd_sc_hd__buf_12)
                                         net222 (net)
                  0.16    0.05   10.55 ^ _05537_/A0 (sky130_fd_sc_hd__mux2_8)
     2    0.21    0.36    0.39   10.94 ^ _05537_/X (sky130_fd_sc_hd__mux2_8)
                                         _02195_ (net)
                  0.38    0.07   11.01 ^ _05538_/A1 (sky130_fd_sc_hd__mux2_8)
     2    0.01    0.05    0.24   11.25 ^ _05538_/X (sky130_fd_sc_hd__mux2_8)
                                         _02196_ (net)
                  0.05    0.00   11.25 ^ _05539_/B1 (sky130_fd_sc_hd__a22o_4)
     2    0.09    0.27    0.25   11.51 ^ _05539_/X (sky130_fd_sc_hd__a22o_4)
                                         _02197_ (net)
                  0.27    0.00   11.51 ^ _05540_/B (sky130_fd_sc_hd__or2_4)
     1    0.11    0.32    0.35   11.86 ^ _05540_/X (sky130_fd_sc_hd__or2_4)
                                         _02198_ (net)
                  0.34    0.06   11.92 ^ _05585_/A1 (sky130_fd_sc_hd__a21oi_2)
     1    0.01    0.11    0.13   12.05 v _05585_/Y (sky130_fd_sc_hd__a21oi_2)
                                         _02243_ (net)
                  0.11    0.00   12.05 v _05591_/A2 (sky130_fd_sc_hd__o31a_1)
     1    0.01    0.08    0.33   12.39 v _05591_/X (sky130_fd_sc_hd__o31a_1)
                                         _02249_ (net)
                  0.08    0.00   12.39 v wire67/A (sky130_fd_sc_hd__buf_12)
     3    0.19    0.06    0.16   12.55 v wire67/X (sky130_fd_sc_hd__buf_12)
                                         net67 (net)
                  0.32    0.15   12.70 v load_slew65/A (sky130_fd_sc_hd__buf_12)
     1    0.17    0.06    0.27   12.97 v load_slew65/X (sky130_fd_sc_hd__buf_12)
                                         net65 (net)
                  0.29    0.14   13.11 v _05635_/B (sky130_fd_sc_hd__xnor2_4)
     1    0.03    0.12    0.27   13.37 v _05635_/Y (sky130_fd_sc_hd__xnor2_4)
                                         _02287_ (net)
                  0.12    0.01   13.38 v wire17/A (sky130_fd_sc_hd__buf_12)
     1    0.10    0.05    0.18   13.56 v wire17/X (sky130_fd_sc_hd__buf_12)
                                         net17 (net)
                  0.12    0.05   13.61 v wire16/A (sky130_fd_sc_hd__buf_12)
     1    0.10    0.05    0.18   13.79 v wire16/X (sky130_fd_sc_hd__buf_12)
                                         net16 (net)
                  0.12    0.05   13.84 v wire15/A (sky130_fd_sc_hd__buf_12)
     2    0.11    0.06    0.18   14.02 v wire15/X (sky130_fd_sc_hd__buf_12)
                                         net15 (net)
                  0.10    0.04   14.06 v _05637_/B (sky130_fd_sc_hd__nor3_4)
     2    0.04    0.45    0.42   14.48 ^ _05637_/Y (sky130_fd_sc_hd__nor3_4)
                                         _02289_ (net)
                  0.45    0.01   14.48 ^ max_cap12/A (sky130_fd_sc_hd__buf_6)
     1    0.04    0.09    0.21   14.69 ^ max_cap12/X (sky130_fd_sc_hd__buf_6)
                                         net12 (net)
                  0.10    0.01   14.70 ^ wire11/A (sky130_fd_sc_hd__buf_8)
     1    0.07    0.12    0.16   14.87 ^ wire11/X (sky130_fd_sc_hd__buf_8)
                                         net11 (net)
                  0.13    0.03   14.89 ^ _05644_/B (sky130_fd_sc_hd__or2_4)
     1    0.02    0.08    0.18   15.07 ^ _05644_/X (sky130_fd_sc_hd__or2_4)
                                         _02293_ (net)
                  0.08    0.00   15.07 ^ _05645_/A (sky130_fd_sc_hd__buf_12)
     1    0.11    0.12    0.16   15.23 ^ _05645_/X (sky130_fd_sc_hd__buf_12)
                                         _00006_ (net)
                  0.17    0.06   15.29 ^ _09602_/D (sky130_fd_sc_hd__dfxtp_4)
                                 15.29   data arrival time

                         10.00   10.00   clock core_clock (rise edge)
                          0.00   10.00   clock source latency
     1    0.17    0.00    0.00   10.00 ^ clk (in)
                                         clk (net)
                  0.00    0.00   10.00 ^ clkbuf_0_clk/A (sky130_fd_sc_hd__clkbuf_16)
     2    0.07    0.08    0.14   10.14 ^ clkbuf_0_clk/X (sky130_fd_sc_hd__clkbuf_16)
                                         clknet_0_clk (net)
                  0.08    0.00   10.14 ^ clkbuf_1_1_0_clk/A (sky130_fd_sc_hd__clkbuf_8)
     2    0.02    0.05    0.15   10.29 ^ clkbuf_1_1_0_clk/X (sky130_fd_sc_hd__clkbuf_8)
                                         clknet_1_1_0_clk (net)
                  0.05    0.00   10.29 ^ clkbuf_2_2_0_clk/A (sky130_fd_sc_hd__clkbuf_8)
     1    0.00    0.03    0.11   10.40 ^ clkbuf_2_2_0_clk/X (sky130_fd_sc_hd__clkbuf_8)
                                         clknet_2_2_0_clk (net)
                  0.03    0.00   10.40 ^ clkbuf_2_2_1_clk/A (sky130_fd_sc_hd__clkbuf_8)
     4    0.02    0.05    0.12   10.52 ^ clkbuf_2_2_1_clk/X (sky130_fd_sc_hd__clkbuf_8)
                                         clknet_2_2_1_clk (net)
                  0.05    0.00   10.52 ^ clkbuf_4_9_0_clk/A (sky130_fd_sc_hd__clkbuf_8)
     2    0.05    0.10    0.17   10.69 ^ clkbuf_4_9_0_clk/X (sky130_fd_sc_hd__clkbuf_8)
                                         clknet_4_9_0_clk (net)
                  0.10    0.00   10.69 ^ clkbuf_5_19_0_clk/A (sky130_fd_sc_hd__clkbuf_8)
     2    0.02    0.05    0.16   10.85 ^ clkbuf_5_19_0_clk/X (sky130_fd_sc_hd__clkbuf_8)
                                         clknet_5_19_0_clk (net)
                  0.05    0.00   10.85 ^ clkbuf_6_39__f_clk/A (sky130_fd_sc_hd__clkbuf_16)
    12    0.08    0.09    0.17   11.02 ^ clkbuf_6_39__f_clk/X (sky130_fd_sc_hd__clkbuf_16)
                                         clknet_6_39__leaf_clk (net)
                  0.10    0.01   11.03 ^ clkbuf_leaf_533_clk/A (sky130_fd_sc_hd__clkbuf_8)
     2    0.01    0.03    0.13   11.16 ^ clkbuf_leaf_533_clk/X (sky130_fd_sc_hd__clkbuf_8)
                                         clknet_leaf_533_clk (net)
                  0.03    0.00   11.16 ^ _09602_/CLK (sky130_fd_sc_hd__dfxtp_4)
                          0.00   11.16   clock reconvergence pessimism
                         -0.09   11.07   library setup time
                                 11.07   data required time
-----------------------------------------------------------------------------
                                 11.07   data required time
                                -15.29   data arrival time
-----------------------------------------------------------------------------
                                 -4.22   slack (VIOLATED)




===========================================================================
report_checks --slack_max -0.01
============================================================================
======================= Typical Corner ===================================

Startpoint: _08978_ (rising edge-triggered flip-flop clocked by core_clock)
Endpoint: _09602_ (rising edge-triggered flip-flop clocked by core_clock)
Path Group: core_clock
Path Type: max

Fanout     Cap    Slew   Delay    Time   Description
-----------------------------------------------------------------------------
                          0.00    0.00   clock core_clock (rise edge)
                          0.00    0.00   clock source latency
     1    0.17    0.00    0.00    0.00 ^ clk (in)
                                         clk (net)
                  0.00    0.00    0.00 ^ clkbuf_0_clk/A (sky130_fd_sc_hd__clkbuf_16)
     2    0.07    0.08    0.14    0.14 ^ clkbuf_0_clk/X (sky130_fd_sc_hd__clkbuf_16)
                                         clknet_0_clk (net)
                  0.08    0.00    0.15 ^ clkbuf_1_0_0_clk/A (sky130_fd_sc_hd__clkbuf_8)
     2    0.01    0.03    0.13    0.28 ^ clkbuf_1_0_0_clk/X (sky130_fd_sc_hd__clkbuf_8)
                                         clknet_1_0_0_clk (net)
                  0.03    0.00    0.28 ^ clkbuf_2_0_0_clk/A (sky130_fd_sc_hd__clkbuf_8)
     1    0.00    0.03    0.10    0.38 ^ clkbuf_2_0_0_clk/X (sky130_fd_sc_hd__clkbuf_8)
                                         clknet_2_0_0_clk (net)
                  0.03    0.00    0.38 ^ clkbuf_2_0_1_clk/A (sky130_fd_sc_hd__clkbuf_8)
     4    0.07    0.12    0.18    0.56 ^ clkbuf_2_0_1_clk/X (sky130_fd_sc_hd__clkbuf_8)
                                         clknet_2_0_1_clk (net)
                  0.12    0.00    0.56 ^ clkbuf_4_3_0_clk/A (sky130_fd_sc_hd__clkbuf_8)
     2    0.05    0.10    0.20    0.76 ^ clkbuf_4_3_0_clk/X (sky130_fd_sc_hd__clkbuf_8)
                                         clknet_4_3_0_clk (net)
                  0.10    0.00    0.76 ^ clkbuf_5_6_0_clk/A (sky130_fd_sc_hd__clkbuf_8)
     2    0.02    0.05    0.15    0.91 ^ clkbuf_5_6_0_clk/X (sky130_fd_sc_hd__clkbuf_8)
                                         clknet_5_6_0_clk (net)
                  0.05    0.00    0.91 ^ clkbuf_6_13__f_clk/A (sky130_fd_sc_hd__clkbuf_16)
    14    0.09    0.11    0.18    1.09 ^ clkbuf_6_13__f_clk/X (sky130_fd_sc_hd__clkbuf_16)
                                         clknet_6_13__leaf_clk (net)
                  0.11    0.00    1.09 ^ clkbuf_leaf_74_clk/A (sky130_fd_sc_hd__clkbuf_8)
     2    0.01    0.03    0.14    1.23 ^ clkbuf_leaf_74_clk/X (sky130_fd_sc_hd__clkbuf_8)
                                         clknet_leaf_74_clk (net)
                  0.03    0.00    1.23 ^ _08978_/CLK (sky130_fd_sc_hd__dfxtp_4)
     3    0.10    0.28    0.49    1.72 ^ _08978_/Q (sky130_fd_sc_hd__dfxtp_4)
                                         _00007_ (net)
                  0.29    0.03    1.75 ^ load_slew2004/A (sky130_fd_sc_hd__buf_12)
     2    0.02    0.04    0.15    1.90 ^ load_slew2004/X (sky130_fd_sc_hd__buf_12)
                                         net2004 (net)
                  0.04    0.00    1.90 ^ _04623_/A (sky130_fd_sc_hd__buf_8)
     3    0.03    0.06    0.11    2.01 ^ _04623_/X (sky130_fd_sc_hd__buf_8)
                                         _01282_ (net)
                  0.06    0.00    2.01 ^ load_slew1530/A (sky130_fd_sc_hd__buf_12)
     4    0.27    0.26    0.19    2.20 ^ load_slew1530/X (sky130_fd_sc_hd__buf_12)
                                         net1530 (net)
                  0.33    0.09    2.29 ^ load_slew1529/A (sky130_fd_sc_hd__buf_12)
     5    0.18    0.20    0.22    2.51 ^ load_slew1529/X (sky130_fd_sc_hd__buf_12)
                                         net1529 (net)
                  0.20    0.00    2.51 ^ _04914_/A (sky130_fd_sc_hd__buf_12)
     3    0.03    0.05    0.15    2.66 ^ _04914_/X (sky130_fd_sc_hd__buf_12)
                                         _01573_ (net)
                  0.05    0.00    2.66 ^ wire1334/A (sky130_fd_sc_hd__buf_12)
     4    0.25    0.19    0.15    2.82 ^ wire1334/X (sky130_fd_sc_hd__buf_12)
                                         net1334 (net)
                  0.59    0.28    3.09 ^ _05104_/S1 (sky130_fd_sc_hd__mux4_2)
     1    0.03    0.15    0.49    3.58 v _05104_/X (sky130_fd_sc_hd__mux4_2)
                                         _01763_ (net)
                  0.15    0.00    3.59 v wire1198/A (sky130_fd_sc_hd__buf_12)
     1    0.15    0.06    0.19    3.78 v wire1198/X (sky130_fd_sc_hd__buf_12)
                                         net1198 (net)
                  0.20    0.09    3.88 v wire1197/A (sky130_fd_sc_hd__buf_12)
     1    0.15    0.06    0.22    4.10 v wire1197/X (sky130_fd_sc_hd__buf_12)
                                         net1197 (net)
                  0.22    0.10    4.20 v _05105_/A1 (sky130_fd_sc_hd__mux2_8)
     1    0.26    0.15    0.46    4.66 v _05105_/X (sky130_fd_sc_hd__mux2_8)
                                         _01764_ (net)
                  0.65    0.31    4.97 v _05106_/B1 (sky130_fd_sc_hd__a221o_4)
     1    0.13    0.23    0.71    5.68 v _05106_/X (sky130_fd_sc_hd__a221o_4)
                                         _01765_ (net)
                  0.29    0.09    5.77 v _05107_/C1 (sky130_fd_sc_hd__o211a_4)
     2    0.09    0.14    0.33    6.10 v _05107_/X (sky130_fd_sc_hd__o211a_4)
                                         _01766_ (net)
                  0.14    0.00    6.10 v wire818/A (sky130_fd_sc_hd__buf_12)
     3    0.19    0.06    0.19    6.29 v wire818/X (sky130_fd_sc_hd__buf_12)
                                         net818 (net)
                  0.17    0.07    6.37 v max_cap817/A (sky130_fd_sc_hd__buf_12)
     2    0.00    0.02    0.17    6.54 v max_cap817/X (sky130_fd_sc_hd__buf_12)
                                         net817 (net)
                  0.02    0.00    6.54 v _05125_/D (sky130_fd_sc_hd__or4_4)
     1    0.00    0.08    0.39    6.93 v _05125_/X (sky130_fd_sc_hd__or4_4)
                                         _01784_ (net)
                  0.08    0.00    6.93 v _05126_/B (sky130_fd_sc_hd__or3_4)
     1    0.00    0.06    0.36    7.29 v _05126_/X (sky130_fd_sc_hd__or3_4)
                                         _01785_ (net)
                  0.06    0.00    7.29 v _05127_/C (sky130_fd_sc_hd__or4_4)
     1    0.09    0.21    0.63    7.93 v _05127_/X (sky130_fd_sc_hd__or4_4)
                                         _01786_ (net)
                  0.22    0.04    7.97 v _05128_/A (sky130_fd_sc_hd__clkbuf_16)
     6    0.03    0.04    0.23    8.21 v _05128_/X (sky130_fd_sc_hd__clkbuf_16)
                                         _01787_ (net)
                  0.04    0.00    8.21 v _05174_/A (sky130_fd_sc_hd__buf_12)
     6    0.13    0.07    0.16    8.36 v _05174_/X (sky130_fd_sc_hd__buf_12)
                                         _01833_ (net)
                  0.07    0.00    8.36 v _05175_/A (sky130_fd_sc_hd__buf_12)
     3    0.20    0.08    0.17    8.54 v _05175_/X (sky130_fd_sc_hd__buf_12)
                                         _01834_ (net)
                  0.15    0.06    8.59 v wire373/A (sky130_fd_sc_hd__buf_12)
     6    0.04    0.04    0.18    8.77 v wire373/X (sky130_fd_sc_hd__buf_12)
                                         net373 (net)
                  0.04    0.00    8.77 v _05182_/B (sky130_fd_sc_hd__nor2_8)
     2    0.11    0.42    0.30    9.08 ^ _05182_/Y (sky130_fd_sc_hd__nor2_8)
                                         _01841_ (net)
                  0.44    0.07    9.14 ^ wire317/A (sky130_fd_sc_hd__buf_12)
     2    0.18    0.19    0.23    9.38 ^ wire317/X (sky130_fd_sc_hd__buf_12)
                                         net317 (net)
                  0.23    0.06    9.43 ^ _05533_/B (sky130_fd_sc_hd__nor2_8)
     2    0.12    0.12    0.11    9.54 v _05533_/Y (sky130_fd_sc_hd__nor2_8)
                                         _02191_ (net)
                  0.18    0.07    9.61 v _05535_/A (sky130_fd_sc_hd__nor2_1)
     1    0.01    0.25    0.25    9.85 ^ _05535_/Y (sky130_fd_sc_hd__nor2_1)
                                         _02193_ (net)
                  0.25    0.00    9.85 ^ wire223/A (sky130_fd_sc_hd__buf_12)
     2    0.23    0.19    0.21   10.06 ^ wire223/X (sky130_fd_sc_hd__buf_12)
                                         net223 (net)
                  0.48    0.22   10.28 ^ load_slew222/A (sky130_fd_sc_hd__buf_12)
     1    0.10    0.12    0.22   10.50 ^ load_slew222/X (sky130_fd_sc_hd__buf_12)
                                         net222 (net)
                  0.16    0.05   10.55 ^ _05537_/A0 (sky130_fd_sc_hd__mux2_8)
     2    0.21    0.36    0.39   10.94 ^ _05537_/X (sky130_fd_sc_hd__mux2_8)
                                         _02195_ (net)
                  0.38    0.07   11.01 ^ _05538_/A1 (sky130_fd_sc_hd__mux2_8)
     2    0.01    0.05    0.24   11.25 ^ _05538_/X (sky130_fd_sc_hd__mux2_8)
                                         _02196_ (net)
                  0.05    0.00   11.25 ^ _05539_/B1 (sky130_fd_sc_hd__a22o_4)
     2    0.09    0.27    0.25   11.51 ^ _05539_/X (sky130_fd_sc_hd__a22o_4)
                                         _02197_ (net)
                  0.27    0.00   11.51 ^ _05540_/B (sky130_fd_sc_hd__or2_4)
     1    0.11    0.32    0.35   11.86 ^ _05540_/X (sky130_fd_sc_hd__or2_4)
                                         _02198_ (net)
                  0.34    0.06   11.92 ^ _05585_/A1 (sky130_fd_sc_hd__a21oi_2)
     1    0.01    0.11    0.13   12.05 v _05585_/Y (sky130_fd_sc_hd__a21oi_2)
                                         _02243_ (net)
                  0.11    0.00   12.05 v _05591_/A2 (sky130_fd_sc_hd__o31a_1)
     1    0.01    0.08    0.33   12.39 v _05591_/X (sky130_fd_sc_hd__o31a_1)
                                         _02249_ (net)
                  0.08    0.00   12.39 v wire67/A (sky130_fd_sc_hd__buf_12)
     3    0.19    0.06    0.16   12.55 v wire67/X (sky130_fd_sc_hd__buf_12)
                                         net67 (net)
                  0.32    0.15   12.70 v load_slew65/A (sky130_fd_sc_hd__buf_12)
     1    0.17    0.06    0.27   12.97 v load_slew65/X (sky130_fd_sc_hd__buf_12)
                                         net65 (net)
                  0.29    0.14   13.11 v _05635_/B (sky130_fd_sc_hd__xnor2_4)
     1    0.03    0.12    0.27   13.37 v _05635_/Y (sky130_fd_sc_hd__xnor2_4)
                                         _02287_ (net)
                  0.12    0.01   13.38 v wire17/A (sky130_fd_sc_hd__buf_12)
     1    0.10    0.05    0.18   13.56 v wire17/X (sky130_fd_sc_hd__buf_12)
                                         net17 (net)
                  0.12    0.05   13.61 v wire16/A (sky130_fd_sc_hd__buf_12)
     1    0.10    0.05    0.18   13.79 v wire16/X (sky130_fd_sc_hd__buf_12)
                                         net16 (net)
                  0.12    0.05   13.84 v wire15/A (sky130_fd_sc_hd__buf_12)
     2    0.11    0.06    0.18   14.02 v wire15/X (sky130_fd_sc_hd__buf_12)
                                         net15 (net)
                  0.10    0.04   14.06 v _05637_/B (sky130_fd_sc_hd__nor3_4)
     2    0.04    0.45    0.42   14.48 ^ _05637_/Y (sky130_fd_sc_hd__nor3_4)
                                         _02289_ (net)
                  0.45    0.01   14.48 ^ max_cap12/A (sky130_fd_sc_hd__buf_6)
     1    0.04    0.09    0.21   14.69 ^ max_cap12/X (sky130_fd_sc_hd__buf_6)
                                         net12 (net)
                  0.10    0.01   14.70 ^ wire11/A (sky130_fd_sc_hd__buf_8)
     1    0.07    0.12    0.16   14.87 ^ wire11/X (sky130_fd_sc_hd__buf_8)
                                         net11 (net)
                  0.13    0.03   14.89 ^ _05644_/B (sky130_fd_sc_hd__or2_4)
     1    0.02    0.08    0.18   15.07 ^ _05644_/X (sky130_fd_sc_hd__or2_4)
                                         _02293_ (net)
                  0.08    0.00   15.07 ^ _05645_/A (sky130_fd_sc_hd__buf_12)
     1    0.11    0.12    0.16   15.23 ^ _05645_/X (sky130_fd_sc_hd__buf_12)
                                         _00006_ (net)
                  0.17    0.06   15.29 ^ _09602_/D (sky130_fd_sc_hd__dfxtp_4)
                                 15.29   data arrival time

                         10.00   10.00   clock core_clock (rise edge)
                          0.00   10.00   clock source latency
     1    0.17    0.00    0.00   10.00 ^ clk (in)
                                         clk (net)
                  0.00    0.00   10.00 ^ clkbuf_0_clk/A (sky130_fd_sc_hd__clkbuf_16)
     2    0.07    0.08    0.14   10.14 ^ clkbuf_0_clk/X (sky130_fd_sc_hd__clkbuf_16)
                                         clknet_0_clk (net)
                  0.08    0.00   10.14 ^ clkbuf_1_1_0_clk/A (sky130_fd_sc_hd__clkbuf_8)
     2    0.02    0.05    0.15   10.29 ^ clkbuf_1_1_0_clk/X (sky130_fd_sc_hd__clkbuf_8)
                                         clknet_1_1_0_clk (net)
                  0.05    0.00   10.29 ^ clkbuf_2_2_0_clk/A (sky130_fd_sc_hd__clkbuf_8)
     1    0.00    0.03    0.11   10.40 ^ clkbuf_2_2_0_clk/X (sky130_fd_sc_hd__clkbuf_8)
                                         clknet_2_2_0_clk (net)
                  0.03    0.00   10.40 ^ clkbuf_2_2_1_clk/A (sky130_fd_sc_hd__clkbuf_8)
     4    0.02    0.05    0.12   10.52 ^ clkbuf_2_2_1_clk/X (sky130_fd_sc_hd__clkbuf_8)
                                         clknet_2_2_1_clk (net)
                  0.05    0.00   10.52 ^ clkbuf_4_9_0_clk/A (sky130_fd_sc_hd__clkbuf_8)
     2    0.05    0.10    0.17   10.69 ^ clkbuf_4_9_0_clk/X (sky130_fd_sc_hd__clkbuf_8)
                                         clknet_4_9_0_clk (net)
                  0.10    0.00   10.69 ^ clkbuf_5_19_0_clk/A (sky130_fd_sc_hd__clkbuf_8)
     2    0.02    0.05    0.16   10.85 ^ clkbuf_5_19_0_clk/X (sky130_fd_sc_hd__clkbuf_8)
                                         clknet_5_19_0_clk (net)
                  0.05    0.00   10.85 ^ clkbuf_6_39__f_clk/A (sky130_fd_sc_hd__clkbuf_16)
    12    0.08    0.09    0.17   11.02 ^ clkbuf_6_39__f_clk/X (sky130_fd_sc_hd__clkbuf_16)
                                         clknet_6_39__leaf_clk (net)
                  0.10    0.01   11.03 ^ clkbuf_leaf_533_clk/A (sky130_fd_sc_hd__clkbuf_8)
     2    0.01    0.03    0.13   11.16 ^ clkbuf_leaf_533_clk/X (sky130_fd_sc_hd__clkbuf_8)
                                         clknet_leaf_533_clk (net)
                  0.03    0.00   11.16 ^ _09602_/CLK (sky130_fd_sc_hd__dfxtp_4)
                          0.00   11.16   clock reconvergence pessimism
                         -0.09   11.07   library setup time
                                 11.07   data required time
-----------------------------------------------------------------------------
                                 11.07   data required time
                                -15.29   data arrival time
-----------------------------------------------------------------------------
                                 -4.22   slack (VIOLATED)




===========================================================================
 report_check_types -max_slew -max_cap -max_fanout -violators
============================================================================
======================= Typical Corner ===================================


max slew violations count Typical: 0
max fanout violations count Typical: 0
max cap violations count Typical: 0

===========================================================================
report_parasitic_annotation -report_unannotated
============================================================================
Found 123 unannotated drivers.
 clkload0/Y
 clkload1/Y
 clkload10/Y
 clkload100/X
 clkload101/X
 clkload102/X
 clkload103/X
 clkload104/X
 clkload105/X
 clkload106/X
 clkload107/X
 clkload108/X
 clkload109/X
 clkload11/Y
 clkload110/X
 clkload111/X
 clkload112/X
 clkload113/X
 clkload114/X
 clkload115/X
 clkload116/X
 clkload117/X
 clkload118/X
 clkload119/X
 clkload12/Y
 clkload120/X
 clkload13/Y
 clkload14/X
 clkload15/Y
 clkload16/X
 clkload17/X
 clkload18/Y
 clkload19/X
 clkload2/Y
 clkload20/Y
 clkload21/Y
 clkload22/Y
 clkload23/Y
 clkload24/Y
 clkload25/X
 clkload26/Y
 clkload27/Y
 clkload28/X
 clkload29/Y
 clkload3/Y
 clkload30/Y
 clkload31/Y
 clkload32/Y
 clkload33/X
 clkload34/X
 clkload35/X
 clkload36/X
 clkload37/X
 clkload38/X
 clkload39/X
 clkload4/X
 clkload40/X
 clkload41/X
 clkload42/X
 clkload43/X
 clkload44/X
 clkload45/X
 clkload46/X
 clkload47/X
 clkload48/X
 clkload49/X
 clkload5/Y
 clkload50/X
 clkload51/X
 clkload52/Y
 clkload53/Y
 clkload54/Y
 clkload55/Y
 clkload56/Y
 clkload57/X
 clkload58/X
 clkload59/X
 clkload6/Y
 clkload60/X
 clkload61/X
 clkload62/X
 clkload63/X
 clkload64/X
 clkload65/X
 clkload66/X
 clkload67/X
 clkload68/X
 clkload69/X
 clkload7/Y
 clkload70/X
 clkload71/X
 clkload72/X
 clkload73/X
 clkload74/X
 clkload75/X
 clkload76/X
 clkload77/X
 clkload78/X
 clkload79/X
 clkload8/X
 clkload80/X
 clkload81/X
 clkload82/X
 clkload83/X
 clkload84/X
 clkload85/X
 clkload86/X
 clkload87/X
 clkload88/X
 clkload89/X
 clkload9/Y
 clkload90/X
 clkload91/X
 clkload92/Y
 clkload93/Y
 clkload94/Y
 clkload95/Y
 clkload96/X
 clkload97/X
 clkload98/X
 clkload99/X
 cpu_2019/LO
 wire1/X
Found 4916 partially unannotated drivers.
 clk
 _04465_/Y
 _04469_/X
 _04470_/X
 _04471_/X
 _04473_/Y
 _04475_/X
 _04476_/X
 _04477_/X
 _04479_/X
 _04480_/X
 _04481_/X
 _04482_/X
 _04483_/X
 _04484_/X
 _04485_/X
 _04487_/X
 _04490_/X
 _04491_/X
 _04492_/X
 _04493_/X
 _04495_/Y
 _04496_/X
 _04497_/X
 _04498_/X
 _04499_/X
 _04501_/X
 _04504_/X
 _04505_/X
 _04506_/X
 _04507_/Y
 _04508_/X
 _04519_/X
 _04522_/X
 _04525_/X
 _04526_/X
 _04527_/X
 _04528_/X
 _04529_/X
 _04533_/X
 _04534_/X
 _04537_/X
 _04538_/X
 _04543_/X
 _04545_/X
 _04549_/X
 _04550_/X
 _04552_/X
 _04553_/X
 _04556_/Y
 _04557_/X
 _04558_/X
 _04559_/X
 _04562_/X
 _04564_/Y
 _04568_/Y
 _04569_/X
 _04571_/X
 _04572_/X
 _04574_/Y
 _04575_/Y
 _04578_/X
 _04579_/X
 _04580_/X
 _04582_/X
 _04583_/X
 _04584_/X
 _04585_/X
 _04586_/X
 _04587_/X
 _04588_/X
 _04589_/X
 _04592_/X
 _04595_/X
 _04597_/X
 _04598_/X
 _04602_/X
 _04605_/X
 _04607_/X
 _04608_/X
 _04610_/X
 _04614_/X
 _04615_/X
 _04616_/X
 _04617_/X
 _04618_/X
 _04619_/X
 _04620_/X
 _04621_/X
 _04623_/X
 _04624_/X
 _04626_/X
 _04627_/X
 _04628_/X
 _04629_/X
 _04630_/X
 _04631_/X
 _04632_/X
 _04634_/X
 _04635_/X
 _04636_/X
 _04638_/X
 _04639_/X
 _04640_/X
 _04641_/X
 _04643_/X
 _04648_/X
 _04649_/X
 _04652_/X
 _04653_/X
 _04655_/X
 _04656_/X
 _04657_/X
 _04660_/X
 _04661_/X
 _04662_/X
 _04664_/X
 _04665_/X
 _04666_/X
 _04667_/X
 _04668_/X
 _04669_/X
 _04670_/X
 _04671_/X
 _04672_/X
 _04674_/X
 _04675_/X
 _04676_/X
 _04677_/X
 _04678_/X
 _04679_/X
 _04680_/X
 _04681_/X
 _04682_/X
 _04683_/X
 _04686_/X
 _04687_/Y
 _04688_/X
 _04689_/X
 _04690_/X
 _04692_/X
 _04693_/X
 _04694_/Y
 _04695_/X
 _04696_/X
 _04697_/X
 _04704_/X
 _04705_/X
 _04708_/X
 _04709_/X
 _04711_/Y
 _04715_/X
 _04717_/X
 _04720_/X
 _04724_/X
 _04725_/X
 _04727_/X
 _04728_/X
 _04729_/X
 _04730_/X
 _04731_/X
 _04732_/X
 _04733_/X
 _04736_/X
 _04738_/X
 _04739_/X
 _04740_/X
 _04742_/X
 _04743_/X
 _04745_/X
 _04749_/X
 _04752_/X
 _04753_/X
 _04756_/X
 _04757_/X
 _04758_/X
 _04759_/X
 _04761_/X
 _04762_/X
 _04764_/X
 _04765_/X
 _04767_/X
 _04768_/X
 _04773_/X
 _04774_/X
 _04775_/X
 _04776_/X
 _04784_/X
 _04785_/X
 _04787_/X
 _04788_/X
 _04791_/X
 _04793_/X
 _04794_/X
 _04795_/X
 _04797_/X
 _04798_/X
 _04799_/X
 _04800_/X
 _04801_/X
 _04803_/X
 _04804_/X
 _04806_/X
 _04807_/X
 _04808_/X
 _04810_/X
 _04811_/X
 _04812_/X
 _04814_/X
 _04816_/X
 _04818_/X
 _04819_/X
 _04820_/X
 _04821_/X
 _04822_/X
 _04823_/X
 _04824_/X
 _04826_/X
 _04828_/X
 _04833_/X
 _04834_/X
 _04835_/X
 _04836_/X
 _04839_/X
 _04840_/X
 _04841_/X
 _04842_/X
 _04844_/X
 _04845_/X
 _04847_/X
 _04849_/X
 _04850_/X
 _04853_/X
 _04854_/X
 _04855_/X
 _04857_/X
 _04858_/X
 _04859_/X
 _04861_/X
 _04863_/X
 _04864_/X
 _04868_/X
 _04869_/X
 _04870_/X
 _04871_/X
 _04875_/X
 _04876_/X
 _04877_/X
 _04878_/X
 _04879_/X
 _04886_/X
 _04893_/X
 _04894_/X
 _04895_/X
 _04897_/X
 _04899_/X
 _04900_/X
 _04901_/X
 _04902_/X
 _04903_/X
 _04904_/X
 _04905_/X
 _04906_/X
 _04908_/X
 _04909_/X
 _04911_/X
 _04912_/X
 _04914_/X
 _04917_/X
 _04918_/X
 _04920_/X
 _04921_/X
 _04922_/X
 _04924_/X
 _04925_/X
 _04926_/X
 _04927_/X
 _04928_/X
 _04931_/X
 _04934_/X
 _04935_/X
 _04936_/X
 _04940_/X
 _04941_/X
 _04942_/X
 _04943_/X
 _04946_/X
 _04949_/X
 _04950_/X
 _04951_/X
 _04952_/X
 _04954_/X
 _04957_/X
 _04961_/X
 _04962_/X
 _04964_/X
 _04965_/X
 _04966_/X
 _04967_/X
 _04968_/X
 _04970_/X
 _04971_/X
 _04972_/X
 _04975_/X
 _04977_/X
 _04979_/X
 _04983_/X
 _04985_/Y
 _04987_/X
 _04989_/X
 _04990_/X
 _04992_/X
 _04993_/X
 _04994_/X
 _04996_/X
 _04997_/X
 _04998_/X
 _05001_/X
 _05004_/X
 _05006_/X
 _05007_/X
 _05010_/X
 _05011_/X
 _05013_/X
 _05015_/X
 _05016_/X
 _05018_/X
 _05019_/X
 _05020_/X
 _05023_/X
 _05024_/X
 _05026_/X
 _05027_/X
 _05028_/X
 _05030_/X
 _05033_/X
 _05034_/X
 _05036_/X
 _05042_/Y
 _05046_/Y
 _05047_/X
 _05052_/X
 _05053_/X
 _05054_/Y
 _05055_/X
 _05057_/X
 _05060_/X
 _05062_/X
 _05064_/X
 _05066_/X
 _05069_/X
 _05070_/X
 _05072_/X
 _05073_/X
 _05076_/X
 _05077_/X
 _05079_/X
 _05080_/X
 _05084_/X
 _05085_/X
 _05086_/X
 _05087_/X
 _05088_/X
 _05089_/X
 _05093_/X
 _05094_/X
 _05096_/X
 _05097_/X
 _05100_/X
 _05103_/X
 _05109_/X
 _05112_/X
 _05113_/X
 _05115_/X
 _05116_/X
 _05117_/X
 _05118_/X
 _05120_/X
 _05121_/X
 _05122_/X
 _05125_/X
 _05126_/X
 _05128_/X
 _05129_/Y
 _05130_/X
 _05131_/X
 _05132_/X
 _05133_/X
 _05134_/X
 _05135_/X
 _05137_/X
 _05138_/X
 _05139_/X
 _05140_/X
 _05141_/X
 _05143_/X
 _05144_/X
 _05145_/X
 _05146_/X
 _05148_/X
 _05152_/X
 _05153_/X
 _05155_/X
 _05156_/X
 _05158_/Y
 _05159_/Y
 _05160_/Y
 _05162_/X
 _05164_/Y
 _05165_/X
 _05166_/Y
 _05167_/X
 _05169_/X
 _05171_/X
 _05172_/X
 _05174_/X
 _05176_/X
 _05177_/X
 _05178_/X
 _05179_/X
 _05180_/X
 _05183_/X
 _05184_/X
 _05186_/Y
 _05187_/Y
 _05188_/X
 _05190_/Y
 _05191_/Y
 _05192_/X
 _05193_/X
 _05195_/X
 _05196_/Y
 _05198_/X
 _05200_/X
 _05203_/X
 _05207_/X
 _05210_/Y
 _05211_/X
 _05212_/X
 _05213_/X
 _05218_/Y
 _05221_/X
 _05222_/X
 _05223_/Y
 _05224_/X
 _05225_/X
 _05226_/X
 _05230_/X
 _05232_/X
 _05233_/X
 _05234_/X
 _05237_/X
 _05238_/Y
 _05239_/X
 _05240_/X
 _05242_/X
 _05243_/X
 _05244_/X
 _05246_/Y
 _05247_/X
 _05248_/X
 _05249_/Y
 _05250_/X
 _05251_/X
 _05257_/Y
 _05263_/Y
 _05264_/X
 _05265_/X
 _05267_/X
 _05273_/X
 _05275_/Y
 _05276_/Y
 _05279_/X
 _05281_/Y
 _05282_/X
 _05283_/X
 _05284_/X
 _05286_/X
 _05288_/X
 _05292_/X
 _05295_/X
 _05296_/X
 _05301_/Y
 _05302_/X
 _05303_/X
 _05304_/X
 _05305_/Y
 _05306_/Y
 _05308_/Y
 _05311_/X
 _05312_/X
 _05313_/X
 _05315_/X
 _05318_/Y
 _05319_/X
 _05320_/X
 _05321_/X
 _05323_/Y
 _05327_/X
 _05330_/Y
 _05332_/X
 _05335_/Y
 _05336_/X
 _05337_/Y
 _05340_/X
 _05341_/X
 _05346_/Y
 _05347_/Y
 _05349_/X
 _05351_/Y
 _05353_/X
 _05354_/X
 _05355_/X
 _05357_/X
 _05359_/X
 _05360_/Y
 _05361_/X
 _05363_/X
 _05365_/Y
 _05366_/X
 _05367_/Y
 _05368_/Y
 _05369_/X
 _05373_/Y
 _05375_/X
 _05376_/X
 _05379_/Y
 _05381_/X
 _05386_/X
 _05389_/Y
 _05391_/X
 _05392_/X
 _05393_/X
 _05395_/Y
 _05401_/Y
 _05403_/X
 _05404_/X
 _05407_/X
 _05408_/Y
 _05409_/X
 _05411_/Y
 _05415_/X
 _05416_/Y
 _05418_/X
 _05420_/X
 _05421_/Y
 _05423_/X
 _05424_/X
 _05428_/X
 _05434_/X
 _05437_/Y
 _05438_/X
 _05439_/Y
 _05440_/Y
 _05441_/Y
 _05443_/X
 _05446_/Y
 _05447_/Y
 _05448_/X
 _05449_/X
 _05450_/X
 _05451_/Y
 _05453_/Y
 _05454_/X
 _05457_/X
 _05458_/X
 _05462_/X
 _05463_/Y
 _05465_/X
 _05467_/Y
 _05468_/X
 _05469_/X
 _05470_/X
 _05471_/X
 _05474_/X
 _05475_/X
 _05476_/X
 _05477_/X
 _05478_/Y
 _05479_/Y
 _05483_/X
 _05485_/Y
 _05486_/Y
 _05487_/X
 _05488_/X
 _05489_/X
 _05491_/X
 _05493_/X
 _05496_/X
 _05497_/Y
 _05498_/X
 _05499_/X
 _05500_/X
 _05501_/Y
 _05502_/X
 _05504_/Y
 _05505_/X
 _05506_/X
 _05509_/Y
 _05511_/Y
 _05513_/X
 _05516_/Y
 _05518_/X
 _05520_/X
 _05521_/X
 _05524_/Y
 _05526_/X
 _05528_/X
 _05529_/X
 _05532_/X
 _05533_/Y
 _05538_/X
 _05539_/X
 _05543_/Y
 _05546_/X
 _05547_/X
 _05552_/Y
 _05555_/X
 _05556_/Y
 _05557_/Y
 _05558_/X
 _05560_/Y
 _05561_/Y
 _05562_/Y
 _05563_/X
 _05564_/X
 _05566_/X
 _05569_/Y
 _05570_/X
 _05572_/X
 _05575_/X
 _05578_/X
 _05579_/Y
 _05580_/X
 _05582_/Y
 _05583_/X
 _05584_/Y
 _05586_/X
 _05587_/X
 _05588_/Y
 _05593_/Y
 _05596_/X
 _05597_/X
 _05598_/X
 _05599_/X
 _05600_/X
 _05601_/X
 _05603_/Y
 _05608_/X
 _05610_/Y
 _05612_/X
 _05613_/X
 _05615_/X
 _05619_/X
 _05620_/X
 _05621_/X
 _05626_/X
 _05629_/Y
 _05633_/Y
 _05638_/X
 _05640_/X
 _05641_/X
 _05642_/X
 _05644_/X
 _05651_/X
 _05654_/X
 _05655_/X
 _05656_/X
 _05658_/X
 _05659_/X
 _05662_/X
 _05663_/X
 _05664_/Y
 _05665_/Y
 _05666_/Y
 _05668_/Y
 _05669_/X
 _05674_/Y
 _05676_/Y
 _05677_/X
 _05681_/X
 _05684_/X
 _05685_/Y
 _05686_/Y
 _05688_/X
 _05693_/Y
 _05695_/Y
 _05697_/X
 _05699_/Y
 _05700_/X
 _05703_/X
 _05704_/X
 _05705_/Y
 _05706_/X
 _05708_/X
 _05709_/X
 _05712_/X
 _05713_/X
 _05715_/X
 _05716_/X
 _05717_/X
 _05719_/Y
 _05720_/X
 _05722_/X
 _05723_/X
 _05729_/X
 _05731_/X
 _05732_/Y
 _05733_/Y
 _05735_/X
 _05737_/X
 _05738_/X
 _05739_/X
 _05740_/X
 _05741_/X
 _05743_/X
 _05747_/X
 _05748_/X
 _05749_/X
 _05750_/X
 _05751_/X
 _05752_/Y
 _05753_/X
 _05754_/Y
 _05755_/X
 _05756_/X
 _05757_/X
 _05758_/X
 _05759_/X
 _05761_/X
 _05763_/X
 _05764_/X
 _05765_/X
 _05767_/X
 _05768_/X
 _05770_/X
 _05771_/X
 _05774_/X
 _05776_/X
 _05779_/X
 _05782_/X
 _05784_/X
 _05785_/X
 _05786_/X
 _05787_/X
 _05789_/X
 _05790_/X
 _05791_/X
 _05792_/X
 _05794_/X
 _05795_/X
 _05797_/X
 _05798_/X
 _05799_/X
 _05800_/X
 _05801_/X
 _05803_/X
 _05804_/X
 _05805_/X
 _05807_/X
 _05808_/X
 _05810_/X
 _05813_/X
 _05815_/X
 _05817_/X
 _05821_/X
 _05823_/X
 _05824_/X
 _05825_/X
 _05826_/X
 _05827_/X
 _05828_/X
 _05829_/X
 _05830_/X
 _05831_/X
 _05832_/X
 _05835_/X
 _05836_/X
 _05837_/X
 _05838_/X
 _05841_/X
 _05844_/X
 _05846_/X
 _05850_/X
 _05851_/X
 _05852_/X
 _05854_/X
 _05855_/Y
 _05858_/X
 _05862_/Y
 _05863_/Y
 _05868_/X
 _05873_/Y
 _05876_/X
 _05880_/X
 _05882_/X
 _05884_/Y
 _05886_/Y
 _05887_/Y
 _05888_/Y
 _05889_/Y
 _05891_/X
 _05892_/X
 _05897_/X
 _05898_/Y
 _05899_/X
 _05903_/Y
 _05904_/Y
 _05905_/X
 _05906_/Y
 _05907_/X
 _05908_/X
 _05910_/X
 _05914_/X
 _05916_/Y
 _05919_/X
 _05923_/X
 _05925_/X
 _05926_/Y
 _05927_/X
 _05932_/X
 _05936_/X
 _05940_/Y
 _05941_/Y
 _05945_/X
 _05947_/X
 _05949_/X
 _05950_/X
 _05951_/X
 _05954_/X
 _05955_/X
 _05957_/X
 _05959_/X
 _05963_/X
 _05965_/X
 _05966_/X
 _05967_/X
 _05968_/X
 _05969_/X
 _05970_/X
 _05971_/X
 _05974_/X
 _05976_/X
 _05980_/X
 _05981_/X
 _05982_/X
 _05983_/X
 _05986_/X
 _05987_/X
 _05989_/X
 _05990_/X
 _05991_/X
 _05992_/X
 _05994_/X
 _05995_/X
 _05996_/X
 _05998_/X
 _06001_/X
 _06003_/X
 _06006_/X
 _06007_/X
 _06009_/X
 _06013_/X
 _06014_/X
 _06017_/X
 _06019_/X
 _06020_/X
 _06021_/X
 _06022_/X
 _06026_/X
 _06027_/X
 _06028_/Y
 _06030_/Y
 _06031_/X
 _06033_/X
 _06034_/X
 _06036_/X
 _06037_/X
 _06039_/X
 _06040_/X
 _06043_/X
 _06046_/X
 _06049_/X
 _06050_/X
 _06051_/X
 _06052_/X
 _06055_/X
 _06057_/X
 _06058_/X
 _06060_/X
 _06061_/X
 _06062_/X
 _06063_/X
 _06065_/X
 _06066_/X
 _06067_/X
 _06068_/X
 _06069_/X
 _06071_/X
 _06072_/X
 _06075_/X
 _06076_/X
 _06077_/X
 _06078_/X
 _06079_/X
 _06080_/X
 _06081_/X
 _06083_/X
 _06086_/X
 _06088_/X
 _06089_/X
 _06091_/X
 _06093_/X
 _06095_/X
 _06096_/X
 _06098_/X
 _06099_/X
 _06100_/X
 _06102_/X
 _06103_/X
 _06105_/X
 _06106_/X
 _06108_/X
 _06109_/X
 _06111_/X
 _06113_/X
 _06114_/X
 _06115_/X
 _06117_/X
 _06118_/X
 _06119_/X
 _06120_/X
 _06121_/X
 _06122_/X
 _06124_/X
 _06126_/X
 _06127_/X
 _06130_/Y
 _06134_/X
 _06135_/X
 _06136_/X
 _06143_/X
 _06145_/X
 _06148_/X
 _06149_/X
 _06152_/X
 _06154_/X
 _06157_/X
 _06158_/X
 _06159_/X
 _06161_/X
 _06162_/X
 _06164_/X
 _06165_/X
 _06166_/X
 _06167_/X
 _06169_/X
 _06171_/X
 _06172_/X
 _06173_/X
 _06175_/X
 _06177_/X
 _06179_/X
 _06181_/X
 _06182_/X
 _06186_/X
 _06187_/X
 _06188_/X
 _06189_/X
 _06190_/X
 _06191_/X
 _06194_/X
 _06199_/X
 _06200_/X
 _06201_/X
 _06202_/X
 _06203_/X
 _06205_/X
 _06206_/X
 _06208_/X
 _06209_/X
 _06211_/X
 _06216_/X
 _06219_/X
 _06220_/X
 _06221_/X
 _06223_/X
 _06227_/X
 _06228_/X
 _06229_/X
 _06231_/X
 _06232_/X
 _06234_/X
 _06239_/X
 _06240_/X
 _06241_/X
 _06242_/X
 _06244_/X
 _06249_/X
 _06250_/X
 _06254_/X
 _06255_/X
 _06257_/X
 _06260_/X
 _06263_/X
 _06264_/X
 _06265_/X
 _06268_/Y
 _06269_/X
 _06272_/X
 _06273_/X
 _06274_/X
 _06277_/X
 _06278_/X
 _06279_/X
 _06281_/X
 _06283_/X
 _06284_/X
 _06285_/X
 _06287_/X
 _06289_/X
 _06292_/X
 _06293_/X
 _06294_/X
 _06296_/X
 _06299_/X
 _06300_/X
 _06301_/X
 _06302_/X
 _06303_/X
 _06304_/X
 _06307_/X
 _06308_/X
 _06309_/X
 _06310_/X
 _06311_/X
 _06317_/X
 _06321_/X
 _06324_/X
 _06325_/X
 _06327_/X
 _06329_/X
 _06330_/X
 _06332_/X
 _06333_/X
 _06334_/X
 _06335_/X
 _06336_/Y
 _06337_/X
 _06338_/X
 _06340_/X
 _06341_/X
 _06342_/X
 _06343_/X
 _06344_/X
 _06345_/X
 _06346_/X
 _06347_/X
 _06349_/X
 _06350_/X
 _06353_/X
 _06354_/X
 _06355_/X
 _06356_/X
 _06360_/X
 _06361_/X
 _06363_/X
 _06366_/X
 _06367_/X
 _06368_/X
 _06369_/X
 _06370_/X
 _06371_/X
 _06372_/X
 _06373_/X
 _06376_/X
 _06377_/X
 _06378_/X
 _06379_/X
 _06381_/X
 _06385_/X
 _06388_/X
 _06390_/X
 _06391_/X
 _06392_/X
 _06393_/X
 _06395_/X
 _06396_/X
 _06397_/X
 _06398_/X
 _06399_/X
 _06400_/X
 _06403_/X
 _06405_/Y
 _06407_/X
 _06408_/X
 _06409_/X
 _06410_/X
 _06411_/X
 _06413_/X
 _06414_/X
 _06416_/X
 _06417_/X
 _06418_/X
 _06421_/X
 _06424_/X
 _06427_/X
 _06428_/X
 _06429_/X
 _06430_/X
 _06431_/X
 _06433_/X
 _06435_/X
 _06436_/X
 _06437_/X
 _06438_/X
 _06440_/X
 _06442_/X
 _06443_/X
 _06450_/X
 _06452_/X
 _06453_/X
 _06454_/X
 _06455_/X
 _06458_/X
 _06459_/X
 _06460_/X
 _06466_/X
 _06470_/X
 _06472_/X
 _06473_/Y
 _06474_/X
 _06475_/X
 _06477_/X
 _06481_/X
 _06482_/X
 _06485_/X
 _06487_/X
 _06488_/X
 _06490_/X
 _06493_/X
 _06494_/X
 _06495_/X
 _06496_/X
 _06498_/X
 _06499_/X
 _06502_/X
 _06503_/X
 _06504_/X
 _06506_/X
 _06507_/X
 _06508_/X
 _06509_/X
 _06510_/X
 _06511_/X
 _06512_/X
 _06514_/X
 _06515_/X
 _06516_/X
 _06519_/X
 _06520_/X
 _06521_/X
 _06525_/X
 _06527_/X
 _06532_/X
 _06533_/X
 _06534_/X
 _06539_/X
 _06540_/X
 _06543_/X
 _06544_/X
 _06545_/X
 _06547_/X
 _06548_/X
 _06549_/X
 _06551_/X
 _06552_/X
 _06555_/X
 _06558_/X
 _06561_/X
 _06562_/X
 _06566_/X
 _06567_/X
 _06568_/X
 _06572_/X
 _06573_/X
 _06574_/X
 _06575_/X
 _06579_/X
 _06580_/X
 _06581_/X
 _06582_/X
 _06583_/X
 _06587_/X
 _06589_/X
 _06590_/X
 _06593_/X
 _06594_/X
 _06595_/X
 _06599_/X
 _06601_/X
 _06602_/X
 _06603_/X
 _06604_/X
 _06606_/X
 _06607_/X
 _06609_/X
 _06610_/X
 _06612_/X
 _06614_/X
 _06617_/X
 _06618_/X
 _06619_/X
 _06620_/X
 _06621_/X
 _06622_/X
 _06624_/X
 _06629_/X
 _06630_/X
 _06632_/X
 _06633_/X
 _06634_/X
 _06637_/X
 _06638_/X
 _06639_/X
 _06642_/X
 _06643_/X
 _06644_/X
 _06647_/X
 _06651_/X
 _06652_/X
 _06656_/X
 _06657_/X
 _06658_/X
 _06659_/X
 _06661_/X
 _06662_/X
 _06663_/X
 _06666_/X
 _06668_/X
 _06669_/X
 _06670_/X
 _06671_/X
 _06672_/X
 _06674_/Y
 _06675_/X
 _06676_/X
 _06677_/X
 _06678_/X
 _06680_/X
 _06681_/X
 _06682_/X
 _06683_/X
 _06684_/X
 _06687_/X
 _06690_/X
 _06691_/X
 _06692_/X
 _06694_/X
 _06695_/X
 _06696_/X
 _06697_/X
 _06698_/X
 _06700_/X
 _06701_/X
 _06703_/X
 _06706_/X
 _06707_/X
 _06709_/X
 _06710_/X
 _06711_/X
 _06712_/X
 _06715_/X
 _06718_/X
 _06721_/X
 _06723_/X
 _06724_/X
 _06726_/X
 _06727_/X
 _06728_/X
 _06730_/X
 _06731_/X
 _06732_/X
 _06734_/X
 _06736_/X
 _06737_/X
 _06738_/X
 _06740_/X
 _06742_/Y
 _06743_/X
 _06746_/X
 _06747_/X
 _06748_/X
 _06750_/X
 _06751_/X
 _06752_/X
 _06753_/X
 _06754_/X
 _06755_/X
 _06756_/X
 _06758_/X
 _06761_/X
 _06762_/X
 _06764_/X
 _06766_/X
 _06767_/X
 _06768_/X
 _06771_/X
 _06773_/X
 _06774_/X
 _06776_/X
 _06777_/X
 _06778_/X
 _06780_/X
 _06781_/X
 _06782_/X
 _06783_/X
 _06784_/X
 _06785_/X
 _06786_/X
 _06790_/X
 _06793_/X
 _06795_/X
 _06796_/X
 _06798_/X
 _06799_/X
 _06801_/X
 _06802_/X
 _06803_/X
 _06806_/X
 _06808_/X
 _06810_/Y
 _06811_/X
 _06813_/X
 _06815_/X
 _06816_/X
 _06817_/X
 _06819_/X
 _06820_/X
 _06821_/X
 _06822_/X
 _06823_/X
 _06831_/X
 _06832_/X
 _06833_/X
 _06834_/X
 _06837_/X
 _06839_/X
 _06841_/X
 _06843_/X
 _06844_/X
 _06845_/X
 _06846_/X
 _06847_/X
 _06849_/X
 _06850_/X
 _06851_/X
 _06852_/X
 _06853_/X
 _06854_/X
 _06856_/X
 _06857_/X
 _06858_/X
 _06859_/X
 _06860_/X
 _06862_/X
 _06863_/X
 _06866_/X
 _06867_/X
 _06868_/X
 _06869_/X
 _06872_/X
 _06875_/X
 _06876_/X
 _06877_/X
 _06881_/X
 _06884_/X
 _06885_/X
 _06886_/X
 _06888_/X
 _06893_/X
 _06894_/X
 _06895_/X
 _06897_/X
 _06898_/X
 _06899_/X
 _06900_/X
 _06903_/X
 _06904_/X
 _06905_/X
 _06906_/X
 _06907_/X
 _06909_/X
 _06912_/X
 _06913_/X
 _06917_/X
 _06918_/X
 _06919_/X
 _06920_/X
 _06921_/X
 _06922_/X
 _06923_/X
 _06925_/X
 _06926_/X
 _06927_/X
 _06930_/X
 _06933_/X
 _06936_/X
 _06938_/X
 _06941_/X
 _06942_/X
 _06943_/X
 _06944_/X
 _06945_/X
 _06948_/X
 _06949_/X
 _06950_/X
 _06951_/X
 _06952_/X
 _06953_/X
 _06955_/X
 _06956_/X
 _06957_/X
 _06958_/X
 _06960_/X
 _06962_/X
 _06965_/X
 _06966_/X
 _06967_/X
 _06968_/X
 _06969_/X
 _06970_/X
 _06973_/X
 _06974_/X
 _06975_/X
 _06976_/X
 _06978_/X
 _06980_/X
 _06982_/X
 _06983_/X
 _06985_/X
 _06987_/X
 _06990_/X
 _06991_/X
 _06994_/X
 _06995_/X
 _06996_/X
 _06997_/X
 _06998_/X
 _06999_/X
 _07000_/X
 _07001_/X
 _07003_/X
 _07006_/X
 _07007_/X
 _07008_/X
 _07009_/X
 _07011_/X
 _07012_/X
 _07013_/X
 _07014_/X
 _07015_/Y
 _07017_/X
 _07018_/X
 _07019_/X
 _07020_/X
 _07021_/X
 _07022_/X
 _07023_/X
 _07024_/X
 _07025_/X
 _07026_/X
 _07029_/X
 _07031_/X
 _07032_/X
 _07033_/X
 _07034_/X
 _07035_/X
 _07036_/X
 _07037_/X
 _07038_/X
 _07040_/X
 _07041_/X
 _07042_/X
 _07044_/X
 _07045_/X
 _07047_/X
 _07048_/X
 _07049_/X
 _07050_/X
 _07052_/X
 _07053_/X
 _07054_/X
 _07055_/X
 _07056_/X
 _07058_/X
 _07059_/X
 _07060_/X
 _07061_/X
 _07062_/X
 _07063_/X
 _07064_/X
 _07066_/X
 _07067_/X
 _07069_/X
 _07072_/X
 _07074_/X
 _07075_/X
 _07077_/X
 _07078_/X
 _07080_/X
 _07081_/X
 _07082_/X
 _07083_/X
 _07084_/X
 _07085_/X
 _07086_/X
 _07087_/X
 _07089_/X
 _07090_/X
 _07091_/X
 _07092_/X
 _07093_/X
 _07094_/X
 _07095_/X
 _07097_/X
 _07098_/X
 _07100_/X
 _07101_/X
 _07102_/X
 _07104_/X
 _07106_/X
 _07107_/X
 _07108_/X
 _07109_/X
 _07110_/X
 _07111_/X
 _07112_/Y
 _07115_/X
 _07116_/X
 _07117_/X
 _07120_/X
 _07122_/X
 _07128_/X
 _07130_/X
 _07132_/X
 _07133_/X
 _07134_/X
 _07135_/X
 _07137_/X
 _07141_/X
 _07142_/X
 _07143_/X
 _07145_/X
 _07146_/X
 _07148_/X
 _07154_/X
 _07156_/X
 _07158_/X
 _07159_/X
 _07160_/X
 _07163_/X
 _07166_/X
 _07167_/X
 _07169_/X
 _07172_/X
 _07173_/X
 _07174_/X
 _07176_/X
 _07177_/X
 _07179_/X
 _07184_/Y
 _07185_/X
 _07186_/X
 _07191_/X
 _07192_/X
 _07193_/X
 _07195_/X
 _07198_/X
 _07202_/X
 _07203_/X
 _07205_/X
 _07206_/X
 _07208_/X
 _07211_/X
 _07212_/X
 _07213_/X
 _07214_/X
 _07217_/X
 _07218_/X
 _07219_/X
 _07221_/X
 _07222_/X
 _07224_/X
 _07225_/X
 _07226_/X
 _07229_/X
 _07231_/X
 _07235_/X
 _07237_/X
 _07238_/X
 _07240_/X
 _07241_/X
 _07244_/X
 _07245_/X
 _07253_/Y
 _07254_/X
 _07255_/X
 _07256_/X
 _07257_/X
 _07258_/X
 _07259_/X
 _07261_/X
 _07262_/X
 _07264_/X
 _07266_/X
 _07267_/X
 _07268_/X
 _07269_/X
 _07270_/X
 _07271_/X
 _07272_/X
 _07273_/X
 _07275_/X
 _07277_/X
 _07278_/X
 _07279_/X
 _07280_/X
 _07281_/X
 _07282_/X
 _07284_/X
 _07285_/X
 _07286_/X
 _07291_/X
 _07294_/X
 _07296_/X
 _07297_/X
 _07299_/X
 _07300_/X
 _07302_/X
 _07303_/X
 _07305_/X
 _07306_/X
 _07310_/X
 _07311_/X
 _07314_/X
 _07315_/X
 _07317_/X
 _07319_/X
 _07320_/X
 _07321_/Y
 _07322_/X
 _07324_/X
 _07325_/X
 _07326_/X
 _07328_/X
 _07329_/X
 _07330_/X
 _07332_/X
 _07336_/X
 _07338_/X
 _07339_/X
 _07341_/X
 _07342_/X
 _07343_/X
 _07345_/X
 _07348_/X
 _07349_/X
 _07350_/X
 _07351_/X
 _07352_/X
 _07354_/X
 _07355_/X
 _07358_/X
 _07360_/X
 _07362_/X
 _07363_/X
 _07364_/X
 _07365_/X
 _07366_/X
 _07367_/X
 _07368_/X
 _07370_/X
 _07371_/X
 _07372_/X
 _07373_/X
 _07375_/X
 _07376_/X
 _07377_/X
 _07378_/X
 _07379_/X
 _07380_/X
 _07382_/X
 _07383_/X
 _07388_/X
 _07389_/Y
 _07390_/X
 _07391_/X
 _07394_/X
 _07397_/X
 _07398_/X
 _07399_/X
 _07400_/X
 _07401_/X
 _07403_/X
 _07404_/X
 _07405_/X
 _07408_/X
 _07409_/X
 _07410_/X
 _07412_/X
 _07414_/X
 _07415_/X
 _07417_/X
 _07419_/X
 _07420_/X
 _07424_/X
 _07427_/X
 _07428_/X
 _07432_/X
 _07433_/X
 _07434_/X
 _07437_/X
 _07439_/X
 _07443_/X
 _07444_/X
 _07446_/X
 _07449_/X
 _07450_/X
 _07451_/X
 _07454_/X
 _07456_/X
 _07458_/X
 _07459_/X
 _07460_/X
 _07463_/X
 _07464_/X
 _07465_/X
 _07466_/X
 _07467_/X
 _07468_/X
 _07469_/X
 _07470_/X
 _07471_/X
 _07475_/X
 _07477_/X
 _07479_/X
 _07480_/X
 _07481_/X
 _07483_/X
 _07485_/X
 _07486_/X
 _07487_/X
 _07488_/X
 _07489_/X
 _07490_/X
 _07492_/X
 _07496_/X
 _07497_/X
 _07498_/X
 _07499_/X
 _07501_/X
 _07502_/X
 _07503_/X
 _07504_/X
 _07509_/X
 _07510_/X
 _07511_/X
 _07513_/X
 _07515_/X
 _07516_/X
 _07517_/X
 _07518_/X
 _07519_/X
 _07524_/X
 _07526_/X
 _07527_/X
 _07528_/X
 _07532_/X
 _07535_/X
 _07536_/X
 _07537_/X
 _07538_/X
 _07541_/X
 _07545_/X
 _07546_/X
 _07547_/X
 _07548_/X
 _07549_/X
 _07550_/X
 _07551_/X
 _07552_/X
 _07553_/X
 _07554_/X
 _07556_/X
 _07558_/X
 _07559_/X
 _07561_/X
 _07562_/X
 _07564_/X
 _07566_/X
 _07567_/X
 _07569_/X
 _07570_/X
 _07571_/X
 _07572_/X
 _07576_/X
 _07579_/X
 _07580_/X
 _07581_/X
 _07583_/X
 _07584_/X
 _07585_/X
 _07586_/X
 _07587_/X
 _07588_/X
 _07591_/X
 _07592_/X
 _07593_/X
 _07594_/X
 _07596_/X
 _07597_/X
 _07599_/X
 _07600_/X
 _07601_/X
 _07602_/X
 _07603_/X
 _07604_/X
 _07605_/X
 _07606_/X
 _07609_/X
 _07610_/X
 _07613_/X
 _07615_/X
 _07619_/X
 _07620_/X
 _07621_/X
 _07622_/X
 _07623_/X
 _07624_/X
 _07625_/X
 _07626_/X
 _07627_/X
 _07628_/X
 _07629_/X
 _07633_/X
 _07634_/X
 _07635_/X
 _07636_/X
 _07637_/X
 _07639_/Y
 _07640_/X
 _07641_/X
 _07642_/X
 _07643_/X
 _07645_/X
 _07652_/X
 _07654_/X
 _07655_/Y
 _07659_/X
 _07661_/X
 _07663_/X
 _07665_/Y
 _07666_/Y
 _07667_/Y
 _07668_/X
 _07669_/Y
 _07670_/X
 _07671_/Y
 _07672_/X
 _07673_/X
 _07674_/X
 _07676_/X
 _07678_/Y
 _07679_/X
 _07680_/X
 _07681_/Y
 _07682_/X
 _07683_/Y
 _07685_/X
 _07686_/X
 _07688_/Y
 _07689_/X
 _07691_/X
 _07693_/X
 _07696_/X
 _07697_/X
 _07698_/X
 _07702_/Y
 _07703_/X
 _07706_/Y
 _07707_/X
 _07709_/X
 _07711_/X
 _07713_/X
 _07714_/X
 _07715_/X
 _07716_/X
 _07717_/X
 _07718_/X
 _07722_/X
 _07724_/X
 _07727_/X
 _07729_/X
 _07730_/Y
 _07732_/X
 _07733_/Y
 _07734_/Y
 _07735_/X
 _07736_/X
 _07737_/X
 _07738_/X
 _07739_/Y
 _07740_/X
 _07742_/Y
 _07743_/X
 _07744_/X
 _07747_/Y
 _07748_/X
 _07750_/Y
 _07752_/X
 _07753_/X
 _07754_/X
 _07756_/X
 _07758_/X
 _07759_/X
 _07761_/Y
 _07763_/Y
 _07764_/Y
 _07765_/X
 _07766_/X
 _07769_/X
 _07770_/X
 _07771_/X
 _07772_/X
 _07773_/X
 _07774_/X
 _07778_/X
 _07780_/X
 _07781_/X
 _07783_/X
 _07784_/X
 _07787_/X
 _07788_/Y
 _07794_/Y
 _07795_/X
 _07797_/Y
 _07802_/X
 _07804_/X
 _07805_/X
 _07808_/Y
 _07810_/X
 _07812_/Y
 _07813_/X
 _07814_/Y
 _07815_/Y
 _07817_/Y
 _07818_/X
 _07820_/X
 _07821_/X
 _07824_/X
 _07827_/X
 _07828_/Y
 _07829_/X
 _07830_/X
 _07833_/X
 _07835_/X
 _07839_/Y
 _07840_/X
 _07841_/X
 _07848_/X
 _07850_/X
 _07851_/X
 _07852_/X
 _07854_/X
 _07855_/X
 _07856_/X
 _07857_/X
 _07860_/X
 _07861_/X
 _07862_/Y
 _07864_/X
 _07867_/Y
 _07868_/X
 _07872_/X
 _07874_/X
 _07875_/X
 _07876_/Y
 _07878_/Y
 _07880_/Y
 _07884_/X
 _07885_/Y
 _07886_/X
 _07887_/X
 _07888_/X
 _07890_/Y
 _07891_/X
 _07892_/X
 _07893_/Y
 _07895_/Y
 _07896_/X
 _07898_/Y
 _07900_/X
 _07912_/X
 _07913_/Y
 _07915_/Y
 _07917_/X
 _07919_/Y
 _07921_/X
 _07922_/X
 _07923_/Y
 _07925_/X
 _07928_/X
 _07934_/Y
 _07938_/X
 _07939_/Y
 _07944_/X
 _07945_/X
 _07948_/Y
 _07949_/X
 _07950_/X
 _07951_/Y
 _07952_/Y
 _07963_/X
 _07964_/Y
 _07966_/X
 _07967_/Y
 _07968_/X
 _07969_/X
 _07970_/Y
 _07972_/Y
 _07973_/X
 _07974_/X
 _07976_/X
 _07977_/Y
 _07979_/Y
 _07980_/X
 _07984_/Y
 _07986_/Y
 _07987_/X
 _07990_/Y
 _07992_/X
 _07993_/X
 _07995_/X
 _07996_/X
 _07998_/Y
 _07999_/X
 _08000_/X
 _08002_/X
 _08004_/X
 _08005_/X
 _08006_/X
 _08011_/X
 _08012_/X
 _08013_/X
 _08015_/X
 _08016_/X
 _08017_/X
 _08018_/X
 _08021_/Y
 _08023_/Y
 _08025_/X
 _08026_/X
 _08028_/X
 _08031_/Y
 _08032_/X
 _08034_/Y
 _08035_/X
 _08036_/X
 _08040_/X
 _08041_/X
 _08042_/Y
 _08044_/X
 _08047_/Y
 _08048_/X
 _08050_/X
 _08052_/X
 _08053_/Y
 _08054_/X
 _08055_/Y
 _08060_/Y
 _08062_/Y
 _08065_/X
 _08071_/X
 _08075_/Y
 _08076_/Y
 _08078_/Y
 _08081_/Y
 _08083_/Y
 _08084_/X
 _08085_/X
 _08086_/Y
 _08087_/X
 _08092_/Y
 _08093_/X
 _08094_/Y
 _08095_/X
 _08097_/X
 _08098_/Y
 _08099_/X
 _08100_/Y
 _08102_/X
 _08104_/Y
 _08105_/X
 _08106_/X
 _08109_/X
 _08110_/X
 _08113_/X
 _08114_/X
 _08116_/Y
 _08119_/Y
 _08120_/X
 _08121_/X
 _08122_/X
 _08124_/Y
 _08127_/X
 _08128_/Y
 _08129_/X
 _08137_/Y
 _08138_/X
 _08140_/Y
 _08141_/X
 _08142_/X
 _08145_/Y
 _08146_/X
 _08148_/Y
 _08149_/Y
 _08150_/X
 _08154_/X
 _08160_/X
 _08165_/X
 _08166_/X
 _08167_/X
 _08168_/X
 _08170_/X
 _08171_/X
 _08173_/X
 _08174_/Y
 _08175_/Y
 _08179_/Y
 _08180_/X
 _08181_/X
 _08182_/X
 _08183_/X
 _08187_/X
 _08188_/Y
 _08189_/X
 _08190_/X
 _08192_/X
 _08193_/X
 _08195_/X
 _08196_/X
 _08199_/X
 _08201_/X
 _08202_/Y
 _08203_/X
 _08207_/X
 _08208_/X
 _08209_/Y
 _08211_/X
 _08212_/X
 _08213_/X
 _08215_/X
 _08216_/Y
 _08217_/Y
 _08218_/X
 _08220_/X
 _08221_/X
 _08222_/Y
 _08224_/X
 _08225_/Y
 _08229_/Y
 _08230_/X
 _08232_/Y
 _08234_/Y
 _08235_/X
 _08238_/X
 _08239_/X
 _08240_/X
 _08242_/X
 _08244_/X
 _08245_/X
 _08246_/X
 _08249_/X
 _08251_/Y
 _08252_/Y
 _08253_/X
 _08254_/Y
 _08256_/X
 _08260_/X
 _08263_/X
 _08265_/X
 _08266_/X
 _08268_/Y
 _08270_/X
 _08271_/Y
 _08272_/X
 _08274_/X
 _08279_/Y
 _08281_/X
 _08285_/X
 _08287_/X
 _08290_/X
 _08292_/X
 _08293_/Y
 _08296_/Y
 _08298_/X
 _08301_/X
 _08302_/X
 _08303_/X
 _08304_/X
 _08307_/X
 _08309_/X
 _08311_/Y
 _08313_/X
 _08315_/X
 _08317_/X
 _08318_/Y
 _08319_/X
 _08320_/X
 _08322_/Y
 _08324_/X
 _08325_/X
 _08326_/X
 _08328_/X
 _08329_/X
 _08330_/Y
 _08332_/Y
 _08333_/X
 _08334_/X
 _08337_/X
 _08338_/Y
 _08339_/X
 _08342_/Y
 _08343_/X
 _08346_/X
 _08347_/X
 _08348_/X
 _08353_/Y
 _08354_/Y
 _08356_/Y
 _08358_/Y
 _08360_/X
 _08361_/Y
 _08362_/Y
 _08363_/X
 _08364_/X
 _08365_/Y
 _08367_/X
 _08368_/X
 _08369_/X
 _08370_/X
 _08372_/Y
 _08373_/X
 _08374_/X
 _08375_/X
 _08376_/X
 _08378_/X
 _08379_/X
 _08380_/X
 _08382_/X
 _08383_/X
 _08385_/X
 _08386_/X
 _08389_/X
 _08391_/X
 _08393_/X
 _08394_/X
 _08397_/X
 _08398_/X
 _08404_/X
 _08405_/X
 _08406_/X
 _08409_/X
 _08410_/X
 _08415_/X
 _08419_/X
 _08421_/X
 _08423_/X
 _08426_/X
 _08427_/X
 _08428_/X
 _08429_/X
 _08430_/X
 _08431_/X
 _08433_/X
 _08438_/X
 _08440_/Y
 _08441_/X
 _08443_/X
 _08444_/X
 _08445_/X
 _08448_/X
 _08452_/X
 _08454_/X
 _08457_/X
 _08458_/X
 _08459_/X
 _08462_/X
 _08463_/X
 _08464_/X
 _08466_/X
 _08467_/X
 _08468_/X
 _08469_/X
 _08470_/X
 _08472_/X
 _08476_/X
 _08477_/X
 _08478_/X
 _08484_/X
 _08485_/X
 _08486_/X
 _08487_/X
 _08488_/X
 _08489_/X
 _08490_/X
 _08493_/X
 _08495_/X
 _08496_/X
 _08502_/X
 _08504_/X
 _08506_/X
 _08507_/X
 _08508_/Y
 _08509_/X
 _08510_/X
 _08513_/X
 _08514_/X
 _08515_/X
 _08516_/X
 _08518_/X
 _08519_/X
 _08522_/X
 _08524_/X
 _08526_/X
 _08527_/X
 _08528_/X
 _08530_/X
 _08531_/X
 _08532_/X
 _08533_/X
 _08534_/X
 _08535_/X
 _08539_/X
 _08540_/X
 _08541_/X
 _08544_/X
 _08545_/X
 _08546_/X
 _08547_/X
 _08548_/X
 _08549_/X
 _08550_/X
 _08552_/X
 _08554_/X
 _08557_/X
 _08558_/X
 _08560_/X
 _08567_/X
 _08569_/X
 _08571_/X
 _08572_/X
 _08573_/X
 _08576_/Y
 _08578_/X
 _08580_/X
 _08585_/X
 _08586_/X
 _08587_/X
 _08588_/X
 _08589_/X
 _08590_/X
 _08591_/X
 _08592_/X
 _08594_/X
 _08596_/X
 _08599_/X
 _08601_/X
 _08602_/X
 _08604_/X
 _08606_/X
 _08607_/X
 _08609_/X
 _08610_/X
 _08612_/X
 _08616_/X
 _08618_/X
 _08619_/X
 _08620_/X
 _08621_/X
 _08624_/X
 _08625_/X
 _08626_/X
 _08627_/X
 _08630_/X
 _08631_/X
 _08634_/X
 _08635_/X
 _08636_/X
 _08638_/X
 _08643_/X
 _08646_/X
 _08647_/X
 _08648_/X
 _08649_/X
 _08653_/X
 _08654_/X
 _08655_/X
 _08658_/X
 _08660_/X
 _08661_/X
 _08662_/X
 _08663_/X
 _08664_/X
 _08665_/X
 _08666_/X
 _08667_/X
 _08669_/X
 _08672_/X
 _08675_/X
 _08676_/X
 _08678_/X
 _08679_/X
 _08680_/X
 _08681_/X
 _08682_/X
 _08687_/X
 _08688_/X
 _08690_/X
 _08691_/X
 _08692_/X
 _08693_/X
 _08694_/X
 _08695_/X
 _08696_/X
 _08697_/X
 _08699_/X
 _08700_/X
 _08701_/X
 _08702_/X
 _08703_/X
 _08704_/X
 _08705_/X
 _08706_/X
 _08713_/X
 _08715_/X
 _08716_/X
 _08718_/X
 _08720_/X
 _08722_/X
 _08723_/X
 _08724_/X
 _08725_/X
 _08727_/X
 _08728_/X
 _08730_/X
 _08731_/X
 _08733_/X
 _08734_/X
 _08735_/X
 _08736_/X
 _08738_/X
 _08739_/X
 _08740_/X
 _08741_/X
 _08743_/X
 _08745_/X
 _08746_/X
 _08747_/X
 _08748_/X
 _08749_/X
 _08750_/X
 _08753_/X
 _08754_/X
 _08755_/X
 _08758_/X
 _08759_/X
 _08763_/X
 _08765_/X
 _08766_/X
 _08768_/X
 _08772_/X
 _08775_/X
 _08776_/X
 _08779_/X
 _08780_/Y
 _08782_/X
 _08785_/X
 _08786_/X
 _08791_/X
 _08793_/X
 _08794_/X
 _08795_/X
 _08796_/X
 _08797_/X
 _08798_/X
 _08799_/X
 _08801_/X
 _08802_/X
 _08803_/X
 _08804_/X
 _08805_/X
 _08807_/X
 _08808_/X
 _08809_/X
 _08810_/X
 _08813_/X
 _08814_/X
 _08815_/X
 _08816_/X
 _08818_/X
 _08819_/X
 _08820_/X
 _08823_/X
 _08824_/X
 _08825_/X
 _08826_/X
 _08827_/X
 _08829_/X
 _08830_/X
 _08831_/X
 _08832_/X
 _08841_/X
 _08844_/X
 _08846_/X
 _08847_/X
 _08848_/X
 _08850_/X
 _08851_/X
 _08852_/X
 _08853_/X
 _08856_/X
 _08857_/X
 _08858_/X
 _08859_/X
 _08860_/X
 _08862_/X
 _08863_/X
 _08864_/X
 _08867_/X
 _08869_/X
 _08870_/X
 _08872_/X
 _08873_/X
 _08874_/X
 _08875_/X
 _08876_/X
 _08877_/X
 _08878_/X
 _08879_/X
 _08880_/X
 _08881_/X
 _08883_/X
 _08884_/X
 _08885_/X
 _08886_/X
 _08889_/X
 _08890_/X
 _08893_/X
 _08894_/X
 _08895_/X
 _08897_/X
 _08898_/X
 _08899_/X
 _08900_/X
 _08903_/X
 _08904_/X
 _08905_/X
 _08906_/X
 _08908_/X
 _08910_/X
 _08913_/X
 _08914_/X
 _08915_/X
 _08919_/X
 _08922_/Q
 _08923_/Q
 _08924_/Q
 _08925_/Q
 _08926_/Q
 _08928_/Q
 _08931_/Q
 _08932_/Q
 _08934_/Q
 _08935_/Q
 _08936_/Q
 _08938_/Q
 _08942_/Q
 _08943_/Q
 _08944_/Q
 _08945_/Q
 _08947_/Q
 _08949_/Q
 _08950_/Q
 _08953_/Q
 _08958_/Q
 _08959_/Q
 _08960_/Q
 _08961_/Q
 _08962_/Q
 _08963_/Q
 _08964_/Q
 _08965_/Q
 _08969_/Q
 _08970_/Q
 _08971_/Q
 _08972_/Q
 _08974_/Q
 _08975_/Q
 _08976_/Q
 _08977_/Q
 _08980_/Q
 _08983_/Q
 _08984_/Q
 _08987_/Q
 _08988_/Q
 _08989_/Q
 _08990_/Q
 _08993_/Q
 _08994_/Q
 _08996_/Q
 _08997_/Q
 _08999_/Q
 _09000_/Q
 _09001_/Q
 _09002_/Q
 _09003_/Q
 _09005_/Q
 _09006_/Q
 _09009_/Q
 _09010_/Q
 _09011_/Q
 _09012_/Q
 _09013_/Q
 _09015_/Q
 _09017_/Q
 _09019_/Q
 _09021_/Q
 _09022_/Q
 _09023_/Q
 _09024_/Q
 _09025_/Q
 _09026_/Q
 _09027_/Q
 _09028_/Q
 _09029_/Q
 _09032_/Q
 _09034_/Q
 _09035_/Q
 _09036_/Q
 _09037_/Q
 _09038_/Q
 _09040_/Q
 _09042_/Q
 _09043_/Q
 _09045_/Q
 _09046_/Q
 _09048_/Q
 _09049_/Q
 _09051_/Q
 _09053_/Q
 _09054_/Q
 _09055_/Q
 _09058_/Q
 _09059_/Q
 _09062_/Q
 _09063_/Q
 _09064_/Q
 _09065_/Q
 _09066_/Q
 _09067_/Q
 _09068_/Q
 _09069_/Q
 _09070_/Q
 _09072_/Q
 _09073_/Q
 _09074_/Q
 _09076_/Q
 _09078_/Q
 _09079_/Q
 _09080_/Q
 _09083_/Q
 _09085_/Q
 _09086_/Q
 _09087_/Q
 _09088_/Q
 _09089_/Q
 _09091_/Q
 _09092_/Q
 _09093_/Q
 _09095_/Q
 _09097_/Q
 _09098_/Q
 _09099_/Q
 _09101_/Q
 _09103_/Q
 _09104_/Q
 _09108_/Q
 _09110_/Q
 _09112_/Q
 _09113_/Q
 _09114_/Q
 _09117_/Q
 _09121_/Q
 _09122_/Q
 _09123_/Q
 _09124_/Q
 _09125_/Q
 _09126_/Q
 _09128_/Q
 _09131_/Q
 _09132_/Q
 _09133_/Q
 _09134_/Q
 _09136_/Q
 _09137_/Q
 _09138_/Q
 _09139_/Q
 _09143_/Q
 _09144_/Q
 _09146_/Q
 _09147_/Q
 _09149_/Q
 _09150_/Q
 _09151_/Q
 _09153_/Q
 _09154_/Q
 _09155_/Q
 _09157_/Q
 _09158_/Q
 _09160_/Q
 _09161_/Q
 _09163_/Q
 _09164_/Q
 _09166_/Q
 _09167_/Q
 _09168_/Q
 _09169_/Q
 _09170_/Q
 _09171_/Q
 _09172_/Q
 _09174_/Q
 _09175_/Q
 _09176_/Q
 _09177_/Q
 _09178_/Q
 _09179_/Q
 _09181_/Q
 _09182_/Q
 _09185_/Q
 _09186_/Q
 _09187_/Q
 _09188_/Q
 _09189_/Q
 _09190_/Q
 _09191_/Q
 _09192_/Q
 _09193_/Q
 _09194_/Q
 _09196_/Q
 _09198_/Q
 _09200_/Q
 _09202_/Q
 _09203_/Q
 _09206_/Q
 _09208_/Q
 _09209_/Q
 _09213_/Q
 _09214_/Q
 _09216_/Q
 _09217_/Q
 _09218_/Q
 _09219_/Q
 _09221_/Q
 _09223_/Q
 _09225_/Q
 _09226_/Q
 _09227_/Q
 _09228_/Q
 _09229_/Q
 _09230_/Q
 _09231_/Q
 _09232_/Q
 _09233_/Q
 _09234_/Q
 _09239_/Q
 _09240_/Q
 _09245_/Q
 _09246_/Q
 _09247_/Q
 _09250_/Q
 _09251_/Q
 _09252_/Q
 _09253_/Q
 _09254_/Q
 _09258_/Q
 _09260_/Q
 _09261_/Q
 _09263_/Q
 _09264_/Q
 _09265_/Q
 _09268_/Q
 _09270_/Q
 _09271_/Q
 _09273_/Q
 _09275_/Q
 _09276_/Q
 _09278_/Q
 _09279_/Q
 _09280_/Q
 _09281_/Q
 _09282_/Q
 _09284_/Q
 _09287_/Q
 _09291_/Q
 _09292_/Q
 _09293_/Q
 _09294_/Q
 _09297_/Q
 _09298_/Q
 _09299_/Q
 _09300_/Q
 _09301_/Q
 _09302_/Q
 _09303_/Q
 _09306_/Q
 _09307_/Q
 _09308_/Q
 _09311_/Q
 _09312_/Q
 _09313_/Q
 _09314_/Q
 _09315_/Q
 _09316_/Q
 _09317_/Q
 _09319_/Q
 _09320_/Q
 _09321_/Q
 _09322_/Q
 _09324_/Q
 _09325_/Q
 _09328_/Q
 _09329_/Q
 _09330_/Q
 _09331_/Q
 _09332_/Q
 _09335_/Q
 _09336_/Q
 _09337_/Q
 _09338_/Q
 _09339_/Q
 _09341_/Q
 _09343_/Q
 _09345_/Q
 _09346_/Q
 _09347_/Q
 _09348_/Q
 _09350_/Q
 _09351_/Q
 _09352_/Q
 _09353_/Q
 _09354_/Q
 _09355_/Q
 _09358_/Q
 _09360_/Q
 _09362_/Q
 _09363_/Q
 _09364_/Q
 _09366_/Q
 _09367_/Q
 _09368_/Q
 _09371_/Q
 _09373_/Q
 _09375_/Q
 _09378_/Q
 _09381_/Q
 _09382_/Q
 _09383_/Q
 _09384_/Q
 _09388_/Q
 _09389_/Q
 _09391_/Q
 _09392_/Q
 _09393_/Q
 _09394_/Q
 _09395_/Q
 _09396_/Q
 _09397_/Q
 _09402_/Q
 _09404_/Q
 _09408_/Q
 _09409_/Q
 _09410_/Q
 _09411_/Q
 _09412_/Q
 _09413_/Q
 _09414_/Q
 _09415_/Q
 _09416_/Q
 _09417_/Q
 _09421_/Q
 _09422_/Q
 _09423_/Q
 _09425_/Q
 _09426_/Q
 _09428_/Q
 _09429_/Q
 _09432_/Q
 _09433_/Q
 _09435_/Q
 _09436_/Q
 _09437_/Q
 _09438_/Q
 _09440_/Q
 _09442_/Q
 _09445_/Q
 _09446_/Q
 _09448_/Q
 _09452_/Q
 _09455_/Q
 _09457_/Q
 _09459_/Q
 _09461_/Q
 _09462_/Q
 _09463_/Q
 _09464_/Q
 _09465_/Q
 _09468_/Q
 _09469_/Q
 _09471_/Q
 _09472_/Q
 _09473_/Q
 _09474_/Q
 _09475_/Q
 _09476_/Q
 _09478_/Q
 _09479_/Q
 _09481_/Q
 _09482_/Q
 _09484_/Q
 _09485_/Q
 _09487_/Q
 _09488_/Q
 _09489_/Q
 _09493_/Q
 _09494_/Q
 _09497_/Q
 _09498_/Q
 _09499_/Q
 _09500_/Q
 _09501_/Q
 _09503_/Q
 _09505_/Q
 _09506_/Q
 _09507_/Q
 _09508_/Q
 _09509_/Q
 _09510_/Q
 _09511_/Q
 _09513_/Q
 _09518_/Q
 _09519_/Q
 _09520_/Q
 _09521_/Q
 _09523_/Q
 _09525_/Q
 _09526_/Q
 _09527_/Q
 _09529_/Q
 _09531_/Q
 _09534_/Q
 _09535_/Q
 _09538_/Q
 _09540_/Q
 _09541_/Q
 _09544_/Q
 _09545_/Q
 _09546_/Q
 _09547_/Q
 _09549_/Q
 _09550_/Q
 _09551_/Q
 _09552_/Q
 _09553_/Q
 _09555_/Q
 _09557_/Q
 _09559_/Q
 _09560_/Q
 _09561_/Q
 _09563_/Q
 _09565_/Q
 _09568_/Q
 _09571_/Q
 _09573_/Q
 _09576_/Q
 _09578_/Q
 _09581_/Q
 _09584_/Q
 _09585_/Q
 _09586_/Q
 _09587_/Q
 _09588_/Q
 _09589_/Q
 _09590_/Q
 _09592_/Q
 _09593_/Q
 _09594_/Q
 _09595_/Q
 _09596_/Q
 _09597_/Q
 _09599_/Q
 _09603_/Q
 _09604_/Q
 _09607_/Q
 _09608_/Q
 _09609_/Q
 _09610_/Q
 _09611_/Q
 _09612_/Q
 _09613_/Q
 _09615_/Q
 _09616_/Q
 _09617_/Q
 _09618_/Q
 _09620_/Q
 _09621_/Q
 _09622_/Q
 _09623_/Q
 _09624_/Q
 _09625_/Q
 _09627_/Q
 _09629_/Q
 _09632_/Q
 _09633_/Q
 _09634_/Q
 _09636_/Q
 _09637_/Q
 _09638_/Q
 _09639_/Q
 _09640_/Q
 _09641_/Q
 _09642_/Q
 _09643_/Q
 _09644_/Q
 _09646_/Q
 _09648_/Q
 _09649_/Q
 _09651_/Q
 _09652_/Q
 _09653_/Q
 _09654_/Q
 _09655_/Q
 _09657_/Q
 _09658_/Q
 _09660_/Q
 _09661_/Q
 _09663_/Q
 _09664_/Q
 _09666_/Q
 _09667_/Q
 _09670_/Q
 _09672_/Q
 _09674_/Q
 _09681_/Q
 _09682_/Q
 _09684_/Q
 _09685_/Q
 _09686_/Q
 _09688_/Q
 _09690_/Q
 _09691_/Q
 _09692_/Q
 _09694_/Q
 _09695_/Q
 _09698_/Q
 _09700_/Q
 _09701_/Q
 _09702_/Q
 _09703_/Q
 _09704_/Q
 _09705_/Q
 _09706_/Q
 _09710_/Q
 _09712_/Q
 _09713_/Q
 _09714_/Q
 _09715_/Q
 _09716_/Q
 _09717_/Q
 _09718_/Q
 _09719_/Q
 _09720_/Q
 _09721_/Q
 _09722_/Q
 _09723_/Q
 _09724_/Q
 _09726_/Q
 _09727_/Q
 _09729_/Q
 _09730_/Q
 _09733_/Q
 _09734_/Q
 _09738_/Q
 _09739_/Q
 _09740_/Q
 _09743_/Q
 _09744_/Q
 _09745_/Q
 _09746_/Q
 _09747_/Q
 _09748_/Q
 _09749_/Q
 _09750_/Q
 _09751_/Q
 _09752_/Q
 _09754_/Q
 _09755_/Q
 _09759_/Q
 _09760_/Q
 _09761_/Q
 _09763_/Q
 _09768_/Q
 _09772_/Q
 _09774_/Q
 _09775_/Q
 _09778_/Q
 _09779_/Q
 _09782_/Q
 _09783_/Q
 _09784_/Q
 _09785_/Q
 _09788_/Q
 _09789_/Q
 _09790_/Q
 _09791_/Q
 _09792_/Q
 _09793_/Q
 _09795_/Q
 _09798_/Q
 _09800_/Q
 _09802_/Q
 _09804_/Q
 _09806_/Q
 _09808_/Q
 _09809_/Q
 _09810_/Q
 _09811_/Q
 _09814_/Q
 _09816_/Q
 _09818_/Q
 _09821_/Q
 _09822_/Q
 _09825_/Q
 _09827_/Q
 _09828_/Q
 _09830_/Q
 _09832_/Q
 _09833_/Q
 _09834_/Q
 _09835_/Q
 _09836_/Q
 _09837_/Q
 _09838_/Q
 _09839_/Q
 _09842_/Q
 _09843_/Q
 _09846_/Q
 _09847_/Q
 _09849_/Q
 _09851_/Q
 _09852_/Q
 _09854_/Q
 _09855_/Q
 _09856_/Q
 _09857_/Q
 _09858_/Q
 _09860_/Q
 _09862_/Q
 _09863_/Q
 _09864_/Q
 _09865_/Q
 _09866_/Q
 _09867_/Q
 _09870_/Q
 _09871_/Q
 _09872_/Q
 _09874_/Q
 _09876_/Q
 _09878_/Q
 _09879_/Q
 _09880_/Q
 _09882_/Q
 _09883_/Q
 _09884_/Q
 _09885_/Q
 _09887_/Q
 _09888_/Q
 _09889_/Q
 _09892_/Q
 _09894_/Q
 _09897_/Q
 _09898_/Q
 _09899_/Q
 _09900_/Q
 _09901_/Q
 _09902_/Q
 _09904_/Q
 _09905_/Q
 _09906_/Q
 _09907_/Q
 _09908_/Q
 _09909_/Q
 _09910_/Q
 _09911_/Q
 _09912_/Q
 _09916_/Q
 _09917_/Q
 _09918_/Q
 _09919_/Q
 _09920_/Q
 _09921_/Q
 _09922_/Q
 _09923_/Q
 _09924_/Q
 _09925_/Q
 _09927_/Q
 _09928_/Q
 _09929_/Q
 _09931_/Q
 _09935_/Q
 _09936_/Q
 _09937_/Q
 _09938_/Q
 _09940_/Q
 _09941_/Q
 _09943_/Q
 _09944_/Q
 _09946_/Q
 _09947_/Q
 _09948_/Q
 _09949_/Q
 _09950_/Q
 _09952_/Q
 _09956_/Q
 _09957_/Q
 _09959_/Q
 _09961_/Q
 _09963_/Q
 _09964_/Q
 _09965_/Q
 _09967_/Q
 _09968_/Q
 _09969_/Q
 _09970_/Q
 _09971_/Q
 _09974_/Q
 _09975_/Q
 _09976_/Q
 _09979_/Q
 _09980_/Q
 _09981_/Q
 _09982_/Q
 _09983_/Q
 _09984_/Q
 _09985_/Q
 _09986_/Q
 _09988_/Q
 _09990_/Q
 _09992_/Q
 _09993_/Q
 _09994_/Q
 _09997_/Q
 _09998_/Q
 _09999_/Q
 _10000_/Q
 _10003_/Q
 _10004_/Q
 _10006_/Q
 _10007_/Q
 _10010_/Q
 _10012_/Q
 _10013_/Q
 _10014_/Q
 _10016_/Q
 _10017_/Q
 _10018_/Q
 _10019_/Q
 _10021_/Q
 _10022_/Q
 _10025_/Q
 _10026_/Q
 _10027_/Q
 _10028_/Q
 _10029_/Q
 _10031_/Q
 _10032_/Q
 _10034_/Q
 _10035_/Q
 _10037_/Q
 _10038_/Q
 _10039_/Q
 _10041_/Q
 clkbuf_0_clk/X
 clkbuf_1_0_0_clk/X
 clkbuf_1_1_0_clk/X
 clkbuf_2_0_0_clk/X
 clkbuf_2_0_1_clk/X
 clkbuf_2_1_0_clk/X
 clkbuf_2_1_1_clk/X
 clkbuf_2_2_0_clk/X
 clkbuf_2_2_1_clk/X
 clkbuf_2_3_0_clk/X
 clkbuf_2_3_1_clk/X
 clkbuf_4_0_0_clk/X
 clkbuf_4_10_0_clk/X
 clkbuf_4_11_0_clk/X
 clkbuf_4_12_0_clk/X
 clkbuf_4_13_0_clk/X
 clkbuf_4_14_0_clk/X
 clkbuf_4_15_0_clk/X
 clkbuf_4_1_0_clk/X
 clkbuf_4_2_0_clk/X
 clkbuf_4_3_0_clk/X
 clkbuf_4_4_0_clk/X
 clkbuf_4_5_0_clk/X
 clkbuf_4_6_0_clk/X
 clkbuf_4_7_0_clk/X
 clkbuf_4_8_0_clk/X
 clkbuf_4_9_0_clk/X
 clkbuf_5_0_0_clk/X
 clkbuf_5_10_0_clk/X
 clkbuf_5_11_0_clk/X
 clkbuf_5_12_0_clk/X
 clkbuf_5_13_0_clk/X
 clkbuf_5_14_0_clk/X
 clkbuf_5_15_0_clk/X
 clkbuf_5_16_0_clk/X
 clkbuf_5_17_0_clk/X
 clkbuf_5_18_0_clk/X
 clkbuf_5_19_0_clk/X
 clkbuf_5_1_0_clk/X
 clkbuf_5_20_0_clk/X
 clkbuf_5_21_0_clk/X
 clkbuf_5_22_0_clk/X
 clkbuf_5_23_0_clk/X
 clkbuf_5_24_0_clk/X
 clkbuf_5_25_0_clk/X
 clkbuf_5_26_0_clk/X
 clkbuf_5_27_0_clk/X
 clkbuf_5_28_0_clk/X
 clkbuf_5_29_0_clk/X
 clkbuf_5_2_0_clk/X
 clkbuf_5_30_0_clk/X
 clkbuf_5_31_0_clk/X
 clkbuf_5_3_0_clk/X
 clkbuf_5_4_0_clk/X
 clkbuf_5_5_0_clk/X
 clkbuf_5_6_0_clk/X
 clkbuf_5_7_0_clk/X
 clkbuf_5_8_0_clk/X
 clkbuf_5_9_0_clk/X
 clkbuf_6_0__f_clk/X
 clkbuf_6_10__f_clk/X
 clkbuf_6_11__f_clk/X
 clkbuf_6_12__f_clk/X
 clkbuf_6_13__f_clk/X
 clkbuf_6_14__f_clk/X
 clkbuf_6_15__f_clk/X
 clkbuf_6_16__f_clk/X
 clkbuf_6_17__f_clk/X
 clkbuf_6_18__f_clk/X
 clkbuf_6_19__f_clk/X
 clkbuf_6_1__f_clk/X
 clkbuf_6_20__f_clk/X
 clkbuf_6_21__f_clk/X
 clkbuf_6_22__f_clk/X
 clkbuf_6_23__f_clk/X
 clkbuf_6_24__f_clk/X
 clkbuf_6_25__f_clk/X
 clkbuf_6_26__f_clk/X
 clkbuf_6_27__f_clk/X
 clkbuf_6_28__f_clk/X
 clkbuf_6_29__f_clk/X
 clkbuf_6_2__f_clk/X
 clkbuf_6_30__f_clk/X
 clkbuf_6_31__f_clk/X
 clkbuf_6_32__f_clk/X
 clkbuf_6_33__f_clk/X
 clkbuf_6_34__f_clk/X
 clkbuf_6_35__f_clk/X
 clkbuf_6_36__f_clk/X
 clkbuf_6_37__f_clk/X
 clkbuf_6_38__f_clk/X
 clkbuf_6_39__f_clk/X
 clkbuf_6_3__f_clk/X
 clkbuf_6_40__f_clk/X
 clkbuf_6_41__f_clk/X
 clkbuf_6_42__f_clk/X
 clkbuf_6_43__f_clk/X
 clkbuf_6_44__f_clk/X
 clkbuf_6_45__f_clk/X
 clkbuf_6_46__f_clk/X
 clkbuf_6_47__f_clk/X
 clkbuf_6_48__f_clk/X
 clkbuf_6_49__f_clk/X
 clkbuf_6_4__f_clk/X
 clkbuf_6_50__f_clk/X
 clkbuf_6_51__f_clk/X
 clkbuf_6_52__f_clk/X
 clkbuf_6_53__f_clk/X
 clkbuf_6_54__f_clk/X
 clkbuf_6_55__f_clk/X
 clkbuf_6_56__f_clk/X
 clkbuf_6_57__f_clk/X
 clkbuf_6_58__f_clk/X
 clkbuf_6_59__f_clk/X
 clkbuf_6_5__f_clk/X
 clkbuf_6_60__f_clk/X
 clkbuf_6_61__f_clk/X
 clkbuf_6_62__f_clk/X
 clkbuf_6_63__f_clk/X
 clkbuf_6_6__f_clk/X
 clkbuf_6_7__f_clk/X
 clkbuf_6_8__f_clk/X
 clkbuf_6_9__f_clk/X
 clkbuf_leaf_104_clk/X
 clkbuf_leaf_105_clk/X
 clkbuf_leaf_132_clk/X
 clkbuf_leaf_141_clk/X
 clkbuf_leaf_143_clk/X
 clkbuf_leaf_15_clk/X
 clkbuf_leaf_16_clk/X
 clkbuf_leaf_183_clk/X
 clkbuf_leaf_19_clk/X
 clkbuf_leaf_211_clk/X
 clkbuf_leaf_224_clk/X
 clkbuf_leaf_23_clk/X
 clkbuf_leaf_241_clk/X
 clkbuf_leaf_269_clk/X
 clkbuf_leaf_308_clk/X
 clkbuf_leaf_353_clk/X
 clkbuf_leaf_355_clk/X
 clkbuf_leaf_357_clk/X
 clkbuf_leaf_369_clk/X
 clkbuf_leaf_371_clk/X
 clkbuf_leaf_375_clk/X
 clkbuf_leaf_37_clk/X
 clkbuf_leaf_382_clk/X
 clkbuf_leaf_387_clk/X
 clkbuf_leaf_414_clk/X
 clkbuf_leaf_428_clk/X
 clkbuf_leaf_441_clk/X
 clkbuf_leaf_450_clk/X
 clkbuf_leaf_453_clk/X
 clkbuf_leaf_458_clk/X
 clkbuf_leaf_46_clk/X
 clkbuf_leaf_49_clk/X
 clkbuf_leaf_513_clk/X
 clkbuf_leaf_520_clk/X
 clkbuf_leaf_523_clk/X
 clkbuf_leaf_539_clk/X
 clkbuf_leaf_53_clk/X
 clkbuf_leaf_573_clk/X
 clkbuf_leaf_580_clk/X
 clkbuf_leaf_581_clk/X
 clkbuf_leaf_586_clk/X
 clkbuf_leaf_591_clk/X
 clkbuf_leaf_616_clk/X
 clkbuf_leaf_621_clk/X
 clkbuf_leaf_642_clk/X
 clkbuf_leaf_669_clk/X
 clkbuf_leaf_677_clk/X
 clkbuf_leaf_690_clk/X
 clkbuf_leaf_69_clk/X
 clkbuf_leaf_728_clk/X
 clkbuf_leaf_729_clk/X
 clkbuf_leaf_757_clk/X
 clkbuf_leaf_758_clk/X
 clkbuf_leaf_762_clk/X
 clkbuf_leaf_777_clk/X
 clkbuf_leaf_780_clk/X
 clkbuf_leaf_792_clk/X
 clkbuf_leaf_795_clk/X
 clkbuf_leaf_800_clk/X
 clkbuf_leaf_809_clk/X
 clkbuf_leaf_814_clk/X
 clkbuf_leaf_818_clk/X
 clkbuf_leaf_858_clk/X
 clkbuf_leaf_91_clk/X
 clkbuf_leaf_92_clk/X
 clkbuf_leaf_9_clk/X
 clone25/X
 clone3/X
 input1/X
 input2/X
 load_slew1015/X
 load_slew1016/X
 load_slew1040/X
 load_slew1069/X
 load_slew1070/X
 load_slew1071/X
 load_slew1072/X
 load_slew1074/X
 load_slew1077/X
 load_slew1079/X
 load_slew1082/X
 load_slew1084/X
 load_slew1086/X
 load_slew1094/X
 load_slew1095/X
 load_slew1096/X
 load_slew1098/X
 load_slew1100/X
 load_slew1101/X
 load_slew1102/X
 load_slew1103/X
 load_slew1104/X
 load_slew1106/X
 load_slew1107/X
 load_slew1109/X
 load_slew1112/X
 load_slew1114/X
 load_slew1115/X
 load_slew1122/X
 load_slew1123/X
 load_slew1125/X
 load_slew1126/X
 load_slew1127/X
 load_slew1130/X
 load_slew1131/X
 load_slew1135/X
 load_slew1138/X
 load_slew1139/X
 load_slew1141/X
 load_slew1142/X
 load_slew1146/X
 load_slew1149/X
 load_slew1150/X
 load_slew1159/X
 load_slew1161/X
 load_slew1169/X
 load_slew1172/X
 load_slew1176/X
 load_slew1179/X
 load_slew1193/X
 load_slew1235/X
 load_slew1237/X
 load_slew1244/X
 load_slew1247/X
 load_slew1248/X
 load_slew1249/X
 load_slew1251/X
 load_slew1252/X
 load_slew1259/X
 load_slew1262/X
 load_slew1263/X
 load_slew1265/X
 load_slew1266/X
 load_slew1267/X
 load_slew1269/X
 load_slew1271/X
 load_slew1272/X
 load_slew1275/X
 load_slew1277/X
 load_slew1279/X
 load_slew1280/X
 load_slew1281/X
 load_slew1283/X
 load_slew1285/X
 load_slew1286/X
 load_slew1290/X
 load_slew1304/X
 load_slew1305/X
 load_slew1306/X
 load_slew1312/X
 load_slew1314/X
 load_slew1325/X
 load_slew1331/X
 load_slew1333/X
 load_slew1336/X
 load_slew1337/X
 load_slew1338/X
 load_slew1340/X
 load_slew1342/X
 load_slew1346/X
 load_slew1347/X
 load_slew135/X
 load_slew1354/X
 load_slew1355/X
 load_slew1356/X
 load_slew1358/X
 load_slew1361/X
 load_slew1364/X
 load_slew1366/X
 load_slew1369/X
 load_slew1375/X
 load_slew1377/X
 load_slew1389/X
 load_slew1392/X
 load_slew1398/X
 load_slew1399/X
 load_slew1400/X
 load_slew1409/X
 load_slew1414/X
 load_slew1416/X
 load_slew1417/X
 load_slew1418/X
 load_slew142/X
 load_slew1422/X
 load_slew1423/X
 load_slew1425/X
 load_slew1426/X
 load_slew1427/X
 load_slew1434/X
 load_slew1440/X
 load_slew1441/X
 load_slew1442/X
 load_slew1443/X
 load_slew1444/X
 load_slew1447/X
 load_slew1448/X
 load_slew1453/X
 load_slew1454/X
 load_slew1458/X
 load_slew1459/X
 load_slew1460/X
 load_slew1461/X
 load_slew1463/X
 load_slew1464/X
 load_slew1465/X
 load_slew1466/X
 load_slew1468/X
 load_slew1470/X
 load_slew1473/X
 load_slew1475/X
 load_slew1478/X
 load_slew1481/X
 load_slew1482/X
 load_slew1487/X
 load_slew1488/X
 load_slew1491/X
 load_slew1492/X
 load_slew1493/X
 load_slew1496/X
 load_slew1497/X
 load_slew1499/X
 load_slew1504/X
 load_slew1505/X
 load_slew1508/X
 load_slew1509/X
 load_slew1513/X
 load_slew1515/X
 load_slew1516/X
 load_slew1517/X
 load_slew1520/X
 load_slew1522/X
 load_slew1524/X
 load_slew1526/X
 load_slew1528/X
 load_slew1529/X
 load_slew153/X
 load_slew1531/X
 load_slew1532/X
 load_slew1534/X
 load_slew1536/X
 load_slew1537/X
 load_slew1538/X
 load_slew1539/X
 load_slew154/X
 load_slew1542/X
 load_slew1543/X
 load_slew1545/X
 load_slew1546/X
 load_slew1547/X
 load_slew1550/X
 load_slew1557/X
 load_slew1559/X
 load_slew156/X
 load_slew1565/X
 load_slew1571/X
 load_slew1582/X
 load_slew1584/X
 load_slew1592/X
 load_slew1596/X
 load_slew1600/X
 load_slew1602/X
 load_slew1603/X
 load_slew1605/X
 load_slew1607/X
 load_slew1620/X
 load_slew1632/X
 load_slew1635/X
 load_slew1640/X
 load_slew1642/X
 load_slew1643/X
 load_slew1646/X
 load_slew1648/X
 load_slew1651/X
 load_slew1654/X
 load_slew1657/X
 load_slew1659/X
 load_slew1670/X
 load_slew1673/X
 load_slew1680/X
 load_slew1687/X
 load_slew1694/X
 load_slew1698/X
 load_slew1699/X
 load_slew1701/X
 load_slew1702/X
 load_slew1708/X
 load_slew1709/X
 load_slew1713/X
 load_slew172/X
 load_slew1722/X
 load_slew1727/X
 load_slew173/X
 load_slew1734/X
 load_slew1742/X
 load_slew1743/X
 load_slew1775/X
 load_slew1785/X
 load_slew1789/X
 load_slew1796/X
 load_slew1798/X
 load_slew1799/X
 load_slew1801/X
 load_slew1804/X
 load_slew1805/X
 load_slew1815/X
 load_slew1823/X
 load_slew1826/X
 load_slew1829/X
 load_slew1830/X
 load_slew1847/X
 load_slew1850/X
 load_slew1862/X
 load_slew1881/X
 load_slew1896/X
 load_slew1909/X
 load_slew1912/X
 load_slew1927/X
 load_slew1931/X
 load_slew1934/X
 load_slew1938/X
 load_slew1949/X
 load_slew195/X
 load_slew1955/X
 load_slew1959/X
 load_slew1964/X
 load_slew1972/X
 load_slew1978/X
 load_slew1988/X
 load_slew1989/X
 load_slew1995/X
 load_slew2000/X
 load_slew2004/X
 load_slew2018/X
 load_slew203/X
 load_slew211/X
 load_slew231/X
 load_slew234/X
 load_slew239/X
 load_slew258/X
 load_slew26/X
 load_slew261/X
 load_slew277/X
 load_slew279/X
 load_slew283/X
 load_slew288/X
 load_slew291/X
 load_slew333/X
 load_slew334/X
 load_slew340/X
 load_slew344/X
 load_slew346/X
 load_slew350/X
 load_slew355/X
 load_slew356/X
 load_slew367/X
 load_slew401/X
 load_slew402/X
 load_slew404/X
 load_slew409/X
 load_slew413/X
 load_slew415/X
 load_slew416/X
 load_slew417/X
 load_slew418/X
 load_slew425/X
 load_slew428/X
 load_slew431/X
 load_slew442/X
 load_slew446/X
 load_slew460/X
 load_slew463/X
 load_slew464/X
 load_slew465/X
 load_slew466/X
 load_slew486/X
 load_slew487/X
 load_slew488/X
 load_slew498/X
 load_slew500/X
 load_slew501/X
 load_slew512/X
 load_slew513/X
 load_slew514/X
 load_slew545/X
 load_slew556/X
 load_slew557/X
 load_slew566/X
 load_slew577/X
 load_slew582/X
 load_slew594/X
 load_slew595/X
 load_slew606/X
 load_slew627/X
 load_slew685/X
 load_slew687/X
 load_slew695/X
 load_slew703/X
 load_slew710/X
 load_slew743/X
 load_slew747/X
 load_slew772/X
 load_slew773/X
 load_slew821/X
 load_slew844/X
 load_slew846/X
 load_slew847/X
 load_slew848/X
 load_slew853/X
 load_slew858/X
 load_slew861/X
 load_slew863/X
 load_slew875/X
 load_slew88/X
 load_slew897/X
 load_slew906/X
 load_slew907/X
 load_slew911/X
 load_slew912/X
 load_slew913/X
 load_slew916/X
 load_slew919/X
 load_slew921/X
 load_slew922/X
 load_slew925/X
 load_slew926/X
 load_slew927/X
 load_slew928/X
 load_slew930/X
 load_slew933/X
 load_slew934/X
 load_slew935/X
 load_slew936/X
 load_slew937/X
 load_slew941/X
 load_slew947/X
 load_slew949/X
 load_slew950/X
 load_slew953/X
 load_slew955/X
 load_slew956/X
 load_slew957/X
 load_slew958/X
 load_slew959/X
 load_slew961/X
 load_slew963/X
 load_slew965/X
 load_slew972/X
 load_slew973/X
 load_slew974/X
 load_slew981/X
 load_slew989/X
 load_slew994/X
 max_cap1008/X
 max_cap1089/X
 max_cap1092/X
 max_cap1118/X
 max_cap1287/X
 max_cap13/X
 max_cap1379/X
 max_cap1380/X
 max_cap1383/X
 max_cap1396/X
 max_cap1551/X
 max_cap1656/X
 max_cap1660/X
 max_cap1668/X
 max_cap1688/X
 max_cap1690/X
 max_cap1695/X
 max_cap1703/X
 max_cap1765/X
 max_cap1790/X
 max_cap1795/X
 max_cap183/X
 max_cap1851/X
 max_cap1871/X
 max_cap1884/X
 max_cap191/X
 max_cap1928/X
 max_cap1929/X
 max_cap1937/X
 max_cap1982/X
 max_cap2002/X
 max_cap209/X
 max_cap228/X
 max_cap273/X
 max_cap297/X
 max_cap299/X
 max_cap312/X
 max_cap323/X
 max_cap327/X
 max_cap392/X
 max_cap397/X
 max_cap435/X
 max_cap438/X
 max_cap439/X
 max_cap462/X
 max_cap482/X
 max_cap526/X
 max_cap527/X
 max_cap531/X
 max_cap541/X
 max_cap543/X
 max_cap55/X
 max_cap550/X
 max_cap554/X
 max_cap572/X
 max_cap610/X
 max_cap639/X
 max_cap649/X
 max_cap653/X
 max_cap658/X
 max_cap698/X
 max_cap707/X
 max_cap715/X
 max_cap724/X
 max_cap744/X
 max_cap759/X
 max_cap766/X
 max_cap797/X
 max_cap817/X
 max_cap855/X
 max_cap865/X
 max_cap975/X
 max_cap990/X
 max_length1078/X
 max_length1080/X
 max_length1236/X
 max_length1257/X
 max_length1260/X
 max_length1371/X
 max_length1374/X
 max_length1419/X
 max_length1420/X
 max_length1437/X
 max_length1446/X
 max_length1462/X
 max_length1544/X
 max_length332/X
 max_length353/X
 max_length374/X
 max_length578/X
 max_length762/X
 max_length923/X
 output5/X
 rebuffer1/X
 rebuffer10/X
 rebuffer14/X
 rebuffer17/X
 rebuffer18/X
 rebuffer2/X
 rebuffer21/X
 rebuffer22/X
 rebuffer23/X
 rebuffer33/X
 rebuffer4/X
 rebuffer40/X
 rebuffer43/X
 rebuffer46/X
 rebuffer51/X
 rebuffer53/X
 rebuffer54/X
 rebuffer55/X
 rebuffer58/X
 rebuffer6/X
 rebuffer60/X
 rebuffer62/X
 rebuffer64/X
 rebuffer67/X
 rebuffer69/X
 rebuffer70/X
 rebuffer72/X
 rebuffer8/X
 rebuffer9/X
 wire10/X
 wire100/X
 wire1005/X
 wire1009/X
 wire101/X
 wire1010/X
 wire1011/X
 wire1014/X
 wire1017/X
 wire1020/X
 wire1022/X
 wire1023/X
 wire1026/X
 wire1027/X
 wire1028/X
 wire1030/X
 wire1031/X
 wire1033/X
 wire1034/X
 wire1035/X
 wire1036/X
 wire1037/X
 wire1038/X
 wire1039/X
 wire1041/X
 wire1042/X
 wire1044/X
 wire105/X
 wire1050/X
 wire1051/X
 wire1053/X
 wire1054/X
 wire1055/X
 wire1056/X
 wire1057/X
 wire1058/X
 wire1059/X
 wire106/X
 wire1060/X
 wire1061/X
 wire1062/X
 wire1063/X
 wire1065/X
 wire1066/X
 wire1067/X
 wire1068/X
 wire1073/X
 wire1075/X
 wire1076/X
 wire108/X
 wire1081/X
 wire1083/X
 wire1085/X
 wire109/X
 wire1091/X
 wire1093/X
 wire1097/X
 wire1099/X
 wire110/X
 wire1105/X
 wire111/X
 wire1110/X
 wire1113/X
 wire1117/X
 wire112/X
 wire1121/X
 wire1128/X
 wire1129/X
 wire1132/X
 wire1133/X
 wire1134/X
 wire1136/X
 wire1145/X
 wire1147/X
 wire115/X
 wire1151/X
 wire1152/X
 wire1155/X
 wire1160/X
 wire1162/X
 wire1163/X
 wire1164/X
 wire1165/X
 wire1167/X
 wire1171/X
 wire1173/X
 wire1174/X
 wire1175/X
 wire1177/X
 wire1178/X
 wire1185/X
 wire1187/X
 wire1188/X
 wire119/X
 wire1191/X
 wire1192/X
 wire1195/X
 wire1196/X
 wire120/X
 wire1202/X
 wire1203/X
 wire1205/X
 wire1206/X
 wire1209/X
 wire121/X
 wire1210/X
 wire1212/X
 wire1213/X
 wire1214/X
 wire1216/X
 wire1217/X
 wire122/X
 wire1221/X
 wire1222/X
 wire1223/X
 wire1224/X
 wire1225/X
 wire1226/X
 wire1227/X
 wire1229/X
 wire123/X
 wire1230/X
 wire1231/X
 wire1232/X
 wire1233/X
 wire1234/X
 wire1238/X
 wire1241/X
 wire1242/X
 wire1243/X
 wire1246/X
 wire125/X
 wire1250/X
 wire1253/X
 wire1254/X
 wire1258/X
 wire1264/X
 wire1268/X
 wire1270/X
 wire1274/X
 wire1276/X
 wire1278/X
 wire128/X
 wire1288/X
 wire1289/X
 wire129/X
 wire1291/X
 wire1292/X
 wire1293/X
 wire1294/X
 wire1295/X
 wire1297/X
 wire1299/X
 wire1308/X
 wire1309/X
 wire1310/X
 wire1311/X
 wire1313/X
 wire1317/X
 wire1318/X
 wire1319/X
 wire132/X
 wire1321/X
 wire1322/X
 wire1323/X
 wire1324/X
 wire1326/X
 wire1327/X
 wire1328/X
 wire1330/X
 wire1334/X
 wire1335/X
 wire1339/X
 wire1341/X
 wire1343/X
 wire1344/X
 wire1345/X
 wire1351/X
 wire1352/X
 wire1353/X
 wire1359/X
 wire1360/X
 wire1363/X
 wire1365/X
 wire1368/X
 wire137/X
 wire1370/X
 wire1372/X
 wire1373/X
 wire1376/X
 wire1378/X
 wire138/X
 wire1381/X
 wire1382/X
 wire1384/X
 wire1385/X
 wire1388/X
 wire139/X
 wire1394/X
 wire1397/X
 wire14/X
 wire140/X
 wire1401/X
 wire1404/X
 wire1405/X
 wire1406/X
 wire1408/X
 wire141/X
 wire1410/X
 wire1411/X
 wire1412/X
 wire1415/X
 wire1424/X
 wire1428/X
 wire1429/X
 wire1430/X
 wire144/X
 wire1445/X
 wire1455/X
 wire1456/X
 wire1457/X
 wire146/X
 wire1469/X
 wire147/X
 wire1472/X
 wire1474/X
 wire1477/X
 wire148/X
 wire1483/X
 wire1484/X
 wire1485/X
 wire1489/X
 wire149/X
 wire150/X
 wire1501/X
 wire1502/X
 wire151/X
 wire1510/X
 wire1518/X
 wire1519/X
 wire1521/X
 wire1523/X
 wire1527/X
 wire1533/X
 wire1535/X
 wire1541/X
 wire1548/X
 wire1549/X
 wire155/X
 wire1552/X
 wire1553/X
 wire1554/X
 wire1555/X
 wire1556/X
 wire1558/X
 wire1560/X
 wire1562/X
 wire1563/X
 wire1564/X
 wire1567/X
 wire1568/X
 wire1569/X
 wire157/X
 wire1570/X
 wire1573/X
 wire1574/X
 wire1576/X
 wire1578/X
 wire1579/X
 wire158/X
 wire1580/X
 wire1583/X
 wire1587/X
 wire1588/X
 wire159/X
 wire1591/X
 wire1593/X
 wire1594/X
 wire1595/X
 wire1597/X
 wire1598/X
 wire1599/X
 wire160/X
 wire1601/X
 wire1604/X
 wire1606/X
 wire1609/X
 wire161/X
 wire1612/X
 wire1614/X
 wire1619/X
 wire1621/X
 wire1622/X
 wire1623/X
 wire1624/X
 wire1625/X
 wire1627/X
 wire1628/X
 wire1629/X
 wire163/X
 wire1630/X
 wire1631/X
 wire1633/X
 wire1636/X
 wire164/X
 wire1641/X
 wire1645/X
 wire1647/X
 wire1653/X
 wire1655/X
 wire166/X
 wire1663/X
 wire1664/X
 wire1667/X
 wire1672/X
 wire1676/X
 wire1677/X
 wire1678/X
 wire1679/X
 wire1681/X
 wire1682/X
 wire1684/X
 wire1685/X
 wire1686/X
 wire1689/X
 wire1691/X
 wire1692/X
 wire1693/X
 wire1696/X
 wire1697/X
 wire1700/X
 wire1705/X
 wire1707/X
 wire1710/X
 wire1711/X
 wire1712/X
 wire1714/X
 wire1715/X
 wire1716/X
 wire1717/X
 wire1719/X
 wire1720/X
 wire1728/X
 wire1729/X
 wire1730/X
 wire1731/X
 wire1733/X
 wire1735/X
 wire1736/X
 wire1737/X
 wire1739/X
 wire1740/X
 wire1741/X
 wire1744/X
 wire1745/X
 wire1746/X
 wire1747/X
 wire1748/X
 wire1750/X
 wire1751/X
 wire1753/X
 wire1754/X
 wire1755/X
 wire1756/X
 wire1757/X
 wire1759/X
 wire176/X
 wire1760/X
 wire1761/X
 wire1763/X
 wire1764/X
 wire1766/X
 wire1768/X
 wire1769/X
 wire177/X
 wire1770/X
 wire1771/X
 wire1772/X
 wire1773/X
 wire1776/X
 wire178/X
 wire1780/X
 wire1781/X
 wire1783/X
 wire1786/X
 wire1787/X
 wire1788/X
 wire1791/X
 wire1792/X
 wire1794/X
 wire1800/X
 wire1802/X
 wire1809/X
 wire1810/X
 wire1811/X
 wire1812/X
 wire1814/X
 wire1817/X
 wire1820/X
 wire1821/X
 wire1822/X
 wire1824/X
 wire1825/X
 wire1827/X
 wire1828/X
 wire1831/X
 wire1833/X
 wire1836/X
 wire1837/X
 wire1838/X
 wire1840/X
 wire1842/X
 wire1843/X
 wire1844/X
 wire1845/X
 wire1846/X
 wire1849/X
 wire1852/X
 wire1854/X
 wire1855/X
 wire1856/X
 wire1859/X
 wire1863/X
 wire1864/X
 wire1865/X
 wire1866/X
 wire1868/X
 wire187/X
 wire1870/X
 wire1873/X
 wire1874/X
 wire1875/X
 wire1876/X
 wire1879/X
 wire1880/X
 wire1883/X
 wire1886/X
 wire1887/X
 wire1888/X
 wire189/X
 wire1890/X
 wire1891/X
 wire1892/X
 wire1893/X
 wire1897/X
 wire1898/X
 wire1899/X
 wire19/X
 wire190/X
 wire1900/X
 wire1901/X
 wire1904/X
 wire1906/X
 wire1907/X
 wire1908/X
 wire1911/X
 wire1914/X
 wire1915/X
 wire1916/X
 wire1917/X
 wire1918/X
 wire1919/X
 wire192/X
 wire1920/X
 wire1921/X
 wire1924/X
 wire1926/X
 wire1930/X
 wire1932/X
 wire1933/X
 wire1935/X
 wire1936/X
 wire194/X
 wire1940/X
 wire1942/X
 wire1943/X
 wire1944/X
 wire1951/X
 wire1954/X
 wire1956/X
 wire1957/X
 wire196/X
 wire1960/X
 wire1962/X
 wire1963/X
 wire1965/X
 wire1967/X
 wire1968/X
 wire1969/X
 wire197/X
 wire1970/X
 wire1971/X
 wire1973/X
 wire1974/X
 wire1975/X
 wire1977/X
 wire1979/X
 wire1980/X
 wire1981/X
 wire1983/X
 wire1985/X
 wire199/X
 wire1991/X
 wire1994/X
 wire1996/X
 wire1997/X
 wire1998/X
 wire1999/X
 wire2001/X
 wire2003/X
 wire2005/X
 wire2006/X
 wire2007/X
 wire2009/X
 wire2010/X
 wire2011/X
 wire2012/X
 wire2013/X
 wire2014/X
 wire2015/X
 wire2016/X
 wire2017/X
 wire202/X
 wire205/X
 wire207/X
 wire212/X
 wire213/X
 wire214/X
 wire215/X
 wire216/X
 wire217/X
 wire219/X
 wire22/X
 wire221/X
 wire224/X
 wire226/X
 wire227/X
 wire229/X
 wire230/X
 wire232/X
 wire233/X
 wire24/X
 wire240/X
 wire241/X
 wire242/X
 wire243/X
 wire244/X
 wire246/X
 wire247/X
 wire248/X
 wire249/X
 wire25/X
 wire250/X
 wire251/X
 wire254/X
 wire256/X
 wire257/X
 wire260/X
 wire264/X
 wire265/X
 wire266/X
 wire268/X
 wire27/X
 wire272/X
 wire274/X
 wire276/X
 wire278/X
 wire28/X
 wire280/X
 wire281/X
 wire282/X
 wire284/X
 wire285/X
 wire29/X
 wire290/X
 wire295/X
 wire298/X
 wire30/X
 wire301/X
 wire302/X
 wire304/X
 wire305/X
 wire306/X
 wire308/X
 wire313/X
 wire314/X
 wire315/X
 wire316/X
 wire32/X
 wire320/X
 wire322/X
 wire324/X
 wire326/X
 wire328/X
 wire33/X
 wire330/X
 wire331/X
 wire338/X
 wire339/X
 wire34/X
 wire341/X
 wire342/X
 wire343/X
 wire345/X
 wire348/X
 wire349/X
 wire35/X
 wire351/X
 wire354/X
 wire357/X
 wire358/X
 wire359/X
 wire36/X
 wire360/X
 wire362/X
 wire363/X
 wire365/X
 wire369/X
 wire370/X
 wire371/X
 wire372/X
 wire373/X
 wire376/X
 wire377/X
 wire378/X
 wire379/X
 wire382/X
 wire383/X
 wire388/X
 wire389/X
 wire39/X
 wire393/X
 wire395/X
 wire396/X
 wire398/X
 wire400/X
 wire403/X
 wire405/X
 wire406/X
 wire407/X
 wire408/X
 wire410/X
 wire411/X
 wire412/X
 wire42/X
 wire421/X
 wire423/X
 wire427/X
 wire430/X
 wire432/X
 wire437/X
 wire440/X
 wire441/X
 wire443/X
 wire444/X
 wire450/X
 wire451/X
 wire456/X
 wire457/X
 wire459/X
 wire469/X
 wire470/X
 wire479/X
 wire480/X
 wire484/X
 wire49/X
 wire490/X
 wire495/X
 wire497/X
 wire50/X
 wire505/X
 wire506/X
 wire508/X
 wire509/X
 wire51/X
 wire511/X
 wire516/X
 wire517/X
 wire518/X
 wire52/X
 wire520/X
 wire522/X
 wire525/X
 wire528/X
 wire529/X
 wire530/X
 wire532/X
 wire533/X
 wire534/X
 wire535/X
 wire536/X
 wire537/X
 wire54/X
 wire546/X
 wire548/X
 wire549/X
 wire551/X
 wire552/X
 wire553/X
 wire56/X
 wire568/X
 wire570/X
 wire583/X
 wire584/X
 wire587/X
 wire588/X
 wire589/X
 wire591/X
 wire593/X
 wire598/X
 wire603/X
 wire607/X
 wire608/X
 wire609/X
 wire611/X
 wire612/X
 wire613/X
 wire614/X
 wire615/X
 wire618/X
 wire621/X
 wire622/X
 wire624/X
 wire625/X
 wire628/X
 wire630/X
 wire632/X
 wire633/X
 wire634/X
 wire635/X
 wire636/X
 wire641/X
 wire642/X
 wire643/X
 wire644/X
 wire645/X
 wire647/X
 wire648/X
 wire650/X
 wire651/X
 wire652/X
 wire654/X
 wire655/X
 wire656/X
 wire66/X
 wire662/X
 wire663/X
 wire664/X
 wire665/X
 wire666/X
 wire667/X
 wire668/X
 wire669/X
 wire670/X
 wire672/X
 wire673/X
 wire674/X
 wire676/X
 wire677/X
 wire678/X
 wire68/X
 wire680/X
 wire686/X
 wire688/X
 wire689/X
 wire692/X
 wire693/X
 wire694/X
 wire696/X
 wire70/X
 wire701/X
 wire706/X
 wire708/X
 wire709/X
 wire71/X
 wire712/X
 wire713/X
 wire714/X
 wire717/X
 wire719/X
 wire72/X
 wire720/X
 wire722/X
 wire726/X
 wire731/X
 wire734/X
 wire735/X
 wire737/X
 wire738/X
 wire739/X
 wire741/X
 wire746/X
 wire748/X
 wire75/X
 wire750/X
 wire751/X
 wire752/X
 wire754/X
 wire756/X
 wire758/X
 wire763/X
 wire764/X
 wire768/X
 wire77/X
 wire770/X
 wire771/X
 wire775/X
 wire776/X
 wire777/X
 wire778/X
 wire779/X
 wire780/X
 wire782/X
 wire783/X
 wire786/X
 wire788/X
 wire789/X
 wire790/X
 wire793/X
 wire794/X
 wire799/X
 wire80/X
 wire800/X
 wire802/X
 wire803/X
 wire804/X
 wire809/X
 wire81/X
 wire810/X
 wire811/X
 wire813/X
 wire815/X
 wire819/X
 wire82/X
 wire824/X
 wire826/X
 wire829/X
 wire83/X
 wire831/X
 wire832/X
 wire833/X
 wire834/X
 wire835/X
 wire836/X
 wire838/X
 wire84/X
 wire840/X
 wire843/X
 wire849/X
 wire85/X
 wire850/X
 wire851/X
 wire852/X
 wire854/X
 wire859/X
 wire86/X
 wire862/X
 wire868/X
 wire87/X
 wire870/X
 wire871/X
 wire872/X
 wire873/X
 wire874/X
 wire877/X
 wire879/X
 wire882/X
 wire883/X
 wire885/X
 wire886/X
 wire887/X
 wire888/X
 wire889/X
 wire892/X
 wire893/X
 wire894/X
 wire895/X
 wire899/X
 wire900/X
 wire902/X
 wire903/X
 wire904/X
 wire909/X
 wire910/X
 wire917/X
 wire920/X
 wire924/X
 wire929/X
 wire932/X
 wire938/X
 wire940/X
 wire942/X
 wire944/X
 wire945/X
 wire946/X
 wire951/X
 wire952/X
 wire960/X
 wire964/X
 wire967/X
 wire968/X
 wire969/X
 wire971/X
 wire976/X
 wire977/X
 wire98/X
 wire980/X
 wire982/X
 wire984/X
 wire985/X
 wire986/X
 wire991/X
 wire993/X
 wire995/X
 wire996/X
 wire999/X

===========================================================================
max slew violation count 0
max fanout violation count 0
max cap violation count 0
============================================================================

===========================================================================
check_setup -verbose -unconstrained_endpoints -multiple_clock -no_clock -no_input_delay -loops -generated_clocks
===========================================================================
Warning: There are 2 input ports missing set_input_delay.
  control
  reset
Warning: There are 8 unconstrained endpoints.
  an0
  display[0]
  display[1]
  display[2]
  display[3]
  display[4]
  display[5]
  display[6]
