OpenROAD b16bda7e82721d10566ff7e2b68f1ff0be9f9e38 
Features included (+) or not (-): +Charts +GPU +GUI +Python
This program is licensed under the BSD-3 license. See the LICENSE file for details.
Components of this program may be licensed under more restrictive licenses which must be honored.
[INFO ODB-0227] LEF file: /openlane/designs/cpu/runs/RUN_2025.06.08_16.24.17/tmp/merged.max.lef, created 13 layers, 25 vias, 441 library cells
[INFO ODB-0127] Reading DEF file: /openlane/designs/cpu/runs/RUN_2025.06.08_16.24.17/results/routing/cpu.def
[INFO ODB-0128] Design: cpu
[INFO ODB-0094] 		Created 100000 Insts
[INFO ODB-0094] 		Created 200000 Insts
[INFO ODB-0094] 		Created 300000 Insts
[INFO ODB-0094] 		Created 400000 Insts
[INFO ODB-0094] 		Created 500000 Insts
[INFO ODB-0094] 		Created 600000 Insts
[INFO ODB-0094] 		Created 700000 Insts
[INFO ODB-0130]     Created 13 pins.
[INFO ODB-0131]     Created 765398 components and 3005789 component-terminals.
[INFO ODB-0132]     Created 2 special nets and 2884418 connections.
[INFO ODB-0133]     Created 8035 nets and 121249 connections.
[INFO ODB-0134] Finished DEF file: /openlane/designs/cpu/runs/RUN_2025.06.08_16.24.17/results/routing/cpu.def
define_corners Typical
read_liberty -corner Typical /root/.volare/sky130A/libs.ref/sky130_fd_sc_hd/lib/sky130_fd_sc_hd__tt_025C_1v80.lib
Using 1e-12 for capacitance...
Using 1e+03 for resistance...
Using 1e-09 for time...
Using 1e+00 for voltage...
Using 1e-03 for current...
Using 1e-09 for power...
Using 1e-06 for distance...
Using RCX ruleset '/root/.volare/sky130A/libs.tech/openlane/rules.openrcx.sky130A.max.calibre'...
[INFO RCX-0431] Defined process_corner X with ext_model_index 0
[INFO RCX-0029] Defined extraction corner X
[INFO RCX-0008] extracting parasitics of cpu ...
[INFO RCX-0435] Reading extraction model file /root/.volare/sky130A/libs.tech/openlane/rules.openrcx.sky130A.max.calibre ...
[INFO RCX-0436] RC segment generation cpu (max_merge_res 50.0) ...
[INFO RCX-0040] Final 318980 rc segments
[INFO RCX-0439] Coupling Cap extraction cpu ...
[INFO RCX-0440] Coupling threshhold is 0.1000 fF, coupling capacitance less than 0.1000 fF will be grounded.
[INFO RCX-0043] 454805 wires to be extracted
[INFO RCX-0442] 12% completion -- 58290 wires have been extracted
[INFO RCX-0442] 25% completion -- 118237 wires have been extracted
[INFO RCX-0442] 40% completion -- 182380 wires have been extracted
[INFO RCX-0442] 53% completion -- 243814 wires have been extracted
[INFO RCX-0442] 72% completion -- 327994 wires have been extracted
[INFO RCX-0442] 81% completion -- 372907 wires have been extracted
[INFO RCX-0442] 87% completion -- 399781 wires have been extracted
[INFO RCX-0442] 93% completion -- 425263 wires have been extracted
[INFO RCX-0442] 100% completion -- 454805 wires have been extracted
[INFO RCX-0045] Extract 8035 nets, 326986 rsegs, 326986 caps, 381604 ccs
[INFO RCX-0015] Finished extracting cpu.
Writing result to /openlane/designs/cpu/runs/RUN_2025.06.08_16.24.17/results/routing/mca/process_corner_max/cpu.spef...
Setting global connections for newly added cells…
[WARNING] Did not save OpenROAD database!
Writing extracted parasitics to '/openlane/designs/cpu/runs/RUN_2025.06.08_16.24.17/results/routing/mca/process_corner_max/cpu.spef'…
[INFO RCX-0016] Writing SPEF ...
[INFO RCX-0443] 8035 nets finished
[INFO RCX-0017] Finished writing SPEF ...
