
===========================================================================
 report_power
============================================================================
======================= Fastest Corner ===================================

Group                  Internal  Switching    Leakage      Total
                          Power      Power      Power      Power (Watts)
----------------------------------------------------------------
Sequential             6.61e-03   3.11e-02   2.72e-08   3.77e-02  21.3%
Combinational          1.33e-02   1.14e-01   2.57e-07   1.27e-01  72.1%
Clock                  4.51e-03   7.02e-03   3.72e-07   1.15e-02   6.5%
Macro                  0.00e+00   0.00e+00   0.00e+00   0.00e+00   0.0%
Pad                    0.00e+00   0.00e+00   0.00e+00   0.00e+00   0.0%
----------------------------------------------------------------
Total                  2.45e-02   1.52e-01   6.56e-07   1.77e-01 100.0%
                          13.8%      86.2%       0.0%

======================= Slowest Corner ===================================

Group                  Internal  Switching    Leakage      Total
                          Power      Power      Power      Power (Watts)
----------------------------------------------------------------
Sequential             4.50e-03   2.10e-02   1.71e-05   2.55e-02  21.3%
Combinational          8.96e-03   7.76e-02   6.77e-05   8.66e-02  72.2%
Clock                  3.22e-03   4.67e-03   5.28e-06   7.90e-03   6.6%
Macro                  0.00e+00   0.00e+00   0.00e+00   0.00e+00   0.0%
Pad                    0.00e+00   0.00e+00   0.00e+00   0.00e+00   0.0%
----------------------------------------------------------------
Total                  1.67e-02   1.03e-01   9.00e-05   1.20e-01 100.0%
                          13.9%      86.0%       0.1%

======================= Typical Corner ===================================

Group                  Internal  Switching    Leakage      Total
                          Power      Power      Power      Power (Watts)
----------------------------------------------------------------
Sequential             5.68e-03   2.65e-02   9.07e-09   3.22e-02  21.3%
Combinational          1.12e-02   9.77e-02   4.67e-08   1.09e-01  72.1%
Clock                  3.94e-03   5.95e-03   3.61e-07   9.89e-03   6.6%
Macro                  0.00e+00   0.00e+00   0.00e+00   0.00e+00   0.0%
Pad                    0.00e+00   0.00e+00   0.00e+00   0.00e+00   0.0%
----------------------------------------------------------------
Total                  2.08e-02   1.30e-01   4.17e-07   1.51e-01 100.0%
                          13.8%      86.2%       0.0%

