
===========================================================================
 report_power
============================================================================
======================= Fastest Corner ===================================

Group                  Internal  Switching    Leakage      Total
                          Power      Power      Power      Power (Watts)
----------------------------------------------------------------
Sequential             6.59e-03   2.80e-02   2.72e-08   3.45e-02  21.4%
Combinational          1.32e-02   1.03e-01   2.57e-07   1.16e-01  71.8%
Clock                  4.51e-03   6.47e-03   3.72e-07   1.10e-02   6.8%
Macro                  0.00e+00   0.00e+00   0.00e+00   0.00e+00   0.0%
Pad                    0.00e+00   0.00e+00   0.00e+00   0.00e+00   0.0%
----------------------------------------------------------------
Total                  2.43e-02   1.37e-01   6.56e-07   1.62e-01 100.0%
                          15.0%      85.0%       0.0%

======================= Slowest Corner ===================================

Group                  Internal  Switching    Leakage      Total
                          Power      Power      Power      Power (Watts)
----------------------------------------------------------------
Sequential             4.51e-03   1.89e-02   1.71e-05   2.34e-02  21.3%
Combinational          9.00e-03   7.01e-02   6.77e-05   7.91e-02  71.9%
Clock                  3.22e-03   4.30e-03   5.28e-06   7.52e-03   6.8%
Macro                  0.00e+00   0.00e+00   0.00e+00   0.00e+00   0.0%
Pad                    0.00e+00   0.00e+00   0.00e+00   0.00e+00   0.0%
----------------------------------------------------------------
Total                  1.67e-02   9.33e-02   9.00e-05   1.10e-01 100.0%
                          15.2%      84.7%       0.1%

======================= Typical Corner ===================================

Group                  Internal  Switching    Leakage      Total
                          Power      Power      Power      Power (Watts)
----------------------------------------------------------------
Sequential             5.69e-03   2.39e-02   9.07e-09   2.96e-02  21.4%
Combinational          1.12e-02   8.82e-02   4.67e-08   9.94e-02  71.8%
Clock                  3.94e-03   5.48e-03   3.61e-07   9.42e-03   6.8%
Macro                  0.00e+00   0.00e+00   0.00e+00   0.00e+00   0.0%
Pad                    0.00e+00   0.00e+00   0.00e+00   0.00e+00   0.0%
----------------------------------------------------------------
Total                  2.08e-02   1.18e-01   4.17e-07   1.38e-01 100.0%
                          15.0%      85.0%       0.0%

