
===========================================================================
 report_power
============================================================================
======================= Fastest Corner ===================================

Group                  Internal  Switching    Leakage      Total
                          Power      Power      Power      Power (Watts)
----------------------------------------------------------------
Sequential             7.63e-03   4.51e-02   3.29e-08   5.28e-02  19.4%
Combinational          1.95e-02   1.87e-01   3.22e-07   2.06e-01  75.8%
Clock                  4.80e-03   8.34e-03   4.16e-07   1.31e-02   4.8%
Macro                  0.00e+00   0.00e+00   0.00e+00   0.00e+00   0.0%
Pad                    0.00e+00   0.00e+00   0.00e+00   0.00e+00   0.0%
----------------------------------------------------------------
Total                  3.20e-02   2.40e-01   7.70e-07   2.72e-01 100.0%
                          11.7%      88.3%       0.0%

======================= Slowest Corner ===================================

Group                  Internal  Switching    Leakage      Total
                          Power      Power      Power      Power (Watts)
----------------------------------------------------------------
Sequential             5.14e-03   3.06e-02   1.83e-05   3.58e-02  19.4%
Combinational          1.27e-02   1.27e-01   8.11e-05   1.40e-01  75.7%
Clock                  3.42e-03   5.56e-03   5.63e-06   8.98e-03   4.9%
Macro                  0.00e+00   0.00e+00   0.00e+00   0.00e+00   0.0%
Pad                    0.00e+00   0.00e+00   0.00e+00   0.00e+00   0.0%
----------------------------------------------------------------
Total                  2.12e-02   1.63e-01   1.05e-04   1.84e-01 100.0%
                          11.5%      88.4%       0.1%

======================= Typical Corner ===================================

Group                  Internal  Switching    Leakage      Total
                          Power      Power      Power      Power (Watts)
----------------------------------------------------------------
Sequential             6.50e-03   3.86e-02   9.89e-09   4.51e-02  19.4%
Combinational          1.60e-02   1.60e-01   5.46e-08   1.76e-01  75.7%
Clock                  4.18e-03   7.07e-03   4.04e-07   1.13e-02   4.8%
Macro                  0.00e+00   0.00e+00   0.00e+00   0.00e+00   0.0%
Pad                    0.00e+00   0.00e+00   0.00e+00   0.00e+00   0.0%
----------------------------------------------------------------
Total                  2.67e-02   2.06e-01   4.68e-07   2.32e-01 100.0%
                          11.5%      88.5%       0.0%

