
64. Printing statistics.

=== register_file ===

   Number of wires:               4913
   Number of wire bits:           5018
   Number of public wires:        1032
   Number of public wire bits:    1137
   Number of memories:               0
   Number of memory bits:            0
   Number of processes:              0
   Number of cells:               4969
     sky130_fd_sc_hd__a211o_2       10
     sky130_fd_sc_hd__a21o_2        58
     sky130_fd_sc_hd__a21oi_2        1
     sky130_fd_sc_hd__a22o_2        85
     sky130_fd_sc_hd__a22oi_2        1
     sky130_fd_sc_hd__a31o_2        23
     sky130_fd_sc_hd__a32o_2        24
     sky130_fd_sc_hd__and2_2         5
     sky130_fd_sc_hd__and2b_2        2
     sky130_fd_sc_hd__and3_2         9
     sky130_fd_sc_hd__and3b_2        4
     sky130_fd_sc_hd__buf_1       1470
     sky130_fd_sc_hd__dfxtp_2     1024
     sky130_fd_sc_hd__inv_2          8
     sky130_fd_sc_hd__mux2_2      1462
     sky130_fd_sc_hd__mux4_2       283
     sky130_fd_sc_hd__nand2_2       16
     sky130_fd_sc_hd__nand3_2        1
     sky130_fd_sc_hd__nand3b_2       1
     sky130_fd_sc_hd__nor2_2        28
     sky130_fd_sc_hd__nor2b_2        1
     sky130_fd_sc_hd__o2111a_2       3
     sky130_fd_sc_hd__o211a_2      106
     sky130_fd_sc_hd__o21a_2        48
     sky130_fd_sc_hd__o21ai_2        2
     sky130_fd_sc_hd__o21ba_2        2
     sky130_fd_sc_hd__o221a_2       19
     sky130_fd_sc_hd__o221ai_2       1
     sky130_fd_sc_hd__o22a_2       132
     sky130_fd_sc_hd__o311a_2        2
     sky130_fd_sc_hd__o31a_2        35
     sky130_fd_sc_hd__or2_2         84
     sky130_fd_sc_hd__or2b_2         2
     sky130_fd_sc_hd__or3_2          7
     sky130_fd_sc_hd__or3b_2        10

   Chip area for module '\register_file': 56748.176000

