
===========================================================================
report_checks -path_delay max (Setup)
============================================================================
======================= Typical Corner ===================================

Startpoint: _28_ (rising edge-triggered flip-flop clocked by core_clock)
Endpoint: _27_ (rising edge-triggered flip-flop clocked by core_clock)
Path Group: core_clock
Path Type: max

Fanout     Cap    Slew   Delay    Time   Description
-----------------------------------------------------------------------------
                  0.00    0.00    0.00   clock core_clock (rise edge)
                          0.00    0.00   clock network delay (ideal)
                  0.00    0.00    0.00 ^ _28_/CLK (sky130_fd_sc_hd__dfxtp_1)
     5    0.01    0.13    0.35    0.35 ^ _28_/Q (sky130_fd_sc_hd__dfxtp_1)
                                         net4 (net)
                  0.13    0.00    0.35 ^ _14_/C_N (sky130_fd_sc_hd__or4bb_1)
     2    0.00    0.09    0.50    0.85 v _14_/X (sky130_fd_sc_hd__or4bb_1)
                                         _04_ (net)
                  0.09    0.00    0.85 v _17_/B (sky130_fd_sc_hd__and4b_1)
     1    0.00    0.04    0.19    1.04 v _17_/X (sky130_fd_sc_hd__and4b_1)
                                         _07_ (net)
                  0.04    0.00    1.04 v _18_/A (sky130_fd_sc_hd__clkbuf_1)
     1    0.00    0.02    0.08    1.12 v _18_/X (sky130_fd_sc_hd__clkbuf_1)
                                         _01_ (net)
                  0.02    0.00    1.12 v _27_/D (sky130_fd_sc_hd__dfxtp_1)
                                  1.12   data arrival time

                  0.00   10.00   10.00   clock core_clock (rise edge)
                          0.00   10.00   clock network delay (ideal)
                          0.00   10.00   clock reconvergence pessimism
                                 10.00 ^ _27_/CLK (sky130_fd_sc_hd__dfxtp_1)
                         -0.11    9.89   library setup time
                                  9.89   data required time
-----------------------------------------------------------------------------
                                  9.89   data required time
                                 -1.12   data arrival time
-----------------------------------------------------------------------------
                                  8.77   slack (MET)


Startpoint: _28_ (rising edge-triggered flip-flop clocked by core_clock)
Endpoint: _28_ (rising edge-triggered flip-flop clocked by core_clock)
Path Group: core_clock
Path Type: max

Fanout     Cap    Slew   Delay    Time   Description
-----------------------------------------------------------------------------
                  0.00    0.00    0.00   clock core_clock (rise edge)
                          0.00    0.00   clock network delay (ideal)
                  0.00    0.00    0.00 ^ _28_/CLK (sky130_fd_sc_hd__dfxtp_1)
     5    0.01    0.13    0.35    0.35 ^ _28_/Q (sky130_fd_sc_hd__dfxtp_1)
                                         net4 (net)
                  0.13    0.00    0.35 ^ _14_/C_N (sky130_fd_sc_hd__or4bb_1)
     2    0.00    0.09    0.50    0.85 v _14_/X (sky130_fd_sc_hd__or4bb_1)
                                         _04_ (net)
                  0.09    0.00    0.85 v _21_/B (sky130_fd_sc_hd__and4b_1)
     1    0.00    0.04    0.19    1.03 v _21_/X (sky130_fd_sc_hd__and4b_1)
                                         _10_ (net)
                  0.04    0.00    1.03 v _22_/A (sky130_fd_sc_hd__clkbuf_1)
     1    0.00    0.02    0.08    1.11 v _22_/X (sky130_fd_sc_hd__clkbuf_1)
                                         _02_ (net)
                  0.02    0.00    1.11 v _28_/D (sky130_fd_sc_hd__dfxtp_1)
                                  1.11   data arrival time

                  0.00   10.00   10.00   clock core_clock (rise edge)
                          0.00   10.00   clock network delay (ideal)
                          0.00   10.00   clock reconvergence pessimism
                                 10.00 ^ _28_/CLK (sky130_fd_sc_hd__dfxtp_1)
                         -0.11    9.89   library setup time
                                  9.89   data required time
-----------------------------------------------------------------------------
                                  9.89   data required time
                                 -1.11   data arrival time
-----------------------------------------------------------------------------
                                  8.77   slack (MET)


Startpoint: _26_ (rising edge-triggered flip-flop clocked by core_clock)
Endpoint: _29_ (rising edge-triggered flip-flop clocked by core_clock)
Path Group: core_clock
Path Type: max

Fanout     Cap    Slew   Delay    Time   Description
-----------------------------------------------------------------------------
                  0.00    0.00    0.00   clock core_clock (rise edge)
                          0.00    0.00   clock network delay (ideal)
                  0.00    0.00    0.00 ^ _26_/CLK (sky130_fd_sc_hd__dfxtp_1)
     8    0.02    0.19    0.39    0.39 ^ _26_/Q (sky130_fd_sc_hd__dfxtp_1)
                                         net2 (net)
                  0.19    0.00    0.39 ^ _19_/A (sky130_fd_sc_hd__nand3_1)
     2    0.01    0.09    0.12    0.51 v _19_/Y (sky130_fd_sc_hd__nand3_1)
                                         _08_ (net)
                  0.09    0.00    0.51 v _25_/A2 (sky130_fd_sc_hd__a211oi_1)
     1    0.00    0.17    0.23    0.74 ^ _25_/Y (sky130_fd_sc_hd__a211oi_1)
                                         _03_ (net)
                  0.17    0.00    0.74 ^ _29_/D (sky130_fd_sc_hd__dfxtp_1)
                                  0.74   data arrival time

                  0.00   10.00   10.00   clock core_clock (rise edge)
                          0.00   10.00   clock network delay (ideal)
                          0.00   10.00   clock reconvergence pessimism
                                 10.00 ^ _29_/CLK (sky130_fd_sc_hd__dfxtp_1)
                         -0.09    9.91   library setup time
                                  9.91   data required time
-----------------------------------------------------------------------------
                                  9.91   data required time
                                 -0.74   data arrival time
-----------------------------------------------------------------------------
                                  9.17   slack (MET)


Startpoint: _26_ (rising edge-triggered flip-flop clocked by core_clock)
Endpoint: _26_ (rising edge-triggered flip-flop clocked by core_clock)
Path Group: core_clock
Path Type: max

Fanout     Cap    Slew   Delay    Time   Description
-----------------------------------------------------------------------------
                  0.00    0.00    0.00   clock core_clock (rise edge)
                          0.00    0.00   clock network delay (ideal)
                  0.00    0.00    0.00 ^ _26_/CLK (sky130_fd_sc_hd__dfxtp_1)
     8    0.02    0.19    0.39    0.39 ^ _26_/Q (sky130_fd_sc_hd__dfxtp_1)
                                         net2 (net)
                  0.19    0.00    0.39 ^ _13_/A (sky130_fd_sc_hd__nor2_1)
     1    0.00    0.05    0.07    0.47 v _13_/Y (sky130_fd_sc_hd__nor2_1)
                                         _00_ (net)
                  0.05    0.00    0.47 v _26_/D (sky130_fd_sc_hd__dfxtp_1)
                                  0.47   data arrival time

                  0.00   10.00   10.00   clock core_clock (rise edge)
                          0.00   10.00   clock network delay (ideal)
                          0.00   10.00   clock reconvergence pessimism
                                 10.00 ^ _26_/CLK (sky130_fd_sc_hd__dfxtp_1)
                         -0.12    9.88   library setup time
                                  9.88   data required time
-----------------------------------------------------------------------------
                                  9.88   data required time
                                 -0.47   data arrival time
-----------------------------------------------------------------------------
                                  9.41   slack (MET)



worst slack corner Typical: 8.7669
