
===========================================================================
 report_power
============================================================================
======================= Fastest Corner ===================================

Group                  Internal  Switching    Leakage      Total
                          Power      Power      Power      Power (Watts)
----------------------------------------------------------------
Sequential             6.64e-03   3.41e-02   2.72e-08   4.08e-02  21.4%
Combinational          1.36e-02   1.24e-01   2.57e-07   1.38e-01  72.3%
Clock                  4.51e-03   7.57e-03   3.72e-07   1.21e-02   6.3%
Macro                  0.00e+00   0.00e+00   0.00e+00   0.00e+00   0.0%
Pad                    0.00e+00   0.00e+00   0.00e+00   0.00e+00   0.0%
----------------------------------------------------------------
Total                  2.47e-02   1.66e-01   6.56e-07   1.91e-01 100.0%
                          13.0%      87.0%       0.0%

======================= Slowest Corner ===================================

Group                  Internal  Switching    Leakage      Total
                          Power      Power      Power      Power (Watts)
----------------------------------------------------------------
Sequential             4.49e-03   2.31e-02   1.71e-05   2.76e-02  21.3%
Combinational          8.93e-03   8.45e-02   6.77e-05   9.35e-02  72.3%
Clock                  3.22e-03   5.04e-03   5.28e-06   8.26e-03   6.4%
Macro                  0.00e+00   0.00e+00   0.00e+00   0.00e+00   0.0%
Pad                    0.00e+00   0.00e+00   0.00e+00   0.00e+00   0.0%
----------------------------------------------------------------
Total                  1.66e-02   1.13e-01   9.00e-05   1.29e-01 100.0%
                          12.9%      87.1%       0.1%

======================= Typical Corner ===================================

Group                  Internal  Switching    Leakage      Total
                          Power      Power      Power      Power (Watts)
----------------------------------------------------------------
Sequential             5.67e-03   2.91e-02   9.07e-09   3.48e-02  21.4%
Combinational          1.12e-02   1.06e-01   4.67e-08   1.18e-01  72.3%
Clock                  3.94e-03   6.42e-03   3.61e-07   1.04e-02   6.4%
Macro                  0.00e+00   0.00e+00   0.00e+00   0.00e+00   0.0%
Pad                    0.00e+00   0.00e+00   0.00e+00   0.00e+00   0.0%
----------------------------------------------------------------
Total                  2.08e-02   1.42e-01   4.17e-07   1.63e-01 100.0%
                          12.8%      87.2%       0.0%

