
===========================================================================
 report_power
============================================================================
======================= Fastest Corner ===================================

Group                  Internal  Switching    Leakage      Total
                          Power      Power      Power      Power (Watts)
----------------------------------------------------------------
Sequential             7.58e-03   4.11e-02   3.29e-08   4.87e-02  19.3%
Combinational          1.92e-02   1.71e-01   3.22e-07   1.90e-01  75.7%
Clock                  4.79e-03   7.73e-03   4.16e-07   1.25e-02   5.0%
Macro                  0.00e+00   0.00e+00   0.00e+00   0.00e+00   0.0%
Pad                    0.00e+00   0.00e+00   0.00e+00   0.00e+00   0.0%
----------------------------------------------------------------
Total                  3.15e-02   2.20e-01   7.70e-07   2.52e-01 100.0%
                          12.5%      87.5%       0.0%

======================= Slowest Corner ===================================

Group                  Internal  Switching    Leakage      Total
                          Power      Power      Power      Power (Watts)
----------------------------------------------------------------
Sequential             5.16e-03   2.79e-02   1.83e-05   3.31e-02  19.4%
Combinational          1.27e-02   1.16e-01   8.11e-05   1.29e-01  75.6%
Clock                  3.42e-03   5.14e-03   5.63e-06   8.57e-03   5.0%
Macro                  0.00e+00   0.00e+00   0.00e+00   0.00e+00   0.0%
Pad                    0.00e+00   0.00e+00   0.00e+00   0.00e+00   0.0%
----------------------------------------------------------------
Total                  2.13e-02   1.49e-01   1.05e-04   1.71e-01 100.0%
                          12.5%      87.5%       0.1%

======================= Typical Corner ===================================

Group                  Internal  Switching    Leakage      Total
                          Power      Power      Power      Power (Watts)
----------------------------------------------------------------
Sequential             6.51e-03   3.51e-02   9.89e-09   4.16e-02  19.4%
Combinational          1.60e-02   1.46e-01   5.46e-08   1.62e-01  75.6%
Clock                  4.18e-03   6.55e-03   4.04e-07   1.07e-02   5.0%
Macro                  0.00e+00   0.00e+00   0.00e+00   0.00e+00   0.0%
Pad                    0.00e+00   0.00e+00   0.00e+00   0.00e+00   0.0%
----------------------------------------------------------------
Total                  2.67e-02   1.88e-01   4.68e-07   2.15e-01 100.0%
                          12.4%      87.6%       0.0%

