
===========================================================================
report_checks -unconstrained
===========================================================================
======================= Typical Corner ===================================

Startpoint: _08979_ (rising edge-triggered flip-flop clocked by core_clock)
Endpoint: _09602_ (rising edge-triggered flip-flop clocked by core_clock)
Path Group: core_clock
Path Type: max

Fanout     Cap    Slew   Delay    Time   Description
-----------------------------------------------------------------------------
                          0.00    0.00   clock core_clock (rise edge)
                          0.00    0.00   clock source latency
     1    0.17    0.00    0.00    0.00 ^ clk (in)
                                         clk (net)
                  0.00    0.00    0.00 ^ clkbuf_0_clk/A (sky130_fd_sc_hd__clkbuf_16)
     2    0.07    0.08    0.14    0.14 ^ clkbuf_0_clk/X (sky130_fd_sc_hd__clkbuf_16)
                                         clknet_0_clk (net)
                  0.08    0.00    0.14 ^ clkbuf_1_1_0_clk/A (sky130_fd_sc_hd__clkbuf_8)
     2    0.03    0.07    0.16    0.31 ^ clkbuf_1_1_0_clk/X (sky130_fd_sc_hd__clkbuf_8)
                                         clknet_1_1_0_clk (net)
                  0.07    0.00    0.31 ^ clkbuf_2_3_0_clk/A (sky130_fd_sc_hd__clkbuf_8)
     1    0.04    0.07    0.16    0.47 ^ clkbuf_2_3_0_clk/X (sky130_fd_sc_hd__clkbuf_8)
                                         clknet_2_3_0_clk (net)
                  0.07    0.00    0.47 ^ clkbuf_2_3_1_clk/A (sky130_fd_sc_hd__clkbuf_8)
     4    0.07    0.13    0.20    0.67 ^ clkbuf_2_3_1_clk/X (sky130_fd_sc_hd__clkbuf_8)
                                         clknet_2_3_1_clk (net)
                  0.13    0.00    0.68 ^ clkbuf_4_13_0_clk/A (sky130_fd_sc_hd__clkbuf_8)
     2    0.05    0.09    0.20    0.87 ^ clkbuf_4_13_0_clk/X (sky130_fd_sc_hd__clkbuf_8)
                                         clknet_4_13_0_clk (net)
                  0.09    0.00    0.88 ^ clkbuf_5_26_0_clk/A (sky130_fd_sc_hd__clkbuf_8)
     2    0.02    0.05    0.14    1.02 ^ clkbuf_5_26_0_clk/X (sky130_fd_sc_hd__clkbuf_8)
                                         clknet_5_26_0_clk (net)
                  0.05    0.00    1.02 ^ clkbuf_6_52__f_clk/A (sky130_fd_sc_hd__clkbuf_16)
    15    0.04    0.07    0.15    1.17 ^ clkbuf_6_52__f_clk/X (sky130_fd_sc_hd__clkbuf_16)
                                         clknet_6_52__leaf_clk (net)
                  0.07    0.00    1.17 ^ clkbuf_leaf_352_clk/A (sky130_fd_sc_hd__clkbuf_8)
     2    0.01    0.03    0.12    1.29 ^ clkbuf_leaf_352_clk/X (sky130_fd_sc_hd__clkbuf_8)
                                         clknet_leaf_352_clk (net)
                  0.03    0.00    1.29 ^ _08979_/CLK (sky130_fd_sc_hd__dfxtp_4)
     2    0.01    0.06    0.35    1.64 ^ _08979_/Q (sky130_fd_sc_hd__dfxtp_4)
                                         _00008_ (net)
                  0.06    0.00    1.64 ^ wire1966/A (sky130_fd_sc_hd__buf_12)
     3    0.05    0.07    0.13    1.76 ^ wire1966/X (sky130_fd_sc_hd__buf_12)
                                         net1966 (net)
                  0.08    0.02    1.78 ^ load_slew1965/A (sky130_fd_sc_hd__buf_6)
     1    0.02    0.06    0.12    1.90 ^ load_slew1965/X (sky130_fd_sc_hd__buf_6)
                                         net1965 (net)
                  0.06    0.00    1.90 ^ _04620_/A (sky130_fd_sc_hd__buf_6)
     3    0.05    0.11    0.15    2.05 ^ _04620_/X (sky130_fd_sc_hd__buf_6)
                                         _01279_ (net)
                  0.11    0.00    2.05 ^ load_slew1531/A (sky130_fd_sc_hd__buf_12)
     4    0.25    0.21    0.17    2.23 ^ load_slew1531/X (sky130_fd_sc_hd__buf_12)
                                         net1531 (net)
                  0.48    0.21    2.44 ^ load_slew1529/A (sky130_fd_sc_hd__buf_12)
     2    0.15    0.17    0.23    2.66 ^ load_slew1529/X (sky130_fd_sc_hd__buf_12)
                                         net1529 (net)
                  0.18    0.04    2.70 ^ _04918_/A (sky130_fd_sc_hd__clkbuf_16)
    10    0.36    0.34    0.32    3.02 ^ _04918_/X (sky130_fd_sc_hd__clkbuf_16)
                                         _01577_ (net)
                  0.34    0.00    3.02 ^ _05082_/S0 (sky130_fd_sc_hd__mux4_2)
     1    0.12    0.35    0.83    3.86 v _05082_/X (sky130_fd_sc_hd__mux4_2)
                                         _01741_ (net)
                  0.38    0.08    3.94 v _05083_/B (sky130_fd_sc_hd__or2_4)
     1    0.11    0.17    0.47    4.41 v _05083_/X (sky130_fd_sc_hd__or2_4)
                                         _01742_ (net)
                  0.20    0.06    4.47 v _05089_/A1 (sky130_fd_sc_hd__a221o_4)
     1    0.13    0.23    0.57    5.04 v _05089_/X (sky130_fd_sc_hd__a221o_4)
                                         _01748_ (net)
                  0.29    0.09    5.13 v _05090_/C1 (sky130_fd_sc_hd__o211a_4)
     3    0.09    0.15    0.33    5.46 v _05090_/X (sky130_fd_sc_hd__o211a_4)
                                         _01749_ (net)
                  0.17    0.04    5.50 v wire829/A (sky130_fd_sc_hd__buf_12)
     3    0.15    0.07    0.20    5.70 v wire829/X (sky130_fd_sc_hd__buf_12)
                                         net829 (net)
                  0.07    0.00    5.70 v _05125_/B (sky130_fd_sc_hd__or4_4)
     1    0.22    0.31    0.74    6.44 v _05125_/X (sky130_fd_sc_hd__or4_4)
                                         _01784_ (net)
                  0.54    0.22    6.66 v _05126_/C (sky130_fd_sc_hd__or3_4)
     1    0.19    0.29    0.72    7.39 v _05126_/X (sky130_fd_sc_hd__or3_4)
                                         _01785_ (net)
                  0.29    0.00    7.39 v _05127_/D (sky130_fd_sc_hd__or4_4)
     1    0.05    0.16    0.59    7.98 v _05127_/X (sky130_fd_sc_hd__or4_4)
                                         _01786_ (net)
                  0.16    0.01    7.99 v _05128_/A (sky130_fd_sc_hd__clkbuf_16)
     8    0.04    0.05    0.21    8.20 v _05128_/X (sky130_fd_sc_hd__clkbuf_16)
                                         _01787_ (net)
                  0.05    0.00    8.20 v _05174_/A (sky130_fd_sc_hd__buf_8)
     3    0.12    0.09    0.16    8.36 v _05174_/X (sky130_fd_sc_hd__buf_8)
                                         _01833_ (net)
                  0.13    0.05    8.41 v max_length433/A (sky130_fd_sc_hd__buf_12)
     5    0.10    0.06    0.19    8.60 v max_length433/X (sky130_fd_sc_hd__buf_12)
                                         net433 (net)
                  0.06    0.00    8.60 v _05335_/A (sky130_fd_sc_hd__nor2_1)
     1    0.01    0.21    0.20    8.81 ^ _05335_/Y (sky130_fd_sc_hd__nor2_1)
                                         _01994_ (net)
                  0.21    0.00    8.81 ^ wire368/A (sky130_fd_sc_hd__buf_12)
     2    0.21    0.22    0.21    9.02 ^ wire368/X (sky130_fd_sc_hd__buf_12)
                                         net368 (net)
                  0.39    0.16    9.18 ^ _05336_/B (sky130_fd_sc_hd__or2_4)
     2    0.17    0.49    0.46    9.65 ^ _05336_/X (sky130_fd_sc_hd__or2_4)
                                         _01995_ (net)
                  0.55    0.12    9.77 ^ _05337_/B (sky130_fd_sc_hd__nand2_8)
     2    0.07    0.16    0.16    9.93 v _05337_/Y (sky130_fd_sc_hd__nand2_8)
                                         _01996_ (net)
                  0.16    0.00    9.93 v _05338_/B (sky130_fd_sc_hd__nor2_4)
     1    0.00    0.07    0.10   10.04 ^ _05338_/Y (sky130_fd_sc_hd__nor2_4)
                                         _01997_ (net)
                  0.07    0.00   10.04 ^ _05339_/B1 (sky130_fd_sc_hd__a31o_2)
     1    0.03    0.17    0.20   10.24 ^ _05339_/X (sky130_fd_sc_hd__a31o_2)
                                         _01998_ (net)
                  0.17    0.00   10.24 ^ wire184/A (sky130_fd_sc_hd__buf_12)
     2    0.25    0.18    0.20   10.44 ^ wire184/X (sky130_fd_sc_hd__buf_12)
                                         net184 (net)
                  0.58    0.27   10.71 ^ _05340_/A1 (sky130_fd_sc_hd__mux2_8)
     2    0.20    0.34    0.45   11.16 ^ _05340_/X (sky130_fd_sc_hd__mux2_8)
                                         _01999_ (net)
                  0.38    0.09   11.25 ^ _05341_/B (sky130_fd_sc_hd__and2_4)
     1    0.19    0.54    0.56   11.81 ^ _05341_/X (sky130_fd_sc_hd__and2_4)
                                         _02000_ (net)
                  0.54    0.00   11.81 ^ _05428_/B1 (sky130_fd_sc_hd__o22a_4)
     1    0.06    0.17    0.34   12.15 ^ _05428_/X (sky130_fd_sc_hd__o22a_4)
                                         _02087_ (net)
                  0.18    0.02   12.16 ^ _05445_/A2 (sky130_fd_sc_hd__a221oi_4)
     1    0.03    0.12    0.14   12.30 v _05445_/Y (sky130_fd_sc_hd__a221oi_4)
                                         _02104_ (net)
                  0.12    0.01   12.31 v wire79/A (sky130_fd_sc_hd__buf_8)
     1    0.08    0.06    0.18   12.49 v wire79/X (sky130_fd_sc_hd__buf_8)
                                         net79 (net)
                  0.09    0.03   12.52 v wire78/A (sky130_fd_sc_hd__buf_12)
     1    0.08    0.05    0.16   12.69 v wire78/X (sky130_fd_sc_hd__buf_12)
                                         net78 (net)
                  0.08    0.03   12.72 v _05482_/B1 (sky130_fd_sc_hd__o2bb2a_4)
     4    0.17    0.21    0.35   13.06 v _05482_/X (sky130_fd_sc_hd__o2bb2a_4)
                                         _02141_ (net)
                  0.22    0.02   13.08 v wire57/A (sky130_fd_sc_hd__buf_12)
     2    0.18    0.06    0.23   13.32 v wire57/X (sky130_fd_sc_hd__buf_12)
                                         net57 (net)
                  0.27    0.13   13.45 v wire56/A (sky130_fd_sc_hd__buf_12)
     3    0.25    0.06    0.25   13.70 v wire56/X (sky130_fd_sc_hd__buf_12)
                                         net56 (net)
                  0.31    0.15   13.84 v _05629_/A (sky130_fd_sc_hd__inv_12)
     3    0.01    0.07    0.13   13.97 ^ _05629_/Y (sky130_fd_sc_hd__inv_12)
                                         _00839_ (net)
                  0.07    0.00   13.97 ^ _05637_/B (sky130_fd_sc_hd__nor3_4)
     1    0.05    0.08    0.08   14.05 v _05637_/Y (sky130_fd_sc_hd__nor3_4)
                                         _02289_ (net)
                  0.08    0.01   14.06 v wire11/A (sky130_fd_sc_hd__buf_8)
     2    0.07    0.06    0.16   14.23 v wire11/X (sky130_fd_sc_hd__buf_8)
                                         net11 (net)
                  0.07    0.01   14.24 v max_cap10/A (sky130_fd_sc_hd__clkbuf_8)
     1    0.00    0.02    0.13   14.37 v max_cap10/X (sky130_fd_sc_hd__clkbuf_8)
                                         net10 (net)
                  0.02    0.00   14.37 v _05644_/A (sky130_fd_sc_hd__or2_4)
     1    0.14    0.20    0.36   14.73 v _05644_/X (sky130_fd_sc_hd__or2_4)
                                         _02293_ (net)
                  0.27    0.09   14.82 v _05645_/A (sky130_fd_sc_hd__buf_12)
     1    0.28    0.13    0.28   15.10 v _05645_/X (sky130_fd_sc_hd__buf_12)
                                         _00006_ (net)
                  0.22    0.09   15.19 v _09602_/D (sky130_fd_sc_hd__dfxtp_4)
                                 15.19   data arrival time

                         40.00   40.00   clock core_clock (rise edge)
                          0.00   40.00   clock source latency
     1    0.17    0.00    0.00   40.00 ^ clk (in)
                                         clk (net)
                  0.00    0.00   40.00 ^ clkbuf_0_clk/A (sky130_fd_sc_hd__clkbuf_16)
     2    0.07    0.08    0.14   40.14 ^ clkbuf_0_clk/X (sky130_fd_sc_hd__clkbuf_16)
                                         clknet_0_clk (net)
                  0.08    0.00   40.15 ^ clkbuf_1_0_0_clk/A (sky130_fd_sc_hd__clkbuf_8)
     2    0.01    0.03    0.13   40.28 ^ clkbuf_1_0_0_clk/X (sky130_fd_sc_hd__clkbuf_8)
                                         clknet_1_0_0_clk (net)
                  0.03    0.00   40.28 ^ clkbuf_2_0_0_clk/A (sky130_fd_sc_hd__clkbuf_8)
     1    0.00    0.03    0.10   40.38 ^ clkbuf_2_0_0_clk/X (sky130_fd_sc_hd__clkbuf_8)
                                         clknet_2_0_0_clk (net)
                  0.03    0.00   40.38 ^ clkbuf_2_0_1_clk/A (sky130_fd_sc_hd__clkbuf_8)
     4    0.06    0.12    0.18   40.56 ^ clkbuf_2_0_1_clk/X (sky130_fd_sc_hd__clkbuf_8)
                                         clknet_2_0_1_clk (net)
                  0.12    0.00   40.56 ^ clkbuf_4_0_0_clk/A (sky130_fd_sc_hd__clkbuf_8)
     2    0.01    0.03    0.14   40.70 ^ clkbuf_4_0_0_clk/X (sky130_fd_sc_hd__clkbuf_8)
                                         clknet_4_0_0_clk (net)
                  0.03    0.00   40.70 ^ clkbuf_5_1_0_clk/A (sky130_fd_sc_hd__clkbuf_8)
     2    0.02    0.05    0.12   40.82 ^ clkbuf_5_1_0_clk/X (sky130_fd_sc_hd__clkbuf_8)
                                         clknet_5_1_0_clk (net)
                  0.05    0.00   40.82 ^ clkbuf_6_3__f_clk/A (sky130_fd_sc_hd__clkbuf_16)
    11    0.04    0.06    0.14   40.96 ^ clkbuf_6_3__f_clk/X (sky130_fd_sc_hd__clkbuf_16)
                                         clknet_6_3__leaf_clk (net)
                  0.06    0.00   40.96 ^ _09602_/CLK (sky130_fd_sc_hd__dfxtp_4)
                          0.00   40.96   clock reconvergence pessimism
                         -0.19   40.78   library setup time
                                 40.78   data required time
-----------------------------------------------------------------------------
                                 40.78   data required time
                                -15.19   data arrival time
-----------------------------------------------------------------------------
                                 25.59   slack (MET)




===========================================================================
report_checks --slack_max -0.01
============================================================================
======================= Typical Corner ===================================

No paths found.


===========================================================================
 report_check_types -max_slew -max_cap -max_fanout -violators
============================================================================
======================= Typical Corner ===================================


max slew violations count Typical: 0
max fanout violations count Typical: 0
max cap violations count Typical: 0

===========================================================================
report_parasitic_annotation -report_unannotated
============================================================================
Found 119 unannotated drivers.
 clkload0/Y
 clkload1/X
 clkload10/Y
 clkload100/X
 clkload101/X
 clkload102/X
 clkload103/X
 clkload104/X
 clkload105/X
 clkload106/X
 clkload107/X
 clkload108/X
 clkload109/X
 clkload11/Y
 clkload110/X
 clkload111/X
 clkload112/X
 clkload113/X
 clkload114/X
 clkload12/X
 clkload13/X
 clkload14/X
 clkload15/Y
 clkload16/Y
 clkload17/X
 clkload18/Y
 clkload19/Y
 clkload2/X
 clkload20/Y
 clkload21/Y
 clkload22/Y
 clkload23/Y
 clkload24/Y
 clkload25/Y
 clkload26/Y
 clkload27/Y
 clkload28/Y
 clkload29/Y
 clkload3/Y
 clkload30/Y
 clkload31/X
 clkload32/X
 clkload33/X
 clkload34/X
 clkload35/X
 clkload36/X
 clkload37/X
 clkload38/X
 clkload39/X
 clkload4/Y
 clkload40/X
 clkload41/X
 clkload42/X
 clkload43/X
 clkload44/X
 clkload45/X
 clkload46/X
 clkload47/X
 clkload48/X
 clkload49/X
 clkload5/Y
 clkload50/X
 clkload51/X
 clkload52/X
 clkload53/X
 clkload54/X
 clkload55/X
 clkload56/X
 clkload57/X
 clkload58/X
 clkload59/X
 clkload6/Y
 clkload60/X
 clkload61/Y
 clkload62/Y
 clkload63/X
 clkload64/X
 clkload65/X
 clkload66/X
 clkload67/X
 clkload68/X
 clkload69/X
 clkload7/Y
 clkload70/X
 clkload71/X
 clkload72/X
 clkload73/X
 clkload74/X
 clkload75/X
 clkload76/X
 clkload77/X
 clkload78/X
 clkload79/X
 clkload8/X
 clkload80/X
 clkload81/X
 clkload82/X
 clkload83/X
 clkload84/X
 clkload85/X
 clkload86/X
 clkload87/X
 clkload88/X
 clkload89/X
 clkload9/Y
 clkload90/X
 clkload91/X
 clkload92/X
 clkload93/X
 clkload94/X
 clkload95/X
 clkload96/X
 clkload97/X
 clkload98/X
 clkload99/X
 cpu_1982/LO
 load_slew3/X
 wire1/X
 wire2/X
Found 4960 partially unannotated drivers.
 clk
 _04466_/X
 _04467_/X
 _04468_/X
 _04469_/X
 _04470_/X
 _04472_/X
 _04474_/X
 _04476_/X
 _04477_/X
 _04478_/X
 _04479_/X
 _04485_/X
 _04486_/X
 _04487_/X
 _04488_/X
 _04490_/X
 _04491_/X
 _04492_/X
 _04493_/X
 _04494_/Y
 _04496_/X
 _04497_/X
 _04498_/X
 _04499_/X
 _04501_/X
 _04502_/Y
 _04503_/X
 _04504_/X
 _04505_/X
 _04507_/Y
 _04508_/X
 _04512_/Y
 _04514_/X
 _04518_/X
 _04519_/X
 _04520_/X
 _04521_/X
 _04522_/X
 _04524_/X
 _04525_/X
 _04526_/X
 _04527_/X
 _04528_/X
 _04529_/X
 _04530_/X
 _04533_/X
 _04534_/X
 _04542_/X
 _04543_/X
 _04545_/X
 _04546_/X
 _04548_/X
 _04549_/X
 _04552_/X
 _04553_/X
 _04554_/X
 _04555_/X
 _04559_/X
 _04560_/Y
 _04561_/X
 _04562_/X
 _04563_/X
 _04564_/Y
 _04565_/X
 _04568_/Y
 _04569_/X
 _04572_/X
 _04573_/Y
 _04577_/X
 _04578_/X
 _04579_/X
 _04580_/X
 _04582_/X
 _04583_/X
 _04584_/X
 _04585_/X
 _04586_/X
 _04587_/X
 _04589_/X
 _04591_/X
 _04592_/X
 _04593_/X
 _04594_/X
 _04595_/X
 _04596_/X
 _04597_/X
 _04598_/X
 _04599_/X
 _04601_/X
 _04602_/X
 _04603_/X
 _04605_/X
 _04606_/X
 _04610_/X
 _04611_/X
 _04612_/X
 _04613_/X
 _04614_/X
 _04615_/X
 _04616_/X
 _04617_/X
 _04618_/X
 _04619_/X
 _04622_/X
 _04623_/X
 _04624_/X
 _04625_/X
 _04626_/X
 _04627_/X
 _04628_/X
 _04629_/X
 _04630_/X
 _04631_/X
 _04632_/X
 _04633_/X
 _04634_/X
 _04635_/X
 _04637_/X
 _04638_/X
 _04639_/X
 _04641_/X
 _04642_/X
 _04644_/X
 _04647_/X
 _04648_/X
 _04649_/X
 _04650_/X
 _04652_/X
 _04653_/X
 _04655_/X
 _04656_/X
 _04657_/X
 _04660_/X
 _04661_/X
 _04662_/X
 _04663_/X
 _04665_/X
 _04667_/X
 _04668_/X
 _04670_/X
 _04671_/X
 _04672_/X
 _04673_/X
 _04674_/X
 _04678_/X
 _04681_/X
 _04682_/X
 _04683_/X
 _04684_/X
 _04685_/X
 _04686_/X
 _04688_/X
 _04689_/X
 _04690_/X
 _04692_/X
 _04696_/X
 _04697_/X
 _04701_/X
 _04702_/Y
 _04703_/X
 _04706_/X
 _04709_/X
 _04710_/X
 _04711_/Y
 _04712_/X
 _04714_/X
 _04715_/X
 _04717_/X
 _04718_/X
 _04721_/X
 _04722_/X
 _04723_/X
 _04724_/X
 _04725_/X
 _04726_/X
 _04727_/X
 _04728_/X
 _04729_/X
 _04730_/X
 _04731_/X
 _04733_/X
 _04734_/X
 _04735_/X
 _04737_/X
 _04741_/X
 _04742_/X
 _04743_/X
 _04744_/X
 _04750_/X
 _04751_/X
 _04752_/X
 _04754_/X
 _04755_/X
 _04757_/X
 _04759_/X
 _04760_/X
 _04761_/X
 _04762_/X
 _04763_/X
 _04764_/X
 _04765_/X
 _04766_/X
 _04767_/X
 _04768_/X
 _04770_/X
 _04771_/X
 _04772_/X
 _04773_/X
 _04774_/X
 _04776_/X
 _04777_/X
 _04779_/X
 _04780_/X
 _04782_/X
 _04783_/X
 _04784_/X
 _04785_/X
 _04787_/X
 _04790_/X
 _04791_/X
 _04792_/X
 _04793_/X
 _04794_/X
 _04797_/X
 _04798_/X
 _04799_/X
 _04800_/X
 _04801_/X
 _04802_/X
 _04803_/X
 _04804_/X
 _04805_/X
 _04806_/X
 _04807_/X
 _04811_/X
 _04813_/X
 _04816_/X
 _04817_/X
 _04819_/X
 _04821_/X
 _04822_/X
 _04823_/X
 _04824_/X
 _04825_/X
 _04830_/X
 _04831_/X
 _04834_/X
 _04836_/X
 _04837_/X
 _04838_/X
 _04839_/X
 _04841_/X
 _04846_/X
 _04853_/X
 _04855_/X
 _04858_/X
 _04860_/X
 _04864_/X
 _04865_/X
 _04867_/X
 _04871_/X
 _04872_/X
 _04873_/X
 _04874_/X
 _04877_/X
 _04878_/X
 _04881_/X
 _04884_/X
 _04888_/X
 _04889_/X
 _04890_/X
 _04892_/X
 _04893_/X
 _04896_/X
 _04897_/X
 _04898_/X
 _04899_/X
 _04901_/X
 _04903_/X
 _04904_/X
 _04905_/X
 _04908_/X
 _04910_/X
 _04911_/X
 _04913_/X
 _04914_/X
 _04915_/X
 _04916_/X
 _04918_/X
 _04919_/X
 _04923_/X
 _04924_/X
 _04926_/X
 _04930_/X
 _04932_/X
 _04933_/X
 _04936_/X
 _04941_/X
 _04942_/X
 _04946_/X
 _04950_/X
 _04954_/X
 _04956_/X
 _04957_/X
 _04958_/X
 _04959_/X
 _04963_/X
 _04964_/X
 _04965_/X
 _04966_/X
 _04967_/X
 _04969_/X
 _04970_/X
 _04976_/X
 _04977_/X
 _04978_/X
 _04979_/X
 _04981_/X
 _04983_/X
 _04996_/X
 _05000_/X
 _05001_/X
 _05002_/X
 _05003_/X
 _05004_/X
 _05005_/X
 _05006_/X
 _05007_/X
 _05009_/X
 _05011_/X
 _05012_/X
 _05013_/X
 _05015_/X
 _05016_/X
 _05017_/X
 _05018_/X
 _05019_/X
 _05020_/X
 _05022_/X
 _05023_/X
 _05026_/X
 _05028_/X
 _05029_/X
 _05032_/X
 _05033_/X
 _05034_/X
 _05035_/X
 _05037_/X
 _05038_/X
 _05039_/X
 _05040_/X
 _05041_/X
 _05043_/X
 _05046_/Y
 _05049_/X
 _05050_/Y
 _05052_/X
 _05056_/Y
 _05058_/X
 _05060_/X
 _05064_/X
 _05065_/X
 _05066_/X
 _05067_/X
 _05068_/X
 _05069_/X
 _05071_/X
 _05073_/X
 _05074_/X
 _05077_/X
 _05078_/X
 _05080_/X
 _05081_/X
 _05086_/X
 _05087_/X
 _05090_/X
 _05091_/X
 _05093_/X
 _05095_/X
 _05097_/X
 _05099_/X
 _05100_/X
 _05101_/X
 _05102_/X
 _05104_/X
 _05108_/X
 _05111_/X
 _05112_/X
 _05113_/X
 _05114_/X
 _05115_/X
 _05116_/X
 _05117_/X
 _05118_/X
 _05119_/X
 _05124_/X
 _05126_/X
 _05128_/X
 _05129_/Y
 _05130_/X
 _05131_/X
 _05132_/X
 _05133_/X
 _05134_/X
 _05136_/X
 _05137_/X
 _05138_/X
 _05139_/X
 _05140_/X
 _05141_/X
 _05144_/X
 _05145_/X
 _05148_/X
 _05151_/X
 _05152_/X
 _05153_/X
 _05156_/X
 _05157_/X
 _05161_/Y
 _05162_/X
 _05164_/Y
 _05169_/X
 _05170_/Y
 _05171_/X
 _05172_/X
 _05173_/X
 _05175_/X
 _05176_/X
 _05177_/X
 _05178_/X
 _05180_/X
 _05181_/Y
 _05183_/X
 _05185_/X
 _05186_/Y
 _05187_/Y
 _05189_/X
 _05190_/Y
 _05192_/X
 _05194_/X
 _05196_/Y
 _05197_/Y
 _05198_/X
 _05199_/X
 _05200_/X
 _05201_/Y
 _05203_/X
 _05204_/Y
 _05205_/X
 _05207_/X
 _05209_/X
 _05210_/Y
 _05211_/X
 _05217_/X
 _05222_/X
 _05227_/Y
 _05228_/X
 _05229_/X
 _05231_/X
 _05232_/X
 _05233_/X
 _05234_/X
 _05235_/Y
 _05236_/Y
 _05237_/X
 _05238_/Y
 _05239_/X
 _05240_/X
 _05241_/Y
 _05243_/X
 _05244_/X
 _05245_/X
 _05247_/X
 _05248_/X
 _05249_/Y
 _05251_/X
 _05253_/X
 _05254_/X
 _05256_/X
 _05258_/X
 _05259_/X
 _05260_/X
 _05261_/Y
 _05262_/Y
 _05263_/Y
 _05264_/X
 _05266_/X
 _05270_/Y
 _05272_/X
 _05275_/Y
 _05276_/Y
 _05278_/Y
 _05279_/X
 _05280_/Y
 _05282_/X
 _05283_/X
 _05284_/X
 _05286_/X
 _05287_/Y
 _05289_/Y
 _05291_/X
 _05292_/X
 _05295_/X
 _05299_/Y
 _05300_/X
 _05301_/Y
 _05302_/X
 _05303_/X
 _05304_/X
 _05306_/Y
 _05307_/X
 _05308_/Y
 _05310_/X
 _05317_/X
 _05318_/Y
 _05321_/X
 _05322_/Y
 _05323_/Y
 _05325_/X
 _05327_/X
 _05329_/X
 _05330_/Y
 _05331_/X
 _05334_/Y
 _05337_/Y
 _05338_/Y
 _05341_/X
 _05342_/X
 _05344_/X
 _05345_/X
 _05346_/Y
 _05349_/X
 _05350_/X
 _05355_/X
 _05358_/Y
 _05360_/Y
 _05363_/X
 _05364_/Y
 _05365_/Y
 _05366_/X
 _05369_/X
 _05372_/X
 _05375_/X
 _05377_/X
 _05378_/X
 _05381_/X
 _05383_/Y
 _05384_/X
 _05385_/X
 _05387_/X
 _05388_/X
 _05389_/Y
 _05392_/X
 _05394_/X
 _05395_/Y
 _05396_/Y
 _05397_/X
 _05398_/X
 _05400_/Y
 _05401_/Y
 _05402_/X
 _05403_/X
 _05404_/X
 _05405_/X
 _05406_/X
 _05407_/X
 _05408_/Y
 _05410_/Y
 _05412_/X
 _05413_/X
 _05414_/X
 _05415_/X
 _05419_/X
 _05420_/X
 _05421_/Y
 _05422_/X
 _05423_/X
 _05424_/X
 _05425_/Y
 _05429_/Y
 _05433_/Y
 _05434_/X
 _05435_/X
 _05440_/Y
 _05442_/X
 _05444_/Y
 _05447_/Y
 _05450_/X
 _05453_/Y
 _05458_/X
 _05462_/X
 _05463_/Y
 _05465_/X
 _05469_/X
 _05473_/Y
 _05475_/X
 _05478_/Y
 _05484_/X
 _05486_/Y
 _05487_/X
 _05488_/X
 _05489_/X
 _05491_/X
 _05492_/Y
 _05493_/X
 _05494_/X
 _05496_/X
 _05498_/X
 _05499_/X
 _05500_/X
 _05501_/Y
 _05502_/X
 _05504_/Y
 _05505_/X
 _05506_/X
 _05509_/Y
 _05510_/X
 _05511_/Y
 _05512_/X
 _05514_/Y
 _05518_/X
 _05519_/Y
 _05520_/X
 _05521_/X
 _05523_/X
 _05529_/X
 _05530_/Y
 _05534_/Y
 _05536_/X
 _05537_/X
 _05539_/X
 _05543_/Y
 _05546_/X
 _05547_/X
 _05548_/X
 _05550_/Y
 _05552_/Y
 _05555_/X
 _05558_/X
 _05559_/Y
 _05560_/Y
 _05561_/Y
 _05562_/Y
 _05563_/X
 _05566_/X
 _05567_/Y
 _05568_/X
 _05571_/Y
 _05572_/X
 _05573_/Y
 _05574_/Y
 _05575_/X
 _05576_/Y
 _05578_/X
 _05580_/X
 _05581_/X
 _05582_/Y
 _05583_/X
 _05584_/Y
 _05585_/Y
 _05589_/Y
 _05591_/X
 _05592_/X
 _05593_/Y
 _05594_/Y
 _05595_/Y
 _05596_/X
 _05597_/X
 _05598_/X
 _05599_/X
 _05600_/X
 _05601_/X
 _05602_/X
 _05603_/Y
 _05606_/X
 _05607_/X
 _05608_/X
 _05609_/Y
 _05612_/X
 _05613_/X
 _05614_/X
 _05615_/X
 _05617_/X
 _05619_/X
 _05621_/X
 _05623_/Y
 _05626_/X
 _05628_/Y
 _05629_/Y
 _05631_/X
 _05632_/Y
 _05633_/Y
 _05634_/X
 _05635_/Y
 _05636_/Y
 _05640_/X
 _05641_/X
 _05642_/X
 _05643_/X
 _05647_/X
 _05648_/X
 _05649_/X
 _05650_/X
 _05651_/X
 _05653_/X
 _05654_/X
 _05655_/X
 _05656_/X
 _05657_/X
 _05659_/X
 _05661_/X
 _05663_/X
 _05665_/Y
 _05667_/X
 _05669_/X
 _05670_/Y
 _05671_/Y
 _05672_/Y
 _05673_/X
 _05675_/Y
 _05676_/Y
 _05677_/X
 _05681_/X
 _05684_/X
 _05688_/X
 _05689_/Y
 _05690_/Y
 _05694_/X
 _05695_/Y
 _05696_/X
 _05697_/X
 _05698_/X
 _05701_/X
 _05702_/Y
 _05703_/X
 _05704_/X
 _05706_/X
 _05707_/X
 _05709_/X
 _05710_/X
 _05711_/X
 _05712_/X
 _05713_/X
 _05714_/X
 _05716_/X
 _05717_/X
 _05721_/X
 _05722_/X
 _05723_/X
 _05726_/X
 _05728_/Y
 _05730_/X
 _05732_/Y
 _05734_/X
 _05736_/Y
 _05737_/X
 _05741_/X
 _05742_/Y
 _05743_/X
 _05746_/X
 _05748_/X
 _05749_/X
 _05751_/X
 _05753_/X
 _05755_/X
 _05756_/X
 _05758_/X
 _05760_/X
 _05761_/X
 _05763_/X
 _05764_/X
 _05765_/X
 _05768_/X
 _05769_/X
 _05771_/X
 _05772_/X
 _05773_/X
 _05774_/X
 _05775_/X
 _05776_/X
 _05777_/X
 _05778_/X
 _05779_/X
 _05780_/X
 _05781_/X
 _05782_/X
 _05784_/X
 _05786_/X
 _05787_/X
 _05789_/X
 _05792_/X
 _05793_/X
 _05794_/X
 _05795_/X
 _05796_/X
 _05797_/X
 _05798_/X
 _05800_/X
 _05801_/X
 _05802_/X
 _05803_/X
 _05804_/X
 _05805_/X
 _05806_/X
 _05807_/X
 _05808_/X
 _05810_/X
 _05814_/X
 _05815_/X
 _05816_/X
 _05818_/X
 _05819_/X
 _05820_/X
 _05823_/X
 _05824_/X
 _05825_/X
 _05827_/X
 _05828_/X
 _05829_/X
 _05830_/X
 _05831_/X
 _05832_/X
 _05835_/X
 _05837_/X
 _05838_/X
 _05839_/X
 _05841_/X
 _05844_/X
 _05846_/X
 _05847_/X
 _05848_/X
 _05849_/X
 _05850_/X
 _05851_/X
 _05852_/X
 _05853_/Y
 _05855_/Y
 _05856_/Y
 _05858_/X
 _05859_/X
 _05860_/Y
 _05861_/X
 _05864_/Y
 _05865_/Y
 _05867_/Y
 _05869_/X
 _05879_/X
 _05880_/X
 _05881_/Y
 _05882_/X
 _05885_/Y
 _05889_/Y
 _05890_/Y
 _05893_/Y
 _05895_/X
 _05896_/X
 _05897_/X
 _05899_/X
 _05901_/X
 _05905_/X
 _05908_/X
 _05909_/X
 _05911_/Y
 _05912_/Y
 _05914_/X
 _05918_/Y
 _05919_/X
 _05920_/Y
 _05922_/X
 _05923_/X
 _05927_/X
 _05928_/Y
 _05930_/Y
 _05931_/X
 _05933_/X
 _05935_/Y
 _05937_/X
 _05938_/Y
 _05940_/Y
 _05941_/Y
 _05942_/X
 _05943_/Y
 _05945_/X
 _05947_/X
 _05952_/X
 _05955_/X
 _05957_/X
 _05958_/Y
 _05959_/X
 _05962_/X
 _05964_/X
 _05968_/X
 _05970_/X
 _05971_/X
 _05974_/X
 _05975_/X
 _05976_/X
 _05978_/X
 _05980_/X
 _05981_/X
 _05984_/X
 _05985_/X
 _05986_/X
 _05989_/X
 _05991_/X
 _05994_/X
 _05996_/X
 _05997_/X
 _05998_/X
 _05999_/X
 _06001_/X
 _06003_/X
 _06004_/X
 _06006_/X
 _06008_/X
 _06009_/X
 _06010_/X
 _06011_/X
 _06014_/X
 _06015_/X
 _06016_/X
 _06017_/X
 _06019_/X
 _06020_/X
 _06022_/X
 _06023_/X
 _06026_/X
 _06027_/X
 _06028_/Y
 _06030_/Y
 _06031_/X
 _06034_/X
 _06036_/X
 _06039_/X
 _06040_/X
 _06043_/X
 _06045_/X
 _06046_/X
 _06047_/X
 _06048_/X
 _06052_/X
 _06053_/X
 _06054_/X
 _06055_/X
 _06056_/X
 _06057_/X
 _06058_/X
 _06059_/X
 _06061_/X
 _06062_/X
 _06063_/X
 _06065_/X
 _06066_/X
 _06069_/X
 _06070_/X
 _06071_/X
 _06073_/X
 _06076_/X
 _06078_/X
 _06079_/X
 _06081_/X
 _06083_/X
 _06084_/X
 _06086_/X
 _06088_/X
 _06090_/X
 _06092_/X
 _06093_/X
 _06094_/X
 _06096_/X
 _06097_/X
 _06099_/X
 _06100_/X
 _06101_/X
 _06102_/X
 _06104_/X
 _06105_/X
 _06108_/X
 _06109_/X
 _06110_/X
 _06111_/X
 _06113_/X
 _06115_/X
 _06116_/X
 _06117_/X
 _06120_/X
 _06122_/X
 _06123_/X
 _06126_/X
 _06128_/X
 _06129_/X
 _06131_/X
 _06133_/X
 _06136_/X
 _06137_/X
 _06138_/X
 _06139_/X
 _06141_/X
 _06143_/X
 _06144_/X
 _06149_/X
 _06150_/X
 _06151_/X
 _06152_/X
 _06153_/X
 _06155_/X
 _06156_/X
 _06157_/X
 _06159_/X
 _06160_/X
 _06161_/X
 _06162_/X
 _06163_/X
 _06166_/X
 _06167_/X
 _06171_/X
 _06173_/X
 _06175_/X
 _06178_/X
 _06182_/X
 _06184_/X
 _06185_/X
 _06187_/X
 _06188_/X
 _06190_/X
 _06191_/X
 _06192_/X
 _06193_/X
 _06195_/X
 _06196_/X
 _06199_/X
 _06200_/X
 _06202_/X
 _06203_/X
 _06204_/X
 _06205_/X
 _06206_/X
 _06207_/X
 _06208_/X
 _06209_/X
 _06210_/X
 _06211_/X
 _06213_/X
 _06214_/X
 _06216_/X
 _06218_/X
 _06219_/X
 _06220_/X
 _06222_/X
 _06224_/X
 _06226_/X
 _06227_/X
 _06229_/X
 _06230_/X
 _06232_/X
 _06233_/X
 _06234_/X
 _06235_/X
 _06238_/X
 _06240_/X
 _06242_/X
 _06244_/X
 _06245_/X
 _06247_/X
 _06249_/X
 _06250_/X
 _06254_/X
 _06255_/X
 _06257_/X
 _06258_/X
 _06259_/X
 _06261_/X
 _06263_/X
 _06266_/X
 _06268_/Y
 _06269_/X
 _06270_/X
 _06272_/X
 _06274_/X
 _06280_/X
 _06281_/X
 _06283_/X
 _06286_/X
 _06288_/X
 _06290_/X
 _06292_/X
 _06294_/X
 _06295_/X
 _06296_/X
 _06298_/X
 _06299_/X
 _06300_/X
 _06304_/X
 _06306_/X
 _06307_/X
 _06308_/X
 _06310_/X
 _06311_/X
 _06312_/X
 _06315_/X
 _06319_/X
 _06320_/X
 _06323_/X
 _06329_/X
 _06330_/X
 _06333_/X
 _06334_/X
 _06336_/Y
 _06340_/X
 _06341_/X
 _06342_/X
 _06343_/X
 _06344_/X
 _06345_/X
 _06347_/X
 _06349_/X
 _06350_/X
 _06351_/X
 _06352_/X
 _06354_/X
 _06355_/X
 _06358_/X
 _06359_/X
 _06361_/X
 _06362_/X
 _06363_/X
 _06364_/X
 _06365_/X
 _06369_/X
 _06370_/X
 _06372_/X
 _06374_/X
 _06375_/X
 _06376_/X
 _06378_/X
 _06379_/X
 _06381_/X
 _06382_/X
 _06383_/X
 _06384_/X
 _06386_/X
 _06389_/X
 _06393_/X
 _06394_/X
 _06395_/X
 _06396_/X
 _06398_/X
 _06400_/X
 _06401_/X
 _06402_/X
 _06404_/X
 _06405_/Y
 _06406_/X
 _06407_/X
 _06411_/X
 _06413_/X
 _06416_/X
 _06417_/X
 _06418_/X
 _06419_/X
 _06420_/X
 _06422_/X
 _06424_/X
 _06425_/X
 _06427_/X
 _06428_/X
 _06433_/X
 _06436_/X
 _06437_/X
 _06439_/X
 _06440_/X
 _06442_/X
 _06443_/X
 _06446_/X
 _06447_/X
 _06449_/X
 _06450_/X
 _06452_/X
 _06455_/X
 _06456_/X
 _06457_/X
 _06462_/X
 _06463_/X
 _06464_/X
 _06465_/X
 _06467_/X
 _06468_/X
 _06469_/X
 _06470_/X
 _06471_/X
 _06474_/X
 _06477_/X
 _06478_/X
 _06480_/X
 _06483_/X
 _06484_/X
 _06486_/X
 _06487_/X
 _06489_/X
 _06490_/X
 _06492_/X
 _06495_/X
 _06496_/X
 _06498_/X
 _06499_/X
 _06500_/X
 _06501_/X
 _06502_/X
 _06503_/X
 _06505_/X
 _06507_/X
 _06508_/X
 _06512_/X
 _06514_/X
 _06515_/X
 _06516_/X
 _06517_/X
 _06518_/X
 _06519_/X
 _06521_/X
 _06523_/X
 _06525_/X
 _06528_/X
 _06529_/X
 _06530_/X
 _06534_/X
 _06535_/X
 _06536_/X
 _06537_/X
 _06538_/X
 _06539_/X
 _06540_/X
 _06545_/X
 _06546_/X
 _06549_/X
 _06553_/X
 _06554_/X
 _06555_/X
 _06556_/X
 _06557_/X
 _06558_/X
 _06559_/X
 _06561_/X
 _06562_/X
 _06563_/X
 _06564_/X
 _06565_/X
 _06566_/X
 _06567_/X
 _06569_/X
 _06571_/X
 _06572_/X
 _06573_/X
 _06575_/X
 _06576_/X
 _06581_/X
 _06583_/X
 _06584_/X
 _06585_/X
 _06586_/X
 _06589_/X
 _06591_/X
 _06592_/X
 _06593_/X
 _06596_/X
 _06598_/X
 _06599_/X
 _06600_/X
 _06602_/X
 _06603_/X
 _06606_/X
 _06607_/X
 _06609_/X
 _06611_/X
 _06612_/X
 _06615_/X
 _06617_/X
 _06619_/X
 _06620_/X
 _06622_/X
 _06623_/X
 _06624_/X
 _06625_/X
 _06627_/X
 _06628_/X
 _06629_/X
 _06634_/X
 _06635_/X
 _06636_/X
 _06637_/X
 _06642_/X
 _06643_/X
 _06645_/X
 _06647_/X
 _06648_/X
 _06649_/X
 _06650_/X
 _06651_/X
 _06652_/X
 _06654_/X
 _06656_/X
 _06657_/X
 _06658_/X
 _06659_/X
 _06660_/X
 _06663_/X
 _06669_/X
 _06670_/X
 _06672_/X
 _06674_/Y
 _06675_/X
 _06677_/X
 _06679_/X
 _06680_/X
 _06682_/X
 _06684_/X
 _06686_/X
 _06687_/X
 _06688_/X
 _06689_/X
 _06691_/X
 _06693_/X
 _06695_/X
 _06696_/X
 _06697_/X
 _06698_/X
 _06699_/X
 _06700_/X
 _06701_/X
 _06703_/X
 _06704_/X
 _06706_/X
 _06708_/X
 _06709_/X
 _06710_/X
 _06711_/X
 _06712_/X
 _06713_/X
 _06717_/X
 _06720_/X
 _06721_/X
 _06722_/X
 _06724_/X
 _06726_/X
 _06728_/X
 _06730_/X
 _06731_/X
 _06734_/X
 _06735_/X
 _06736_/X
 _06737_/X
 _06738_/X
 _06740_/X
 _06741_/X
 _06743_/X
 _06744_/X
 _06746_/X
 _06747_/X
 _06750_/X
 _06751_/X
 _06754_/X
 _06755_/X
 _06756_/X
 _06757_/X
 _06759_/X
 _06760_/X
 _06762_/X
 _06765_/X
 _06767_/X
 _06768_/X
 _06769_/X
 _06770_/X
 _06771_/X
 _06773_/X
 _06776_/X
 _06777_/X
 _06778_/X
 _06780_/X
 _06782_/X
 _06784_/X
 _06786_/X
 _06787_/X
 _06788_/X
 _06789_/X
 _06791_/X
 _06792_/X
 _06793_/X
 _06794_/X
 _06796_/X
 _06798_/X
 _06800_/X
 _06801_/X
 _06802_/X
 _06803_/X
 _06804_/X
 _06805_/X
 _06810_/Y
 _06813_/X
 _06814_/X
 _06815_/X
 _06816_/X
 _06818_/X
 _06820_/X
 _06821_/X
 _06823_/X
 _06824_/X
 _06827_/X
 _06828_/X
 _06829_/X
 _06830_/X
 _06831_/X
 _06834_/X
 _06835_/X
 _06838_/X
 _06841_/X
 _06842_/X
 _06843_/X
 _06847_/X
 _06848_/X
 _06851_/X
 _06852_/X
 _06853_/X
 _06858_/X
 _06859_/X
 _06861_/X
 _06862_/X
 _06863_/X
 _06864_/X
 _06865_/X
 _06867_/X
 _06869_/X
 _06870_/X
 _06871_/X
 _06876_/X
 _06880_/X
 _06882_/X
 _06884_/X
 _06886_/X
 _06887_/X
 _06888_/X
 _06889_/X
 _06890_/X
 _06891_/X
 _06893_/X
 _06895_/X
 _06896_/X
 _06897_/X
 _06898_/X
 _06900_/X
 _06901_/X
 _06903_/X
 _06904_/X
 _06905_/X
 _06908_/X
 _06911_/X
 _06913_/X
 _06914_/X
 _06915_/X
 _06916_/X
 _06917_/X
 _06920_/X
 _06921_/X
 _06922_/X
 _06923_/X
 _06926_/X
 _06927_/X
 _06928_/X
 _06929_/X
 _06931_/X
 _06932_/X
 _06934_/X
 _06935_/X
 _06937_/X
 _06938_/X
 _06939_/X
 _06940_/X
 _06941_/X
 _06944_/X
 _06945_/X
 _06947_/Y
 _06948_/X
 _06949_/X
 _06950_/X
 _06951_/X
 _06952_/X
 _06953_/X
 _06955_/X
 _06957_/X
 _06958_/X
 _06959_/X
 _06964_/X
 _06969_/X
 _06970_/X
 _06973_/X
 _06974_/X
 _06975_/X
 _06977_/X
 _06979_/X
 _06984_/X
 _06985_/X
 _06989_/X
 _06990_/X
 _06991_/X
 _06995_/X
 _06996_/X
 _06997_/X
 _07000_/X
 _07001_/X
 _07002_/X
 _07003_/X
 _07004_/X
 _07005_/X
 _07006_/X
 _07007_/X
 _07008_/X
 _07012_/X
 _07014_/X
 _07015_/Y
 _07017_/X
 _07018_/X
 _07020_/X
 _07021_/X
 _07022_/X
 _07026_/X
 _07028_/X
 _07029_/X
 _07030_/X
 _07031_/X
 _07032_/X
 _07035_/X
 _07037_/X
 _07038_/X
 _07041_/X
 _07042_/X
 _07043_/X
 _07044_/X
 _07045_/X
 _07046_/X
 _07047_/X
 _07048_/X
 _07049_/X
 _07051_/X
 _07054_/X
 _07056_/X
 _07057_/X
 _07058_/X
 _07059_/X
 _07060_/X
 _07061_/X
 _07062_/X
 _07063_/X
 _07064_/X
 _07066_/X
 _07069_/X
 _07071_/X
 _07072_/X
 _07073_/X
 _07074_/X
 _07075_/X
 _07077_/X
 _07079_/X
 _07081_/X
 _07082_/X
 _07086_/X
 _07087_/X
 _07089_/X
 _07090_/X
 _07091_/X
 _07093_/X
 _07094_/X
 _07095_/X
 _07096_/X
 _07097_/X
 _07098_/X
 _07099_/X
 _07105_/X
 _07106_/X
 _07107_/X
 _07108_/X
 _07111_/X
 _07113_/X
 _07114_/X
 _07116_/X
 _07117_/X
 _07118_/X
 _07119_/X
 _07120_/X
 _07121_/X
 _07122_/X
 _07123_/X
 _07124_/X
 _07126_/X
 _07127_/X
 _07128_/X
 _07129_/X
 _07130_/X
 _07133_/X
 _07134_/X
 _07137_/X
 _07138_/X
 _07142_/X
 _07143_/X
 _07144_/X
 _07146_/X
 _07147_/X
 _07148_/X
 _07149_/X
 _07151_/X
 _07153_/X
 _07154_/X
 _07155_/X
 _07157_/X
 _07159_/X
 _07160_/X
 _07162_/X
 _07163_/X
 _07167_/X
 _07168_/X
 _07172_/X
 _07174_/X
 _07176_/X
 _07177_/X
 _07179_/X
 _07182_/X
 _07183_/X
 _07186_/X
 _07187_/X
 _07188_/X
 _07189_/X
 _07190_/X
 _07191_/X
 _07193_/X
 _07195_/X
 _07196_/X
 _07197_/X
 _07198_/X
 _07199_/X
 _07200_/X
 _07201_/X
 _07204_/X
 _07205_/X
 _07206_/X
 _07208_/X
 _07209_/X
 _07210_/X
 _07211_/X
 _07214_/X
 _07215_/X
 _07216_/X
 _07217_/X
 _07218_/X
 _07219_/X
 _07221_/X
 _07222_/X
 _07223_/X
 _07224_/X
 _07225_/X
 _07227_/X
 _07228_/X
 _07229_/X
 _07230_/X
 _07231_/X
 _07232_/X
 _07233_/X
 _07234_/X
 _07236_/X
 _07237_/X
 _07239_/X
 _07240_/X
 _07242_/X
 _07244_/X
 _07247_/X
 _07249_/X
 _07250_/X
 _07252_/X
 _07253_/Y
 _07254_/X
 _07255_/X
 _07256_/X
 _07259_/X
 _07260_/X
 _07261_/X
 _07263_/X
 _07264_/X
 _07265_/X
 _07266_/X
 _07267_/X
 _07268_/X
 _07270_/X
 _07272_/X
 _07274_/X
 _07275_/X
 _07278_/X
 _07281_/X
 _07282_/X
 _07283_/X
 _07284_/X
 _07285_/X
 _07287_/X
 _07292_/X
 _07293_/X
 _07294_/X
 _07295_/X
 _07296_/X
 _07297_/X
 _07298_/X
 _07299_/X
 _07300_/X
 _07304_/X
 _07306_/X
 _07307_/X
 _07312_/X
 _07314_/X
 _07317_/X
 _07318_/X
 _07319_/X
 _07320_/X
 _07321_/Y
 _07322_/X
 _07323_/X
 _07325_/X
 _07326_/X
 _07328_/X
 _07329_/X
 _07331_/X
 _07332_/X
 _07334_/X
 _07337_/X
 _07338_/X
 _07339_/X
 _07340_/X
 _07343_/X
 _07344_/X
 _07345_/X
 _07346_/X
 _07347_/X
 _07348_/X
 _07351_/X
 _07357_/X
 _07358_/X
 _07363_/X
 _07364_/X
 _07368_/X
 _07369_/X
 _07370_/X
 _07371_/X
 _07373_/X
 _07380_/X
 _07381_/X
 _07383_/X
 _07384_/X
 _07390_/X
 _07392_/X
 _07393_/X
 _07394_/X
 _07395_/X
 _07400_/X
 _07401_/X
 _07403_/X
 _07404_/X
 _07405_/X
 _07406_/X
 _07410_/X
 _07411_/X
 _07413_/X
 _07414_/X
 _07415_/X
 _07416_/X
 _07418_/X
 _07419_/X
 _07421_/X
 _07422_/X
 _07423_/X
 _07424_/X
 _07425_/X
 _07426_/X
 _07427_/X
 _07432_/X
 _07433_/X
 _07434_/X
 _07436_/X
 _07437_/X
 _07445_/X
 _07446_/X
 _07447_/X
 _07448_/X
 _07451_/X
 _07452_/X
 _07455_/X
 _07456_/X
 _07459_/X
 _07460_/X
 _07461_/X
 _07462_/X
 _07463_/X
 _07464_/X
 _07465_/X
 _07466_/X
 _07467_/X
 _07468_/X
 _07469_/X
 _07471_/X
 _07474_/X
 _07475_/X
 _07477_/X
 _07479_/X
 _07482_/X
 _07485_/X
 _07486_/X
 _07487_/X
 _07488_/X
 _07489_/X
 _07490_/X
 _07491_/X
 _07492_/X
 _07493_/X
 _07495_/X
 _07496_/X
 _07497_/X
 _07498_/X
 _07500_/X
 _07502_/X
 _07503_/X
 _07504_/X
 _07507_/X
 _07508_/X
 _07509_/X
 _07510_/X
 _07512_/X
 _07514_/X
 _07517_/X
 _07518_/X
 _07520_/X
 _07522_/X
 _07526_/X
 _07528_/X
 _07533_/X
 _07534_/X
 _07538_/X
 _07540_/X
 _07541_/X
 _07542_/X
 _07545_/X
 _07547_/X
 _07548_/X
 _07549_/X
 _07551_/X
 _07552_/X
 _07554_/X
 _07556_/X
 _07559_/X
 _07562_/X
 _07563_/X
 _07565_/X
 _07567_/X
 _07568_/X
 _07569_/X
 _07570_/X
 _07571_/X
 _07573_/X
 _07576_/X
 _07577_/X
 _07578_/X
 _07579_/X
 _07580_/X
 _07581_/X
 _07583_/X
 _07584_/X
 _07585_/X
 _07586_/X
 _07588_/X
 _07589_/X
 _07590_/X
 _07591_/X
 _07592_/X
 _07594_/X
 _07596_/X
 _07597_/X
 _07598_/X
 _07599_/X
 _07602_/X
 _07603_/X
 _07604_/X
 _07605_/X
 _07608_/X
 _07609_/X
 _07610_/X
 _07612_/X
 _07613_/X
 _07617_/X
 _07618_/X
 _07619_/X
 _07621_/X
 _07623_/X
 _07625_/X
 _07626_/X
 _07628_/X
 _07629_/X
 _07630_/X
 _07631_/Y
 _07632_/Y
 _07634_/X
 _07635_/X
 _07636_/X
 _07638_/Y
 _07639_/Y
 _07640_/X
 _07641_/X
 _07642_/X
 _07643_/X
 _07645_/X
 _07646_/X
 _07647_/X
 _07648_/X
 _07650_/X
 _07651_/X
 _07652_/X
 _07653_/Y
 _07654_/X
 _07656_/Y
 _07657_/X
 _07660_/X
 _07661_/X
 _07664_/X
 _07666_/Y
 _07667_/Y
 _07668_/X
 _07670_/X
 _07672_/X
 _07673_/X
 _07676_/X
 _07677_/X
 _07678_/Y
 _07679_/X
 _07681_/Y
 _07682_/X
 _07685_/X
 _07686_/X
 _07687_/X
 _07689_/X
 _07690_/Y
 _07693_/X
 _07694_/X
 _07695_/X
 _07696_/X
 _07697_/X
 _07700_/X
 _07704_/Y
 _07705_/X
 _07706_/Y
 _07707_/X
 _07708_/X
 _07710_/X
 _07713_/X
 _07714_/X
 _07716_/X
 _07719_/X
 _07720_/Y
 _07724_/X
 _07730_/Y
 _07731_/Y
 _07733_/Y
 _07734_/Y
 _07738_/X
 _07740_/X
 _07742_/Y
 _07743_/X
 _07744_/X
 _07746_/X
 _07747_/Y
 _07748_/X
 _07749_/Y
 _07752_/X
 _07755_/X
 _07756_/X
 _07758_/X
 _07760_/Y
 _07769_/X
 _07770_/X
 _07771_/X
 _07772_/X
 _07774_/X
 _07775_/X
 _07776_/Y
 _07777_/Y
 _07780_/X
 _07783_/X
 _07784_/X
 _07785_/Y
 _07786_/Y
 _07787_/X
 _07788_/Y
 _07789_/X
 _07790_/Y
 _07794_/Y
 _07795_/X
 _07796_/Y
 _07797_/Y
 _07798_/X
 _07799_/X
 _07800_/X
 _07801_/X
 _07802_/X
 _07805_/X
 _07806_/X
 _07809_/X
 _07813_/X
 _07817_/Y
 _07818_/X
 _07819_/X
 _07820_/X
 _07821_/X
 _07822_/Y
 _07823_/X
 _07825_/X
 _07827_/X
 _07828_/Y
 _07830_/X
 _07833_/X
 _07834_/X
 _07836_/X
 _07837_/X
 _07839_/Y
 _07840_/X
 _07843_/Y
 _07845_/X
 _07846_/X
 _07847_/X
 _07849_/Y
 _07850_/X
 _07851_/X
 _07852_/X
 _07856_/X
 _07857_/X
 _07859_/Y
 _07861_/X
 _07862_/Y
 _07864_/X
 _07866_/Y
 _07871_/X
 _07874_/X
 _07875_/X
 _07876_/Y
 _07877_/X
 _07878_/Y
 _07879_/X
 _07880_/Y
 _07881_/Y
 _07883_/Y
 _07884_/X
 _07885_/Y
 _07886_/X
 _07887_/X
 _07889_/Y
 _07890_/Y
 _07892_/X
 _07893_/Y
 _07895_/Y
 _07896_/X
 _07899_/X
 _07900_/X
 _07901_/X
 _07902_/X
 _07903_/Y
 _07904_/X
 _07905_/X
 _07906_/X
 _07907_/Y
 _07908_/X
 _07909_/X
 _07910_/Y
 _07911_/X
 _07915_/Y
 _07918_/X
 _07921_/X
 _07922_/X
 _07923_/Y
 _07924_/X
 _07927_/Y
 _07929_/X
 _07931_/X
 _07932_/Y
 _07934_/Y
 _07935_/X
 _07936_/X
 _07937_/Y
 _07938_/X
 _07939_/Y
 _07940_/X
 _07941_/X
 _07942_/X
 _07943_/X
 _07944_/X
 _07945_/X
 _07949_/X
 _07952_/Y
 _07957_/Y
 _07959_/X
 _07964_/Y
 _07970_/Y
 _07971_/X
 _07972_/Y
 _07973_/X
 _07975_/X
 _07977_/Y
 _07979_/Y
 _07981_/X
 _07982_/X
 _07983_/Y
 _07984_/Y
 _07986_/Y
 _07987_/X
 _07988_/Y
 _07990_/Y
 _07993_/X
 _07994_/X
 _07995_/X
 _07996_/X
 _08000_/X
 _08001_/X
 _08003_/Y
 _08004_/X
 _08009_/X
 _08010_/X
 _08011_/X
 _08012_/X
 _08013_/X
 _08014_/Y
 _08015_/X
 _08017_/X
 _08018_/X
 _08019_/X
 _08021_/Y
 _08022_/Y
 _08023_/Y
 _08024_/X
 _08027_/Y
 _08029_/X
 _08032_/X
 _08034_/Y
 _08035_/X
 _08037_/X
 _08038_/X
 _08041_/X
 _08044_/X
 _08045_/X
 _08047_/Y
 _08048_/X
 _08049_/X
 _08056_/Y
 _08057_/Y
 _08058_/Y
 _08060_/Y
 _08061_/Y
 _08064_/Y
 _08065_/X
 _08066_/X
 _08068_/X
 _08070_/Y
 _08074_/X
 _08079_/Y
 _08084_/X
 _08085_/X
 _08086_/Y
 _08088_/X
 _08089_/X
 _08090_/X
 _08094_/Y
 _08096_/Y
 _08097_/X
 _08098_/Y
 _08099_/X
 _08100_/Y
 _08101_/Y
 _08102_/X
 _08103_/X
 _08104_/Y
 _08107_/X
 _08108_/X
 _08109_/X
 _08110_/X
 _08111_/Y
 _08112_/X
 _08113_/X
 _08114_/X
 _08118_/X
 _08119_/Y
 _08120_/X
 _08122_/X
 _08125_/Y
 _08126_/X
 _08127_/X
 _08128_/Y
 _08130_/X
 _08134_/X
 _08135_/Y
 _08136_/X
 _08137_/Y
 _08138_/X
 _08139_/X
 _08141_/X
 _08142_/X
 _08143_/X
 _08147_/X
 _08148_/Y
 _08150_/X
 _08154_/X
 _08159_/Y
 _08160_/X
 _08161_/X
 _08163_/Y
 _08168_/X
 _08169_/X
 _08172_/Y
 _08174_/Y
 _08177_/Y
 _08178_/X
 _08180_/X
 _08182_/X
 _08183_/X
 _08185_/X
 _08188_/Y
 _08191_/Y
 _08192_/X
 _08196_/X
 _08197_/X
 _08198_/X
 _08199_/X
 _08201_/X
 _08203_/X
 _08206_/X
 _08207_/X
 _08208_/X
 _08210_/Y
 _08211_/X
 _08212_/X
 _08215_/X
 _08219_/X
 _08220_/X
 _08221_/X
 _08222_/Y
 _08225_/Y
 _08226_/X
 _08228_/X
 _08230_/X
 _08231_/X
 _08233_/Y
 _08234_/Y
 _08235_/X
 _08239_/X
 _08241_/Y
 _08243_/Y
 _08245_/X
 _08247_/X
 _08248_/X
 _08250_/Y
 _08252_/Y
 _08258_/Y
 _08259_/X
 _08260_/X
 _08263_/X
 _08264_/Y
 _08265_/X
 _08266_/X
 _08267_/Y
 _08270_/X
 _08271_/Y
 _08273_/X
 _08274_/X
 _08275_/Y
 _08276_/X
 _08280_/X
 _08282_/X
 _08283_/X
 _08284_/Y
 _08285_/X
 _08288_/X
 _08289_/X
 _08292_/X
 _08294_/X
 _08295_/Y
 _08297_/X
 _08298_/X
 _08300_/Y
 _08301_/X
 _08302_/X
 _08303_/X
 _08304_/X
 _08309_/X
 _08310_/X
 _08312_/Y
 _08315_/X
 _08316_/Y
 _08318_/Y
 _08319_/X
 _08320_/X
 _08322_/Y
 _08323_/X
 _08324_/X
 _08325_/X
 _08326_/X
 _08331_/X
 _08332_/Y
 _08333_/X
 _08335_/X
 _08336_/Y
 _08338_/Y
 _08342_/Y
 _08343_/X
 _08345_/X
 _08346_/X
 _08347_/X
 _08348_/X
 _08350_/X
 _08353_/Y
 _08355_/X
 _08356_/Y
 _08357_/Y
 _08360_/X
 _08362_/Y
 _08364_/X
 _08365_/Y
 _08366_/X
 _08368_/X
 _08369_/X
 _08370_/X
 _08372_/Y
 _08373_/X
 _08375_/X
 _08376_/X
 _08377_/X
 _08378_/X
 _08382_/X
 _08383_/X
 _08384_/X
 _08386_/X
 _08387_/X
 _08388_/X
 _08389_/X
 _08392_/X
 _08393_/X
 _08394_/X
 _08395_/X
 _08396_/X
 _08397_/X
 _08398_/X
 _08400_/X
 _08401_/X
 _08402_/X
 _08403_/X
 _08404_/X
 _08405_/X
 _08406_/X
 _08408_/X
 _08411_/X
 _08412_/X
 _08414_/X
 _08418_/X
 _08419_/X
 _08420_/X
 _08421_/X
 _08423_/X
 _08425_/X
 _08426_/X
 _08427_/X
 _08428_/X
 _08429_/X
 _08430_/X
 _08431_/X
 _08432_/X
 _08433_/X
 _08436_/X
 _08437_/X
 _08438_/X
 _08441_/X
 _08442_/X
 _08444_/X
 _08445_/X
 _08446_/X
 _08447_/X
 _08449_/X
 _08450_/X
 _08451_/X
 _08454_/X
 _08455_/X
 _08456_/X
 _08458_/X
 _08459_/X
 _08460_/X
 _08461_/X
 _08462_/X
 _08466_/X
 _08467_/X
 _08468_/X
 _08469_/X
 _08471_/X
 _08472_/X
 _08473_/X
 _08474_/X
 _08477_/X
 _08479_/X
 _08481_/X
 _08482_/X
 _08483_/X
 _08484_/X
 _08485_/X
 _08488_/X
 _08489_/X
 _08493_/X
 _08494_/X
 _08495_/X
 _08496_/X
 _08497_/X
 _08498_/X
 _08503_/X
 _08504_/X
 _08505_/X
 _08506_/X
 _08507_/X
 _08509_/X
 _08512_/X
 _08515_/X
 _08516_/X
 _08518_/X
 _08520_/X
 _08525_/X
 _08526_/X
 _08527_/X
 _08528_/X
 _08529_/X
 _08530_/X
 _08531_/X
 _08532_/X
 _08533_/X
 _08534_/X
 _08536_/X
 _08538_/X
 _08543_/X
 _08544_/X
 _08546_/X
 _08547_/X
 _08548_/X
 _08549_/X
 _08551_/X
 _08552_/X
 _08555_/X
 _08556_/X
 _08557_/X
 _08559_/X
 _08560_/X
 _08561_/X
 _08563_/X
 _08567_/X
 _08573_/X
 _08574_/X
 _08576_/Y
 _08577_/X
 _08581_/X
 _08582_/X
 _08584_/X
 _08585_/X
 _08586_/X
 _08587_/X
 _08588_/X
 _08591_/X
 _08592_/X
 _08593_/X
 _08594_/X
 _08598_/X
 _08599_/X
 _08600_/X
 _08603_/X
 _08604_/X
 _08605_/X
 _08607_/X
 _08608_/X
 _08609_/X
 _08610_/X
 _08612_/X
 _08613_/X
 _08614_/X
 _08615_/X
 _08618_/X
 _08619_/X
 _08623_/X
 _08624_/X
 _08625_/X
 _08626_/X
 _08627_/X
 _08630_/X
 _08631_/X
 _08632_/X
 _08634_/X
 _08635_/X
 _08636_/X
 _08637_/X
 _08638_/X
 _08639_/X
 _08643_/X
 _08644_/Y
 _08645_/X
 _08647_/X
 _08648_/X
 _08650_/X
 _08652_/X
 _08653_/X
 _08654_/X
 _08655_/X
 _08656_/X
 _08657_/X
 _08658_/X
 _08659_/X
 _08662_/X
 _08664_/X
 _08665_/X
 _08666_/X
 _08667_/X
 _08668_/X
 _08670_/X
 _08674_/X
 _08676_/X
 _08680_/X
 _08681_/X
 _08682_/X
 _08683_/X
 _08684_/X
 _08686_/X
 _08687_/X
 _08688_/X
 _08689_/X
 _08691_/X
 _08693_/X
 _08694_/X
 _08695_/X
 _08698_/X
 _08699_/X
 _08700_/X
 _08701_/X
 _08702_/X
 _08703_/X
 _08704_/X
 _08705_/X
 _08706_/X
 _08707_/X
 _08710_/X
 _08711_/X
 _08713_/X
 _08716_/X
 _08717_/X
 _08719_/X
 _08722_/X
 _08724_/X
 _08726_/X
 _08727_/X
 _08728_/X
 _08729_/X
 _08730_/X
 _08731_/X
 _08734_/X
 _08735_/X
 _08737_/X
 _08738_/X
 _08740_/X
 _08741_/X
 _08742_/X
 _08743_/X
 _08745_/X
 _08746_/X
 _08747_/X
 _08748_/X
 _08749_/X
 _08753_/X
 _08754_/X
 _08756_/X
 _08757_/X
 _08758_/X
 _08760_/X
 _08761_/X
 _08762_/X
 _08763_/X
 _08766_/X
 _08767_/X
 _08768_/X
 _08769_/X
 _08770_/X
 _08771_/X
 _08772_/X
 _08773_/X
 _08775_/X
 _08776_/X
 _08778_/X
 _08779_/X
 _08781_/X
 _08783_/X
 _08784_/X
 _08786_/X
 _08787_/X
 _08788_/X
 _08789_/X
 _08790_/X
 _08791_/X
 _08793_/X
 _08794_/X
 _08795_/X
 _08796_/X
 _08797_/X
 _08799_/X
 _08802_/X
 _08803_/X
 _08806_/X
 _08807_/X
 _08809_/X
 _08811_/X
 _08812_/X
 _08813_/X
 _08814_/X
 _08815_/X
 _08816_/X
 _08817_/X
 _08819_/X
 _08820_/X
 _08821_/X
 _08822_/X
 _08823_/X
 _08824_/X
 _08827_/X
 _08828_/X
 _08830_/X
 _08831_/X
 _08832_/X
 _08833_/X
 _08836_/X
 _08838_/X
 _08839_/X
 _08841_/X
 _08842_/X
 _08843_/X
 _08847_/X
 _08848_/X
 _08849_/X
 _08850_/X
 _08854_/Y
 _08855_/X
 _08856_/X
 _08858_/X
 _08859_/X
 _08861_/X
 _08863_/X
 _08866_/X
 _08867_/X
 _08869_/X
 _08870_/X
 _08874_/X
 _08875_/X
 _08876_/X
 _08878_/X
 _08879_/X
 _08883_/X
 _08885_/X
 _08886_/X
 _08887_/X
 _08889_/X
 _08890_/X
 _08893_/X
 _08895_/X
 _08896_/X
 _08897_/X
 _08898_/X
 _08902_/X
 _08903_/X
 _08904_/X
 _08906_/X
 _08908_/X
 _08910_/X
 _08911_/X
 _08912_/X
 _08913_/X
 _08914_/X
 _08919_/X
 _08920_/X
 _08923_/Q
 _08925_/Q
 _08926_/Q
 _08928_/Q
 _08931_/Q
 _08933_/Q
 _08935_/Q
 _08936_/Q
 _08938_/Q
 _08942_/Q
 _08947_/Q
 _08950_/Q
 _08952_/Q
 _08955_/Q
 _08956_/Q
 _08957_/Q
 _08958_/Q
 _08959_/Q
 _08960_/Q
 _08961_/Q
 _08962_/Q
 _08963_/Q
 _08964_/Q
 _08965_/Q
 _08966_/Q
 _08967_/Q
 _08968_/Q
 _08970_/Q
 _08971_/Q
 _08972_/Q
 _08973_/Q
 _08975_/Q
 _08977_/Q
 _08978_/Q
 _08979_/Q
 _08982_/Q
 _08983_/Q
 _08986_/Q
 _08987_/Q
 _08988_/Q
 _08992_/Q
 _08993_/Q
 _08994_/Q
 _08998_/Q
 _08999_/Q
 _09000_/Q
 _09002_/Q
 _09003_/Q
 _09004_/Q
 _09005_/Q
 _09006_/Q
 _09007_/Q
 _09012_/Q
 _09013_/Q
 _09014_/Q
 _09016_/Q
 _09017_/Q
 _09018_/Q
 _09021_/Q
 _09022_/Q
 _09023_/Q
 _09027_/Q
 _09028_/Q
 _09029_/Q
 _09031_/Q
 _09032_/Q
 _09033_/Q
 _09034_/Q
 _09035_/Q
 _09036_/Q
 _09038_/Q
 _09039_/Q
 _09041_/Q
 _09042_/Q
 _09043_/Q
 _09046_/Q
 _09047_/Q
 _09048_/Q
 _09051_/Q
 _09052_/Q
 _09054_/Q
 _09055_/Q
 _09057_/Q
 _09059_/Q
 _09060_/Q
 _09062_/Q
 _09065_/Q
 _09067_/Q
 _09068_/Q
 _09069_/Q
 _09070_/Q
 _09071_/Q
 _09072_/Q
 _09073_/Q
 _09074_/Q
 _09075_/Q
 _09076_/Q
 _09077_/Q
 _09078_/Q
 _09079_/Q
 _09081_/Q
 _09082_/Q
 _09083_/Q
 _09084_/Q
 _09087_/Q
 _09088_/Q
 _09089_/Q
 _09090_/Q
 _09094_/Q
 _09097_/Q
 _09098_/Q
 _09099_/Q
 _09100_/Q
 _09101_/Q
 _09104_/Q
 _09105_/Q
 _09107_/Q
 _09108_/Q
 _09109_/Q
 _09110_/Q
 _09111_/Q
 _09112_/Q
 _09113_/Q
 _09114_/Q
 _09116_/Q
 _09118_/Q
 _09119_/Q
 _09121_/Q
 _09122_/Q
 _09123_/Q
 _09124_/Q
 _09126_/Q
 _09128_/Q
 _09129_/Q
 _09132_/Q
 _09133_/Q
 _09134_/Q
 _09135_/Q
 _09136_/Q
 _09137_/Q
 _09139_/Q
 _09141_/Q
 _09144_/Q
 _09145_/Q
 _09146_/Q
 _09148_/Q
 _09149_/Q
 _09150_/Q
 _09151_/Q
 _09152_/Q
 _09153_/Q
 _09155_/Q
 _09156_/Q
 _09157_/Q
 _09158_/Q
 _09159_/Q
 _09160_/Q
 _09162_/Q
 _09164_/Q
 _09165_/Q
 _09166_/Q
 _09167_/Q
 _09168_/Q
 _09169_/Q
 _09170_/Q
 _09171_/Q
 _09172_/Q
 _09173_/Q
 _09174_/Q
 _09175_/Q
 _09176_/Q
 _09179_/Q
 _09181_/Q
 _09183_/Q
 _09184_/Q
 _09186_/Q
 _09187_/Q
 _09188_/Q
 _09189_/Q
 _09190_/Q
 _09191_/Q
 _09192_/Q
 _09193_/Q
 _09194_/Q
 _09196_/Q
 _09200_/Q
 _09201_/Q
 _09204_/Q
 _09205_/Q
 _09206_/Q
 _09208_/Q
 _09209_/Q
 _09210_/Q
 _09212_/Q
 _09214_/Q
 _09216_/Q
 _09217_/Q
 _09218_/Q
 _09220_/Q
 _09223_/Q
 _09224_/Q
 _09225_/Q
 _09226_/Q
 _09227_/Q
 _09229_/Q
 _09230_/Q
 _09231_/Q
 _09232_/Q
 _09233_/Q
 _09235_/Q
 _09236_/Q
 _09237_/Q
 _09240_/Q
 _09242_/Q
 _09243_/Q
 _09244_/Q
 _09246_/Q
 _09247_/Q
 _09250_/Q
 _09252_/Q
 _09257_/Q
 _09258_/Q
 _09259_/Q
 _09260_/Q
 _09261_/Q
 _09263_/Q
 _09264_/Q
 _09265_/Q
 _09266_/Q
 _09267_/Q
 _09268_/Q
 _09269_/Q
 _09271_/Q
 _09272_/Q
 _09273_/Q
 _09274_/Q
 _09275_/Q
 _09280_/Q
 _09281_/Q
 _09283_/Q
 _09284_/Q
 _09286_/Q
 _09287_/Q
 _09288_/Q
 _09290_/Q
 _09291_/Q
 _09294_/Q
 _09296_/Q
 _09297_/Q
 _09298_/Q
 _09300_/Q
 _09302_/Q
 _09304_/Q
 _09306_/Q
 _09307_/Q
 _09309_/Q
 _09311_/Q
 _09314_/Q
 _09319_/Q
 _09320_/Q
 _09321_/Q
 _09322_/Q
 _09323_/Q
 _09324_/Q
 _09325_/Q
 _09326_/Q
 _09328_/Q
 _09329_/Q
 _09330_/Q
 _09335_/Q
 _09336_/Q
 _09339_/Q
 _09340_/Q
 _09341_/Q
 _09342_/Q
 _09343_/Q
 _09344_/Q
 _09346_/Q
 _09348_/Q
 _09350_/Q
 _09351_/Q
 _09352_/Q
 _09353_/Q
 _09354_/Q
 _09355_/Q
 _09356_/Q
 _09357_/Q
 _09358_/Q
 _09360_/Q
 _09361_/Q
 _09363_/Q
 _09365_/Q
 _09367_/Q
 _09368_/Q
 _09369_/Q
 _09370_/Q
 _09373_/Q
 _09375_/Q
 _09377_/Q
 _09378_/Q
 _09383_/Q
 _09384_/Q
 _09386_/Q
 _09387_/Q
 _09388_/Q
 _09390_/Q
 _09391_/Q
 _09392_/Q
 _09393_/Q
 _09396_/Q
 _09397_/Q
 _09398_/Q
 _09400_/Q
 _09401_/Q
 _09402_/Q
 _09406_/Q
 _09407_/Q
 _09408_/Q
 _09409_/Q
 _09410_/Q
 _09411_/Q
 _09414_/Q
 _09415_/Q
 _09417_/Q
 _09419_/Q
 _09420_/Q
 _09423_/Q
 _09424_/Q
 _09426_/Q
 _09427_/Q
 _09429_/Q
 _09430_/Q
 _09431_/Q
 _09432_/Q
 _09433_/Q
 _09434_/Q
 _09436_/Q
 _09438_/Q
 _09439_/Q
 _09440_/Q
 _09441_/Q
 _09442_/Q
 _09444_/Q
 _09445_/Q
 _09447_/Q
 _09448_/Q
 _09451_/Q
 _09453_/Q
 _09454_/Q
 _09455_/Q
 _09456_/Q
 _09457_/Q
 _09459_/Q
 _09461_/Q
 _09462_/Q
 _09464_/Q
 _09465_/Q
 _09466_/Q
 _09467_/Q
 _09468_/Q
 _09469_/Q
 _09470_/Q
 _09472_/Q
 _09473_/Q
 _09475_/Q
 _09478_/Q
 _09479_/Q
 _09481_/Q
 _09482_/Q
 _09483_/Q
 _09484_/Q
 _09486_/Q
 _09487_/Q
 _09488_/Q
 _09489_/Q
 _09492_/Q
 _09494_/Q
 _09495_/Q
 _09496_/Q
 _09497_/Q
 _09498_/Q
 _09499_/Q
 _09501_/Q
 _09502_/Q
 _09504_/Q
 _09505_/Q
 _09511_/Q
 _09512_/Q
 _09515_/Q
 _09516_/Q
 _09517_/Q
 _09518_/Q
 _09519_/Q
 _09520_/Q
 _09523_/Q
 _09524_/Q
 _09525_/Q
 _09528_/Q
 _09529_/Q
 _09531_/Q
 _09534_/Q
 _09535_/Q
 _09536_/Q
 _09537_/Q
 _09538_/Q
 _09539_/Q
 _09540_/Q
 _09541_/Q
 _09542_/Q
 _09543_/Q
 _09544_/Q
 _09545_/Q
 _09546_/Q
 _09547_/Q
 _09548_/Q
 _09549_/Q
 _09553_/Q
 _09554_/Q
 _09556_/Q
 _09559_/Q
 _09561_/Q
 _09562_/Q
 _09564_/Q
 _09565_/Q
 _09566_/Q
 _09567_/Q
 _09568_/Q
 _09569_/Q
 _09573_/Q
 _09576_/Q
 _09577_/Q
 _09578_/Q
 _09580_/Q
 _09581_/Q
 _09582_/Q
 _09583_/Q
 _09584_/Q
 _09586_/Q
 _09589_/Q
 _09590_/Q
 _09591_/Q
 _09592_/Q
 _09594_/Q
 _09596_/Q
 _09597_/Q
 _09598_/Q
 _09600_/Q
 _09603_/Q
 _09607_/Q
 _09611_/Q
 _09612_/Q
 _09613_/Q
 _09616_/Q
 _09617_/Q
 _09620_/Q
 _09621_/Q
 _09622_/Q
 _09623_/Q
 _09625_/Q
 _09626_/Q
 _09627_/Q
 _09629_/Q
 _09631_/Q
 _09634_/Q
 _09635_/Q
 _09637_/Q
 _09639_/Q
 _09641_/Q
 _09642_/Q
 _09643_/Q
 _09644_/Q
 _09645_/Q
 _09646_/Q
 _09647_/Q
 _09648_/Q
 _09649_/Q
 _09650_/Q
 _09651_/Q
 _09652_/Q
 _09653_/Q
 _09654_/Q
 _09657_/Q
 _09658_/Q
 _09659_/Q
 _09660_/Q
 _09661_/Q
 _09662_/Q
 _09663_/Q
 _09665_/Q
 _09667_/Q
 _09668_/Q
 _09671_/Q
 _09672_/Q
 _09673_/Q
 _09674_/Q
 _09676_/Q
 _09678_/Q
 _09684_/Q
 _09685_/Q
 _09689_/Q
 _09690_/Q
 _09691_/Q
 _09692_/Q
 _09694_/Q
 _09695_/Q
 _09697_/Q
 _09698_/Q
 _09699_/Q
 _09701_/Q
 _09702_/Q
 _09703_/Q
 _09705_/Q
 _09706_/Q
 _09708_/Q
 _09709_/Q
 _09710_/Q
 _09711_/Q
 _09712_/Q
 _09713_/Q
 _09714_/Q
 _09716_/Q
 _09718_/Q
 _09720_/Q
 _09721_/Q
 _09723_/Q
 _09724_/Q
 _09726_/Q
 _09727_/Q
 _09729_/Q
 _09730_/Q
 _09731_/Q
 _09733_/Q
 _09734_/Q
 _09735_/Q
 _09737_/Q
 _09738_/Q
 _09739_/Q
 _09741_/Q
 _09743_/Q
 _09744_/Q
 _09745_/Q
 _09748_/Q
 _09749_/Q
 _09750_/Q
 _09751_/Q
 _09754_/Q
 _09757_/Q
 _09758_/Q
 _09759_/Q
 _09760_/Q
 _09761_/Q
 _09763_/Q
 _09765_/Q
 _09766_/Q
 _09768_/Q
 _09775_/Q
 _09776_/Q
 _09777_/Q
 _09778_/Q
 _09780_/Q
 _09781_/Q
 _09783_/Q
 _09784_/Q
 _09785_/Q
 _09786_/Q
 _09787_/Q
 _09788_/Q
 _09789_/Q
 _09790_/Q
 _09791_/Q
 _09793_/Q
 _09794_/Q
 _09797_/Q
 _09798_/Q
 _09799_/Q
 _09800_/Q
 _09802_/Q
 _09804_/Q
 _09805_/Q
 _09807_/Q
 _09808_/Q
 _09810_/Q
 _09811_/Q
 _09812_/Q
 _09813_/Q
 _09814_/Q
 _09815_/Q
 _09816_/Q
 _09817_/Q
 _09818_/Q
 _09819_/Q
 _09820_/Q
 _09821_/Q
 _09823_/Q
 _09827_/Q
 _09828_/Q
 _09830_/Q
 _09831_/Q
 _09832_/Q
 _09833_/Q
 _09835_/Q
 _09839_/Q
 _09840_/Q
 _09841_/Q
 _09843_/Q
 _09845_/Q
 _09847_/Q
 _09848_/Q
 _09849_/Q
 _09850_/Q
 _09851_/Q
 _09852_/Q
 _09854_/Q
 _09855_/Q
 _09856_/Q
 _09859_/Q
 _09860_/Q
 _09861_/Q
 _09862_/Q
 _09868_/Q
 _09869_/Q
 _09870_/Q
 _09871_/Q
 _09872_/Q
 _09873_/Q
 _09874_/Q
 _09875_/Q
 _09876_/Q
 _09877_/Q
 _09879_/Q
 _09880_/Q
 _09881_/Q
 _09882_/Q
 _09883_/Q
 _09884_/Q
 _09886_/Q
 _09887_/Q
 _09889_/Q
 _09890_/Q
 _09891_/Q
 _09892_/Q
 _09893_/Q
 _09895_/Q
 _09898_/Q
 _09899_/Q
 _09900_/Q
 _09901_/Q
 _09902_/Q
 _09904_/Q
 _09905_/Q
 _09906_/Q
 _09908_/Q
 _09909_/Q
 _09910_/Q
 _09912_/Q
 _09913_/Q
 _09914_/Q
 _09915_/Q
 _09916_/Q
 _09917_/Q
 _09918_/Q
 _09919_/Q
 _09920_/Q
 _09921_/Q
 _09923_/Q
 _09924_/Q
 _09925_/Q
 _09926_/Q
 _09927_/Q
 _09929_/Q
 _09932_/Q
 _09935_/Q
 _09936_/Q
 _09937_/Q
 _09938_/Q
 _09939_/Q
 _09940_/Q
 _09942_/Q
 _09943_/Q
 _09944_/Q
 _09946_/Q
 _09949_/Q
 _09951_/Q
 _09952_/Q
 _09953_/Q
 _09954_/Q
 _09955_/Q
 _09956_/Q
 _09957_/Q
 _09958_/Q
 _09959_/Q
 _09960_/Q
 _09961_/Q
 _09963_/Q
 _09964_/Q
 _09965_/Q
 _09966_/Q
 _09968_/Q
 _09969_/Q
 _09970_/Q
 _09971_/Q
 _09973_/Q
 _09980_/Q
 _09981_/Q
 _09982_/Q
 _09983_/Q
 _09984_/Q
 _09985_/Q
 _09986_/Q
 _09987_/Q
 _09988_/Q
 _09991_/Q
 _09992_/Q
 _09993_/Q
 _09994_/Q
 _09995_/Q
 _09996_/Q
 _09997_/Q
 _10000_/Q
 _10002_/Q
 _10003_/Q
 _10004_/Q
 _10005_/Q
 _10007_/Q
 _10011_/Q
 _10012_/Q
 _10013_/Q
 _10014_/Q
 _10017_/Q
 _10023_/Q
 _10025_/Q
 _10026_/Q
 _10029_/Q
 _10030_/Q
 _10031_/Q
 _10033_/Q
 _10035_/Q
 _10039_/Q
 _10040_/Q
 _10041_/Q
 clkbuf_0_clk/X
 clkbuf_1_0_0_clk/X
 clkbuf_1_1_0_clk/X
 clkbuf_2_0_0_clk/X
 clkbuf_2_0_1_clk/X
 clkbuf_2_1_0_clk/X
 clkbuf_2_1_1_clk/X
 clkbuf_2_2_0_clk/X
 clkbuf_2_2_1_clk/X
 clkbuf_2_3_0_clk/X
 clkbuf_2_3_1_clk/X
 clkbuf_4_0_0_clk/X
 clkbuf_4_10_0_clk/X
 clkbuf_4_11_0_clk/X
 clkbuf_4_12_0_clk/X
 clkbuf_4_13_0_clk/X
 clkbuf_4_14_0_clk/X
 clkbuf_4_15_0_clk/X
 clkbuf_4_1_0_clk/X
 clkbuf_4_2_0_clk/X
 clkbuf_4_3_0_clk/X
 clkbuf_4_4_0_clk/X
 clkbuf_4_5_0_clk/X
 clkbuf_4_6_0_clk/X
 clkbuf_4_7_0_clk/X
 clkbuf_4_8_0_clk/X
 clkbuf_4_9_0_clk/X
 clkbuf_5_0_0_clk/X
 clkbuf_5_10_0_clk/X
 clkbuf_5_11_0_clk/X
 clkbuf_5_12_0_clk/X
 clkbuf_5_13_0_clk/X
 clkbuf_5_14_0_clk/X
 clkbuf_5_15_0_clk/X
 clkbuf_5_16_0_clk/X
 clkbuf_5_17_0_clk/X
 clkbuf_5_18_0_clk/X
 clkbuf_5_19_0_clk/X
 clkbuf_5_1_0_clk/X
 clkbuf_5_20_0_clk/X
 clkbuf_5_21_0_clk/X
 clkbuf_5_22_0_clk/X
 clkbuf_5_23_0_clk/X
 clkbuf_5_24_0_clk/X
 clkbuf_5_25_0_clk/X
 clkbuf_5_26_0_clk/X
 clkbuf_5_27_0_clk/X
 clkbuf_5_28_0_clk/X
 clkbuf_5_29_0_clk/X
 clkbuf_5_2_0_clk/X
 clkbuf_5_30_0_clk/X
 clkbuf_5_31_0_clk/X
 clkbuf_5_3_0_clk/X
 clkbuf_5_4_0_clk/X
 clkbuf_5_5_0_clk/X
 clkbuf_5_6_0_clk/X
 clkbuf_5_7_0_clk/X
 clkbuf_5_8_0_clk/X
 clkbuf_5_9_0_clk/X
 clkbuf_6_0__f_clk/X
 clkbuf_6_10__f_clk/X
 clkbuf_6_11__f_clk/X
 clkbuf_6_12__f_clk/X
 clkbuf_6_13__f_clk/X
 clkbuf_6_14__f_clk/X
 clkbuf_6_15__f_clk/X
 clkbuf_6_16__f_clk/X
 clkbuf_6_17__f_clk/X
 clkbuf_6_18__f_clk/X
 clkbuf_6_19__f_clk/X
 clkbuf_6_1__f_clk/X
 clkbuf_6_20__f_clk/X
 clkbuf_6_22__f_clk/X
 clkbuf_6_23__f_clk/X
 clkbuf_6_24__f_clk/X
 clkbuf_6_25__f_clk/X
 clkbuf_6_26__f_clk/X
 clkbuf_6_27__f_clk/X
 clkbuf_6_28__f_clk/X
 clkbuf_6_29__f_clk/X
 clkbuf_6_2__f_clk/X
 clkbuf_6_30__f_clk/X
 clkbuf_6_31__f_clk/X
 clkbuf_6_32__f_clk/X
 clkbuf_6_33__f_clk/X
 clkbuf_6_34__f_clk/X
 clkbuf_6_35__f_clk/X
 clkbuf_6_36__f_clk/X
 clkbuf_6_37__f_clk/X
 clkbuf_6_38__f_clk/X
 clkbuf_6_39__f_clk/X
 clkbuf_6_3__f_clk/X
 clkbuf_6_40__f_clk/X
 clkbuf_6_41__f_clk/X
 clkbuf_6_42__f_clk/X
 clkbuf_6_43__f_clk/X
 clkbuf_6_44__f_clk/X
 clkbuf_6_45__f_clk/X
 clkbuf_6_46__f_clk/X
 clkbuf_6_47__f_clk/X
 clkbuf_6_48__f_clk/X
 clkbuf_6_49__f_clk/X
 clkbuf_6_4__f_clk/X
 clkbuf_6_50__f_clk/X
 clkbuf_6_51__f_clk/X
 clkbuf_6_52__f_clk/X
 clkbuf_6_53__f_clk/X
 clkbuf_6_54__f_clk/X
 clkbuf_6_55__f_clk/X
 clkbuf_6_56__f_clk/X
 clkbuf_6_57__f_clk/X
 clkbuf_6_58__f_clk/X
 clkbuf_6_59__f_clk/X
 clkbuf_6_5__f_clk/X
 clkbuf_6_60__f_clk/X
 clkbuf_6_61__f_clk/X
 clkbuf_6_62__f_clk/X
 clkbuf_6_63__f_clk/X
 clkbuf_6_6__f_clk/X
 clkbuf_6_7__f_clk/X
 clkbuf_6_8__f_clk/X
 clkbuf_6_9__f_clk/X
 clkbuf_leaf_107_clk/X
 clkbuf_leaf_117_clk/X
 clkbuf_leaf_129_clk/X
 clkbuf_leaf_153_clk/X
 clkbuf_leaf_159_clk/X
 clkbuf_leaf_171_clk/X
 clkbuf_leaf_174_clk/X
 clkbuf_leaf_201_clk/X
 clkbuf_leaf_224_clk/X
 clkbuf_leaf_225_clk/X
 clkbuf_leaf_252_clk/X
 clkbuf_leaf_254_clk/X
 clkbuf_leaf_256_clk/X
 clkbuf_leaf_25_clk/X
 clkbuf_leaf_268_clk/X
 clkbuf_leaf_27_clk/X
 clkbuf_leaf_284_clk/X
 clkbuf_leaf_289_clk/X
 clkbuf_leaf_2_clk/X
 clkbuf_leaf_301_clk/X
 clkbuf_leaf_312_clk/X
 clkbuf_leaf_329_clk/X
 clkbuf_leaf_343_clk/X
 clkbuf_leaf_346_clk/X
 clkbuf_leaf_379_clk/X
 clkbuf_leaf_382_clk/X
 clkbuf_leaf_385_clk/X
 clkbuf_leaf_398_clk/X
 clkbuf_leaf_39_clk/X
 clkbuf_leaf_412_clk/X
 clkbuf_leaf_420_clk/X
 clkbuf_leaf_441_clk/X
 clkbuf_leaf_443_clk/X
 clkbuf_leaf_454_clk/X
 clkbuf_leaf_477_clk/X
 clkbuf_leaf_484_clk/X
 clkbuf_leaf_495_clk/X
 clkbuf_leaf_498_clk/X
 clkbuf_leaf_510_clk/X
 clkbuf_leaf_580_clk/X
 clkbuf_leaf_628_clk/X
 clkbuf_leaf_639_clk/X
 clkbuf_leaf_648_clk/X
 clkbuf_leaf_655_clk/X
 clkbuf_leaf_661_clk/X
 clkbuf_leaf_662_clk/X
 clkbuf_leaf_683_clk/X
 clkbuf_leaf_702_clk/X
 clkbuf_leaf_722_clk/X
 clkbuf_leaf_727_clk/X
 clkbuf_leaf_731_clk/X
 clkbuf_leaf_743_clk/X
 clkbuf_leaf_767_clk/X
 clkbuf_leaf_775_clk/X
 clkbuf_leaf_77_clk/X
 clkbuf_leaf_786_clk/X
 clkbuf_leaf_817_clk/X
 clkbuf_leaf_819_clk/X
 clkbuf_leaf_827_clk/X
 clkbuf_leaf_833_clk/X
 clkbuf_leaf_8_clk/X
 clkbuf_leaf_93_clk/X
 input1/X
 input2/X
 load_slew1003/X
 load_slew1018/X
 load_slew1019/X
 load_slew1037/X
 load_slew106/X
 load_slew1064/X
 load_slew1065/X
 load_slew1066/X
 load_slew1068/X
 load_slew1069/X
 load_slew1070/X
 load_slew1080/X
 load_slew1085/X
 load_slew1086/X
 load_slew1089/X
 load_slew1090/X
 load_slew1091/X
 load_slew1101/X
 load_slew1106/X
 load_slew1107/X
 load_slew1108/X
 load_slew1114/X
 load_slew1116/X
 load_slew112/X
 load_slew1120/X
 load_slew1122/X
 load_slew1126/X
 load_slew1128/X
 load_slew1129/X
 load_slew1131/X
 load_slew1136/X
 load_slew1137/X
 load_slew1139/X
 load_slew1142/X
 load_slew1144/X
 load_slew1145/X
 load_slew1146/X
 load_slew1147/X
 load_slew1155/X
 load_slew1157/X
 load_slew1158/X
 load_slew1168/X
 load_slew1175/X
 load_slew1177/X
 load_slew1192/X
 load_slew1193/X
 load_slew1196/X
 load_slew1197/X
 load_slew1198/X
 load_slew122/X
 load_slew1239/X
 load_slew1247/X
 load_slew1248/X
 load_slew1255/X
 load_slew1257/X
 load_slew1262/X
 load_slew127/X
 load_slew1270/X
 load_slew1271/X
 load_slew1273/X
 load_slew1277/X
 load_slew1289/X
 load_slew1290/X
 load_slew1294/X
 load_slew1295/X
 load_slew1298/X
 load_slew1299/X
 load_slew1322/X
 load_slew1323/X
 load_slew1324/X
 load_slew1325/X
 load_slew1328/X
 load_slew1329/X
 load_slew1330/X
 load_slew1333/X
 load_slew134/X
 load_slew1340/X
 load_slew1346/X
 load_slew1354/X
 load_slew1355/X
 load_slew1357/X
 load_slew1360/X
 load_slew1361/X
 load_slew1364/X
 load_slew1378/X
 load_slew1381/X
 load_slew1382/X
 load_slew1384/X
 load_slew1385/X
 load_slew1387/X
 load_slew1388/X
 load_slew1390/X
 load_slew1392/X
 load_slew1394/X
 load_slew1395/X
 load_slew1396/X
 load_slew1397/X
 load_slew1399/X
 load_slew1400/X
 load_slew1402/X
 load_slew1403/X
 load_slew1406/X
 load_slew1407/X
 load_slew1408/X
 load_slew1410/X
 load_slew1411/X
 load_slew1412/X
 load_slew1414/X
 load_slew1415/X
 load_slew1416/X
 load_slew1417/X
 load_slew1419/X
 load_slew1426/X
 load_slew1428/X
 load_slew1429/X
 load_slew1430/X
 load_slew1432/X
 load_slew1434/X
 load_slew1435/X
 load_slew1439/X
 load_slew1443/X
 load_slew1445/X
 load_slew1446/X
 load_slew1450/X
 load_slew1455/X
 load_slew1457/X
 load_slew1462/X
 load_slew1463/X
 load_slew1470/X
 load_slew1471/X
 load_slew1474/X
 load_slew1478/X
 load_slew1482/X
 load_slew1483/X
 load_slew1486/X
 load_slew1487/X
 load_slew1488/X
 load_slew1491/X
 load_slew1492/X
 load_slew1493/X
 load_slew1494/X
 load_slew1497/X
 load_slew1498/X
 load_slew1500/X
 load_slew1508/X
 load_slew1509/X
 load_slew1512/X
 load_slew1513/X
 load_slew1517/X
 load_slew1519/X
 load_slew1521/X
 load_slew1522/X
 load_slew1523/X
 load_slew1526/X
 load_slew1528/X
 load_slew1530/X
 load_slew1535/X
 load_slew1536/X
 load_slew1538/X
 load_slew1540/X
 load_slew1543/X
 load_slew1556/X
 load_slew156/X
 load_slew1567/X
 load_slew1570/X
 load_slew1576/X
 load_slew1579/X
 load_slew158/X
 load_slew1583/X
 load_slew1597/X
 load_slew1598/X
 load_slew1602/X
 load_slew1623/X
 load_slew1624/X
 load_slew1629/X
 load_slew1652/X
 load_slew1655/X
 load_slew1659/X
 load_slew166/X
 load_slew1670/X
 load_slew1671/X
 load_slew1673/X
 load_slew1677/X
 load_slew1678/X
 load_slew1686/X
 load_slew1690/X
 load_slew1695/X
 load_slew1697/X
 load_slew1699/X
 load_slew1701/X
 load_slew1703/X
 load_slew1707/X
 load_slew1713/X
 load_slew1715/X
 load_slew1734/X
 load_slew1753/X
 load_slew1757/X
 load_slew1758/X
 load_slew1775/X
 load_slew1778/X
 load_slew1786/X
 load_slew1807/X
 load_slew1819/X
 load_slew1820/X
 load_slew1822/X
 load_slew1830/X
 load_slew1839/X
 load_slew1851/X
 load_slew1857/X
 load_slew186/X
 load_slew1863/X
 load_slew1893/X
 load_slew1898/X
 load_slew1915/X
 load_slew1917/X
 load_slew1918/X
 load_slew1921/X
 load_slew1923/X
 load_slew1934/X
 load_slew1952/X
 load_slew1954/X
 load_slew1959/X
 load_slew196/X
 load_slew1960/X
 load_slew1962/X
 load_slew1977/X
 load_slew1978/X
 load_slew21/X
 load_slew236/X
 load_slew250/X
 load_slew256/X
 load_slew269/X
 load_slew284/X
 load_slew286/X
 load_slew289/X
 load_slew292/X
 load_slew315/X
 load_slew326/X
 load_slew327/X
 load_slew328/X
 load_slew343/X
 load_slew350/X
 load_slew353/X
 load_slew358/X
 load_slew369/X
 load_slew370/X
 load_slew376/X
 load_slew379/X
 load_slew382/X
 load_slew405/X
 load_slew409/X
 load_slew412/X
 load_slew415/X
 load_slew416/X
 load_slew417/X
 load_slew421/X
 load_slew426/X
 load_slew428/X
 load_slew431/X
 load_slew435/X
 load_slew436/X
 load_slew438/X
 load_slew443/X
 load_slew462/X
 load_slew463/X
 load_slew466/X
 load_slew469/X
 load_slew483/X
 load_slew485/X
 load_slew486/X
 load_slew541/X
 load_slew550/X
 load_slew551/X
 load_slew570/X
 load_slew606/X
 load_slew613/X
 load_slew614/X
 load_slew617/X
 load_slew620/X
 load_slew624/X
 load_slew625/X
 load_slew626/X
 load_slew655/X
 load_slew666/X
 load_slew707/X
 load_slew712/X
 load_slew768/X
 load_slew779/X
 load_slew782/X
 load_slew790/X
 load_slew791/X
 load_slew827/X
 load_slew838/X
 load_slew853/X
 load_slew858/X
 load_slew862/X
 load_slew864/X
 load_slew865/X
 load_slew866/X
 load_slew867/X
 load_slew869/X
 load_slew870/X
 load_slew874/X
 load_slew917/X
 load_slew922/X
 load_slew923/X
 load_slew928/X
 load_slew929/X
 load_slew931/X
 load_slew933/X
 load_slew937/X
 load_slew943/X
 load_slew945/X
 load_slew948/X
 load_slew951/X
 load_slew952/X
 load_slew954/X
 load_slew956/X
 load_slew961/X
 load_slew962/X
 load_slew964/X
 load_slew965/X
 load_slew966/X
 load_slew969/X
 load_slew97/X
 load_slew971/X
 load_slew972/X
 load_slew973/X
 load_slew974/X
 load_slew975/X
 load_slew977/X
 load_slew978/X
 load_slew98/X
 load_slew981/X
 load_slew987/X
 max_cap10/X
 max_cap1002/X
 max_cap1074/X
 max_cap1075/X
 max_cap1084/X
 max_cap1110/X
 max_cap1274/X
 max_cap1301/X
 max_cap1368/X
 max_cap1369/X
 max_cap1371/X
 max_cap1374/X
 max_cap145/X
 max_cap1466/X
 max_cap1515/X
 max_cap153/X
 max_cap1534/X
 max_cap1562/X
 max_cap1621/X
 max_cap1627/X
 max_cap1636/X
 max_cap1641/X
 max_cap1644/X
 max_cap1660/X
 max_cap1681/X
 max_cap1688/X
 max_cap1692/X
 max_cap1714/X
 max_cap1717/X
 max_cap1720/X
 max_cap1790/X
 max_cap1817/X
 max_cap1824/X
 max_cap1827/X
 max_cap1833/X
 max_cap1904/X
 max_cap1926/X
 max_cap22/X
 max_cap248/X
 max_cap274/X
 max_cap34/X
 max_cap383/X
 max_cap386/X
 max_cap399/X
 max_cap420/X
 max_cap424/X
 max_cap459/X
 max_cap476/X
 max_cap505/X
 max_cap515/X
 max_cap527/X
 max_cap528/X
 max_cap536/X
 max_cap565/X
 max_cap60/X
 max_cap635/X
 max_cap645/X
 max_cap658/X
 max_cap680/X
 max_cap683/X
 max_cap688/X
 max_cap709/X
 max_cap710/X
 max_cap711/X
 max_cap723/X
 max_cap767/X
 max_cap769/X
 max_cap776/X
 max_cap777/X
 max_cap783/X
 max_cap798/X
 max_cap807/X
 max_cap816/X
 max_cap822/X
 max_cap883/X
 max_length1076/X
 max_length1151/X
 max_length1238/X
 max_length1249/X
 max_length1254/X
 max_length1258/X
 max_length1260/X
 max_length1308/X
 max_length1332/X
 max_length1334/X
 max_length1393/X
 max_length1437/X
 max_length1442/X
 max_length1444/X
 max_length1451/X
 max_length18/X
 max_length225/X
 max_length433/X
 max_length434/X
 max_length460/X
 max_length467/X
 max_length484/X
 max_length621/X
 max_length916/X
 max_length967/X
 max_length968/X
 wire1005/X
 wire1007/X
 wire1011/X
 wire1013/X
 wire1016/X
 wire1017/X
 wire102/X
 wire1020/X
 wire1021/X
 wire1024/X
 wire1025/X
 wire1027/X
 wire1028/X
 wire1029/X
 wire103/X
 wire1030/X
 wire1031/X
 wire1032/X
 wire1033/X
 wire1034/X
 wire1035/X
 wire1036/X
 wire1038/X
 wire1039/X
 wire1040/X
 wire1041/X
 wire1045/X
 wire1046/X
 wire1047/X
 wire1048/X
 wire1049/X
 wire1052/X
 wire1054/X
 wire1060/X
 wire1061/X
 wire1062/X
 wire1063/X
 wire1067/X
 wire107/X
 wire1071/X
 wire1072/X
 wire1078/X
 wire1082/X
 wire1083/X
 wire1087/X
 wire1088/X
 wire1093/X
 wire1095/X
 wire1096/X
 wire110/X
 wire1100/X
 wire1102/X
 wire1103/X
 wire1104/X
 wire1105/X
 wire111/X
 wire1111/X
 wire1113/X
 wire1117/X
 wire1118/X
 wire1119/X
 wire1121/X
 wire1130/X
 wire1133/X
 wire1134/X
 wire1135/X
 wire1138/X
 wire1140/X
 wire1143/X
 wire1150/X
 wire1153/X
 wire1156/X
 wire116/X
 wire1160/X
 wire1167/X
 wire1172/X
 wire1176/X
 wire118/X
 wire1181/X
 wire1182/X
 wire1183/X
 wire1184/X
 wire1185/X
 wire1186/X
 wire1187/X
 wire1188/X
 wire1189/X
 wire1191/X
 wire1195/X
 wire1199/X
 wire12/X
 wire1200/X
 wire1201/X
 wire1202/X
 wire1203/X
 wire1204/X
 wire1205/X
 wire1206/X
 wire1207/X
 wire1209/X
 wire121/X
 wire1211/X
 wire1212/X
 wire1213/X
 wire1215/X
 wire1217/X
 wire1218/X
 wire1221/X
 wire1225/X
 wire1226/X
 wire1228/X
 wire1231/X
 wire1235/X
 wire1236/X
 wire1237/X
 wire124/X
 wire1240/X
 wire1241/X
 wire1242/X
 wire1244/X
 wire1245/X
 wire1246/X
 wire125/X
 wire1256/X
 wire1259/X
 wire126/X
 wire1261/X
 wire1264/X
 wire1265/X
 wire1266/X
 wire1267/X
 wire1272/X
 wire1275/X
 wire1276/X
 wire128/X
 wire1280/X
 wire1281/X
 wire1282/X
 wire1285/X
 wire129/X
 wire1291/X
 wire1292/X
 wire130/X
 wire1302/X
 wire1303/X
 wire1304/X
 wire1307/X
 wire131/X
 wire1311/X
 wire1313/X
 wire1316/X
 wire1317/X
 wire1319/X
 wire132/X
 wire1320/X
 wire1321/X
 wire1326/X
 wire1327/X
 wire1335/X
 wire1336/X
 wire1342/X
 wire1345/X
 wire1348/X
 wire135/X
 wire1356/X
 wire1358/X
 wire1362/X
 wire1363/X
 wire1366/X
 wire1367/X
 wire137/X
 wire1370/X
 wire1375/X
 wire1376/X
 wire1377/X
 wire1379/X
 wire138/X
 wire1383/X
 wire139/X
 wire1398/X
 wire14/X
 wire1404/X
 wire1409/X
 wire1418/X
 wire142/X
 wire1420/X
 wire1422/X
 wire1424/X
 wire1425/X
 wire1427/X
 wire143/X
 wire1433/X
 wire1438/X
 wire144/X
 wire1440/X
 wire1441/X
 wire1447/X
 wire1448/X
 wire1449/X
 wire1453/X
 wire1454/X
 wire1459/X
 wire146/X
 wire1461/X
 wire1464/X
 wire1465/X
 wire1468/X
 wire1469/X
 wire147/X
 wire1472/X
 wire1473/X
 wire1475/X
 wire1476/X
 wire1479/X
 wire1480/X
 wire1481/X
 wire1484/X
 wire1489/X
 wire149/X
 wire1490/X
 wire1495/X
 wire1496/X
 wire1499/X
 wire15/X
 wire150/X
 wire1501/X
 wire1502/X
 wire1504/X
 wire1505/X
 wire1511/X
 wire1514/X
 wire1516/X
 wire1518/X
 wire1520/X
 wire1525/X
 wire1533/X
 wire1539/X
 wire154/X
 wire1541/X
 wire1542/X
 wire1544/X
 wire1545/X
 wire1547/X
 wire1548/X
 wire155/X
 wire1550/X
 wire1551/X
 wire1552/X
 wire1554/X
 wire1555/X
 wire1557/X
 wire1558/X
 wire1560/X
 wire1561/X
 wire1564/X
 wire1566/X
 wire1568/X
 wire1571/X
 wire1572/X
 wire1573/X
 wire1574/X
 wire1575/X
 wire1577/X
 wire1580/X
 wire1581/X
 wire1582/X
 wire1584/X
 wire1585/X
 wire1586/X
 wire1587/X
 wire1588/X
 wire1589/X
 wire159/X
 wire1591/X
 wire1592/X
 wire1593/X
 wire1594/X
 wire1596/X
 wire1599/X
 wire16/X
 wire160/X
 wire1601/X
 wire1605/X
 wire1607/X
 wire1608/X
 wire1609/X
 wire161/X
 wire1610/X
 wire1611/X
 wire1613/X
 wire1616/X
 wire1617/X
 wire1618/X
 wire162/X
 wire1620/X
 wire1625/X
 wire1628/X
 wire163/X
 wire1630/X
 wire1632/X
 wire1633/X
 wire1634/X
 wire1638/X
 wire1639/X
 wire1640/X
 wire1642/X
 wire1646/X
 wire1647/X
 wire1649/X
 wire1650/X
 wire1653/X
 wire1657/X
 wire1658/X
 wire1661/X
 wire1662/X
 wire1665/X
 wire1666/X
 wire1667/X
 wire1669/X
 wire167/X
 wire1672/X
 wire1674/X
 wire1676/X
 wire1679/X
 wire1680/X
 wire1689/X
 wire169/X
 wire1691/X
 wire1693/X
 wire1694/X
 wire1696/X
 wire1698/X
 wire1702/X
 wire1704/X
 wire1705/X
 wire1708/X
 wire1709/X
 wire1710/X
 wire1711/X
 wire1712/X
 wire1716/X
 wire1718/X
 wire1719/X
 wire172/X
 wire1721/X
 wire1722/X
 wire1723/X
 wire1724/X
 wire1726/X
 wire1727/X
 wire1728/X
 wire1729/X
 wire173/X
 wire1730/X
 wire1732/X
 wire1733/X
 wire1736/X
 wire1737/X
 wire1738/X
 wire1739/X
 wire1740/X
 wire1742/X
 wire1745/X
 wire1747/X
 wire1748/X
 wire1749/X
 wire175/X
 wire1751/X
 wire1755/X
 wire1756/X
 wire1759/X
 wire1761/X
 wire1766/X
 wire1767/X
 wire1769/X
 wire1771/X
 wire1773/X
 wire1774/X
 wire1777/X
 wire1779/X
 wire1780/X
 wire1782/X
 wire1783/X
 wire1784/X
 wire1785/X
 wire1788/X
 wire179/X
 wire1792/X
 wire1793/X
 wire1794/X
 wire1795/X
 wire1797/X
 wire1798/X
 wire1799/X
 wire1800/X
 wire1801/X
 wire1802/X
 wire1804/X
 wire1805/X
 wire1806/X
 wire1808/X
 wire181/X
 wire1813/X
 wire1814/X
 wire1815/X
 wire1818/X
 wire182/X
 wire1821/X
 wire1823/X
 wire1825/X
 wire1826/X
 wire1829/X
 wire1831/X
 wire1832/X
 wire1835/X
 wire1837/X
 wire1838/X
 wire1842/X
 wire1844/X
 wire1845/X
 wire1846/X
 wire1847/X
 wire1849/X
 wire1852/X
 wire1853/X
 wire1854/X
 wire1856/X
 wire1858/X
 wire1862/X
 wire1866/X
 wire1869/X
 wire1870/X
 wire1872/X
 wire1873/X
 wire1875/X
 wire1876/X
 wire1877/X
 wire1878/X
 wire1879/X
 wire1881/X
 wire1882/X
 wire1883/X
 wire1885/X
 wire1887/X
 wire1890/X
 wire1891/X
 wire1892/X
 wire1894/X
 wire1895/X
 wire1896/X
 wire1897/X
 wire1899/X
 wire19/X
 wire190/X
 wire1900/X
 wire1901/X
 wire1905/X
 wire1906/X
 wire1907/X
 wire191/X
 wire1912/X
 wire1913/X
 wire1914/X
 wire1916/X
 wire1919/X
 wire192/X
 wire1920/X
 wire1924/X
 wire1925/X
 wire1927/X
 wire1928/X
 wire1929/X
 wire193/X
 wire1930/X
 wire1931/X
 wire1932/X
 wire1933/X
 wire1935/X
 wire1937/X
 wire1938/X
 wire1939/X
 wire1940/X
 wire1941/X
 wire1944/X
 wire1945/X
 wire1948/X
 wire1949/X
 wire195/X
 wire1951/X
 wire1953/X
 wire1955/X
 wire1957/X
 wire1961/X
 wire1964/X
 wire1966/X
 wire1969/X
 wire197/X
 wire1970/X
 wire1971/X
 wire1972/X
 wire1974/X
 wire1975/X
 wire1976/X
 wire1979/X
 wire198/X
 wire1981/X
 wire199/X
 wire20/X
 wire200/X
 wire201/X
 wire202/X
 wire203/X
 wire204/X
 wire206/X
 wire207/X
 wire209/X
 wire210/X
 wire211/X
 wire212/X
 wire213/X
 wire215/X
 wire216/X
 wire219/X
 wire223/X
 wire224/X
 wire226/X
 wire234/X
 wire235/X
 wire238/X
 wire239/X
 wire240/X
 wire242/X
 wire243/X
 wire244/X
 wire245/X
 wire246/X
 wire247/X
 wire249/X
 wire25/X
 wire253/X
 wire254/X
 wire255/X
 wire257/X
 wire258/X
 wire261/X
 wire262/X
 wire263/X
 wire266/X
 wire268/X
 wire270/X
 wire272/X
 wire275/X
 wire276/X
 wire277/X
 wire278/X
 wire279/X
 wire28/X
 wire280/X
 wire283/X
 wire287/X
 wire288/X
 wire29/X
 wire290/X
 wire291/X
 wire294/X
 wire296/X
 wire297/X
 wire299/X
 wire300/X
 wire301/X
 wire302/X
 wire303/X
 wire306/X
 wire309/X
 wire31/X
 wire310/X
 wire311/X
 wire312/X
 wire313/X
 wire316/X
 wire318/X
 wire324/X
 wire329/X
 wire330/X
 wire331/X
 wire333/X
 wire338/X
 wire339/X
 wire344/X
 wire345/X
 wire348/X
 wire351/X
 wire354/X
 wire355/X
 wire356/X
 wire357/X
 wire359/X
 wire360/X
 wire361/X
 wire362/X
 wire364/X
 wire365/X
 wire367/X
 wire37/X
 wire371/X
 wire373/X
 wire374/X
 wire377/X
 wire378/X
 wire381/X
 wire385/X
 wire387/X
 wire388/X
 wire389/X
 wire39/X
 wire390/X
 wire391/X
 wire392/X
 wire393/X
 wire398/X
 wire400/X
 wire401/X
 wire402/X
 wire403/X
 wire407/X
 wire408/X
 wire42/X
 wire422/X
 wire425/X
 wire427/X
 wire430/X
 wire437/X
 wire439/X
 wire44/X
 wire440/X
 wire441/X
 wire442/X
 wire444/X
 wire445/X
 wire446/X
 wire447/X
 wire448/X
 wire451/X
 wire452/X
 wire453/X
 wire454/X
 wire455/X
 wire456/X
 wire458/X
 wire46/X
 wire464/X
 wire465/X
 wire47/X
 wire472/X
 wire473/X
 wire48/X
 wire481/X
 wire482/X
 wire487/X
 wire488/X
 wire489/X
 wire49/X
 wire490/X
 wire495/X
 wire496/X
 wire497/X
 wire504/X
 wire506/X
 wire507/X
 wire508/X
 wire509/X
 wire511/X
 wire512/X
 wire513/X
 wire514/X
 wire516/X
 wire517/X
 wire518/X
 wire519/X
 wire52/X
 wire525/X
 wire526/X
 wire529/X
 wire53/X
 wire530/X
 wire531/X
 wire532/X
 wire533/X
 wire534/X
 wire535/X
 wire539/X
 wire54/X
 wire540/X
 wire542/X
 wire544/X
 wire545/X
 wire547/X
 wire548/X
 wire549/X
 wire55/X
 wire552/X
 wire553/X
 wire555/X
 wire558/X
 wire561/X
 wire562/X
 wire563/X
 wire564/X
 wire566/X
 wire567/X
 wire568/X
 wire576/X
 wire577/X
 wire581/X
 wire582/X
 wire583/X
 wire587/X
 wire589/X
 wire594/X
 wire596/X
 wire602/X
 wire603/X
 wire604/X
 wire608/X
 wire610/X
 wire611/X
 wire612/X
 wire616/X
 wire618/X
 wire619/X
 wire623/X
 wire628/X
 wire629/X
 wire63/X
 wire630/X
 wire631/X
 wire632/X
 wire633/X
 wire634/X
 wire636/X
 wire637/X
 wire638/X
 wire639/X
 wire640/X
 wire641/X
 wire642/X
 wire649/X
 wire657/X
 wire659/X
 wire660/X
 wire661/X
 wire662/X
 wire663/X
 wire667/X
 wire671/X
 wire673/X
 wire676/X
 wire682/X
 wire685/X
 wire687/X
 wire691/X
 wire693/X
 wire697/X
 wire701/X
 wire702/X
 wire703/X
 wire704/X
 wire705/X
 wire706/X
 wire713/X
 wire714/X
 wire715/X
 wire716/X
 wire718/X
 wire719/X
 wire725/X
 wire726/X
 wire728/X
 wire729/X
 wire730/X
 wire732/X
 wire733/X
 wire734/X
 wire735/X
 wire737/X
 wire74/X
 wire741/X
 wire744/X
 wire746/X
 wire75/X
 wire750/X
 wire752/X
 wire753/X
 wire757/X
 wire758/X
 wire759/X
 wire76/X
 wire760/X
 wire761/X
 wire762/X
 wire766/X
 wire77/X
 wire771/X
 wire772/X
 wire774/X
 wire775/X
 wire778/X
 wire780/X
 wire785/X
 wire786/X
 wire789/X
 wire793/X
 wire794/X
 wire795/X
 wire796/X
 wire797/X
 wire80/X
 wire802/X
 wire803/X
 wire804/X
 wire805/X
 wire809/X
 wire811/X
 wire812/X
 wire814/X
 wire817/X
 wire819/X
 wire821/X
 wire823/X
 wire824/X
 wire825/X
 wire828/X
 wire829/X
 wire83/X
 wire832/X
 wire836/X
 wire837/X
 wire840/X
 wire842/X
 wire843/X
 wire846/X
 wire847/X
 wire848/X
 wire851/X
 wire854/X
 wire855/X
 wire856/X
 wire857/X
 wire860/X
 wire863/X
 wire868/X
 wire87/X
 wire872/X
 wire873/X
 wire877/X
 wire878/X
 wire879/X
 wire88/X
 wire880/X
 wire881/X
 wire886/X
 wire887/X
 wire889/X
 wire890/X
 wire893/X
 wire894/X
 wire895/X
 wire898/X
 wire899/X
 wire90/X
 wire900/X
 wire901/X
 wire902/X
 wire903/X
 wire904/X
 wire905/X
 wire908/X
 wire909/X
 wire91/X
 wire910/X
 wire911/X
 wire912/X
 wire913/X
 wire914/X
 wire915/X
 wire918/X
 wire925/X
 wire927/X
 wire930/X
 wire932/X
 wire934/X
 wire935/X
 wire936/X
 wire938/X
 wire939/X
 wire941/X
 wire949/X
 wire95/X
 wire950/X
 wire955/X
 wire957/X
 wire958/X
 wire959/X
 wire96/X
 wire979/X
 wire980/X
 wire982/X
 wire983/X
 wire985/X
 wire986/X
 wire989/X
 wire990/X
 wire993/X
 wire994/X
 wire995/X
 wire996/X
 wire998/X

===========================================================================
max slew violation count 0
max fanout violation count 0
max cap violation count 0
============================================================================

===========================================================================
check_setup -verbose -unconstrained_endpoints -multiple_clock -no_clock -no_input_delay -loops -generated_clocks
===========================================================================
Warning: There are 2 input ports missing set_input_delay.
  control
  reset
Warning: There are 8 unconstrained endpoints.
  an0
  display[0]
  display[1]
  display[2]
  display[3]
  display[4]
  display[5]
  display[6]
