OpenROAD b16bda7e82721d10566ff7e2b68f1ff0be9f9e38 
Features included (+) or not (-): +Charts +GPU +GUI +Python
This program is licensed under the BSD-3 license. See the LICENSE file for details.
Components of this program may be licensed under more restrictive licenses which must be honored.
define_corners Typical
read_liberty -corner Typical /root/.volare/sky130A/libs.ref/sky130_fd_sc_hd/lib/sky130_fd_sc_hd__tt_025C_1v80.lib
Using 1e-12 for capacitance...
Using 1e+03 for resistance...
Using 1e-09 for time...
Using 1e+00 for voltage...
Using 1e-03 for current...
Using 1e-09 for power...
Using 1e-06 for distance...
[INFO]: Reading ODB at '/openlane/designs/counter/runs/RUN_2025.05.24_18.10.11/results/placement/counter.odb'…
Reading design constraints file at '/openlane/designs/counter/src/counter.sdc'…
[INFO]: Setting RC values...
min_report

===========================================================================
report_checks -path_delay min (Hold)
============================================================================
======================= Typical Corner ===================================

Startpoint: _29_ (rising edge-triggered flip-flop clocked by core_clock)
Endpoint: _29_ (rising edge-triggered flip-flop clocked by core_clock)
Path Group: core_clock
Path Type: min

Fanout     Cap    Slew   Delay    Time   Description
-----------------------------------------------------------------------------
                  0.00    0.00    0.00   clock core_clock (rise edge)
                          0.00    0.00   clock network delay (ideal)
                  0.00    0.00    0.00 ^ _29_/CLK (sky130_fd_sc_hd__dfxtp_1)
     4    0.01    0.06    0.31    0.31 v _29_/Q (sky130_fd_sc_hd__dfxtp_1)
                                         net5 (net)
                  0.06    0.00    0.31 v _23_/A (sky130_fd_sc_hd__inv_2)
     1    0.00    0.03    0.05    0.36 ^ _23_/Y (sky130_fd_sc_hd__inv_2)
                                         _11_ (net)
                  0.03    0.00    0.36 ^ _25_/A1 (sky130_fd_sc_hd__a211oi_1)
     1    0.00    0.03    0.05    0.41 v _25_/Y (sky130_fd_sc_hd__a211oi_1)
                                         _03_ (net)
                  0.03    0.00    0.41 v _29_/D (sky130_fd_sc_hd__dfxtp_1)
                                  0.41   data arrival time

                  0.00    0.00    0.00   clock core_clock (rise edge)
                          0.00    0.00   clock network delay (ideal)
                          0.00    0.00   clock reconvergence pessimism
                                  0.00 ^ _29_/CLK (sky130_fd_sc_hd__dfxtp_1)
                         -0.06   -0.06   library hold time
                                 -0.06   data required time
-----------------------------------------------------------------------------
                                 -0.06   data required time
                                 -0.41   data arrival time
-----------------------------------------------------------------------------
                                  0.47   slack (MET)


Startpoint: _26_ (rising edge-triggered flip-flop clocked by core_clock)
Endpoint: _26_ (rising edge-triggered flip-flop clocked by core_clock)
Path Group: core_clock
Path Type: min

Fanout     Cap    Slew   Delay    Time   Description
-----------------------------------------------------------------------------
                  0.00    0.00    0.00   clock core_clock (rise edge)
                          0.00    0.00   clock network delay (ideal)
                  0.00    0.00    0.00 ^ _26_/CLK (sky130_fd_sc_hd__dfxtp_1)
     8    0.02    0.09    0.33    0.33 v _26_/Q (sky130_fd_sc_hd__dfxtp_1)
                                         net2 (net)
                  0.09    0.00    0.33 v _13_/A (sky130_fd_sc_hd__nor2_1)
     1    0.00    0.08    0.12    0.45 ^ _13_/Y (sky130_fd_sc_hd__nor2_1)
                                         _00_ (net)
                  0.08    0.00    0.45 ^ _26_/D (sky130_fd_sc_hd__dfxtp_1)
                                  0.45   data arrival time

                  0.00    0.00    0.00   clock core_clock (rise edge)
                          0.00    0.00   clock network delay (ideal)
                          0.00    0.00   clock reconvergence pessimism
                                  0.00 ^ _26_/CLK (sky130_fd_sc_hd__dfxtp_1)
                         -0.05   -0.05   library hold time
                                 -0.05   data required time
-----------------------------------------------------------------------------
                                 -0.05   data required time
                                 -0.45   data arrival time
-----------------------------------------------------------------------------
                                  0.50   slack (MET)


Startpoint: _27_ (rising edge-triggered flip-flop clocked by core_clock)
Endpoint: _27_ (rising edge-triggered flip-flop clocked by core_clock)
Path Group: core_clock
Path Type: min

Fanout     Cap    Slew   Delay    Time   Description
-----------------------------------------------------------------------------
                  0.00    0.00    0.00   clock core_clock (rise edge)
                          0.00    0.00   clock network delay (ideal)
                  0.00    0.00    0.00 ^ _27_/CLK (sky130_fd_sc_hd__dfxtp_1)
     7    0.02    0.08    0.32    0.32 v _27_/Q (sky130_fd_sc_hd__dfxtp_1)
                                         net3 (net)
                  0.08    0.00    0.32 v _15_/B (sky130_fd_sc_hd__nand2_1)
     1    0.00    0.04    0.07    0.40 ^ _15_/Y (sky130_fd_sc_hd__nand2_1)
                                         _05_ (net)
                  0.04    0.00    0.40 ^ _17_/C (sky130_fd_sc_hd__and4b_1)
     1    0.00    0.06    0.18    0.58 ^ _17_/X (sky130_fd_sc_hd__and4b_1)
                                         _07_ (net)
                  0.06    0.00    0.58 ^ _18_/A (sky130_fd_sc_hd__clkbuf_1)
     1    0.00    0.04    0.08    0.66 ^ _18_/X (sky130_fd_sc_hd__clkbuf_1)
                                         _01_ (net)
                  0.04    0.00    0.66 ^ _27_/D (sky130_fd_sc_hd__dfxtp_1)
                                  0.66   data arrival time

                  0.00    0.00    0.00   clock core_clock (rise edge)
                          0.00    0.00   clock network delay (ideal)
                          0.00    0.00   clock reconvergence pessimism
                                  0.00 ^ _27_/CLK (sky130_fd_sc_hd__dfxtp_1)
                         -0.04   -0.04   library hold time
                                 -0.04   data required time
-----------------------------------------------------------------------------
                                 -0.04   data required time
                                 -0.66   data arrival time
-----------------------------------------------------------------------------
                                  0.70   slack (MET)


Startpoint: _28_ (rising edge-triggered flip-flop clocked by core_clock)
Endpoint: _28_ (rising edge-triggered flip-flop clocked by core_clock)
Path Group: core_clock
Path Type: min

Fanout     Cap    Slew   Delay    Time   Description
-----------------------------------------------------------------------------
                  0.00    0.00    0.00   clock core_clock (rise edge)
                          0.00    0.00   clock network delay (ideal)
                  0.00    0.00    0.00 ^ _28_/CLK (sky130_fd_sc_hd__dfxtp_1)
     5    0.01    0.06    0.31    0.31 v _28_/Q (sky130_fd_sc_hd__dfxtp_1)
                                         net4 (net)
                  0.06    0.00    0.31 v _19_/C (sky130_fd_sc_hd__nand3_1)
     2    0.01    0.07    0.10    0.41 ^ _19_/Y (sky130_fd_sc_hd__nand3_1)
                                         _08_ (net)
                  0.07    0.00    0.41 ^ _21_/C (sky130_fd_sc_hd__and4b_1)
     1    0.00    0.06    0.19    0.60 ^ _21_/X (sky130_fd_sc_hd__and4b_1)
                                         _10_ (net)
                  0.06    0.00    0.60 ^ _22_/A (sky130_fd_sc_hd__clkbuf_1)
     1    0.00    0.04    0.08    0.67 ^ _22_/X (sky130_fd_sc_hd__clkbuf_1)
                                         _02_ (net)
                  0.04    0.00    0.67 ^ _28_/D (sky130_fd_sc_hd__dfxtp_1)
                                  0.67   data arrival time

                  0.00    0.00    0.00   clock core_clock (rise edge)
                          0.00    0.00   clock network delay (ideal)
                          0.00    0.00   clock reconvergence pessimism
                                  0.00 ^ _28_/CLK (sky130_fd_sc_hd__dfxtp_1)
                         -0.04   -0.04   library hold time
                                 -0.04   data required time
-----------------------------------------------------------------------------
                                 -0.04   data required time
                                 -0.67   data arrival time
-----------------------------------------------------------------------------
                                  0.71   slack (MET)



worst slack corner Typical: 0.4654
min_report_end
max_report

===========================================================================
report_checks -path_delay max (Setup)
============================================================================
======================= Typical Corner ===================================

Startpoint: _28_ (rising edge-triggered flip-flop clocked by core_clock)
Endpoint: _27_ (rising edge-triggered flip-flop clocked by core_clock)
Path Group: core_clock
Path Type: max

Fanout     Cap    Slew   Delay    Time   Description
-----------------------------------------------------------------------------
                  0.00    0.00    0.00   clock core_clock (rise edge)
                          0.00    0.00   clock network delay (ideal)
                  0.00    0.00    0.00 ^ _28_/CLK (sky130_fd_sc_hd__dfxtp_1)
     5    0.01    0.13    0.35    0.35 ^ _28_/Q (sky130_fd_sc_hd__dfxtp_1)
                                         net4 (net)
                  0.13    0.00    0.35 ^ _14_/C_N (sky130_fd_sc_hd__or4bb_1)
     2    0.00    0.09    0.50    0.85 v _14_/X (sky130_fd_sc_hd__or4bb_1)
                                         _04_ (net)
                  0.09    0.00    0.85 v _17_/B (sky130_fd_sc_hd__and4b_1)
     1    0.00    0.04    0.19    1.04 v _17_/X (sky130_fd_sc_hd__and4b_1)
                                         _07_ (net)
                  0.04    0.00    1.04 v _18_/A (sky130_fd_sc_hd__clkbuf_1)
     1    0.00    0.02    0.08    1.12 v _18_/X (sky130_fd_sc_hd__clkbuf_1)
                                         _01_ (net)
                  0.02    0.00    1.12 v _27_/D (sky130_fd_sc_hd__dfxtp_1)
                                  1.12   data arrival time

                  0.00   10.00   10.00   clock core_clock (rise edge)
                          0.00   10.00   clock network delay (ideal)
                          0.00   10.00   clock reconvergence pessimism
                                 10.00 ^ _27_/CLK (sky130_fd_sc_hd__dfxtp_1)
                         -0.11    9.89   library setup time
                                  9.89   data required time
-----------------------------------------------------------------------------
                                  9.89   data required time
                                 -1.12   data arrival time
-----------------------------------------------------------------------------
                                  8.77   slack (MET)


Startpoint: _28_ (rising edge-triggered flip-flop clocked by core_clock)
Endpoint: _28_ (rising edge-triggered flip-flop clocked by core_clock)
Path Group: core_clock
Path Type: max

Fanout     Cap    Slew   Delay    Time   Description
-----------------------------------------------------------------------------
                  0.00    0.00    0.00   clock core_clock (rise edge)
                          0.00    0.00   clock network delay (ideal)
                  0.00    0.00    0.00 ^ _28_/CLK (sky130_fd_sc_hd__dfxtp_1)
     5    0.01    0.13    0.35    0.35 ^ _28_/Q (sky130_fd_sc_hd__dfxtp_1)
                                         net4 (net)
                  0.13    0.00    0.35 ^ _14_/C_N (sky130_fd_sc_hd__or4bb_1)
     2    0.00    0.09    0.50    0.85 v _14_/X (sky130_fd_sc_hd__or4bb_1)
                                         _04_ (net)
                  0.09    0.00    0.85 v _21_/B (sky130_fd_sc_hd__and4b_1)
     1    0.00    0.04    0.19    1.03 v _21_/X (sky130_fd_sc_hd__and4b_1)
                                         _10_ (net)
                  0.04    0.00    1.03 v _22_/A (sky130_fd_sc_hd__clkbuf_1)
     1    0.00    0.02    0.08    1.11 v _22_/X (sky130_fd_sc_hd__clkbuf_1)
                                         _02_ (net)
                  0.02    0.00    1.11 v _28_/D (sky130_fd_sc_hd__dfxtp_1)
                                  1.11   data arrival time

                  0.00   10.00   10.00   clock core_clock (rise edge)
                          0.00   10.00   clock network delay (ideal)
                          0.00   10.00   clock reconvergence pessimism
                                 10.00 ^ _28_/CLK (sky130_fd_sc_hd__dfxtp_1)
                         -0.11    9.89   library setup time
                                  9.89   data required time
-----------------------------------------------------------------------------
                                  9.89   data required time
                                 -1.11   data arrival time
-----------------------------------------------------------------------------
                                  8.77   slack (MET)


Startpoint: _26_ (rising edge-triggered flip-flop clocked by core_clock)
Endpoint: _29_ (rising edge-triggered flip-flop clocked by core_clock)
Path Group: core_clock
Path Type: max

Fanout     Cap    Slew   Delay    Time   Description
-----------------------------------------------------------------------------
                  0.00    0.00    0.00   clock core_clock (rise edge)
                          0.00    0.00   clock network delay (ideal)
                  0.00    0.00    0.00 ^ _26_/CLK (sky130_fd_sc_hd__dfxtp_1)
     8    0.02    0.19    0.39    0.39 ^ _26_/Q (sky130_fd_sc_hd__dfxtp_1)
                                         net2 (net)
                  0.19    0.00    0.39 ^ _19_/A (sky130_fd_sc_hd__nand3_1)
     2    0.01    0.09    0.12    0.51 v _19_/Y (sky130_fd_sc_hd__nand3_1)
                                         _08_ (net)
                  0.09    0.00    0.51 v _25_/A2 (sky130_fd_sc_hd__a211oi_1)
     1    0.00    0.17    0.23    0.74 ^ _25_/Y (sky130_fd_sc_hd__a211oi_1)
                                         _03_ (net)
                  0.17    0.00    0.74 ^ _29_/D (sky130_fd_sc_hd__dfxtp_1)
                                  0.74   data arrival time

                  0.00   10.00   10.00   clock core_clock (rise edge)
                          0.00   10.00   clock network delay (ideal)
                          0.00   10.00   clock reconvergence pessimism
                                 10.00 ^ _29_/CLK (sky130_fd_sc_hd__dfxtp_1)
                         -0.09    9.91   library setup time
                                  9.91   data required time
-----------------------------------------------------------------------------
                                  9.91   data required time
                                 -0.74   data arrival time
-----------------------------------------------------------------------------
                                  9.17   slack (MET)


Startpoint: _26_ (rising edge-triggered flip-flop clocked by core_clock)
Endpoint: _26_ (rising edge-triggered flip-flop clocked by core_clock)
Path Group: core_clock
Path Type: max

Fanout     Cap    Slew   Delay    Time   Description
-----------------------------------------------------------------------------
                  0.00    0.00    0.00   clock core_clock (rise edge)
                          0.00    0.00   clock network delay (ideal)
                  0.00    0.00    0.00 ^ _26_/CLK (sky130_fd_sc_hd__dfxtp_1)
     8    0.02    0.19    0.39    0.39 ^ _26_/Q (sky130_fd_sc_hd__dfxtp_1)
                                         net2 (net)
                  0.19    0.00    0.39 ^ _13_/A (sky130_fd_sc_hd__nor2_1)
     1    0.00    0.05    0.07    0.47 v _13_/Y (sky130_fd_sc_hd__nor2_1)
                                         _00_ (net)
                  0.05    0.00    0.47 v _26_/D (sky130_fd_sc_hd__dfxtp_1)
                                  0.47   data arrival time

                  0.00   10.00   10.00   clock core_clock (rise edge)
                          0.00   10.00   clock network delay (ideal)
                          0.00   10.00   clock reconvergence pessimism
                                 10.00 ^ _26_/CLK (sky130_fd_sc_hd__dfxtp_1)
                         -0.12    9.88   library setup time
                                  9.88   data required time
-----------------------------------------------------------------------------
                                  9.88   data required time
                                 -0.47   data arrival time
-----------------------------------------------------------------------------
                                  9.41   slack (MET)



worst slack corner Typical: 8.7669
max_report_end
checks_report

===========================================================================
report_checks -unconstrained
===========================================================================
======================= Typical Corner ===================================

Startpoint: _28_ (rising edge-triggered flip-flop clocked by core_clock)
Endpoint: _27_ (rising edge-triggered flip-flop clocked by core_clock)
Path Group: core_clock
Path Type: max

Fanout     Cap    Slew   Delay    Time   Description
-----------------------------------------------------------------------------
                  0.00    0.00    0.00   clock core_clock (rise edge)
                          0.00    0.00   clock network delay (ideal)
                  0.00    0.00    0.00 ^ _28_/CLK (sky130_fd_sc_hd__dfxtp_1)
     5    0.01    0.13    0.35    0.35 ^ _28_/Q (sky130_fd_sc_hd__dfxtp_1)
                                         net4 (net)
                  0.13    0.00    0.35 ^ _14_/C_N (sky130_fd_sc_hd__or4bb_1)
     2    0.00    0.09    0.50    0.85 v _14_/X (sky130_fd_sc_hd__or4bb_1)
                                         _04_ (net)
                  0.09    0.00    0.85 v _17_/B (sky130_fd_sc_hd__and4b_1)
     1    0.00    0.04    0.19    1.04 v _17_/X (sky130_fd_sc_hd__and4b_1)
                                         _07_ (net)
                  0.04    0.00    1.04 v _18_/A (sky130_fd_sc_hd__clkbuf_1)
     1    0.00    0.02    0.08    1.12 v _18_/X (sky130_fd_sc_hd__clkbuf_1)
                                         _01_ (net)
                  0.02    0.00    1.12 v _27_/D (sky130_fd_sc_hd__dfxtp_1)
                                  1.12   data arrival time

                  0.00   10.00   10.00   clock core_clock (rise edge)
                          0.00   10.00   clock network delay (ideal)
                          0.00   10.00   clock reconvergence pessimism
                                 10.00 ^ _27_/CLK (sky130_fd_sc_hd__dfxtp_1)
                         -0.11    9.89   library setup time
                                  9.89   data required time
-----------------------------------------------------------------------------
                                  9.89   data required time
                                 -1.12   data arrival time
-----------------------------------------------------------------------------
                                  8.77   slack (MET)




===========================================================================
report_checks --slack_max -0.01
============================================================================
======================= Typical Corner ===================================

No paths found.


===========================================================================
 report_check_types -max_slew -max_cap -max_fanout -violators
============================================================================
======================= Typical Corner ===================================


max slew violations count Typical: 0
max fanout violations count Typical: 0
max cap violations count Typical: 0

===========================================================================
report_parasitic_annotation -report_unannotated
============================================================================
Found 1 unannotated drivers.
 clk
Found 0 partially unannotated drivers.

===========================================================================
max slew violation count 0
max fanout violation count 0
max cap violation count 0
============================================================================

===========================================================================
check_setup -verbose -unconstrained_endpoints -multiple_clock -no_clock -no_input_delay -loops -generated_clocks
===========================================================================
Warning: There is 1 input port missing set_input_delay.
  reset
Warning: There are 4 unconstrained endpoints.
  count[0]
  count[1]
  count[2]
  count[3]
checks_report_end
power_report

===========================================================================
 report_power
============================================================================
======================= Typical Corner ===================================

Group                  Internal  Switching    Leakage      Total
                          Power      Power      Power      Power (Watts)
----------------------------------------------------------------
Sequential             1.72e-05   1.12e-06   3.29e-11   1.83e-05  89.3%
Combinational          1.62e-06   5.80e-07   4.31e-11   2.20e-06  10.7%
Clock                  0.00e+00   0.00e+00   4.54e-11   4.54e-11   0.0%
Macro                  0.00e+00   0.00e+00   0.00e+00   0.00e+00   0.0%
Pad                    0.00e+00   0.00e+00   0.00e+00   0.00e+00   0.0%
----------------------------------------------------------------
Total                  1.88e-05   1.70e-06   1.21e-10   2.05e-05 100.0%
                          91.7%       8.3%       0.0%

power_report_end
skew_report

===========================================================================
report_clock_skew
============================================================================
Clock core_clock
   0.00 source latency _26_/CLK ^
   0.00 target latency _26_/CLK ^
   0.00 CRPR
--------------
   0.00 setup skew

skew_report_end
summary_report

===========================================================================
report_tns
============================================================================
tns 0.00

===========================================================================
report_wns
============================================================================
wns 0.00

===========================================================================
report_worst_slack -max (Setup)
============================================================================
worst slack 8.77

===========================================================================
report_worst_slack -min (Hold)
============================================================================
worst slack 0.47
summary_report_end
area_report

===========================================================================
report_design_area
============================================================================
Design area 189 u^2 49% utilization.
area_report_end
check_nonpropagated_clocks
core_clock
check_nonpropagated_clocks_end
[WARNING] Did not save OpenROAD database!
Writing SDF to '/openlane/designs/counter/runs/RUN_2025.05.24_18.10.11/results/signoff/counter.sdf'…
