
===========================================================================
report_checks -unconstrained
===========================================================================
======================= Typical Corner ===================================

Startpoint: _8205_ (rising edge-triggered flip-flop clocked by core_clock)
Endpoint: _8205_ (rising edge-triggered flip-flop clocked by core_clock)
Path Group: core_clock
Path Type: max

Fanout     Cap    Slew   Delay    Time   Description
-----------------------------------------------------------------------------
                          0.00    0.00   clock core_clock (rise edge)
                          0.00    0.00   clock source latency
     1    0.19    0.00    0.00    0.00 ^ clk (in)
                                         clk (net)
                  0.00    0.00    0.00 ^ clkbuf_0_clk/A (sky130_fd_sc_hd__clkbuf_16)
     2    0.07    0.08    0.14    0.14 ^ clkbuf_0_clk/X (sky130_fd_sc_hd__clkbuf_16)
                                         clknet_0_clk (net)
                  0.08    0.00    0.14 ^ clkbuf_1_1_0_clk/A (sky130_fd_sc_hd__clkbuf_8)
     2    0.03    0.07    0.16    0.30 ^ clkbuf_1_1_0_clk/X (sky130_fd_sc_hd__clkbuf_8)
                                         clknet_1_1_0_clk (net)
                  0.07    0.00    0.30 ^ clkbuf_2_3_0_clk/A (sky130_fd_sc_hd__clkbuf_8)
     1    0.04    0.07    0.16    0.46 ^ clkbuf_2_3_0_clk/X (sky130_fd_sc_hd__clkbuf_8)
                                         clknet_2_3_0_clk (net)
                  0.07    0.00    0.46 ^ clkbuf_2_3_1_clk/A (sky130_fd_sc_hd__clkbuf_8)
     4    0.06    0.12    0.20    0.66 ^ clkbuf_2_3_1_clk/X (sky130_fd_sc_hd__clkbuf_8)
                                         clknet_2_3_1_clk (net)
                  0.12    0.00    0.66 ^ clkbuf_4_15_0_clk/A (sky130_fd_sc_hd__clkbuf_8)
     2    0.04    0.08    0.18    0.84 ^ clkbuf_4_15_0_clk/X (sky130_fd_sc_hd__clkbuf_8)
                                         clknet_4_15_0_clk (net)
                  0.08    0.00    0.84 ^ clkbuf_5_30_0_clk/A (sky130_fd_sc_hd__clkbuf_8)
     2    0.02    0.05    0.14    0.98 ^ clkbuf_5_30_0_clk/X (sky130_fd_sc_hd__clkbuf_8)
                                         clknet_5_30_0_clk (net)
                  0.05    0.00    0.98 ^ clkbuf_6_61__f_clk/A (sky130_fd_sc_hd__clkbuf_16)
    13    0.03    0.05    0.14    1.12 ^ clkbuf_6_61__f_clk/X (sky130_fd_sc_hd__clkbuf_16)
                                         clknet_6_61__leaf_clk (net)
                  0.05    0.00    1.12 ^ _8205_/CLK (sky130_fd_sc_hd__dfxtp_4)
     1    0.13    0.17    0.43    1.54 v _8205_/Q (sky130_fd_sc_hd__dfxtp_4)
                                         ram[20][13] (net)
                  0.24    0.09    1.63 v wire950/A (sky130_fd_sc_hd__clkbuf_16)
     3    0.25    0.08    0.27    1.90 v wire950/X (sky130_fd_sc_hd__clkbuf_16)
                                         net950 (net)
                  0.56    0.28    2.18 v _4457_/A0 (sky130_fd_sc_hd__mux2_8)
     1    0.26    0.16    0.62    2.80 v _4457_/X (sky130_fd_sc_hd__mux2_8)
                                         _3138_ (net)
                  0.62    0.29    3.09 v _4458_/A (sky130_fd_sc_hd__clkbuf_16)
     1    0.00    0.04    0.36    3.45 v _4458_/X (sky130_fd_sc_hd__clkbuf_16)
                                         _0379_ (net)
                  0.04    0.00    3.45 v _8205_/D (sky130_fd_sc_hd__dfxtp_4)
                                  3.45   data arrival time

                         10.00   10.00   clock core_clock (rise edge)
                          0.00   10.00   clock source latency
     1    0.19    0.00    0.00   10.00 ^ clk (in)
                                         clk (net)
                  0.00    0.00   10.00 ^ clkbuf_0_clk/A (sky130_fd_sc_hd__clkbuf_16)
     2    0.07    0.08    0.14   10.14 ^ clkbuf_0_clk/X (sky130_fd_sc_hd__clkbuf_16)
                                         clknet_0_clk (net)
                  0.08    0.00   10.14 ^ clkbuf_1_1_0_clk/A (sky130_fd_sc_hd__clkbuf_8)
     2    0.03    0.07    0.16   10.30 ^ clkbuf_1_1_0_clk/X (sky130_fd_sc_hd__clkbuf_8)
                                         clknet_1_1_0_clk (net)
                  0.07    0.00   10.30 ^ clkbuf_2_3_0_clk/A (sky130_fd_sc_hd__clkbuf_8)
     1    0.04    0.07    0.16   10.46 ^ clkbuf_2_3_0_clk/X (sky130_fd_sc_hd__clkbuf_8)
                                         clknet_2_3_0_clk (net)
                  0.07    0.00   10.46 ^ clkbuf_2_3_1_clk/A (sky130_fd_sc_hd__clkbuf_8)
     4    0.06    0.12    0.20   10.66 ^ clkbuf_2_3_1_clk/X (sky130_fd_sc_hd__clkbuf_8)
                                         clknet_2_3_1_clk (net)
                  0.12    0.00   10.66 ^ clkbuf_4_15_0_clk/A (sky130_fd_sc_hd__clkbuf_8)
     2    0.04    0.08    0.18   10.84 ^ clkbuf_4_15_0_clk/X (sky130_fd_sc_hd__clkbuf_8)
                                         clknet_4_15_0_clk (net)
                  0.08    0.00   10.84 ^ clkbuf_5_30_0_clk/A (sky130_fd_sc_hd__clkbuf_8)
     2    0.02    0.05    0.14   10.98 ^ clkbuf_5_30_0_clk/X (sky130_fd_sc_hd__clkbuf_8)
                                         clknet_5_30_0_clk (net)
                  0.05    0.00   10.98 ^ clkbuf_6_61__f_clk/A (sky130_fd_sc_hd__clkbuf_16)
    13    0.03    0.05    0.14   11.12 ^ clkbuf_6_61__f_clk/X (sky130_fd_sc_hd__clkbuf_16)
                                         clknet_6_61__leaf_clk (net)
                  0.05    0.00   11.12 ^ _8205_/CLK (sky130_fd_sc_hd__dfxtp_4)
                          0.00   11.12   clock reconvergence pessimism
                         -0.11   11.01   library setup time
                                 11.01   data required time
-----------------------------------------------------------------------------
                                 11.01   data required time
                                 -3.45   data arrival time
-----------------------------------------------------------------------------
                                  7.56   slack (MET)




===========================================================================
report_checks --slack_max -0.01
============================================================================
======================= Typical Corner ===================================

No paths found.


===========================================================================
 report_check_types -max_slew -max_cap -max_fanout -violators
============================================================================
======================= Typical Corner ===================================


max slew violations count Typical: 0
max fanout violations count Typical: 0
max cap violations count Typical: 0

===========================================================================
report_parasitic_annotation -report_unannotated
============================================================================
Found 105 unannotated drivers.
 clkload0/Y
 clkload1/Y
 clkload10/X
 clkload100/X
 clkload101/X
 clkload102/X
 clkload103/X
 clkload104/X
 clkload11/Y
 clkload12/Y
 clkload13/X
 clkload14/X
 clkload15/Y
 clkload16/Y
 clkload17/Y
 clkload18/X
 clkload19/Y
 clkload2/Y
 clkload20/X
 clkload21/Y
 clkload22/Y
 clkload23/X
 clkload24/X
 clkload25/Y
 clkload26/X
 clkload27/Y
 clkload28/Y
 clkload29/Y
 clkload3/X
 clkload30/Y
 clkload31/X
 clkload32/X
 clkload33/X
 clkload34/X
 clkload35/X
 clkload36/X
 clkload37/X
 clkload38/X
 clkload39/X
 clkload4/X
 clkload40/X
 clkload41/X
 clkload42/X
 clkload43/X
 clkload44/Y
 clkload45/Y
 clkload46/Y
 clkload47/Y
 clkload48/X
 clkload49/X
 clkload5/X
 clkload50/X
 clkload51/X
 clkload52/X
 clkload53/X
 clkload54/X
 clkload55/X
 clkload56/X
 clkload57/X
 clkload58/X
 clkload59/X
 clkload6/Y
 clkload60/X
 clkload61/X
 clkload62/X
 clkload63/X
 clkload64/X
 clkload65/X
 clkload66/X
 clkload67/X
 clkload68/X
 clkload69/X
 clkload7/Y
 clkload70/X
 clkload71/X
 clkload72/X
 clkload73/X
 clkload74/X
 clkload75/X
 clkload76/X
 clkload77/X
 clkload78/X
 clkload79/X
 clkload8/Y
 clkload80/X
 clkload81/X
 clkload82/X
 clkload83/X
 clkload84/X
 clkload85/X
 clkload86/Y
 clkload87/X
 clkload88/X
 clkload89/X
 clkload9/Y
 clkload90/X
 clkload91/X
 clkload92/X
 clkload93/X
 clkload94/X
 clkload95/X
 clkload96/X
 clkload97/X
 clkload98/X
 clkload99/X
Found 4085 partially unannotated drivers.
 a1[4]
 a2[0]
 a2[1]
 a3[4]
 clk
 wd3[15]
 wd3[16]
 wd3[17]
 wd3[25]
 wd3[26]
 wd3[27]
 wd3[28]
 wd3[5]
 wd3[6]
 wd3[7]
 we3
 _3885_/X
 _3887_/X
 _3888_/X
 _3889_/X
 _3893_/X
 _3894_/X
 _3896_/X
 _3897_/X
 _3898_/X
 _3900_/X
 _3901_/X
 _3902_/X
 _3903_/X
 _3905_/X
 _3908_/X
 _3909_/X
 _3911_/X
 _3912_/X
 _3913_/X
 _3914_/X
 _3916_/X
 _3917_/X
 _3918_/X
 _3919_/X
 _3921_/X
 _3922_/X
 _3923_/X
 _3924_/X
 _3927_/X
 _3928_/X
 _3929_/X
 _3931_/X
 _3932_/X
 _3933_/X
 _3934_/X
 _3935_/X
 _3936_/X
 _3937_/X
 _3938_/X
 _3940_/X
 _3941_/X
 _3944_/X
 _3945_/X
 _3946_/X
 _3947_/X
 _3950_/X
 _3953_/X
 _3954_/X
 _3955_/X
 _3956_/X
 _3957_/X
 _3959_/X
 _3962_/X
 _3965_/X
 _3968_/X
 _3969_/X
 _3970_/X
 _3971_/X
 _3972_/X
 _3973_/X
 _3974_/X
 _3975_/X
 _3976_/X
 _3981_/X
 _3982_/X
 _3985_/X
 _3986_/X
 _3987_/X
 _3989_/X
 _3990_/X
 _3994_/X
 _3995_/X
 _3996_/X
 _4001_/Y
 _4002_/X
 _4003_/X
 _4005_/X
 _4006_/X
 _4009_/X
 _4010_/X
 _4011_/X
 _4014_/X
 _4015_/X
 _4016_/X
 _4019_/X
 _4020_/X
 _4021_/X
 _4023_/X
 _4025_/X
 _4029_/X
 _4030_/X
 _4031_/X
 _4032_/X
 _4037_/X
 _4038_/X
 _4039_/X
 _4040_/X
 _4041_/X
 _4042_/X
 _4043_/X
 _4044_/X
 _4045_/X
 _4046_/X
 _4047_/X
 _4048_/X
 _4051_/X
 _4052_/X
 _4053_/X
 _4054_/X
 _4055_/X
 _4056_/X
 _4057_/X
 _4058_/X
 _4059_/X
 _4060_/X
 _4061_/X
 _4062_/X
 _4063_/X
 _4066_/X
 _4067_/X
 _4068_/X
 _4069_/X
 _4070_/Y
 _4071_/X
 _4072_/X
 _4073_/X
 _4077_/X
 _4078_/X
 _4079_/X
 _4083_/X
 _4084_/X
 _4085_/X
 _4086_/X
 _4089_/X
 _4090_/X
 _4091_/X
 _4092_/X
 _4097_/X
 _4098_/X
 _4099_/X
 _4102_/X
 _4104_/X
 _4105_/X
 _4106_/X
 _4107_/X
 _4108_/X
 _4109_/X
 _4112_/X
 _4113_/X
 _4114_/X
 _4115_/X
 _4117_/X
 _4119_/X
 _4120_/X
 _4122_/X
 _4126_/X
 _4132_/X
 _4134_/X
 _4136_/X
 _4140_/X
 _4141_/X
 _4142_/X
 _4147_/X
 _4151_/X
 _4152_/X
 _4153_/X
 _4155_/X
 _4158_/X
 _4160_/X
 _4162_/X
 _4164_/X
 _4166_/X
 _4167_/X
 _4168_/X
 _4172_/X
 _4173_/X
 _4176_/X
 _4177_/X
 _4178_/X
 _4180_/X
 _4181_/X
 _4182_/X
 _4185_/X
 _4188_/X
 _4189_/X
 _4191_/X
 _4192_/X
 _4193_/X
 _4199_/X
 _4200_/X
 _4201_/X
 _4204_/X
 _4205_/X
 _4207_/Y
 _4208_/Y
 _4209_/X
 _4211_/X
 _4213_/X
 _4215_/X
 _4216_/X
 _4222_/X
 _4224_/X
 _4225_/X
 _4226_/X
 _4229_/X
 _4230_/X
 _4233_/X
 _4235_/X
 _4237_/X
 _4238_/X
 _4241_/X
 _4242_/X
 _4244_/X
 _4246_/X
 _4247_/X
 _4248_/X
 _4250_/X
 _4251_/X
 _4252_/X
 _4253_/X
 _4256_/X
 _4260_/X
 _4261_/X
 _4262_/X
 _4263_/X
 _4265_/X
 _4268_/X
 _4271_/X
 _4275_/X
 _4277_/X
 _4279_/X
 _4280_/X
 _4281_/X
 _4283_/X
 _4286_/X
 _4288_/X
 _4291_/X
 _4293_/X
 _4294_/X
 _4295_/X
 _4296_/X
 _4298_/X
 _4299_/X
 _4301_/X
 _4304_/X
 _4311_/X
 _4314_/X
 _4317_/X
 _4321_/X
 _4322_/X
 _4325_/X
 _4328_/X
 _4329_/X
 _4335_/X
 _4336_/X
 _4337_/X
 _4339_/X
 _4342_/X
 _4343_/X
 _4344_/X
 _4346_/X
 _4347_/X
 _4349_/X
 _4350_/X
 _4351_/X
 _4352_/X
 _4353_/X
 _4355_/X
 _4356_/X
 _4358_/X
 _4360_/X
 _4362_/X
 _4363_/X
 _4364_/X
 _4365_/X
 _4366_/X
 _4367_/X
 _4368_/X
 _4370_/X
 _4372_/X
 _4373_/X
 _4375_/X
 _4376_/X
 _4377_/X
 _4378_/X
 _4379_/X
 _4382_/X
 _4385_/X
 _4386_/X
 _4387_/X
 _4388_/X
 _4389_/X
 _4391_/X
 _4394_/X
 _4395_/X
 _4396_/X
 _4397_/X
 _4399_/X
 _4400_/X
 _4402_/X
 _4403_/X
 _4406_/X
 _4408_/X
 _4413_/X
 _4416_/X
 _4417_/X
 _4418_/X
 _4419_/X
 _4420_/X
 _4422_/X
 _4424_/X
 _4425_/X
 _4426_/X
 _4427_/X
 _4428_/X
 _4430_/X
 _4431_/X
 _4434_/X
 _4437_/X
 _4440_/X
 _4441_/X
 _4442_/X
 _4443_/X
 _4445_/X
 _4446_/X
 _4447_/X
 _4448_/X
 _4449_/X
 _4450_/X
 _4451_/X
 _4452_/X
 _4453_/X
 _4454_/X
 _4455_/X
 _4456_/X
 _4458_/X
 _4459_/X
 _4462_/X
 _4463_/X
 _4464_/X
 _4465_/X
 _4467_/X
 _4468_/X
 _4470_/X
 _4471_/X
 _4472_/X
 _4473_/X
 _4474_/X
 _4475_/X
 _4477_/X
 _4478_/X
 _4481_/X
 _4482_/X
 _4483_/X
 _4484_/X
 _4486_/X
 _4487_/X
 _4488_/X
 _4489_/X
 _4491_/X
 _4492_/X
 _4493_/X
 _4494_/X
 _4495_/X
 _4496_/X
 _4498_/X
 _4499_/X
 _4502_/X
 _4503_/X
 _4504_/X
 _4505_/X
 _4508_/X
 _4509_/X
 _4510_/X
 _4511_/X
 _4512_/X
 _4513_/X
 _4514_/Y
 _4515_/X
 _4517_/X
 _4518_/X
 _4519_/X
 _4521_/X
 _4525_/X
 _4526_/X
 _4527_/X
 _4529_/X
 _4530_/X
 _4533_/X
 _4535_/X
 _4536_/X
 _4538_/X
 _4540_/X
 _4541_/X
 _4542_/X
 _4543_/X
 _4548_/X
 _4549_/X
 _4550_/X
 _4551_/X
 _4552_/X
 _4554_/X
 _4559_/X
 _4560_/X
 _4563_/X
 _4565_/X
 _4568_/X
 _4570_/X
 _4573_/X
 _4574_/X
 _4577_/X
 _4579_/X
 _4582_/Y
 _4583_/X
 _4584_/X
 _4585_/X
 _4586_/X
 _4590_/X
 _4591_/X
 _4592_/X
 _4593_/X
 _4594_/X
 _4595_/X
 _4596_/X
 _4597_/X
 _4601_/X
 _4603_/X
 _4604_/X
 _4605_/X
 _4606_/X
 _4607_/X
 _4608_/X
 _4609_/X
 _4610_/X
 _4611_/X
 _4612_/X
 _4613_/X
 _4614_/X
 _4615_/X
 _4618_/X
 _4622_/X
 _4624_/X
 _4625_/X
 _4626_/X
 _4628_/X
 _4630_/X
 _4633_/X
 _4634_/X
 _4635_/X
 _4636_/X
 _4637_/X
 _4639_/X
 _4640_/X
 _4641_/X
 _4642_/X
 _4644_/X
 _4646_/X
 _4647_/X
 _4651_/X
 _4652_/X
 _4653_/X
 _4655_/X
 _4657_/X
 _4658_/X
 _4660_/X
 _4661_/X
 _4662_/X
 _4665_/X
 _4666_/X
 _4667_/X
 _4669_/X
 _4670_/X
 _4671_/X
 _4672_/X
 _4674_/X
 _4675_/X
 _4676_/X
 _4677_/X
 _4679_/X
 _4680_/X
 _4683_/X
 _4685_/X
 _4686_/X
 _4687_/X
 _4689_/X
 _4691_/X
 _4692_/X
 _4693_/X
 _4695_/X
 _4696_/X
 _4699_/X
 _4704_/X
 _4706_/X
 _4707_/X
 _4710_/X
 _4711_/X
 _4712_/X
 _4713_/X
 _4716_/X
 _4717_/X
 _4720_/X
 _4721_/X
 _4723_/X
 _4724_/X
 _4725_/X
 _4727_/X
 _4729_/X
 _4731_/X
 _4732_/X
 _4734_/X
 _4735_/X
 _4737_/X
 _4738_/X
 _4739_/X
 _4740_/X
 _4741_/X
 _4743_/X
 _4745_/X
 _4746_/X
 _4747_/X
 _4748_/X
 _4749_/X
 _4750_/X
 _4751_/X
 _4754_/X
 _4755_/X
 _4756_/X
 _4758_/X
 _4761_/X
 _4763_/X
 _4767_/X
 _4768_/X
 _4770_/X
 _4774_/X
 _4775_/X
 _4776_/X
 _4777_/X
 _4778_/X
 _4780_/X
 _4783_/X
 _4784_/X
 _4785_/X
 _4786_/X
 _4788_/X
 _4792_/X
 _4793_/X
 _4796_/X
 _4797_/X
 _4798_/X
 _4799_/X
 _4800_/X
 _4802_/X
 _4804_/X
 _4807_/X
 _4808_/X
 _4809_/X
 _4810_/X
 _4811_/X
 _4812_/X
 _4814_/X
 _4815_/X
 _4818_/X
 _4820_/X
 _4827_/X
 _4828_/X
 _4829_/X
 _4830_/X
 _4831_/X
 _4834_/X
 _4835_/X
 _4840_/X
 _4841_/X
 _4844_/X
 _4846_/X
 _4848_/X
 _4850_/X
 _4853_/X
 _4854_/X
 _4855_/Y
 _4856_/X
 _4858_/X
 _4859_/X
 _4866_/X
 _4868_/X
 _4869_/X
 _4870_/X
 _4871_/X
 _4872_/X
 _4875_/X
 _4876_/X
 _4880_/X
 _4881_/X
 _4884_/X
 _4885_/X
 _4886_/X
 _4887_/X
 _4888_/X
 _4891_/X
 _4892_/X
 _4893_/X
 _4894_/X
 _4895_/X
 _4896_/X
 _4899_/X
 _4900_/X
 _4901_/X
 _4902_/X
 _4908_/X
 _4910_/X
 _4912_/X
 _4913_/X
 _4916_/X
 _4917_/X
 _4919_/X
 _4921_/X
 _4922_/X
 _4923_/Y
 _4924_/X
 _4925_/X
 _4926_/X
 _4927_/X
 _4928_/X
 _4929_/X
 _4930_/X
 _4931_/X
 _4932_/X
 _4934_/X
 _4938_/X
 _4940_/X
 _4944_/X
 _4945_/X
 _4946_/X
 _4947_/X
 _4948_/X
 _4950_/X
 _4951_/X
 _4952_/X
 _4953_/X
 _4954_/X
 _4956_/X
 _4957_/X
 _4958_/X
 _4959_/X
 _4960_/X
 _4961_/X
 _4962_/X
 _4963_/X
 _4965_/X
 _4966_/X
 _4967_/X
 _4968_/X
 _4974_/X
 _4976_/X
 _4977_/X
 _4978_/X
 _4981_/X
 _4984_/X
 _4989_/X
 _4991_/Y
 _4992_/X
 _4993_/X
 _4994_/X
 _4995_/X
 _4996_/X
 _4997_/X
 _4999_/X
 _5000_/X
 _5001_/X
 _5003_/X
 _5004_/X
 _5005_/X
 _5006_/X
 _5007_/X
 _5008_/X
 _5009_/X
 _5010_/X
 _5011_/X
 _5012_/X
 _5013_/X
 _5014_/X
 _5016_/X
 _5017_/X
 _5018_/X
 _5019_/X
 _5020_/X
 _5022_/X
 _5026_/X
 _5028_/X
 _5030_/X
 _5031_/X
 _5032_/X
 _5037_/X
 _5038_/X
 _5039_/X
 _5041_/X
 _5044_/X
 _5045_/X
 _5046_/X
 _5047_/X
 _5048_/X
 _5049_/X
 _5050_/X
 _5051_/X
 _5053_/X
 _5055_/X
 _5056_/X
 _5057_/X
 _5060_/X
 _5061_/X
 _5062_/X
 _5065_/X
 _5069_/X
 _5072_/X
 _5073_/X
 _5075_/X
 _5077_/X
 _5079_/X
 _5081_/X
 _5082_/X
 _5083_/X
 _5084_/X
 _5085_/X
 _5087_/X
 _5089_/X
 _5090_/X
 _5091_/X
 _5093_/X
 _5094_/X
 _5095_/X
 _5097_/X
 _5098_/X
 _5099_/X
 _5100_/X
 _5101_/X
 _5102_/X
 _5103_/X
 _5105_/X
 _5106_/X
 _5107_/X
 _5108_/X
 _5109_/X
 _5110_/X
 _5111_/X
 _5112_/X
 _5114_/X
 _5118_/X
 _5119_/X
 _5121_/X
 _5126_/X
 _5127_/Y
 _5128_/X
 _5129_/X
 _5130_/X
 _5131_/X
 _5132_/X
 _5136_/X
 _5139_/X
 _5141_/X
 _5142_/X
 _5143_/X
 _5144_/X
 _5145_/X
 _5146_/X
 _5149_/X
 _5151_/X
 _5152_/X
 _5153_/X
 _5154_/X
 _5157_/X
 _5159_/X
 _5160_/X
 _5161_/X
 _5163_/X
 _5164_/X
 _5165_/X
 _5170_/X
 _5172_/X
 _5173_/X
 _5175_/X
 _5177_/X
 _5179_/X
 _5180_/X
 _5187_/X
 _5189_/X
 _5190_/X
 _5191_/X
 _5193_/X
 _5194_/X
 _5195_/Y
 _5196_/X
 _5198_/X
 _5199_/X
 _5200_/X
 _5201_/X
 _5202_/X
 _5203_/X
 _5204_/X
 _5206_/X
 _5207_/X
 _5208_/X
 _5214_/X
 _5217_/X
 _5219_/X
 _5220_/X
 _5221_/X
 _5223_/X
 _5226_/X
 _5229_/X
 _5233_/X
 _5234_/X
 _5235_/X
 _5236_/X
 _5238_/X
 _5240_/X
 _5241_/X
 _5242_/X
 _5243_/X
 _5244_/X
 _5245_/X
 _5249_/X
 _5250_/X
 _5251_/X
 _5253_/X
 _5254_/X
 _5256_/X
 _5258_/X
 _5261_/X
 _5262_/X
 _5263_/X
 _5264_/Y
 _5266_/X
 _5267_/X
 _5268_/X
 _5272_/X
 _5275_/X
 _5276_/X
 _5281_/X
 _5286_/X
 _5287_/X
 _5289_/X
 _5291_/X
 _5292_/X
 _5294_/X
 _5295_/X
 _5297_/X
 _5299_/X
 _5300_/X
 _5301_/X
 _5302_/X
 _5305_/X
 _5306_/X
 _5307_/X
 _5309_/X
 _5310_/X
 _5311_/X
 _5312_/X
 _5313_/X
 _5315_/X
 _5316_/X
 _5317_/X
 _5318_/X
 _5319_/X
 _5320_/X
 _5321_/X
 _5322_/X
 _5323_/X
 _5325_/X
 _5331_/X
 _5332_/Y
 _5335_/X
 _5342_/X
 _5343_/X
 _5344_/X
 _5345_/X
 _5346_/X
 _5347_/X
 _5349_/X
 _5351_/X
 _5353_/X
 _5354_/X
 _5355_/X
 _5356_/X
 _5359_/X
 _5361_/X
 _5365_/X
 _5366_/X
 _5367_/X
 _5368_/X
 _5371_/X
 _5372_/X
 _5373_/X
 _5374_/X
 _5375_/X
 _5376_/X
 _5378_/X
 _5379_/X
 _5380_/X
 _5381_/X
 _5386_/X
 _5387_/X
 _5388_/X
 _5389_/X
 _5392_/X
 _5393_/X
 _5394_/X
 _5395_/X
 _5397_/X
 _5400_/Y
 _5401_/X
 _5402_/X
 _5405_/X
 _5406_/X
 _5408_/X
 _5409_/X
 _5411_/X
 _5412_/X
 _5413_/X
 _5415_/X
 _5416_/X
 _5418_/X
 _5419_/X
 _5420_/X
 _5422_/X
 _5423_/X
 _5424_/X
 _5428_/X
 _5430_/X
 _5431_/X
 _5434_/X
 _5435_/X
 _5436_/X
 _5437_/X
 _5441_/X
 _5443_/X
 _5445_/X
 _5446_/X
 _5447_/X
 _5448_/X
 _5449_/X
 _5450_/X
 _5452_/X
 _5453_/X
 _5454_/X
 _5455_/X
 _5456_/X
 _5457_/X
 _5459_/X
 _5460_/X
 _5461_/X
 _5465_/X
 _5466_/X
 _5468_/Y
 _5469_/X
 _5470_/X
 _5471_/X
 _5472_/X
 _5473_/X
 _5474_/X
 _5475_/X
 _5476_/X
 _5478_/X
 _5479_/X
 _5480_/X
 _5481_/X
 _5482_/X
 _5484_/X
 _5488_/X
 _5489_/X
 _5490_/X
 _5491_/X
 _5496_/X
 _5497_/X
 _5498_/X
 _5499_/X
 _5501_/X
 _5504_/X
 _5506_/X
 _5507_/X
 _5508_/X
 _5509_/X
 _5511_/X
 _5512_/X
 _5514_/X
 _5515_/X
 _5518_/X
 _5520_/X
 _5521_/X
 _5522_/X
 _5523_/X
 _5527_/X
 _5529_/X
 _5534_/X
 _5536_/Y
 _5537_/X
 _5538_/X
 _5539_/X
 _5540_/X
 _5541_/X
 _5545_/X
 _5546_/X
 _5547_/X
 _5551_/X
 _5552_/X
 _5553_/X
 _5554_/X
 _5555_/X
 _5557_/X
 _5558_/X
 _5560_/X
 _5561_/X
 _5563_/X
 _5564_/X
 _5566_/X
 _5567_/X
 _5570_/X
 _5573_/X
 _5574_/X
 _5576_/X
 _5577_/X
 _5578_/X
 _5579_/X
 _5581_/X
 _5584_/X
 _5589_/X
 _5590_/X
 _5593_/X
 _5594_/X
 _5595_/X
 _5597_/X
 _5598_/X
 _5599_/X
 _5600_/X
 _5601_/X
 _5602_/X
 _5603_/X
 _5604_/Y
 _5606_/X
 _5608_/X
 _5612_/X
 _5614_/X
 _5618_/X
 _5621_/X
 _5624_/X
 _5626_/X
 _5627_/X
 _5628_/X
 _5629_/X
 _5630_/X
 _5631_/X
 _5633_/X
 _5635_/X
 _5637_/X
 _5638_/X
 _5639_/X
 _5640_/X
 _5641_/X
 _5644_/X
 _5646_/X
 _5647_/X
 _5648_/X
 _5649_/X
 _5654_/X
 _5655_/X
 _5657_/X
 _5658_/X
 _5660_/X
 _5661_/X
 _5662_/X
 _5664_/X
 _5665_/X
 _5666_/X
 _5668_/X
 _5669_/X
 _5670_/X
 _5671_/X
 _5672_/Y
 _5673_/X
 _5674_/X
 _5678_/X
 _5684_/X
 _5685_/X
 _5686_/X
 _5692_/X
 _5694_/X
 _5697_/X
 _5698_/X
 _5701_/X
 _5703_/X
 _5705_/X
 _5707_/X
 _5708_/X
 _5709_/X
 _5710_/X
 _5711_/X
 _5714_/X
 _5715_/X
 _5717_/X
 _5718_/X
 _5722_/X
 _5723_/X
 _5724_/X
 _5725_/X
 _5730_/X
 _5731_/X
 _5735_/X
 _5737_/X
 _5739_/X
 _5741_/X
 _5742_/X
 _5743_/X
 _5744_/X
 _5746_/X
 _5748_/X
 _5750_/X
 _5751_/X
 _5752_/X
 _5753_/X
 _5756_/X
 _5757_/X
 _5764_/X
 _5765_/X
 _5766_/X
 _5770_/X
 _5771_/X
 _5772_/X
 _5773_/X
 _5774_/X
 _5775_/X
 _5776_/X
 _5777_/X
 _5779_/X
 _5780_/X
 _5781_/X
 _5782_/X
 _5783_/X
 _5785_/X
 _5788_/X
 _5794_/X
 _5796_/X
 _5797_/X
 _5799_/X
 _5800_/X
 _5801_/X
 _5803_/X
 _5804_/X
 _5805_/X
 _5808_/X
 _5811_/X
 _5813_/X
 _5814_/X
 _5816_/X
 _5818_/X
 _5819_/X
 _5822_/X
 _5824_/X
 _5825_/X
 _5827_/X
 _5828_/X
 _5831_/X
 _5832_/X
 _5834_/X
 _5836_/X
 _5839_/X
 _5841_/X
 _5842_/X
 _5845_/Y
 _5846_/X
 _5848_/X
 _5849_/X
 _5850_/X
 _5851_/X
 _5852_/X
 _5853_/X
 _5854_/X
 _5858_/X
 _5859_/X
 _5860_/X
 _5861_/X
 _5862_/X
 _5863_/X
 _5864_/X
 _5867_/X
 _5868_/X
 _5869_/X
 _5871_/X
 _5872_/X
 _5873_/X
 _5874_/X
 _5875_/X
 _5877_/X
 _5878_/X
 _5879_/X
 _5881_/Y
 _5882_/Y
 _5885_/X
 _5887_/X
 _5888_/X
 _5889_/X
 _5890_/X
 _5891_/Y
 _5892_/X
 _5893_/X
 _5894_/X
 _5895_/X
 _5896_/X
 _5897_/X
 _5898_/X
 _5900_/X
 _5901_/X
 _5902_/X
 _5904_/X
 _5906_/X
 _5907_/X
 _5909_/X
 _5910_/X
 _5911_/X
 _5915_/Y
 _5920_/X
 _5923_/X
 _5924_/X
 _5926_/X
 _5927_/X
 _5928_/X
 _5929_/Y
 _5930_/X
 _5931_/X
 _5933_/X
 _5934_/X
 _5935_/X
 _5938_/Y
 _5939_/X
 _5940_/X
 _5941_/X
 _5942_/X
 _5943_/X
 _5944_/X
 _5946_/X
 _5948_/X
 _5949_/X
 _5950_/X
 _5953_/X
 _5954_/Y
 _5955_/X
 _5956_/Y
 _5959_/X
 _5960_/X
 _5963_/X
 _5964_/X
 _5965_/X
 _5967_/X
 _5969_/X
 _5971_/X
 _5975_/X
 _5977_/X
 _5978_/X
 _5980_/X
 _5982_/X
 _5983_/X
 _5984_/X
 _5985_/X
 _5986_/X
 _5989_/X
 _5994_/X
 _5997_/X
 _5998_/X
 _5999_/X
 _6002_/X
 _6003_/X
 _6006_/X
 _6009_/X
 _6010_/X
 _6011_/X
 _6012_/X
 _6013_/X
 _6014_/X
 _6015_/X
 _6016_/X
 _6019_/X
 _6021_/X
 _6025_/X
 _6026_/X
 _6027_/X
 _6028_/X
 _6029_/X
 _6030_/X
 _6031_/X
 _6032_/X
 _6033_/X
 _6034_/X
 _6035_/X
 _6038_/X
 _6042_/X
 _6044_/X
 _6045_/X
 _6046_/X
 _6050_/X
 _6051_/X
 _6054_/X
 _6055_/X
 _6056_/X
 _6059_/X
 _6060_/X
 _6061_/X
 _6063_/X
 _6064_/X
 _6065_/X
 _6066_/X
 _6067_/X
 _6069_/X
 _6071_/X
 _6073_/X
 _6074_/X
 _6075_/X
 _6079_/X
 _6081_/X
 _6082_/X
 _6084_/X
 _6085_/X
 _6086_/X
 _6087_/X
 _6090_/X
 _6091_/X
 _6092_/X
 _6094_/X
 _6095_/X
 _6100_/X
 _6101_/X
 _6102_/X
 _6103_/X
 _6104_/X
 _6105_/X
 _6111_/X
 _6115_/X
 _6117_/X
 _6118_/X
 _6123_/X
 _6124_/X
 _6127_/X
 _6131_/X
 _6132_/X
 _6133_/X
 _6134_/X
 _6137_/X
 _6138_/X
 _6140_/X
 _6141_/X
 _6143_/X
 _6145_/X
 _6146_/X
 _6147_/X
 _6149_/X
 _6150_/X
 _6151_/X
 _6154_/X
 _6155_/X
 _6164_/X
 _6165_/X
 _6166_/X
 _6167_/X
 _6168_/X
 _6169_/X
 _6170_/X
 _6171_/X
 _6172_/X
 _6173_/X
 _6174_/X
 _6175_/X
 _6176_/X
 _6181_/X
 _6185_/X
 _6190_/X
 _6191_/X
 _6193_/X
 _6194_/X
 _6196_/X
 _6197_/X
 _6198_/X
 _6199_/X
 _6200_/X
 _6201_/X
 _6202_/X
 _6208_/X
 _6209_/X
 _6211_/X
 _6212_/X
 _6214_/X
 _6215_/X
 _6216_/X
 _6217_/X
 _6218_/X
 _6221_/X
 _6227_/X
 _6228_/X
 _6229_/X
 _6230_/X
 _6231_/X
 _6232_/X
 _6237_/X
 _6238_/X
 _6239_/X
 _6240_/X
 _6242_/X
 _6243_/X
 _6252_/X
 _6254_/X
 _6255_/X
 _6257_/X
 _6258_/X
 _6260_/X
 _6261_/X
 _6262_/X
 _6263_/X
 _6266_/X
 _6267_/X
 _6271_/X
 _6275_/X
 _6276_/X
 _6280_/X
 _6281_/X
 _6282_/X
 _6287_/X
 _6288_/X
 _6289_/X
 _6290_/X
 _6292_/X
 _6293_/X
 _6296_/X
 _6297_/X
 _6299_/X
 _6300_/X
 _6303_/X
 _6305_/X
 _6307_/X
 _6310_/X
 _6312_/X
 _6314_/X
 _6318_/X
 _6319_/X
 _6320_/X
 _6321_/X
 _6324_/X
 _6326_/X
 _6327_/X
 _6328_/X
 _6329_/X
 _6331_/X
 _6332_/X
 _6333_/X
 _6338_/X
 _6340_/X
 _6343_/X
 _6346_/X
 _6349_/X
 _6350_/X
 _6353_/X
 _6354_/X
 _6355_/X
 _6358_/X
 _6359_/X
 _6361_/X
 _6362_/X
 _6363_/X
 _6364_/X
 _6365_/X
 _6366_/X
 _6367_/X
 _6369_/X
 _6374_/X
 _6375_/X
 _6377_/X
 _6378_/X
 _6379_/X
 _6380_/X
 _6383_/X
 _6384_/X
 _6388_/X
 _6389_/X
 _6390_/X
 _6391_/X
 _6392_/X
 _6395_/X
 _6400_/X
 _6402_/X
 _6403_/X
 _6405_/X
 _6406_/X
 _6407_/X
 _6408_/X
 _6409_/X
 _6410_/X
 _6413_/X
 _6416_/X
 _6417_/X
 _6418_/X
 _6419_/X
 _6420_/X
 _6422_/X
 _6423_/X
 _6425_/X
 _6426_/X
 _6427_/X
 _6432_/X
 _6434_/X
 _6435_/X
 _6437_/X
 _6440_/X
 _6441_/X
 _6443_/X
 _6444_/X
 _6445_/X
 _6446_/X
 _6448_/X
 _6449_/X
 _6453_/X
 _6455_/X
 _6458_/X
 _6459_/X
 _6460_/X
 _6461_/X
 _6463_/X
 _6464_/X
 _6466_/X
 _6467_/X
 _6472_/X
 _6473_/X
 _6482_/X
 _6488_/X
 _6489_/X
 _6490_/X
 _6491_/X
 _6493_/X
 _6496_/X
 _6498_/X
 _6499_/X
 _6504_/X
 _6506_/X
 _6507_/X
 _6511_/X
 _6513_/X
 _6515_/X
 _6517_/X
 _6518_/X
 _6521_/X
 _6522_/X
 _6523_/X
 _6526_/X
 _6527_/X
 _6528_/X
 _6529_/X
 _6530_/X
 _6535_/X
 _6538_/X
 _6539_/X
 _6541_/X
 _6542_/X
 _6546_/X
 _6547_/X
 _6548_/X
 _6552_/X
 _6556_/X
 _6558_/X
 _6559_/X
 _6560_/X
 _6561_/X
 _6569_/X
 _6570_/X
 _6574_/X
 _6575_/X
 _6576_/X
 _6577_/X
 _6578_/X
 _6580_/X
 _6582_/X
 _6585_/X
 _6586_/X
 _6587_/X
 _6588_/X
 _6589_/X
 _6591_/X
 _6593_/X
 _6595_/X
 _6596_/X
 _6597_/X
 _6600_/X
 _6601_/X
 _6602_/X
 _6607_/X
 _6608_/X
 _6614_/X
 _6615_/X
 _6617_/X
 _6619_/X
 _6620_/X
 _6621_/X
 _6622_/X
 _6623_/X
 _6625_/X
 _6626_/X
 _6629_/X
 _6630_/X
 _6633_/X
 _6634_/X
 _6635_/X
 _6636_/X
 _6638_/X
 _6639_/X
 _6641_/X
 _6643_/X
 _6645_/X
 _6649_/X
 _6651_/X
 _6652_/X
 _6654_/X
 _6656_/X
 _6658_/X
 _6659_/X
 _6660_/X
 _6661_/X
 _6662_/X
 _6663_/X
 _6670_/X
 _6677_/X
 _6678_/X
 _6679_/X
 _6680_/X
 _6682_/X
 _6683_/X
 _6684_/X
 _6685_/X
 _6686_/X
 _6687_/X
 _6688_/Y
 _6689_/X
 _6690_/X
 _6691_/X
 _6692_/X
 _6693_/X
 _6694_/X
 _6698_/X
 _6699_/X
 _6701_/X
 _6702_/X
 _6704_/Y
 _6705_/X
 _6709_/X
 _6710_/X
 _6712_/X
 _6714_/X
 _6715_/X
 _6716_/X
 _6717_/X
 _6721_/X
 _6722_/X
 _6726_/X
 _6728_/X
 _6729_/X
 _6730_/X
 _6732_/X
 _6733_/X
 _6734_/X
 _6735_/X
 _6736_/X
 _6738_/X
 _6739_/Y
 _6740_/X
 _6741_/X
 _6742_/X
 _6743_/X
 _6744_/X
 _6745_/X
 _6747_/X
 _6748_/X
 _6750_/X
 _6751_/X
 _6753_/X
 _6755_/X
 _6756_/X
 _6757_/X
 _6758_/X
 _6759_/X
 _6760_/X
 _6761_/X
 _6763_/X
 _6765_/X
 _6766_/X
 _6768_/X
 _6769_/X
 _6771_/X
 _6774_/X
 _6775_/X
 _6776_/X
 _6777_/X
 _6778_/X
 _6780_/X
 _6782_/X
 _6783_/X
 _6785_/Y
 _6786_/X
 _6789_/X
 _6790_/X
 _6792_/X
 _6794_/X
 _6795_/X
 _6796_/X
 _6797_/X
 _6798_/X
 _6799_/X
 _6800_/X
 _6802_/X
 _6805_/X
 _6806_/X
 _6808_/X
 _6809_/X
 _6810_/X
 _6811_/X
 _6812_/X
 _6814_/X
 _6815_/X
 _6817_/X
 _6818_/X
 _6821_/X
 _6822_/X
 _6823_/X
 _6825_/X
 _6826_/X
 _6827_/X
 _6829_/X
 _6830_/X
 _6831_/X
 _6832_/X
 _6834_/X
 _6835_/X
 _6838_/X
 _6839_/X
 _6841_/X
 _6845_/X
 _6846_/X
 _6850_/X
 _6851_/X
 _6862_/X
 _6864_/X
 _6866_/X
 _6867_/X
 _6868_/X
 _6869_/X
 _6874_/X
 _6875_/X
 _6876_/X
 _6877_/X
 _6878_/X
 _6879_/X
 _6881_/X
 _6883_/X
 _6884_/X
 _6885_/X
 _6886_/X
 _6887_/X
 _6888_/X
 _6890_/X
 _6892_/X
 _6893_/X
 _6894_/X
 _6896_/X
 _6897_/X
 _6898_/X
 _6900_/X
 _6903_/X
 _6904_/X
 _6905_/X
 _6908_/X
 _6911_/X
 _6914_/X
 _6915_/X
 _6916_/X
 _6918_/X
 _6919_/X
 _6920_/X
 _6922_/X
 _6923_/X
 _6927_/X
 _6928_/X
 _6929_/X
 _6931_/X
 _6934_/X
 _6937_/X
 _6943_/X
 _6944_/X
 _6945_/X
 _6946_/X
 _6947_/X
 _6948_/X
 _6949_/X
 _6951_/X
 _6952_/X
 _6953_/X
 _6955_/X
 _6956_/X
 _6957_/X
 _6958_/X
 _6959_/X
 _6960_/X
 _6961_/X
 _6962_/X
 _6963_/X
 _6964_/X
 _6965_/X
 _6968_/X
 _6970_/X
 _6971_/X
 _6972_/X
 _6975_/X
 _6976_/X
 _6978_/X
 _6979_/X
 _6980_/X
 _6981_/X
 _6982_/X
 _6984_/X
 _6985_/X
 _6986_/X
 _6988_/X
 _6989_/X
 _6992_/X
 _6994_/X
 _6995_/X
 _6996_/X
 _6997_/X
 _6999_/X
 _7005_/X
 _7008_/X
 _7010_/X
 _7012_/X
 _7015_/X
 _7016_/X
 _7017_/X
 _7018_/X
 _7020_/X
 _7023_/X
 _7024_/X
 _7025_/X
 _7026_/X
 _7029_/X
 _7032_/X
 _7033_/X
 _7034_/X
 _7035_/X
 _7037_/X
 _7041_/X
 _7042_/X
 _7047_/X
 _7051_/X
 _7053_/X
 _7054_/X
 _7057_/X
 _7058_/X
 _7059_/X
 _7060_/X
 _7061_/X
 _7063_/X
 _7064_/X
 _7067_/X
 _7069_/X
 _7072_/Y
 _7073_/X
 _7075_/X
 _7076_/X
 _7077_/X
 _7078_/X
 _7080_/X
 _7082_/X
 _7084_/X
 _7088_/X
 _7089_/X
 _7091_/X
 _7094_/X
 _7095_/X
 _7096_/Y
 _7098_/X
 _7099_/X
 _7101_/X
 _7105_/X
 _7110_/X
 _7111_/X
 _7113_/X
 _7114_/X
 _7117_/X
 _7120_/X
 _7121_/X
 _7123_/X
 _7124_/X
 _7128_/X
 _7129_/X
 _7131_/X
 _7132_/X
 _7136_/X
 _7138_/X
 _7139_/X
 _7140_/X
 _7144_/X
 _7146_/X
 _7148_/X
 _7149_/X
 _7150_/X
 _7153_/X
 _7154_/X
 _7155_/X
 _7156_/X
 _7158_/X
 _7159_/X
 _7162_/X
 _7167_/X
 _7169_/X
 _7170_/X
 _7172_/X
 _7174_/X
 _7175_/X
 _7176_/X
 _7177_/X
 _7179_/X
 _7180_/X
 _7182_/X
 _7183_/X
 _7186_/X
 _7187_/X
 _7188_/X
 _7190_/X
 _7191_/X
 _7192_/X
 _7193_/X
 _7194_/X
 _7195_/X
 _7196_/X
 _7200_/X
 _7202_/X
 _7203_/X
 _7205_/X
 _7206_/X
 _7207_/X
 _7211_/X
 _7212_/X
 _7213_/X
 _7215_/X
 _7216_/X
 _7217_/X
 _7221_/X
 _7225_/X
 _7227_/X
 _7228_/X
 _7229_/X
 _7230_/X
 _7231_/X
 _7232_/X
 _7233_/X
 _7236_/X
 _7237_/X
 _7240_/X
 _7241_/X
 _7242_/X
 _7243_/X
 _7244_/X
 _7245_/X
 _7247_/X
 _7249_/X
 _7250_/X
 _7251_/X
 _7254_/X
 _7255_/X
 _7259_/X
 _7262_/X
 _7264_/X
 _7266_/X
 _7268_/X
 _7269_/X
 _7270_/X
 _7272_/X
 _7273_/X
 _7275_/X
 _7276_/X
 _7277_/X
 _7278_/X
 _7279_/X
 _7281_/X
 _7282_/X
 _7283_/X
 _7284_/X
 _7285_/X
 _7286_/X
 _7288_/X
 _7289_/X
 _7290_/X
 _7292_/X
 _7294_/X
 _7296_/X
 _7298_/X
 _7299_/X
 _7300_/X
 _7301_/X
 _7302_/X
 _7304_/X
 _7307_/X
 _7310_/X
 _7317_/X
 _7318_/X
 _7321_/X
 _7322_/X
 _7323_/X
 _7324_/X
 _7326_/X
 _7329_/X
 _7330_/X
 _7331_/X
 _7333_/X
 _7335_/X
 _7337_/X
 _7340_/X
 _7341_/X
 _7342_/X
 _7343_/X
 _7345_/X
 _7351_/X
 _7352_/X
 _7354_/X
 _7356_/Y
 _7357_/X
 _7359_/X
 _7360_/X
 _7361_/X
 _7362_/X
 _7363_/X
 _7364_/X
 _7365_/X
 _7366_/X
 _7367_/X
 _7368_/X
 _7369_/X
 _7371_/X
 _7377_/X
 _7378_/X
 _7379_/X
 _7382_/X
 _7385_/X
 _7386_/X
 _7387_/X
 _7388_/X
 _7389_/X
 _7392_/X
 _7397_/X
 _7398_/X
 _7399_/X
 _7402_/X
 _7403_/X
 _7404_/X
 _7410_/X
 _7414_/X
 _7417_/X
 _7418_/X
 _7419_/X
 _7420_/X
 _7421_/X
 _7423_/X
 _7424_/X
 _7425_/X
 _7426_/X
 _7428_/X
 _7429_/X
 _7435_/X
 _7440_/X
 _7443_/X
 _7445_/X
 _7446_/X
 _7447_/X
 _7448_/X
 _7449_/X
 _7452_/X
 _7454_/X
 _7456_/X
 _7460_/X
 _7464_/X
 _7465_/X
 _7466_/X
 _7467_/X
 _7468_/X
 _7470_/X
 _7471_/X
 _7472_/X
 _7473_/X
 _7475_/X
 _7476_/X
 _7477_/X
 _7479_/X
 _7480_/X
 _7481_/X
 _7482_/X
 _7483_/X
 _7485_/X
 _7486_/X
 _7494_/X
 _7497_/X
 _7498_/X
 _7499_/X
 _7500_/X
 _7502_/X
 _7505_/X
 _7506_/X
 _7507_/X
 _7508_/Y
 _7509_/X
 _7510_/X
 _7511_/X
 _7512_/X
 _7514_/X
 _7515_/X
 _7516_/X
 _7517_/X
 _7518_/X
 _7519_/X
 _7520_/X
 _7521_/X
 _7523_/X
 _7527_/X
 _7528_/X
 _7529_/X
 _7531_/X
 _7533_/X
 _7536_/X
 _7538_/X
 _7539_/X
 _7543_/X
 _7544_/X
 _7545_/X
 _7546_/X
 _7547_/X
 _7550_/X
 _7553_/X
 _7554_/X
 _7555_/X
 _7556_/X
 _7558_/X
 _7559_/X
 _7560_/X
 _7562_/X
 _7566_/X
 _7567_/X
 _7568_/X
 _7570_/X
 _7571_/X
 _7573_/X
 _7574_/X
 _7575_/X
 _7576_/X
 _7577_/X
 _7578_/X
 _7579_/X
 _7581_/X
 _7582_/X
 _7583_/X
 _7588_/X
 _7589_/X
 _7590_/X
 _7592_/X
 _7593_/X
 _7595_/X
 _7596_/X
 _7601_/X
 _7602_/X
 _7603_/X
 _7605_/X
 _7607_/X
 _7608_/X
 _7609_/X
 _7610_/X
 _7611_/X
 _7612_/X
 _7613_/X
 _7614_/X
 _7616_/X
 _7617_/Y
 _7620_/Y
 _7621_/X
 _7622_/X
 _7623_/X
 _7625_/X
 _7626_/X
 _7627_/X
 _7628_/X
 _7630_/X
 _7631_/X
 _7633_/X
 _7636_/X
 _7640_/X
 _7642_/X
 _7643_/X
 _7644_/X
 _7646_/X
 _7648_/X
 _7651_/X
 _7652_/X
 _7655_/X
 _7657_/X
 _7660_/X
 _7665_/X
 _7666_/X
 _7667_/X
 _7668_/X
 _7669_/X
 _7670_/X
 _7671_/X
 _7672_/X
 _7673_/X
 _7674_/X
 _7676_/X
 _7677_/X
 _7678_/X
 _7679_/X
 _7681_/X
 _7684_/X
 _7686_/X
 _7687_/X
 _7688_/X
 _7689_/X
 _7691_/X
 _7692_/X
 _7694_/X
 _7695_/X
 _7697_/X
 _7698_/X
 _7699_/X
 _7700_/X
 _7701_/X
 _7704_/X
 _7705_/X
 _7707_/X
 _7710_/X
 _7711_/X
 _7715_/X
 _7716_/X
 _7718_/X
 _7723_/X
 _7724_/X
 _7725_/X
 _7727_/X
 _7728_/X
 _7729_/X
 _7731_/X
 _7733_/X
 _7734_/X
 _7735_/X
 _7736_/X
 _7737_/X
 _7738_/X
 _7739_/X
 _7741_/X
 _7742_/X
 _7743_/X
 _7744_/X
 _7746_/X
 _7747_/X
 _7748_/X
 _7750_/X
 _7751_/X
 _7752_/X
 _7753_/X
 _7754_/X
 _7756_/X
 _7758_/X
 _7759_/X
 _7763_/X
 _7764_/X
 _7765_/X
 _7767_/X
 _7768_/X
 _7770_/X
 _7771_/X
 _7772_/X
 _7776_/X
 _7777_/X
 _7782_/X
 _7783_/X
 _7784_/X
 _7788_/X
 _7789_/X
 _7790_/Y
 _7791_/X
 _7792_/X
 _7793_/X
 _7794_/X
 _7795_/X
 _7796_/X
 _7799_/X
 _7800_/X
 _7801_/X
 _7805_/X
 _7807_/X
 _7808_/X
 _7811_/X
 _7812_/X
 _7814_/X
 _7815_/X
 _7817_/X
 _7818_/X
 _7819_/X
 _7822_/X
 _7823_/X
 _7825_/X
 _7826_/Q
 _7827_/Q
 _7828_/Q
 _7829_/Q
 _7830_/Q
 _7832_/Q
 _7833_/Q
 _7835_/Q
 _7836_/Q
 _7837_/Q
 _7838_/Q
 _7839_/Q
 _7840_/Q
 _7841_/Q
 _7842_/Q
 _7844_/Q
 _7846_/Q
 _7847_/Q
 _7848_/Q
 _7849_/Q
 _7851_/Q
 _7852_/Q
 _7853_/Q
 _7854_/Q
 _7857_/Q
 _7858_/Q
 _7859_/Q
 _7860_/Q
 _7864_/Q
 _7867_/Q
 _7868_/Q
 _7870_/Q
 _7873_/Q
 _7876_/Q
 _7877_/Q
 _7878_/Q
 _7879_/Q
 _7880_/Q
 _7881_/Q
 _7884_/Q
 _7886_/Q
 _7887_/Q
 _7889_/Q
 _7890_/Q
 _7891_/Q
 _7892_/Q
 _7895_/Q
 _7896_/Q
 _7898_/Q
 _7899_/Q
 _7901_/Q
 _7902_/Q
 _7903_/Q
 _7904_/Q
 _7905_/Q
 _7907_/Q
 _7909_/Q
 _7910_/Q
 _7911_/Q
 _7913_/Q
 _7914_/Q
 _7916_/Q
 _7917_/Q
 _7918_/Q
 _7920_/Q
 _7921_/Q
 _7922_/Q
 _7923_/Q
 _7928_/Q
 _7930_/Q
 _7931_/Q
 _7934_/Q
 _7935_/Q
 _7937_/Q
 _7938_/Q
 _7940_/Q
 _7942_/Q
 _7943_/Q
 _7944_/Q
 _7945_/Q
 _7946_/Q
 _7947_/Q
 _7950_/Q
 _7951_/Q
 _7952_/Q
 _7953_/Q
 _7958_/Q
 _7959_/Q
 _7961_/Q
 _7965_/Q
 _7966_/Q
 _7968_/Q
 _7969_/Q
 _7970_/Q
 _7971_/Q
 _7973_/Q
 _7974_/Q
 _7975_/Q
 _7979_/Q
 _7980_/Q
 _7981_/Q
 _7982_/Q
 _7983_/Q
 _7984_/Q
 _7985_/Q
 _7986_/Q
 _7987_/Q
 _7988_/Q
 _7991_/Q
 _7992_/Q
 _7993_/Q
 _7994_/Q
 _7995_/Q
 _7996_/Q
 _8000_/Q
 _8001_/Q
 _8002_/Q
 _8003_/Q
 _8004_/Q
 _8006_/Q
 _8007_/Q
 _8009_/Q
 _8010_/Q
 _8011_/Q
 _8013_/Q
 _8014_/Q
 _8015_/Q
 _8018_/Q
 _8022_/Q
 _8023_/Q
 _8025_/Q
 _8026_/Q
 _8027_/Q
 _8028_/Q
 _8029_/Q
 _8030_/Q
 _8031_/Q
 _8032_/Q
 _8033_/Q
 _8035_/Q
 _8037_/Q
 _8038_/Q
 _8041_/Q
 _8042_/Q
 _8043_/Q
 _8044_/Q
 _8046_/Q
 _8048_/Q
 _8049_/Q
 _8050_/Q
 _8051_/Q
 _8053_/Q
 _8054_/Q
 _8057_/Q
 _8060_/Q
 _8061_/Q
 _8062_/Q
 _8063_/Q
 _8064_/Q
 _8065_/Q
 _8067_/Q
 _8068_/Q
 _8071_/Q
 _8073_/Q
 _8074_/Q
 _8075_/Q
 _8076_/Q
 _8077_/Q
 _8080_/Q
 _8081_/Q
 _8082_/Q
 _8084_/Q
 _8085_/Q
 _8086_/Q
 _8088_/Q
 _8089_/Q
 _8090_/Q
 _8092_/Q
 _8094_/Q
 _8095_/Q
 _8096_/Q
 _8098_/Q
 _8101_/Q
 _8102_/Q
 _8103_/Q
 _8104_/Q
 _8105_/Q
 _8107_/Q
 _8109_/Q
 _8110_/Q
 _8111_/Q
 _8112_/Q
 _8113_/Q
 _8116_/Q
 _8117_/Q
 _8120_/Q
 _8121_/Q
 _8122_/Q
 _8124_/Q
 _8126_/Q
 _8127_/Q
 _8128_/Q
 _8131_/Q
 _8132_/Q
 _8133_/Q
 _8135_/Q
 _8136_/Q
 _8138_/Q
 _8139_/Q
 _8140_/Q
 _8141_/Q
 _8142_/Q
 _8145_/Q
 _8146_/Q
 _8147_/Q
 _8148_/Q
 _8149_/Q
 _8151_/Q
 _8152_/Q
 _8155_/Q
 _8156_/Q
 _8157_/Q
 _8158_/Q
 _8161_/Q
 _8163_/Q
 _8164_/Q
 _8165_/Q
 _8167_/Q
 _8172_/Q
 _8173_/Q
 _8175_/Q
 _8176_/Q
 _8177_/Q
 _8178_/Q
 _8179_/Q
 _8180_/Q
 _8181_/Q
 _8182_/Q
 _8187_/Q
 _8188_/Q
 _8190_/Q
 _8192_/Q
 _8197_/Q
 _8198_/Q
 _8199_/Q
 _8200_/Q
 _8201_/Q
 _8202_/Q
 _8203_/Q
 _8204_/Q
 _8206_/Q
 _8207_/Q
 _8209_/Q
 _8210_/Q
 _8211_/Q
 _8212_/Q
 _8213_/Q
 _8214_/Q
 _8215_/Q
 _8216_/Q
 _8217_/Q
 _8219_/Q
 _8226_/Q
 _8230_/Q
 _8231_/Q
 _8236_/Q
 _8238_/Q
 _8239_/Q
 _8240_/Q
 _8241_/Q
 _8242_/Q
 _8243_/Q
 _8244_/Q
 _8247_/Q
 _8250_/Q
 _8252_/Q
 _8254_/Q
 _8256_/Q
 _8259_/Q
 _8260_/Q
 _8261_/Q
 _8262_/Q
 _8263_/Q
 _8266_/Q
 _8269_/Q
 _8271_/Q
 _8272_/Q
 _8273_/Q
 _8274_/Q
 _8275_/Q
 _8277_/Q
 _8278_/Q
 _8280_/Q
 _8281_/Q
 _8282_/Q
 _8284_/Q
 _8285_/Q
 _8286_/Q
 _8288_/Q
 _8289_/Q
 _8290_/Q
 _8291_/Q
 _8292_/Q
 _8293_/Q
 _8294_/Q
 _8296_/Q
 _8297_/Q
 _8298_/Q
 _8299_/Q
 _8301_/Q
 _8303_/Q
 _8305_/Q
 _8306_/Q
 _8307_/Q
 _8309_/Q
 _8310_/Q
 _8311_/Q
 _8312_/Q
 _8313_/Q
 _8314_/Q
 _8318_/Q
 _8319_/Q
 _8320_/Q
 _8323_/Q
 _8324_/Q
 _8328_/Q
 _8329_/Q
 _8330_/Q
 _8332_/Q
 _8334_/Q
 _8335_/Q
 _8336_/Q
 _8338_/Q
 _8339_/Q
 _8340_/Q
 _8341_/Q
 _8344_/Q
 _8345_/Q
 _8346_/Q
 _8347_/Q
 _8348_/Q
 _8350_/Q
 _8353_/Q
 _8354_/Q
 _8355_/Q
 _8356_/Q
 _8358_/Q
 _8359_/Q
 _8362_/Q
 _8363_/Q
 _8366_/Q
 _8367_/Q
 _8368_/Q
 _8371_/Q
 _8373_/Q
 _8376_/Q
 _8381_/Q
 _8384_/Q
 _8385_/Q
 _8387_/Q
 _8388_/Q
 _8389_/Q
 _8390_/Q
 _8391_/Q
 _8392_/Q
 _8395_/Q
 _8402_/Q
 _8403_/Q
 _8404_/Q
 _8405_/Q
 _8406_/Q
 _8407_/Q
 _8408_/Q
 _8409_/Q
 _8410_/Q
 _8411_/Q
 _8412_/Q
 _8413_/Q
 _8414_/Q
 _8415_/Q
 _8419_/Q
 _8420_/Q
 _8421_/Q
 _8423_/Q
 _8425_/Q
 _8426_/Q
 _8430_/Q
 _8431_/Q
 _8433_/Q
 _8434_/Q
 _8436_/Q
 _8437_/Q
 _8441_/Q
 _8442_/Q
 _8443_/Q
 _8445_/Q
 _8446_/Q
 _8450_/Q
 _8451_/Q
 _8453_/Q
 _8454_/Q
 _8457_/Q
 _8459_/Q
 _8462_/Q
 _8463_/Q
 _8464_/Q
 _8467_/Q
 _8468_/Q
 _8472_/Q
 _8473_/Q
 _8476_/Q
 _8478_/Q
 _8479_/Q
 _8480_/Q
 _8481_/Q
 _8482_/Q
 _8484_/Q
 _8486_/Q
 _8488_/Q
 _8490_/Q
 _8491_/Q
 _8493_/Q
 _8494_/Q
 _8496_/Q
 _8497_/Q
 _8498_/Q
 _8501_/Q
 _8502_/Q
 _8503_/Q
 _8504_/Q
 _8505_/Q
 _8506_/Q
 _8507_/Q
 _8508_/Q
 _8509_/Q
 _8511_/Q
 _8512_/Q
 _8513_/Q
 _8514_/Q
 _8515_/Q
 _8516_/Q
 _8517_/Q
 _8518_/Q
 _8519_/Q
 _8523_/Q
 _8527_/Q
 _8528_/Q
 _8530_/Q
 _8531_/Q
 _8532_/Q
 _8533_/Q
 _8534_/Q
 _8536_/Q
 _8538_/Q
 _8540_/Q
 _8541_/Q
 _8543_/Q
 _8544_/Q
 _8545_/Q
 _8548_/Q
 _8550_/Q
 _8551_/Q
 _8553_/Q
 _8554_/Q
 _8556_/Q
 _8557_/Q
 _8558_/Q
 _8559_/Q
 _8563_/Q
 _8564_/Q
 _8566_/Q
 _8567_/Q
 _8568_/Q
 _8569_/Q
 _8571_/Q
 _8572_/Q
 _8573_/Q
 _8574_/Q
 _8576_/Q
 _8577_/Q
 _8578_/Q
 _8579_/Q
 _8580_/Q
 _8581_/Q
 _8583_/Q
 _8586_/Q
 _8587_/Q
 _8588_/Q
 _8589_/Q
 _8591_/Q
 _8593_/Q
 _8595_/Q
 _8597_/Q
 _8598_/Q
 _8599_/Q
 _8600_/Q
 _8601_/Q
 _8602_/Q
 _8604_/Q
 _8606_/Q
 _8609_/Q
 _8610_/Q
 _8612_/Q
 _8613_/Q
 _8614_/Q
 _8615_/Q
 _8616_/Q
 _8617_/Q
 _8618_/Q
 _8620_/Q
 _8621_/Q
 _8622_/Q
 _8625_/Q
 _8626_/Q
 _8627_/Q
 _8628_/Q
 _8630_/Q
 _8631_/Q
 _8632_/Q
 _8634_/Q
 _8635_/Q
 _8637_/Q
 _8639_/Q
 _8640_/Q
 _8641_/Q
 _8643_/Q
 _8644_/Q
 _8645_/Q
 _8646_/Q
 _8647_/Q
 _8648_/Q
 _8650_/Q
 _8651_/Q
 _8652_/Q
 _8653_/Q
 _8654_/Q
 _8655_/Q
 _8656_/Q
 _8657_/Q
 _8659_/Q
 _8661_/Q
 _8662_/Q
 _8663_/Q
 _8664_/Q
 _8665_/Q
 _8666_/Q
 _8668_/Q
 _8669_/Q
 _8671_/Q
 _8672_/Q
 _8673_/Q
 _8674_/Q
 _8675_/Q
 _8678_/Q
 _8679_/Q
 _8680_/Q
 _8682_/Q
 _8683_/Q
 _8684_/Q
 _8686_/Q
 _8688_/Q
 _8689_/Q
 _8692_/Q
 _8693_/Q
 _8694_/Q
 _8696_/Q
 _8697_/Q
 _8698_/Q
 _8700_/Q
 _8704_/Q
 _8706_/Q
 _8707_/Q
 _8709_/Q
 _8710_/Q
 _8711_/Q
 _8714_/Q
 _8715_/Q
 _8716_/Q
 _8717_/Q
 _8718_/Q
 _8719_/Q
 _8720_/Q
 _8722_/Q
 _8723_/Q
 _8725_/Q
 _8726_/Q
 _8728_/Q
 _8729_/Q
 _8731_/Q
 _8733_/Q
 _8736_/Q
 _8737_/Q
 _8738_/Q
 _8740_/Q
 _8741_/Q
 _8742_/Q
 _8743_/Q
 _8746_/Q
 _8747_/Q
 _8748_/Q
 _8750_/Q
 _8753_/Q
 _8755_/Q
 _8758_/Q
 _8760_/Q
 _8763_/Q
 _8764_/Q
 _8765_/Q
 _8766_/Q
 _8767_/Q
 _8768_/Q
 _8769_/Q
 _8770_/Q
 _8771_/Q
 _8772_/Q
 _8773_/Q
 _8774_/Q
 _8775_/Q
 _8776_/Q
 _8778_/Q
 _8785_/Q
 _8787_/Q
 _8790_/Q
 _8792_/Q
 _8793_/Q
 _8794_/Q
 _8795_/Q
 _8796_/Q
 _8797_/Q
 _8799_/Q
 _8800_/Q
 _8802_/Q
 _8804_/Q
 _8805_/Q
 _8807_/Q
 _8808_/Q
 _8809_/Q
 _8811_/Q
 _8812_/Q
 _8813_/Q
 _8815_/Q
 _8817_/Q
 _8820_/Q
 _8821_/Q
 _8822_/Q
 _8824_/Q
 _8825_/Q
 _8826_/Q
 _8828_/Q
 _8829_/Q
 _8830_/Q
 _8831_/Q
 _8836_/Q
 _8837_/Q
 _8839_/Q
 _8842_/Q
 _8846_/Q
 _8848_/Q
 clkbuf_0_clk/X
 clkbuf_1_0_0_clk/X
 clkbuf_1_1_0_clk/X
 clkbuf_2_0_0_clk/X
 clkbuf_2_0_1_clk/X
 clkbuf_2_1_0_clk/X
 clkbuf_2_1_1_clk/X
 clkbuf_2_2_0_clk/X
 clkbuf_2_2_1_clk/X
 clkbuf_2_3_0_clk/X
 clkbuf_2_3_1_clk/X
 clkbuf_4_0_0_clk/X
 clkbuf_4_10_0_clk/X
 clkbuf_4_11_0_clk/X
 clkbuf_4_12_0_clk/X
 clkbuf_4_13_0_clk/X
 clkbuf_4_14_0_clk/X
 clkbuf_4_15_0_clk/X
 clkbuf_4_1_0_clk/X
 clkbuf_4_2_0_clk/X
 clkbuf_4_3_0_clk/X
 clkbuf_4_4_0_clk/X
 clkbuf_4_5_0_clk/X
 clkbuf_4_6_0_clk/X
 clkbuf_4_7_0_clk/X
 clkbuf_4_8_0_clk/X
 clkbuf_4_9_0_clk/X
 clkbuf_5_0_0_clk/X
 clkbuf_5_10_0_clk/X
 clkbuf_5_11_0_clk/X
 clkbuf_5_12_0_clk/X
 clkbuf_5_13_0_clk/X
 clkbuf_5_14_0_clk/X
 clkbuf_5_15_0_clk/X
 clkbuf_5_16_0_clk/X
 clkbuf_5_17_0_clk/X
 clkbuf_5_18_0_clk/X
 clkbuf_5_19_0_clk/X
 clkbuf_5_1_0_clk/X
 clkbuf_5_20_0_clk/X
 clkbuf_5_21_0_clk/X
 clkbuf_5_22_0_clk/X
 clkbuf_5_23_0_clk/X
 clkbuf_5_24_0_clk/X
 clkbuf_5_25_0_clk/X
 clkbuf_5_26_0_clk/X
 clkbuf_5_27_0_clk/X
 clkbuf_5_28_0_clk/X
 clkbuf_5_29_0_clk/X
 clkbuf_5_2_0_clk/X
 clkbuf_5_30_0_clk/X
 clkbuf_5_31_0_clk/X
 clkbuf_5_3_0_clk/X
 clkbuf_5_4_0_clk/X
 clkbuf_5_5_0_clk/X
 clkbuf_5_6_0_clk/X
 clkbuf_5_7_0_clk/X
 clkbuf_5_8_0_clk/X
 clkbuf_5_9_0_clk/X
 clkbuf_6_10__f_clk/X
 clkbuf_6_11__f_clk/X
 clkbuf_6_12__f_clk/X
 clkbuf_6_13__f_clk/X
 clkbuf_6_14__f_clk/X
 clkbuf_6_15__f_clk/X
 clkbuf_6_16__f_clk/X
 clkbuf_6_17__f_clk/X
 clkbuf_6_18__f_clk/X
 clkbuf_6_19__f_clk/X
 clkbuf_6_1__f_clk/X
 clkbuf_6_20__f_clk/X
 clkbuf_6_21__f_clk/X
 clkbuf_6_22__f_clk/X
 clkbuf_6_23__f_clk/X
 clkbuf_6_24__f_clk/X
 clkbuf_6_25__f_clk/X
 clkbuf_6_26__f_clk/X
 clkbuf_6_27__f_clk/X
 clkbuf_6_28__f_clk/X
 clkbuf_6_29__f_clk/X
 clkbuf_6_2__f_clk/X
 clkbuf_6_30__f_clk/X
 clkbuf_6_31__f_clk/X
 clkbuf_6_32__f_clk/X
 clkbuf_6_33__f_clk/X
 clkbuf_6_34__f_clk/X
 clkbuf_6_35__f_clk/X
 clkbuf_6_36__f_clk/X
 clkbuf_6_37__f_clk/X
 clkbuf_6_38__f_clk/X
 clkbuf_6_39__f_clk/X
 clkbuf_6_3__f_clk/X
 clkbuf_6_40__f_clk/X
 clkbuf_6_41__f_clk/X
 clkbuf_6_42__f_clk/X
 clkbuf_6_43__f_clk/X
 clkbuf_6_44__f_clk/X
 clkbuf_6_45__f_clk/X
 clkbuf_6_46__f_clk/X
 clkbuf_6_47__f_clk/X
 clkbuf_6_48__f_clk/X
 clkbuf_6_49__f_clk/X
 clkbuf_6_4__f_clk/X
 clkbuf_6_50__f_clk/X
 clkbuf_6_51__f_clk/X
 clkbuf_6_52__f_clk/X
 clkbuf_6_53__f_clk/X
 clkbuf_6_54__f_clk/X
 clkbuf_6_55__f_clk/X
 clkbuf_6_56__f_clk/X
 clkbuf_6_57__f_clk/X
 clkbuf_6_58__f_clk/X
 clkbuf_6_59__f_clk/X
 clkbuf_6_5__f_clk/X
 clkbuf_6_60__f_clk/X
 clkbuf_6_61__f_clk/X
 clkbuf_6_62__f_clk/X
 clkbuf_6_63__f_clk/X
 clkbuf_6_6__f_clk/X
 clkbuf_6_7__f_clk/X
 clkbuf_6_8__f_clk/X
 clkbuf_6_9__f_clk/X
 clkbuf_leaf_106_clk/X
 clkbuf_leaf_120_clk/X
 clkbuf_leaf_123_clk/X
 clkbuf_leaf_134_clk/X
 clkbuf_leaf_142_clk/X
 clkbuf_leaf_160_clk/X
 clkbuf_leaf_165_clk/X
 clkbuf_leaf_166_clk/X
 clkbuf_leaf_193_clk/X
 clkbuf_leaf_210_clk/X
 clkbuf_leaf_229_clk/X
 clkbuf_leaf_240_clk/X
 clkbuf_leaf_252_clk/X
 clkbuf_leaf_265_clk/X
 clkbuf_leaf_278_clk/X
 clkbuf_leaf_290_clk/X
 clkbuf_leaf_304_clk/X
 clkbuf_leaf_30_clk/X
 clkbuf_leaf_31_clk/X
 clkbuf_leaf_329_clk/X
 clkbuf_leaf_331_clk/X
 clkbuf_leaf_333_clk/X
 clkbuf_leaf_359_clk/X
 clkbuf_leaf_366_clk/X
 clkbuf_leaf_383_clk/X
 clkbuf_leaf_395_clk/X
 clkbuf_leaf_40_clk/X
 clkbuf_leaf_414_clk/X
 clkbuf_leaf_419_clk/X
 clkbuf_leaf_432_clk/X
 clkbuf_leaf_444_clk/X
 clkbuf_leaf_446_clk/X
 clkbuf_leaf_476_clk/X
 clkbuf_leaf_484_clk/X
 clkbuf_leaf_485_clk/X
 clkbuf_leaf_49_clk/X
 clkbuf_leaf_521_clk/X
 clkbuf_leaf_529_clk/X
 clkbuf_leaf_531_clk/X
 clkbuf_leaf_533_clk/X
 clkbuf_leaf_553_clk/X
 clkbuf_leaf_576_clk/X
 clkbuf_leaf_591_clk/X
 clkbuf_leaf_5_clk/X
 clkbuf_leaf_606_clk/X
 clkbuf_leaf_619_clk/X
 clkbuf_leaf_653_clk/X
 clkbuf_leaf_662_clk/X
 clkbuf_leaf_674_clk/X
 clkbuf_leaf_692_clk/X
 clkbuf_leaf_699_clk/X
 clkbuf_leaf_725_clk/X
 clkbuf_leaf_765_clk/X
 clkbuf_leaf_76_clk/X
 clkbuf_leaf_774_clk/X
 clkbuf_leaf_83_clk/X
 clkbuf_leaf_93_clk/X
 clkbuf_leaf_95_clk/X
 input1/X
 input10/X
 input11/X
 input12/X
 input13/X
 input14/X
 input15/X
 input16/X
 input17/X
 input18/X
 input19/X
 input2/X
 input20/X
 input21/X
 input22/X
 input23/X
 input24/X
 input25/X
 input26/X
 input27/X
 input28/X
 input29/X
 input30/X
 input31/X
 input32/X
 input33/X
 input34/X
 input35/X
 input36/X
 input37/X
 input38/X
 input39/X
 input40/X
 input42/X
 input43/X
 input44/X
 input45/X
 input46/X
 input5/X
 input6/X
 input9/X
 load_slew1002/X
 load_slew1009/X
 load_slew1017/X
 load_slew1028/X
 load_slew1031/X
 load_slew1051/X
 load_slew1052/X
 load_slew1056/X
 load_slew1060/X
 load_slew1061/X
 load_slew1064/X
 load_slew1068/X
 load_slew1072/X
 load_slew1073/X
 load_slew1076/X
 load_slew1079/X
 load_slew1087/X
 load_slew1098/X
 load_slew1102/X
 load_slew1104/X
 load_slew1105/X
 load_slew1107/X
 load_slew1109/X
 load_slew1114/X
 load_slew1117/X
 load_slew1131/X
 load_slew1137/X
 load_slew1151/X
 load_slew1159/X
 load_slew116/X
 load_slew1161/X
 load_slew1162/X
 load_slew1163/X
 load_slew1166/X
 load_slew1168/X
 load_slew1169/X
 load_slew1174/X
 load_slew1175/X
 load_slew1178/X
 load_slew1179/X
 load_slew1180/X
 load_slew1181/X
 load_slew1182/X
 load_slew1183/X
 load_slew1187/X
 load_slew1188/X
 load_slew1193/X
 load_slew1197/X
 load_slew1199/X
 load_slew1205/X
 load_slew1206/X
 load_slew1207/X
 load_slew1211/X
 load_slew1213/X
 load_slew1216/X
 load_slew1217/X
 load_slew1218/X
 load_slew1222/X
 load_slew1228/X
 load_slew1229/X
 load_slew1232/X
 load_slew1233/X
 load_slew1237/X
 load_slew1238/X
 load_slew1239/X
 load_slew1242/X
 load_slew1244/X
 load_slew1245/X
 load_slew1246/X
 load_slew1251/X
 load_slew1252/X
 load_slew1257/X
 load_slew1260/X
 load_slew1262/X
 load_slew1263/X
 load_slew1265/X
 load_slew1272/X
 load_slew128/X
 load_slew185/X
 load_slew187/X
 load_slew221/X
 load_slew238/X
 load_slew239/X
 load_slew240/X
 load_slew247/X
 load_slew248/X
 load_slew249/X
 load_slew251/X
 load_slew254/X
 load_slew257/X
 load_slew261/X
 load_slew264/X
 load_slew265/X
 load_slew268/X
 load_slew269/X
 load_slew287/X
 load_slew294/X
 load_slew295/X
 load_slew296/X
 load_slew297/X
 load_slew298/X
 load_slew299/X
 load_slew300/X
 load_slew301/X
 load_slew304/X
 load_slew313/X
 load_slew314/X
 load_slew315/X
 load_slew318/X
 load_slew319/X
 load_slew321/X
 load_slew323/X
 load_slew324/X
 load_slew325/X
 load_slew326/X
 load_slew327/X
 load_slew328/X
 load_slew329/X
 load_slew331/X
 load_slew333/X
 load_slew334/X
 load_slew335/X
 load_slew338/X
 load_slew340/X
 load_slew341/X
 load_slew342/X
 load_slew343/X
 load_slew344/X
 load_slew347/X
 load_slew348/X
 load_slew349/X
 load_slew350/X
 load_slew351/X
 load_slew353/X
 load_slew354/X
 load_slew361/X
 load_slew362/X
 load_slew366/X
 load_slew367/X
 load_slew368/X
 load_slew369/X
 load_slew371/X
 load_slew374/X
 load_slew377/X
 load_slew382/X
 load_slew385/X
 load_slew390/X
 load_slew391/X
 load_slew398/X
 load_slew404/X
 load_slew413/X
 load_slew416/X
 load_slew417/X
 load_slew419/X
 load_slew420/X
 load_slew422/X
 load_slew424/X
 load_slew427/X
 load_slew429/X
 load_slew432/X
 load_slew434/X
 load_slew437/X
 load_slew438/X
 load_slew439/X
 load_slew440/X
 load_slew441/X
 load_slew442/X
 load_slew443/X
 load_slew444/X
 load_slew446/X
 load_slew447/X
 load_slew451/X
 load_slew456/X
 load_slew457/X
 load_slew459/X
 load_slew460/X
 load_slew461/X
 load_slew463/X
 load_slew465/X
 load_slew466/X
 load_slew469/X
 load_slew470/X
 load_slew474/X
 load_slew475/X
 load_slew477/X
 load_slew481/X
 load_slew483/X
 load_slew484/X
 load_slew486/X
 load_slew488/X
 load_slew491/X
 load_slew492/X
 load_slew494/X
 load_slew495/X
 load_slew496/X
 load_slew497/X
 load_slew500/X
 load_slew504/X
 load_slew505/X
 load_slew507/X
 load_slew508/X
 load_slew509/X
 load_slew510/X
 load_slew511/X
 load_slew512/X
 load_slew513/X
 load_slew514/X
 load_slew517/X
 load_slew523/X
 load_slew524/X
 load_slew526/X
 load_slew527/X
 load_slew529/X
 load_slew531/X
 load_slew542/X
 load_slew546/X
 load_slew551/X
 load_slew552/X
 load_slew553/X
 load_slew555/X
 load_slew556/X
 load_slew560/X
 load_slew566/X
 load_slew567/X
 load_slew574/X
 load_slew581/X
 load_slew583/X
 load_slew590/X
 load_slew608/X
 load_slew615/X
 load_slew620/X
 load_slew621/X
 load_slew640/X
 load_slew642/X
 load_slew646/X
 load_slew660/X
 load_slew666/X
 load_slew667/X
 load_slew672/X
 load_slew676/X
 load_slew677/X
 load_slew680/X
 load_slew685/X
 load_slew694/X
 load_slew713/X
 load_slew731/X
 load_slew737/X
 load_slew743/X
 load_slew744/X
 load_slew746/X
 load_slew755/X
 load_slew758/X
 load_slew775/X
 load_slew777/X
 load_slew781/X
 load_slew784/X
 load_slew792/X
 load_slew794/X
 load_slew806/X
 load_slew815/X
 load_slew826/X
 load_slew835/X
 load_slew862/X
 load_slew866/X
 load_slew878/X
 load_slew886/X
 load_slew887/X
 load_slew892/X
 load_slew895/X
 load_slew911/X
 load_slew914/X
 load_slew916/X
 load_slew918/X
 load_slew926/X
 load_slew931/X
 load_slew936/X
 load_slew940/X
 load_slew945/X
 load_slew952/X
 load_slew953/X
 load_slew954/X
 load_slew961/X
 load_slew962/X
 load_slew967/X
 load_slew970/X
 load_slew978/X
 load_slew982/X
 load_slew995/X
 max_cap1020/X
 max_cap1026/X
 max_cap1037/X
 max_cap1078/X
 max_cap1145/X
 max_cap1146/X
 max_cap1155/X
 max_cap1214/X
 max_cap149/X
 max_cap467/X
 max_cap537/X
 max_cap562/X
 max_cap576/X
 max_cap577/X
 max_cap616/X
 max_cap661/X
 max_cap665/X
 max_cap668/X
 max_cap671/X
 max_cap674/X
 max_cap690/X
 max_cap708/X
 max_cap717/X
 max_cap723/X
 max_cap749/X
 max_cap778/X
 max_cap787/X
 max_cap801/X
 max_cap809/X
 max_cap852/X
 max_cap854/X
 max_cap864/X
 max_cap900/X
 max_cap986/X
 max_cap999/X
 max_length1172/X
 max_length1191/X
 max_length1192/X
 max_length1194/X
 max_length1204/X
 max_length1236/X
 max_length1247/X
 max_length1248/X
 max_length1271/X
 max_length246/X
 max_length255/X
 max_length258/X
 max_length359/X
 max_length365/X
 max_length387/X
 max_length412/X
 max_length433/X
 max_length482/X
 max_length525/X
 max_length549/X
 max_length563/X
 wire1000/X
 wire1003/X
 wire1006/X
 wire1007/X
 wire1008/X
 wire1010/X
 wire1011/X
 wire1012/X
 wire1013/X
 wire1014/X
 wire1016/X
 wire1018/X
 wire1019/X
 wire1021/X
 wire1022/X
 wire1024/X
 wire1029/X
 wire1030/X
 wire1032/X
 wire1034/X
 wire1035/X
 wire1036/X
 wire1039/X
 wire1040/X
 wire1041/X
 wire1042/X
 wire1043/X
 wire1046/X
 wire1047/X
 wire1048/X
 wire1049/X
 wire1053/X
 wire1054/X
 wire1055/X
 wire1057/X
 wire1058/X
 wire1062/X
 wire1063/X
 wire1070/X
 wire1071/X
 wire1077/X
 wire1080/X
 wire1081/X
 wire1084/X
 wire1085/X
 wire1088/X
 wire1089/X
 wire1090/X
 wire1091/X
 wire1096/X
 wire1097/X
 wire1100/X
 wire1103/X
 wire1106/X
 wire1108/X
 wire111/X
 wire1111/X
 wire1112/X
 wire1116/X
 wire1118/X
 wire1119/X
 wire112/X
 wire1120/X
 wire1121/X
 wire1123/X
 wire1124/X
 wire1125/X
 wire1126/X
 wire1128/X
 wire1129/X
 wire113/X
 wire1130/X
 wire1132/X
 wire1133/X
 wire1134/X
 wire1138/X
 wire1140/X
 wire1141/X
 wire1144/X
 wire1147/X
 wire1148/X
 wire1149/X
 wire115/X
 wire1153/X
 wire1157/X
 wire1158/X
 wire1164/X
 wire1165/X
 wire1167/X
 wire117/X
 wire1170/X
 wire1173/X
 wire1176/X
 wire1177/X
 wire118/X
 wire1184/X
 wire1186/X
 wire1189/X
 wire1195/X
 wire1196/X
 wire120/X
 wire1201/X
 wire1202/X
 wire1203/X
 wire1209/X
 wire1210/X
 wire1212/X
 wire1215/X
 wire122/X
 wire1220/X
 wire1221/X
 wire1227/X
 wire123/X
 wire1231/X
 wire1235/X
 wire1240/X
 wire1241/X
 wire1249/X
 wire1250/X
 wire1254/X
 wire1259/X
 wire126/X
 wire1261/X
 wire1264/X
 wire1266/X
 wire1267/X
 wire1268/X
 wire1269/X
 wire127/X
 wire1273/X
 wire1274/X
 wire1275/X
 wire1276/X
 wire1277/X
 wire1279/X
 wire1280/X
 wire129/X
 wire130/X
 wire131/X
 wire132/X
 wire134/X
 wire136/X
 wire138/X
 wire139/X
 wire140/X
 wire142/X
 wire143/X
 wire144/X
 wire147/X
 wire150/X
 wire151/X
 wire152/X
 wire153/X
 wire155/X
 wire157/X
 wire159/X
 wire160/X
 wire162/X
 wire163/X
 wire164/X
 wire167/X
 wire168/X
 wire169/X
 wire170/X
 wire171/X
 wire174/X
 wire176/X
 wire178/X
 wire179/X
 wire180/X
 wire181/X
 wire184/X
 wire186/X
 wire188/X
 wire189/X
 wire190/X
 wire191/X
 wire195/X
 wire197/X
 wire198/X
 wire199/X
 wire200/X
 wire202/X
 wire206/X
 wire207/X
 wire208/X
 wire209/X
 wire212/X
 wire214/X
 wire215/X
 wire218/X
 wire219/X
 wire220/X
 wire222/X
 wire225/X
 wire226/X
 wire228/X
 wire232/X
 wire234/X
 wire235/X
 wire237/X
 wire242/X
 wire243/X
 wire250/X
 wire253/X
 wire256/X
 wire259/X
 wire262/X
 wire266/X
 wire267/X
 wire270/X
 wire271/X
 wire272/X
 wire273/X
 wire274/X
 wire275/X
 wire276/X
 wire278/X
 wire279/X
 wire280/X
 wire282/X
 wire284/X
 wire285/X
 wire286/X
 wire289/X
 wire291/X
 wire292/X
 wire302/X
 wire303/X
 wire305/X
 wire308/X
 wire310/X
 wire311/X
 wire312/X
 wire316/X
 wire317/X
 wire320/X
 wire330/X
 wire336/X
 wire337/X
 wire339/X
 wire345/X
 wire346/X
 wire352/X
 wire355/X
 wire358/X
 wire360/X
 wire363/X
 wire372/X
 wire373/X
 wire375/X
 wire378/X
 wire379/X
 wire380/X
 wire381/X
 wire384/X
 wire386/X
 wire388/X
 wire389/X
 wire392/X
 wire395/X
 wire396/X
 wire397/X
 wire400/X
 wire401/X
 wire403/X
 wire406/X
 wire407/X
 wire411/X
 wire415/X
 wire418/X
 wire421/X
 wire426/X
 wire428/X
 wire430/X
 wire431/X
 wire435/X
 wire436/X
 wire448/X
 wire449/X
 wire450/X
 wire454/X
 wire455/X
 wire458/X
 wire462/X
 wire464/X
 wire468/X
 wire478/X
 wire480/X
 wire487/X
 wire489/X
 wire490/X
 wire493/X
 wire498/X
 wire501/X
 wire503/X
 wire506/X
 wire515/X
 wire516/X
 wire520/X
 wire528/X
 wire530/X
 wire532/X
 wire534/X
 wire536/X
 wire541/X
 wire543/X
 wire545/X
 wire547/X
 wire550/X
 wire554/X
 wire557/X
 wire558/X
 wire559/X
 wire564/X
 wire565/X
 wire568/X
 wire570/X
 wire571/X
 wire579/X
 wire580/X
 wire582/X
 wire584/X
 wire587/X
 wire588/X
 wire589/X
 wire592/X
 wire593/X
 wire594/X
 wire595/X
 wire596/X
 wire599/X
 wire602/X
 wire604/X
 wire605/X
 wire606/X
 wire609/X
 wire610/X
 wire611/X
 wire612/X
 wire613/X
 wire614/X
 wire619/X
 wire623/X
 wire624/X
 wire625/X
 wire626/X
 wire627/X
 wire628/X
 wire629/X
 wire630/X
 wire631/X
 wire634/X
 wire636/X
 wire637/X
 wire638/X
 wire639/X
 wire641/X
 wire643/X
 wire644/X
 wire647/X
 wire648/X
 wire649/X
 wire651/X
 wire652/X
 wire654/X
 wire655/X
 wire656/X
 wire657/X
 wire658/X
 wire659/X
 wire669/X
 wire673/X
 wire675/X
 wire679/X
 wire681/X
 wire682/X
 wire683/X
 wire684/X
 wire686/X
 wire687/X
 wire689/X
 wire693/X
 wire695/X
 wire696/X
 wire697/X
 wire698/X
 wire699/X
 wire700/X
 wire702/X
 wire703/X
 wire704/X
 wire705/X
 wire707/X
 wire709/X
 wire710/X
 wire712/X
 wire715/X
 wire716/X
 wire720/X
 wire721/X
 wire722/X
 wire724/X
 wire726/X
 wire727/X
 wire728/X
 wire729/X
 wire732/X
 wire733/X
 wire734/X
 wire735/X
 wire736/X
 wire739/X
 wire740/X
 wire741/X
 wire742/X
 wire745/X
 wire747/X
 wire750/X
 wire751/X
 wire752/X
 wire753/X
 wire756/X
 wire757/X
 wire759/X
 wire760/X
 wire762/X
 wire763/X
 wire764/X
 wire765/X
 wire769/X
 wire770/X
 wire773/X
 wire774/X
 wire779/X
 wire780/X
 wire782/X
 wire783/X
 wire785/X
 wire786/X
 wire788/X
 wire790/X
 wire796/X
 wire797/X
 wire798/X
 wire802/X
 wire805/X
 wire807/X
 wire811/X
 wire812/X
 wire813/X
 wire816/X
 wire817/X
 wire818/X
 wire823/X
 wire824/X
 wire827/X
 wire828/X
 wire829/X
 wire833/X
 wire834/X
 wire836/X
 wire837/X
 wire841/X
 wire844/X
 wire845/X
 wire846/X
 wire847/X
 wire848/X
 wire849/X
 wire850/X
 wire851/X
 wire855/X
 wire858/X
 wire859/X
 wire860/X
 wire861/X
 wire867/X
 wire869/X
 wire870/X
 wire871/X
 wire873/X
 wire875/X
 wire877/X
 wire879/X
 wire881/X
 wire882/X
 wire884/X
 wire885/X
 wire889/X
 wire893/X
 wire894/X
 wire896/X
 wire898/X
 wire899/X
 wire902/X
 wire903/X
 wire906/X
 wire907/X
 wire908/X
 wire910/X
 wire913/X
 wire917/X
 wire919/X
 wire920/X
 wire922/X
 wire923/X
 wire925/X
 wire927/X
 wire932/X
 wire934/X
 wire935/X
 wire937/X
 wire941/X
 wire944/X
 wire946/X
 wire947/X
 wire949/X
 wire951/X
 wire955/X
 wire956/X
 wire957/X
 wire958/X
 wire963/X
 wire966/X
 wire969/X
 wire971/X
 wire972/X
 wire973/X
 wire974/X
 wire977/X
 wire979/X
 wire981/X
 wire983/X
 wire984/X
 wire985/X
 wire988/X
 wire989/X
 wire991/X
 wire992/X
 wire993/X
 wire996/X

===========================================================================
max slew violation count 0
max fanout violation count 0
max cap violation count 0
============================================================================

===========================================================================
check_setup -verbose -unconstrained_endpoints -multiple_clock -no_clock -no_input_delay -loops -generated_clocks
===========================================================================
Warning: There are 48 input ports missing set_input_delay.
  a1[0]
  a1[1]
  a1[2]
  a1[3]
  a1[4]
  a2[0]
  a2[1]
  a2[2]
  a2[3]
  a2[4]
  a3[0]
  a3[1]
  a3[2]
  a3[3]
  a3[4]
  wd3[0]
  wd3[10]
  wd3[11]
  wd3[12]
  wd3[13]
  wd3[14]
  wd3[15]
  wd3[16]
  wd3[17]
  wd3[18]
  wd3[19]
  wd3[1]
  wd3[20]
  wd3[21]
  wd3[22]
  wd3[23]
  wd3[24]
  wd3[25]
  wd3[26]
  wd3[27]
  wd3[28]
  wd3[29]
  wd3[2]
  wd3[30]
  wd3[31]
  wd3[3]
  wd3[4]
  wd3[5]
  wd3[6]
  wd3[7]
  wd3[8]
  wd3[9]
  we3
Warning: There are 64 unconstrained endpoints.
  rd1[0]
  rd1[10]
  rd1[11]
  rd1[12]
  rd1[13]
  rd1[14]
  rd1[15]
  rd1[16]
  rd1[17]
  rd1[18]
  rd1[19]
  rd1[1]
  rd1[20]
  rd1[21]
  rd1[22]
  rd1[23]
  rd1[24]
  rd1[25]
  rd1[26]
  rd1[27]
  rd1[28]
  rd1[29]
  rd1[2]
  rd1[30]
  rd1[31]
  rd1[3]
  rd1[4]
  rd1[5]
  rd1[6]
  rd1[7]
  rd1[8]
  rd1[9]
  rd2[0]
  rd2[10]
  rd2[11]
  rd2[12]
  rd2[13]
  rd2[14]
  rd2[15]
  rd2[16]
  rd2[17]
  rd2[18]
  rd2[19]
  rd2[1]
  rd2[20]
  rd2[21]
  rd2[22]
  rd2[23]
  rd2[24]
  rd2[25]
  rd2[26]
  rd2[27]
  rd2[28]
  rd2[29]
  rd2[2]
  rd2[30]
  rd2[31]
  rd2[3]
  rd2[4]
  rd2[5]
  rd2[6]
  rd2[7]
  rd2[8]
  rd2[9]
