
===========================================================================
 report_power
============================================================================
======================= Fastest Corner ===================================

Group                  Internal  Switching    Leakage      Total
                          Power      Power      Power      Power (Watts)
----------------------------------------------------------------
Sequential             7.56e-03   3.69e-02   3.29e-08   4.44e-02  19.4%
Combinational          1.89e-02   1.54e-01   3.22e-07   1.73e-01  75.5%
Clock                  4.79e-03   7.11e-03   4.16e-07   1.19e-02   5.2%
Macro                  0.00e+00   0.00e+00   0.00e+00   0.00e+00   0.0%
Pad                    0.00e+00   0.00e+00   0.00e+00   0.00e+00   0.0%
----------------------------------------------------------------
Total                  3.12e-02   1.98e-01   7.70e-07   2.30e-01 100.0%
                          13.6%      86.4%       0.0%

======================= Slowest Corner ===================================

Group                  Internal  Switching    Leakage      Total
                          Power      Power      Power      Power (Watts)
----------------------------------------------------------------
Sequential             5.17e-03   2.50e-02   1.83e-05   3.02e-02  19.4%
Combinational          1.28e-02   1.05e-01   8.11e-05   1.18e-01  75.4%
Clock                  3.42e-03   4.73e-03   5.63e-06   8.16e-03   5.2%
Macro                  0.00e+00   0.00e+00   0.00e+00   0.00e+00   0.0%
Pad                    0.00e+00   0.00e+00   0.00e+00   0.00e+00   0.0%
----------------------------------------------------------------
Total                  2.14e-02   1.35e-01   1.05e-04   1.56e-01 100.0%
                          13.7%      86.2%       0.1%

======================= Typical Corner ===================================

Group                  Internal  Switching    Leakage      Total
                          Power      Power      Power      Power (Watts)
----------------------------------------------------------------
Sequential             6.52e-03   3.16e-02   9.89e-09   3.81e-02  19.4%
Combinational          1.60e-02   1.32e-01   5.46e-08   1.48e-01  75.4%
Clock                  4.18e-03   6.03e-03   4.04e-07   1.02e-02   5.2%
Macro                  0.00e+00   0.00e+00   0.00e+00   0.00e+00   0.0%
Pad                    0.00e+00   0.00e+00   0.00e+00   0.00e+00   0.0%
----------------------------------------------------------------
Total                  2.67e-02   1.70e-01   4.68e-07   1.96e-01 100.0%
                          13.6%      86.4%       0.0%

