
63. Printing statistics.

=== counter ===

   Number of wires:                 16
   Number of wire bits:             19
   Number of public wires:           3
   Number of public wire bits:       6
   Number of memories:               0
   Number of memory bits:            0
   Number of processes:              0
   Number of cells:                 17
     sky130_fd_sc_hd__a211oi_2       1
     sky130_fd_sc_hd__a21o_2         1
     sky130_fd_sc_hd__and4_2         1
     sky130_fd_sc_hd__and4b_2        2
     sky130_fd_sc_hd__buf_1          2
     sky130_fd_sc_hd__dfxtp_2        4
     sky130_fd_sc_hd__inv_2          1
     sky130_fd_sc_hd__nand2_2        1
     sky130_fd_sc_hd__nand3_2        1
     sky130_fd_sc_hd__nor2_2         1
     sky130_fd_sc_hd__or2_2          1
     sky130_fd_sc_hd__or4bb_2        1

   Chip area for module '\counter': 191.433600

